0.000000
0.000000
0.000000
0.000000
0.000000
0.000000
0.000000
0.000000
0.000000
0.000000
0.000000
0.000000
0.000000
0.000000
0.000000
0.000000
0.000000
0.000000
0.000000
0.000000
0.000000
0.000000
0.000000
0.000000
0.000000
0.000000
0.001891
-0.002611
0.005309
-0.010702
0.019013
-0.029071
0.036196
-0.009464
0.379400
-0.449867
0.485149
-0.446255
0.297051
-0.032682
-0.280640
0.484805
-0.388957
-0.034851
0.456164
-0.374880
-0.204771
0.487520
0.047499
-0.496142
-0.081145
0.471361
0.298324
-0.261741
-0.499622
-0.247113
0.182173
0.458428
0.477396
0.314946
0.093380
-0.102294
-0.239628
-0.319959
-0.356009
-0.357331
-0.323633
-0.244333
-0.105437
0.093866
0.317782
0.478922
0.458593
0.185793
-0.240372
-0.498405
-0.266720
0.296496
0.471680
-0.082246
-0.496625
0.041742
0.488869
-0.194759
-0.380420
0.454018
-0.032861
-0.390234
0.485527
-0.276844
-0.041532
0.309316
-0.462813
0.512977
-0.496744
0.447807
-0.387136
0.323733
-0.053725
0.056546
-0.041457
0.024807
-0.011609
0.003361
0.000495
-0.001397
0.000000
0.000000
0.000000
0.000000
0.000000
0.000000
0.000000
0.000000
0.000000
0.000000
0.000000
0.000000
0.000000
0.000000
0.000000
0.000000
0.000000
0.000000
0.000000
0.000000
0.000000
0.000000
0.000000
0.000000
0.000000
0.000000
0.000000
0.000000
0.000000
0.000000
0.000000
0.000000
0.000000
0.000000
0.000000
0.000000
0.000000
0.000000
0.000000
0.000000
0.000000
0.000000
0.000000
0.000000
0.000000
0.000000
0.000000
0.000000
0.000000
0.000000
0.000000
0.000000
0.000000
0.000000
0.000000
0.000000
0.000000
0.000000
0.000000
0.000000
0.000000
0.000000
0.000000
0.000000
0.000000
0.000000
0.000000
0.000000
0.000000
0.000000
0.000000
0.000000
0.000000
0.000000
0.000000
0.000000
0.000000
0.000000
0.000000
0.000000
0.000000
0.000000
0.000000
0.000000
0.000000
0.000000
0.000000
0.000000
0.000000
0.000000
0.000000
0.000000
0.000000
0.000000
0.000000
0.000000
0.000000
0.000000
0.000000
0.000000
0.000000
0.000000
0.000000
0.000000
0.000000
0.000000
0.000000
0.000000
0.000000
0.000000
0.000000
0.000000
0.000000
0.000000
0.000000
0.000000
0.000000
0.000000
0.000000
0.000000
0.000000
0.000000
0.000000
0.000000
0.000000
0.000000
0.000000
0.000000
0.000000
0.000000
0.000000
0.000000
0.000000
0.000000
0.000000
0.000000
0.000000
0.000000
0.000000
0.000000
0.000000
0.000000
0.000000
0.000000
0.000000
0.000000
0.000000
0.000000
0.000000
0.000000
0.000000
0.000000
0.000000
0.000000
0.000000
0.000000
0.000000
0.000000
0.000000
0.000000
0.000000
0.000000
0.000000
0.000000
0.000000
0.000000
0.000000
0.000000
0.000000
0.000000
0.000000
0.000000
0.000000
0.000000
0.000000
0.000000
0.000000
0.000000
0.000000
0.000000
0.000000
0.000000
0.000000
0.000000
0.000000
0.000000
0.000000
0.000000
0.000000
0.000000
0.000000
0.000000
0.000000
0.000000
0.000000
0.000000
0.000000
0.000000
0.000000
0.000000
0.000000
0.000000
0.000000
0.000000
0.000000
0.000000
0.000000
0.000000
0.000000
0.000000
0.000000
0.000000
0.000000
0.000000
0.000000
0.000000
0.000000
0.000000
0.000000
0.000000
0.000692
0.000539
-0.000774
-0.001447
0.008189
-0.021488
0.042754
-0.067667
0.402112
-0.407614
0.371941
-0.255193
0.044025
0.225883
-0.448231
0.465105
-0.174883
-0.287483
0.500162
-0.145573
-0.413631
0.359825
0.302122
-0.399229
-0.332099
0.305488
0.469594
0.012985
-0.435806
-0.444129
-0.103100
0.274417
0.477831
0.479143
0.354784
0.193484
0.052525
-0.044326
-0.092546
-0.093031
-0.044715
0.054943
0.201009
0.365608
0.485421
0.470614
0.253443
-0.126242
-0.453974
-0.421832
0.044810
0.482197
0.268734
-0.367188
-0.368143
0.338824
0.324794
-0.439407
-0.091453
0.489557
-0.341268
-0.105560
0.437283
-0.474836
0.288206
-0.025597
-0.198523
0.340726
-0.405060
0.415739
-0.402450
0.419212
-0.084988
0.053915
-0.028706
0.011764
-0.002271
-0.001647
0.002250
-0.001051
0.000000
0.000000
0.000000
0.000000
0.000000
0.000000
0.000000
0.000000
0.000000
0.000000
0.000000
0.000000
0.000000
0.000000
0.000000
0.000000
0.000000
0.000000
0.000000
0.000000
0.000000
0.000000
0.000000
0.000000
0.000000
0.000000
0.000000
0.000000
0.000000
0.000000
0.000000
0.000000
0.000000
0.000000
0.000000
0.000000
0.000000
0.000000
0.000000
0.000000
0.000000
0.000000
0.000000
0.000000
0.000000
0.000000
0.000000
0.000000
0.000000
0.000000
0.000000
0.000000
0.000000
0.000000
0.000000
0.000000
0.000000
0.000000
0.000000
0.000000
0.000000
0.000000
0.000000
0.000000
0.000000
0.000000
0.000000
0.000000
0.000000
0.000000
0.000000
0.000000
0.000000
0.000000
0.000000
0.000000
0.000000
0.000000
0.000000
0.000000
0.000000
0.000000
0.000000
0.000000
0.000000
0.000000
0.000000
0.000000
0.000000
0.000000
0.000000
0.000000
0.000000
0.000000
0.000000
0.000000
0.000000
0.000000
0.000000
0.000000
0.000000
0.000000
0.000000
0.000000
0.000000
0.000000
0.000000
0.000000
0.000000
0.000000
0.000000
0.000000
0.000000
0.000000
0.000000
0.000000
0.000000
0.000000
0.000000
0.000000
0.001891
-0.002611
0.005309
-0.010702
0.019013
-0.029071
0.036196
-0.009464
0.379400
-0.449867
0.485149
-0.446255
0.297051
-0.032682
-0.280640
0.484805
-0.388957
-0.034851
0.456164
-0.374880
-0.204771
0.487520
0.047499
-0.496142
-0.081145
0.471361
0.298324
-0.261741
-0.499622
-0.247113
0.182173
0.458428
0.477396
0.314946
0.093380
-0.102294
-0.239628
-0.319959
-0.356009
-0.357331
-0.323633
-0.244333
-0.105437
0.093866
0.317782
0.478922
0.458593
0.185793
-0.240372
-0.498405
-0.266720
0.296496
0.471680
-0.082246
-0.496625
0.041742
0.488869
-0.194759
-0.380420
0.454018
-0.032861
-0.390234
0.485527
-0.276844
-0.041532
0.309316
-0.462813
0.512977
-0.496744
0.447807
-0.387136
0.323733
-0.053725
0.056546
-0.041457
0.024807
-0.011609
0.003361
0.000495
-0.001397
0.000000
0.000000
0.000000
0.000000
0.000000
0.000000
0.000000
0.000000
0.000000
0.000000
0.000000
0.000000
0.000000
0.000000
0.000000
0.000000
0.000000
0.000000
0.000000
0.000000
0.000000
0.000000
0.000000
0.000000
0.000000
0.000000
0.000000
0.000000
0.000000
0.000000
0.000000
0.000000
0.000000
0.000000
0.000000
0.000000
0.000000
0.000000
0.000000
0.000000
0.000000
0.000000
0.000000
0.000000
0.000000
0.000000
0.000000
0.000000
0.000000
0.000000
0.000000
0.000000
0.000000
0.000000
0.000000
0.000000
0.000000
0.000000
0.000000
0.000000
0.000000
0.000000
0.000000
0.000000
0.000000
0.000000
0.000000
0.000000
0.000000
0.000000
0.000000
0.000000
0.000000
0.000000
0.000000
0.000000
0.000000
0.000000
0.000000
0.000000
0.000000
0.000000
0.000000
0.000000
0.000000
0.000000
0.000000
0.000000
0.000000
0.000000
0.000000
0.000000
0.000000
0.000000
0.000000
0.000000
0.000000
0.000000
0.000000
0.000000
0.000000
0.000000
0.000000
0.000000
0.000000
0.000000
0.000000
0.000000
0.000000
0.000000
0.000000
0.000000
0.000000
0.000000
0.000000
0.000000
0.000000
0.000000
0.000000
0.000000
0.000000
0.000000
0.000000
0.000000
0.000000
0.000000
0.000000
0.000000
0.000000
0.000000
0.000000
0.000000
0.000000
0.000000
0.000000
0.000000
0.000000
0.000000
0.000000
0.000000
0.000000
0.000000
0.000000
0.000000
0.000000
0.000000
0.000000
0.000000
0.000000
0.000000
0.000000
0.000000
0.000000
0.000000
0.000000
0.000000
0.000000
0.000000
0.000000
0.000000
0.000000
0.000000
0.000000
0.000000
0.000000
0.000000
0.000000
0.000000
0.000000
0.000000
0.000000
0.000000
0.000000
0.000000
0.000000
0.000000
0.000000
0.000000
0.000000
0.000000
0.000000
0.000000
0.000000
0.000000
0.000000
0.000000
0.000000
0.000000
0.000000
0.000000
0.000000
0.000000
0.000000
0.000000
0.000000
0.000000
0.000000
0.000000
0.000000
0.000000
0.000000
0.000000
0.000000
0.000000
0.000000
0.000000
0.000000
0.000000
0.000000
0.000000
0.000000
0.000000
0.000000
0.000000
0.000000
0.000000
0.000000
0.000000
0.000000
0.000000
-0.002679
0.006236
-0.012102
0.019247
-0.024612
0.022367
-0.000623
-0.096261
-0.089028
0.223606
-0.354507
0.469783
-0.519145
0.434708
-0.175576
-0.199839
0.477840
-0.388540
-0.091215
0.490568
-0.251064
-0.370321
0.371719
0.325737
-0.347850
-0.419121
0.144319
0.499728
0.277497
-0.193491
-0.477802
-0.434235
-0.179231
0.111373
0.328807
0.448217
0.493110
0.499086
0.494475
0.494212
0.498588
0.492179
0.444228
0.317177
0.090563
-0.202131
-0.446060
-0.470465
-0.171259
0.298723
0.495319
0.106644
-0.442587
-0.311642
0.361480
0.337954
-0.400284
-0.206164
0.499425
-0.151980
-0.341739
0.493553
-0.264051
-0.103929
0.387921
-0.507978
0.494964
-0.414557
0.318922
-0.232726
0.155352
-0.042448
-0.009328
-0.028256
0.032314
-0.025133
0.015223
-0.006874
0.001657
0.000995
0.000000
0.000000
0.000000
0.000000
0.000000
0.000000
0.000000
0.000000
0.000000
0.000000
0.000000
0.000000
0.000000
0.000000
0.000000
0.000000
0.000000
0.000000
0.000000
0.000000
0.000000
0.000000
0.000000
0.000000
0.000000
0.000000
0.000000
0.000000
0.000000
0.000000
0.000000
0.000000
0.000000
0.000000
0.000000
0.000000
0.000000
0.000000
0.000000
0.000000
0.000000
0.000000
0.000000
0.000000
0.000000
0.000000
0.000000
0.000000
0.000000
0.000000
0.000000
0.000000
0.000000
0.000000
0.000000
0.000000
0.000000
0.000000
0.000000
0.000000
0.000000
0.000000
0.000000
0.000000
0.000000
0.000000
0.000000
0.000000
0.000000
0.000000
0.000000
0.000000
0.000000
0.000000
0.000000
0.000000
0.000000
0.000000
0.000000
0.000000
0.000000
0.000000
0.000000
0.000000
0.000000
0.000000
0.000000
0.000000
0.000000
0.000000
0.000000
0.000000
0.000000
0.000000
0.000000
0.000000
0.000000
0.000000
0.000000
0.000000
0.000000
0.000000
0.000000
0.000000
0.000000
0.000000
0.000000
0.000000
0.000000
0.000000
0.000000
0.000000
0.000000
0.000000
0.000000
0.000000
0.000000
0.000000
0.000000
0.000000
0.001891
-0.002611
0.005309
-0.010702
0.019013
-0.029071
0.036196
-0.009464
0.379400
-0.449867
0.485149
-0.446255
0.297051
-0.032682
-0.280640
0.484805
-0.388957
-0.034851
0.456164
-0.374880
-0.204771
0.487520
0.047499
-0.496142
-0.081145
0.471361
0.298324
-0.261741
-0.499622
-0.247113
0.182173
0.458428
0.477396
0.314946
0.093380
-0.102294
-0.239628
-0.319959
-0.356009
-0.357331
-0.323633
-0.244333
-0.105437
0.093866
0.317782
0.478922
0.458593
0.185793
-0.240372
-0.498405
-0.266720
0.296496
0.471680
-0.082246
-0.496625
0.041742
0.488869
-0.194759
-0.380420
0.454018
-0.032861
-0.390234
0.485527
-0.276844
-0.041532
0.309316
-0.462813
0.512977
-0.496744
0.447807
-0.387136
0.323733
-0.053725
0.056546
-0.041457
0.024807
-0.011609
0.003361
0.000495
-0.001397
0.000000
0.000000
0.000000
0.000000
0.000000
0.000000
0.000000
0.000000
0.000000
0.000000
0.000000
0.000000
0.000000
0.000000
0.000000
0.000000
0.000000
0.000000
0.000000
0.000000
0.000000
0.000000
0.000000
0.000000
0.000000
0.000000
0.000000
0.000000
0.000000
0.000000
0.000000
0.000000
0.000000
0.000000
0.000000
0.000000
0.000000
0.000000
0.000000
0.000000
0.000000
0.000000
0.000000
0.000000
0.000000
0.000000
0.000000
0.000000
0.000000
0.000000
0.000000
0.000000
0.000000
0.000000
0.000000
0.000000
0.000000
0.000000
0.000000
0.000000
0.000000
0.000000
0.000000
0.000000
0.000000
0.000000
0.000000
0.000000
0.000000
0.000000
0.000000
0.000000
0.000000
0.000000
0.000000
0.000000
0.000000
0.000000
0.000000
0.000000
0.000000
0.000000
0.000000
0.000000
0.000000
0.000000
0.000000
0.000000
0.000000
0.000000
0.000000
0.000000
0.000000
0.000000
0.000000
0.000000
0.000000
0.000000
0.000000
0.000000
0.000000
0.000000
0.000000
0.000000
0.000000
0.000000
0.000000
0.000000
0.000000
0.000000
0.000000
0.000000
0.000000
0.000000
0.000000
0.000000
0.000000
0.000000
0.000000
0.000000
0.000000
0.000000
0.000000
0.000000
0.000000
0.000000
0.000000
0.000000
0.000000
0.000000
0.000000
0.000000
0.000000
0.000000
0.000000
0.000000
0.000000
0.000000
0.000000
0.000000
0.000000
0.000000
0.000000
0.000000
0.000000
0.000000
0.000000
0.000000
0.000000
0.000000
0.000000
0.000000
0.000000
0.000000
0.000000
0.000000
0.000000
0.000000
0.000000
0.000000
0.000000
0.000000
0.000000
0.000000
0.000000
0.000000
0.000000
0.000000
0.000000
0.000000
0.000000
0.000000
0.000000
0.000000
0.000000
0.000000
0.000000
0.000000
0.000000
0.000000
0.000000
0.000000
0.000000
0.000000
0.000000
0.000000
0.000000
0.000000
0.000000
0.000000
0.000000
0.000000
0.000000
0.000000
0.000000
0.000000
0.000000
0.000000
0.000000
0.000000
0.000000
0.000000
0.000000
0.000000
0.000000
0.000000
0.000000
0.000000
0.000000
0.000000
0.000000
0.000000
0.000000
0.000000
0.000000
0.000000
0.000000
0.000000
0.000000
0.000000
-0.000299
-0.001453
0.002548
-0.001374
-0.004582
0.018210
-0.042663
0.081776
-0.389063
0.374838
-0.319977
0.186333
0.032071
-0.289602
0.473967
-0.435813
0.104842
0.344435
-0.486792
0.073666
0.450431
-0.305544
-0.356608
0.351483
0.383086
-0.244054
-0.490748
-0.086235
0.395131
0.472490
0.173136
-0.210767
-0.451560
-0.495468
-0.402980
-0.259183
-0.124804
-0.028830
0.020066
0.020590
-0.028367
-0.127086
-0.266124
-0.412099
-0.498696
-0.440986
-0.188060
0.195202
0.479077
0.378045
-0.117414
-0.497828
-0.203860
0.412867
0.315158
-0.388361
-0.266121
0.469626
0.018248
-0.467279
0.391359
0.033216
-0.398579
0.490070
-0.345067
0.100056
0.125971
-0.279961
0.358313
-0.381626
0.379678
-0.412990
0.086356
-0.049773
0.023970
-0.008080
0.000040
0.002655
-0.002493
0.000905
0.000000
0.000000
0.000000
0.000000
0.000000
0.000000
0.000000
0.000000
0.000000
0.000000
0.000000
0.000000
0.000000
0.000000
0.000000
0.000000
0.000000
0.000000
0.000000
0.000000
0.000000
0.000000
0.000000
0.000000
0.000000
0.000000
0.000000
0.000000
0.000000
0.000000
0.000000
0.000000
0.000000
0.000000
0.000000
0.000000
0.000000
0.000000
0.000000
0.000000
0.000000
0.000000
0.000000
0.000000
0.000000
0.000000
0.000000
0.000000
0.000000
0.000000
0.000000
0.000000
0.000000
0.000000
0.000000
0.000000
0.000000
0.000000
0.000000
0.000000
0.000000
0.000000
0.000000
0.000000
0.000000
0.000000
0.000000
0.000000
0.000000
0.000000
0.000000
0.000000
0.000000
0.000000
0.000000
0.000000
0.000000
0.000000
0.000000
0.000000
0.000000
0.000000
0.000000
0.000000
0.000000
0.000000
0.000000
0.000000
0.000000
0.000000
0.000000
0.000000
0.000000
0.000000
0.000000
0.000000
0.000000
0.000000
0.000000
0.000000
0.000000
0.000000
0.000000
0.000000
0.000000
0.000000
0.000000
0.000000
0.000000
0.000000
0.000000
0.000000
0.000000
0.000000
0.000000
0.000000
0.000000
0.000000
0.000000
0.000000
0.001891
-0.002611
0.005309
-0.010702
0.019013
-0.029071
0.036196
-0.009464
0.379400
-0.449867
0.485149
-0.446255
0.297051
-0.032682
-0.280640
0.484805
-0.388957
-0.034851
0.456164
-0.374880
-0.204771
0.487520
0.047499
-0.496142
-0.081145
0.471361
0.298324
-0.261741
-0.499622
-0.247113
0.182173
0.458428
0.477396
0.314946
0.093380
-0.102294
-0.239628
-0.319959
-0.356009
-0.357331
-0.323633
-0.244333
-0.105437
0.093866
0.317782
0.478922
0.458593
0.185793
-0.240372
-0.498405
-0.266720
0.296496
0.471680
-0.082246
-0.496625
0.041742
0.488869
-0.194759
-0.380420
0.454018
-0.032861
-0.390234
0.485527
-0.276844
-0.041532
0.309316
-0.462813
0.512977
-0.496744
0.447807
-0.387136
0.323733
-0.053725
0.056546
-0.041457
0.024807
-0.011609
0.003361
0.000495
-0.001397
0.000000
0.000000
0.000000
0.000000
0.000000
0.000000
0.000000
0.000000
0.000000
0.000000
0.000000
0.000000
0.000000
0.000000
0.000000
0.000000
0.000000
0.000000
0.000000
0.000000
0.000000
0.000000
0.000000
0.000000
0.000000
0.000000
0.000000
0.000000
0.000000
0.000000
0.000000
0.000000
0.000000
0.000000
0.000000
0.000000
0.000000
0.000000
0.000000
0.000000
0.000000
0.000000
0.000000
0.000000
0.000000
0.000000
0.000000
0.000000
0.000000
0.000000
0.000000
0.000000
0.000000
0.000000
0.000000
0.000000
0.000000
0.000000
0.000000
0.000000
0.000000
0.000000
0.000000
0.000000
0.000000
0.000000
0.000000
0.000000
0.000000
0.000000
0.000000
0.000000
0.000000
0.000000
0.000000
0.000000
0.000000
0.000000
0.000000
0.000000
0.000000
0.000000
0.000000
0.000000
0.000000
0.000000
0.000000
0.000000
0.000000
0.000000
0.000000
0.000000
0.000000
0.000000
0.000000
0.000000
0.000000
0.000000
0.000000
0.000000
0.000000
0.000000
0.000000
0.000000
0.000000
0.000000
0.000000
0.000000
0.000000
0.000000
0.000000
0.000000
0.000000
0.000000
0.000000
0.000000
0.000000
0.000000
0.000000
0.000000
0.000000
0.000000
0.000000
0.000000
0.000000
0.000000
0.000000
0.000000
0.000000
0.000000
0.000000
0.000000
0.000000
0.000000
0.000000
0.000000
0.000000
0.000000
0.000000
0.000000
0.000000
0.000000
0.000000
0.000000
0.000000
0.000000
0.000000
0.000000
0.000000
0.000000
0.000000
0.000000
0.000000
0.000000
0.000000
0.000000
0.000000
0.000000
0.000000
0.000000
0.000000
0.000000
0.000000
0.000000
0.000000
0.000000
0.000000
0.000000
0.000000
0.000000
0.000000
0.000000
0.000000
0.000000
0.000000
0.000000
0.000000
0.000000
0.000000
0.000000
0.000000
0.000000
0.000000
0.000000
0.000000
0.000000
0.000000
0.000000
0.000000
0.000000
0.000000
0.000000
0.000000
0.000000
0.000000
0.000000
0.000000
0.000000
0.000000
0.000000
0.000000
0.000000
0.000000
0.000000
0.000000
0.000000
0.000000
0.000000
0.000000
0.000000
0.000000
0.000000
0.000000
0.000000
0.000000
0.000000
0.000000
0.000000
0.000000
0.000000
0.002723
-0.006023
0.011729
-0.019045
0.025283
-0.025036
0.006877
0.084274
0.146056
-0.278550
0.401409
-0.497096
0.514444
-0.392259
0.106103
0.263720
-0.493208
0.338053
0.162568
-0.501366
0.185040
0.415107
-0.319448
-0.377257
0.291697
0.454894
-0.072386
-0.487088
-0.335415
0.124234
0.452424
0.465129
0.245420
-0.038748
-0.269739
-0.410226
-0.474816
-0.494860
-0.497416
-0.497230
-0.494430
-0.473551
-0.405220
-0.256772
-0.017465
0.266771
0.473625
0.441852
0.101037
-0.354137
-0.478109
-0.033673
0.472469
0.251124
-0.407675
-0.281029
0.439291
0.137327
-0.502100
0.220473
0.284374
-0.498422
0.322474
0.032095
-0.337341
0.493312
-0.513428
0.455593
-0.371443
0.288664
-0.211005
0.102983
-0.003330
0.035552
-0.035827
0.026318
-0.015229
0.006485
-0.001291
-0.001127
0.000000
0.000000
0.000000
0.000000
0.000000
0.000000
0.000000
0.000000
0.000000
0.000000
0.000000
0.000000
0.000000
0.000000
0.000000
0.000000
0.000000
0.000000
0.000000
0.000000
0.000000
0.000000
0.000000
0.000000
0.000000
0.000000
0.000000
0.000000
0.000000
0.000000
0.000000
0.000000
0.000000
0.000000
0.000000
0.000000
0.000000
0.000000
0.000000
0.000000
0.000000
0.000000
0.000000
0.000000
0.000000
0.000000
0.000000
0.000000
0.000000
0.000000
0.000000
0.000000
0.000000
0.000000
0.000000
0.000000
0.000000
0.000000
0.000000
0.000000
0.000000
0.000000
0.000000
0.000000
0.000000
0.000000
0.000000
0.000000
0.000000
0.000000
0.000000
0.000000
0.000000
0.000000
0.000000
0.000000
0.000000
0.000000
0.000000
0.000000
0.000000
0.000000
0.000000
0.000000
0.000000
0.000000
0.000000
0.000000
0.000000
0.000000
0.000000
0.000000
0.000000
0.000000
0.000000
0.000000
0.000000
0.000000
0.000000
0.000000
0.000000
0.000000
0.000000
0.000000
0.000000
0.000000
0.000000
0.000000
0.000000
0.000000
0.000000
0.000000
0.000000
0.000000
0.000000
0.000000
0.000000
0.000000
0.000000
0.000000
0.001891
-0.002611
0.005309
-0.010702
0.019013
-0.029071
0.036196
-0.009464
0.379400
-0.449867
0.485149
-0.446255
0.297051
-0.032682
-0.280640
0.484805
-0.388957
-0.034851
0.456164
-0.374880
-0.204771
0.487520
0.047499
-0.496142
-0.081145
0.471361
0.298324
-0.261741
-0.499622
-0.247113
0.182173
0.458428
0.477396
0.314946
0.093380
-0.102294
-0.239628
-0.319959
-0.356009
-0.357331
-0.323633
-0.244333
-0.105437
0.093866
0.317782
0.478922
0.458593
0.185793
-0.240372
-0.498405
-0.266720
0.296496
0.471680
-0.082246
-0.496625
0.041742
0.488869
-0.194759
-0.380420
0.454018
-0.032861
-0.390234
0.485527
-0.276844
-0.041532
0.309316
-0.462813
0.512977
-0.496744
0.447807
-0.387136
0.323733
-0.053725
0.056546
-0.041457
0.024807
-0.011609
0.003361
0.000495
-0.001397
0.000000
0.000000
0.000000
0.000000
0.000000
0.000000
0.000000
0.000000
0.000000
0.000000
0.000000
0.000000
0.000000
0.000000
0.000000
0.000000
0.000000
0.000000
0.000000
0.000000
0.000000
0.000000
0.000000
0.000000
0.000000
0.000000
0.000000
0.000000
0.000000
0.000000
0.000000
0.000000
0.000000
0.000000
0.000000
0.000000
0.000000
0.000000
0.000000
0.000000
0.000000
0.000000
0.000000
0.000000
0.000000
0.000000
0.000000
0.000000
0.000000
0.000000
0.000000
0.000000
0.000000
0.000000
0.000000
0.000000
0.000000
0.000000
0.000000
0.000000
0.000000
0.000000
0.000000
0.000000
0.000000
0.000000
0.000000
0.000000
0.000000
0.000000
0.000000
0.000000
0.000000
0.000000
0.000000
0.000000
0.000000
0.000000
0.000000
0.000000
0.000000
0.000000
0.000000
0.000000
0.000000
0.000000
0.000000
0.000000
0.000000
0.000000
0.000000
0.000000
0.000000
0.000000
0.000000
0.000000
0.000000
0.000000
0.000000
0.000000
0.000000
0.000000
0.000000
0.000000
0.000000
0.000000
0.000000
0.000000
0.000000
0.000000
0.000000
0.000000
0.000000
0.000000
0.000000
0.000000
0.000000
0.000000
0.000000
0.000000
0.000000
0.000000
0.000000
0.000000
0.000000
0.000000
0.000000
0.000000
0.000000
0.000000
0.000000
0.000000
0.000000
0.000000
0.000000
0.000000
0.000000
0.000000
0.000000
0.000000
0.000000
0.000000
0.000000
0.000000
0.000000
0.000000
0.000000
0.000000
0.000000
0.000000
0.000000
0.000000
0.000000
0.000000
0.000000
0.000000
0.000000
0.000000
0.000000
0.000000
0.000000
0.000000
0.000000
0.000000
0.000000
0.000000
0.000000
0.000000
0.000000
0.000000
0.000000
0.000000
0.000000
0.000000
0.000000
0.000000
0.000000
0.000000
0.000000
0.000000
0.000000
0.000000
0.000000
0.000000
0.000000
0.000000
0.000000
0.000000
0.000000
0.000000
0.000000
0.000000
0.000000
0.000000
0.000000
0.000000
0.000000
0.000000
0.000000
0.000000
0.000000
0.000000
0.000000
0.000000
0.000000
0.000000
0.000000
0.000000
0.000000
0.000000
0.000000
0.000000
0.000000
0.000000
0.000000
0.000000
0.000000
0.000000
0.000000
0.000000
-0.000100
0.002336
-0.004267
0.004166
0.000876
-0.014540
0.041655
-0.094129
0.367653
-0.334009
0.261140
-0.113469
-0.107478
0.347099
-0.489520
0.397157
-0.032548
-0.393987
0.462963
-0.000176
-0.477554
0.244698
0.403432
-0.296185
-0.425843
0.177376
0.501358
0.157632
-0.345966
-0.490701
-0.239451
0.142589
0.415587
0.501148
0.442518
0.319313
0.194402
0.101366
0.052844
0.052293
0.100840
0.196499
0.325520
0.449736
0.501256
0.401883
0.118637
-0.259968
-0.493887
-0.326136
0.187494
0.502764
0.134606
-0.449677
-0.255401
0.429554
0.201730
-0.489755
0.055350
0.434963
-0.433043
0.039842
0.351311
-0.494774
0.394514
-0.172365
-0.050714
0.213181
-0.303867
0.339314
-0.348749
0.397895
-0.085868
0.044562
-0.018718
0.004222
0.002193
-0.003605
0.002682
-0.000740
0.000000
0.000000
0.000000
0.000000
0.000000
0.000000
0.000000
0.000000
0.000000
0.000000
0.000000
0.000000
0.000000
0.000000
0.000000
0.000000
0.000000
0.000000
0.000000
0.000000
0.000000
0.000000
0.000000
0.000000
0.000000
0.000000
0.000000
0.000000
0.000000
0.000000
0.000000
0.000000
0.000000
0.000000
0.000000
0.000000
0.000000
0.000000
0.000000
0.000000
0.000000
0.000000
0.000000
0.000000
0.000000
0.000000
0.000000
0.000000
0.000000
0.000000
0.000000
0.000000
0.000000
0.000000
0.000000
0.000000
0.000000
0.000000
0.000000
0.000000
0.000000
0.000000
0.000000
0.000000
0.000000
0.000000
0.000000
0.000000
0.000000
0.000000
0.000000
0.000000
0.000000
0.000000
0.000000
0.000000
0.000000
0.000000
0.000000
0.000000
0.000000
0.000000
0.000000
0.000000
0.000000
0.000000
0.000000
0.000000
0.000000
0.000000
0.000000
0.000000
0.000000
0.000000
0.000000
0.000000
0.000000
0.000000
0.000000
0.000000
0.000000
0.000000
0.000000
0.000000
0.000000
0.000000
0.000000
0.000000
0.000000
0.000000
0.000000
0.000000
0.000000
0.000000
0.000000
0.000000
0.000000
0.000000
0.000000
0.000000
0.001891
-0.002611
0.005309
-0.010702
0.019013
-0.029071
0.036196
-0.009464
0.379400
-0.449867
0.485149
-0.446255
0.297051
-0.032682
-0.280640
0.484805
-0.388957
-0.034851
0.456164
-0.374880
-0.204771
0.487520
0.047499
-0.496142
-0.081145
0.471361
0.298324
-0.261741
-0.499622
-0.247113
0.182173
0.458428
0.477396
0.314946
0.093380
-0.102294
-0.239628
-0.319959
-0.356009
-0.357331
-0.323633
-0.244333
-0.105437
0.093866
0.317782
0.478922
0.458593
0.185793
-0.240372
-0.498405
-0.266720
0.296496
0.471680
-0.082246
-0.496625
0.041742
0.488869
-0.194759
-0.380420
0.454018
-0.032861
-0.390234
0.485527
-0.276844
-0.041532
0.309316
-0.462813
0.512977
-0.496744
0.447807
-0.387136
0.323733
-0.053725
0.056546
-0.041457
0.024807
-0.011609
0.003361
0.000495
-0.001397
0.000000
0.000000
0.000000
0.000000
0.000000
0.000000
0.000000
0.000000
0.000000
0.000000
0.000000
0.000000
0.000000
0.000000
0.000000
0.000000
0.000000
0.000000
0.000000
0.000000
0.000000
0.000000
0.000000
0.000000
0.000000
0.000000
0.000000
0.000000
0.000000
0.000000
0.000000
0.000000
0.000000
0.000000
0.000000
0.000000
0.000000
0.000000
0.000000
0.000000
0.000000
0.000000
0.000000
0.000000
0.000000
0.000000
0.000000
0.000000
0.000000
0.000000
0.000000
0.000000
0.000000
0.000000
0.000000
0.000000
0.000000
0.000000
0.000000
0.000000
0.000000
0.000000
0.000000
0.000000
0.000000
0.000000
0.000000
0.000000
0.000000
0.000000
0.000000
0.000000
0.000000
0.000000
0.000000
0.000000
0.000000
0.000000
0.000000
0.000000
0.000000
0.000000
0.000000
0.000000
0.000000
0.000000
0.000000
0.000000
0.000000
0.000000
0.000000
0.000000
0.000000
0.000000
0.000000
0.000000
0.000000
0.000000
0.000000
0.000000
0.000000
0.000000
0.000000
0.000000
0.000000
0.000000
0.000000
0.000000
0.000000
0.000000
0.000000
0.000000
0.000000
0.000000
0.000000
0.000000
0.000000
0.000000
0.000000
0.000000
0.000000
0.000000
0.000000
0.000000
0.000000
0.000000
0.000000
0.000000
0.000000
0.000000
0.000000
0.000000
0.000000
0.000000
0.000000
0.000000
0.000000
0.000000
0.000000
0.000000
0.000000
0.000000
0.000000
0.000000
0.000000
0.000000
0.000000
0.000000
0.000000
0.000000
0.000000
0.000000
0.000000
0.000000
0.000000
0.000000
0.000000
0.000000
0.000000
0.000000
0.000000
0.000000
0.000000
0.000000
0.000000
0.000000
0.000000
0.000000
0.000000
0.000000
0.000000
0.000000
0.000000
0.000000
0.000000
0.000000
0.000000
0.000000
0.000000
0.000000
0.000000
0.000000
0.000000
0.000000
0.000000
0.000000
0.000000
0.000000
0.000000
0.000000
0.000000
0.000000
0.000000
0.000000
0.000000
0.000000
0.000000
0.000000
0.000000
0.000000
0.000000
0.000000
0.000000
0.000000
0.000000
0.000000
0.000000
0.000000
0.000000
0.000000
0.000000
0.000000
0.000000
0.000000
0.000000
0.000000
0.000000
0.000000
0.000000
0.000000
-0.002709
0.005680
-0.011103
0.018435
-0.025412
0.027167
-0.012983
-0.070477
-0.199946
0.327508
-0.439686
0.513728
-0.498690
0.341381
-0.034349
-0.321935
0.497979
-0.280303
-0.230429
0.501392
-0.115041
-0.450975
0.260314
0.420672
-0.229278
-0.480894
-0.001103
0.463983
0.386126
-0.052308
-0.417326
-0.486030
-0.306336
-0.034710
0.204875
0.363422
0.446321
0.480002
0.489670
0.489564
0.479649
0.444748
0.357505
0.190850
-0.056009
-0.325678
-0.491015
-0.403746
-0.028643
0.401942
0.450626
-0.040022
-0.492199
-0.185211
0.445111
0.218065
-0.468861
-0.065539
0.493987
-0.284230
-0.220899
0.492582
-0.373968
0.040428
0.279514
-0.468047
0.520862
-0.486841
0.415984
-0.338401
0.262124
-0.161306
0.015916
-0.042084
0.038571
-0.026937
0.014908
-0.005957
0.000898
0.001236
0.000000
0.000000
0.000000
0.000000
0.000000
0.000000
0.000000
0.000000
0.000000
0.000000
0.000000
0.000000
0.000000
0.000000
0.000000
0.000000
0.000000
0.000000
0.000000
0.000000
0.000000
0.000000
0.000000
0.000000
0.000000
0.000000
0.000000
0.000000
0.000000
0.000000
0.000000
0.000000
0.000000
0.000000
0.000000
0.000000
0.000000
0.000000
0.000000
0.000000
0.000000
0.000000
0.000000
0.000000
0.000000
0.000000
0.000000
0.000000
0.000000
0.000000
0.000000
0.000000
0.000000
0.000000
0.000000
0.000000
0.000000
0.000000
0.000000
0.000000
0.000000
0.000000
0.000000
0.000000
0.000000
0.000000
0.000000
0.000000
0.000000
0.000000
0.000000
0.000000
0.000000
0.000000
0.000000
0.000000
0.000000
0.000000
0.000000
0.000000
0.000000
0.000000
0.000000
0.000000
0.000000
0.000000
0.000000
0.000000
0.000000
0.000000
0.000000
0.000000
0.000000
0.000000
0.000000
0.000000
0.000000
0.000000
0.000000
0.000000
0.000000
0.000000
0.000000
0.000000
0.000000
0.000000
0.000000
0.000000
0.000000
0.000000
0.000000
0.000000
0.000000
0.000000
0.000000
0.000000
0.000000
0.000000
0.000000
0.000000
0.001891
-0.002611
0.005309
-0.010702
0.019013
-0.029071
0.036196
-0.009464
0.379400
-0.449867
0.485149
-0.446255
0.297051
-0.032682
-0.280640
0.484805
-0.388957
-0.034851
0.456164
-0.374880
-0.204771
0.487520
0.047499
-0.496142
-0.081145
0.471361
0.298324
-0.261741
-0.499622
-0.247113
0.182173
0.458428
0.477396
0.314946
0.093380
-0.102294
-0.239628
-0.319959
-0.356009
-0.357331
-0.323633
-0.244333
-0.105437
0.093866
0.317782
0.478922
0.458593
0.185793
-0.240372
-0.498405
-0.266720
0.296496
0.471680
-0.082246
-0.496625
0.041742
0.488869
-0.194759
-0.380420
0.454018
-0.032861
-0.390234
0.485527
-0.276844
-0.041532
0.309316
-0.462813
0.512977
-0.496744
0.447807
-0.387136
0.323733
-0.053725
0.056546
-0.041457
0.024807
-0.011609
0.003361
0.000495
-0.001397
0.000000
0.000000
0.000000
0.000000
0.000000
0.000000
0.000000
0.000000
0.000000
0.000000
0.000000
0.000000
0.000000
0.000000
0.000000
0.000000
0.000000
0.000000
0.000000
0.000000
0.000000
0.000000
0.000000
0.000000
0.000000
0.000000
0.000000
0.000000
0.000000
0.000000
0.000000
0.000000
0.000000
0.000000
0.000000
0.000000
0.000000
0.000000
0.000000
0.000000
0.000000
0.000000
0.000000
0.000000
0.000000
0.000000
0.000000
0.000000
0.000000
0.000000
0.000000
0.000000
0.000000
0.000000
0.000000
0.000000
0.000000
0.000000
0.000000
0.000000
0.000000
0.000000
0.000000
0.000000
0.000000
0.000000
0.000000
0.000000
0.000000
0.000000
0.000000
0.000000
0.000000
0.000000
0.000000
0.000000
0.000000
0.000000
0.000000
0.000000
0.000000
0.000000
0.000000
0.000000
0.000000
0.000000
0.000000
0.000000
0.000000
0.000000
0.000000
0.000000
0.000000
0.000000
0.000000
0.000000
0.000000
0.000000
0.000000
0.000000
0.000000
0.000000
0.000000
0.000000
0.000000
0.000000
0.000000
0.000000
0.000000
0.000000
0.000000
0.000000
0.000000
0.000000
0.000000
0.000000
0.000000
0.000000
0.000000
0.000000
0.000000
0.000000
0.000000
0.000000
0.000000
0.000000
0.000000
0.000000
0.000000
0.000000
0.000000
0.000000
0.000000
0.000000
0.000000
0.000000
0.000000
0.000000
0.000000
0.000000
0.000000
0.000000
0.000000
0.000000
0.000000
0.000000
0.000000
0.000000
0.000000
0.000000
0.000000
0.000000
0.000000
0.000000
0.000000
0.000000
0.000000
0.000000
0.000000
0.000000
0.000000
0.000000
0.000000
0.000000
0.000000
0.000000
0.000000
0.000000
0.000000
0.000000
0.000000
0.000000
0.000000
0.000000
0.000000
0.000000
0.000000
0.000000
0.000000
0.000000
0.000000
0.000000
0.000000
0.000000
0.000000
0.000000
0.000000
0.000000
0.000000
0.000000
0.000000
0.000000
0.000000
0.000000
0.000000
0.000000
0.000000
0.000000
0.000000
0.000000
0.000000
0.000000
0.000000
0.000000
0.000000
0.000000
0.000000
0.000000
0.000000
0.000000
0.000000
0.000000
0.000000
0.000000
0.000000
0.000000
0.000000
0.000000
0.000000
0.000000
0.000497
-0.003169
0.005894
-0.006868
0.002849
0.010558
-0.039752
0.104460
-0.338346
0.286003
-0.196691
0.038168
0.180575
-0.397138
0.494554
-0.349968
-0.040445
0.435073
-0.429187
-0.073318
0.494417
-0.178595
-0.441589
0.234523
0.459450
-0.106887
-0.501197
-0.225642
0.289368
0.498368
0.300623
-0.071347
-0.370684
-0.496060
-0.472549
-0.372583
-0.259824
-0.171724
-0.124620
-0.124053
-0.171147
-0.261689
-0.377923
-0.477711
-0.493046
-0.354145
-0.046664
0.319149
0.498086
0.267220
-0.253546
-0.496898
-0.062459
0.476825
0.190157
-0.461518
-0.133005
0.499362
-0.127758
-0.393301
0.465422
-0.112044
-0.296495
0.488848
-0.435485
0.240970
-0.025634
-0.141820
0.242892
-0.289712
0.310327
-0.374251
0.083535
-0.038393
0.013064
-0.000274
-0.004378
0.004478
-0.002814
0.000559
0.000000
0.000000
0.000000
0.000000
0.000000
0.000000
0.000000
0.000000
0.000000
0.000000
0.000000
0.000000
0.000000
0.000000
0.000000
0.000000
0.000000
0.000000
0.000000
0.000000
0.000000
0.000000
0.000000
0.000000
0.000000
0.000000
0.000000
0.000000
0.000000
0.000000
0.000000
0.000000
0.000000
0.000000
0.000000
0.000000
0.000000
0.000000
0.000000
0.000000
0.000000
0.000000
0.000000
0.000000
0.000000
0.000000
0.000000
0.000000
0.000000
0.000000
0.000000
0.000000
0.000000
0.000000
0.000000
0.000000
0.000000
0.000000
0.000000
0.000000
0.000000
0.000000
0.000000
0.000000
0.000000
0.000000
0.000000
0.000000
0.000000
0.000000
0.000000
0.000000
0.000000
0.000000
0.000000
0.000000
0.000000
0.000000
0.000000
0.000000
0.000000
0.000000
0.000000
0.000000
0.000000
0.000000
0.000000
0.000000
0.000000
0.000000
0.000000
0.000000
0.000000
0.000000
0.000000
0.000000
0.000000
0.000000
0.000000
0.000000
0.000000
0.000000
0.000000
0.000000
0.000000
0.000000
0.000000
0.000000
0.000000
0.000000
0.000000
0.000000
0.000000
0.000000
0.000000
0.000000
0.000000
0.000000
0.000000
0.000000
0.001891
-0.002611
0.005309
-0.010702
0.019013
-0.029071
0.036196
-0.009464
0.379400
-0.449867
0.485149
-0.446255
0.297051
-0.032682
-0.280640
0.484805
-0.388957
-0.034851
0.456164
-0.374880
-0.204771
0.487520
0.047499
-0.496142
-0.081145
0.471361
0.298324
-0.261741
-0.499622
-0.247113
0.182173
0.458428
0.477396
0.314946
0.093380
-0.102294
-0.239628
-0.319959
-0.356009
-0.357331
-0.323633
-0.244333
-0.105437
0.093866
0.317782
0.478922
0.458593
0.185793
-0.240372
-0.498405
-0.266720
0.296496
0.471680
-0.082246
-0.496625
0.041742
0.488869
-0.194759
-0.380420
0.454018
-0.032861
-0.390234
0.485527
-0.276844
-0.041532
0.309316
-0.462813
0.512977
-0.496744
0.447807
-0.387136
0.323733
-0.053725
0.056546
-0.041457
0.024807
-0.011609
0.003361
0.000495
-0.001397
0.000000
0.000000
0.000000
0.000000
0.000000
0.000000
0.000000
0.000000
0.000000
0.000000
0.000000
0.000000
0.000000
0.000000
0.000000
0.000000
0.000000
0.000000
0.000000
0.000000
0.000000
0.000000
0.000000
0.000000
0.000000
0.000000
0.000000
0.000000
0.000000
0.000000
0.000000
0.000000
0.000000
0.000000
0.000000
0.000000
0.000000
0.000000
0.000000
0.000000
0.000000
0.000000
0.000000
0.000000
0.000000
0.000000
0.000000
0.000000
0.000000
0.000000
0.000000
0.000000
0.000000
0.000000
0.000000
0.000000
0.000000
0.000000
0.000000
0.000000
0.000000
0.000000
0.000000
0.000000
0.000000
0.000000
0.000000
0.000000
0.000000
0.000000
0.000000
0.000000
0.000000
0.000000
0.000000
0.000000
0.000000
0.000000
0.000000
0.000000
0.000000
0.000000
0.000000
0.000000
0.000000
0.000000
0.000000
0.000000
0.000000
0.000000
0.000000
0.000000
0.000000
0.000000
0.000000
0.000000
0.000000
0.000000
0.000000
0.000000
0.000000
0.000000
0.000000
0.000000
0.000000
0.000000
0.000000
0.000000
0.000000
0.000000
0.000000
0.000000
0.000000
0.000000
0.000000
0.000000
0.000000
0.000000
0.000000
0.000000
0.000000
0.000000
0.000000
0.000000
0.000000
0.000000
0.000000
0.000000
0.000000
0.000000
0.000000
0.000000
0.000000
0.000000
0.000000
0.000000
0.000000
0.000000
0.000000
0.000000
0.000000
0.000000
0.000000
0.000000
0.000000
0.000000
0.000000
0.000000
0.000000
0.000000
0.000000
0.000000
0.000000
0.000000
0.000000
0.000000
0.000000
0.000000
0.000000
0.000000
0.000000
0.000000
0.000000
0.000000
0.000000
0.000000
0.000000
0.000000
0.000000
0.000000
0.000000
0.000000
0.000000
0.000000
0.000000
0.000000
0.000000
0.000000
0.000000
0.000000
0.000000
0.000000
0.000000
0.000000
0.000000
0.000000
0.000000
0.000000
0.000000
0.000000
0.000000
0.000000
0.000000
0.000000
0.000000
0.000000
0.000000
0.000000
0.000000
0.000000
0.000000
0.000000
0.000000
0.000000
0.000000
0.000000
0.000000
0.000000
0.000000
0.000000
0.000000
0.000000
0.000000
0.000000
0.000000
0.000000
0.000000
0.000000
0.000000
0.000000
0.002636
-0.005216
0.010239
-0.017428
0.024994
-0.028714
0.018809
0.055165
0.249541
-0.369430
0.468517
-0.519322
0.472222
-0.283169
-0.038142
0.373233
-0.492051
0.216530
0.293338
-0.490645
0.042570
0.477153
-0.195586
-0.455048
0.161932
0.496561
0.074567
-0.430908
-0.428542
-0.020742
0.373260
0.496488
0.360671
0.107422
-0.135610
-0.308809
-0.408237
-0.454831
-0.471404
-0.471381
-0.454562
-0.406390
-0.302110
-0.120828
0.128279
0.377588
0.497855
0.356966
-0.044366
-0.441110
-0.413461
0.112857
0.501355
0.115318
-0.472984
-0.150417
0.488357
-0.007657
-0.475261
0.341879
0.152678
-0.476159
0.417428
-0.112083
-0.215681
0.432726
-0.517105
0.507628
-0.451586
0.380866
-0.307611
0.216163
-0.028160
0.047711
-0.040486
0.026977
-0.014266
0.005300
-0.000486
-0.001318
0.000000
0.000000
0.000000
0.000000
0.000000
0.000000
0.000000
0.000000
0.000000
0.000000
0.000000
0.000000
0.000000
0.000000
0.000000
0.000000
0.000000
0.000000
0.000000
0.000000
0.000000
0.000000
0.000000
0.000000
0.000000
0.000000
0.000000
0.000000
0.000000
0.000000
0.000000
0.000000
0.000000
0.000000
0.000000
0.000000
0.000000
0.000000
0.000000
0.000000
0.000000
0.000000
0.000000
0.000000
0.000000
0.000000
0.000000
0.000000
0.000000
0.000000
0.000000
0.000000
0.000000
0.000000
0.000000
0.000000
0.000000
0.000000
0.000000
0.000000
0.000000
0.000000
0.000000
0.000000
0.000000
0.000000
0.000000
0.000000
0.000000
0.000000
0.000000
0.000000
0.000000
0.000000
0.000000
0.000000
0.000000
0.000000
0.000000
0.000000
0.000000
0.000000
0.000000
0.000000
0.000000
0.000000
0.000000
0.000000
0.000000
0.000000
0.000000
0.000000
0.000000
0.000000
0.000000
0.000000
0.000000
0.000000
0.000000
0.000000
0.000000
0.000000
0.000000
0.000000
0.000000
0.000000
0.000000
0.000000
0.000000
0.000000
0.000000
0.000000
0.000000
0.000000
0.000000
0.000000
0.000000
0.000000
0.000000
0.000000
0.001891
-0.002611
0.005309
-0.010702
0.019013
-0.029071
0.036196
-0.009464
0.379400
-0.449867
0.485149
-0.446255
0.297051
-0.032682
-0.280640
0.484805
-0.388957
-0.034851
0.456164
-0.374880
-0.204771
0.487520
0.047499
-0.496142
-0.081145
0.471361
0.298324
-0.261741
-0.499622
-0.247113
0.182173
0.458428
0.477396
0.314946
0.093380
-0.102294
-0.239628
-0.319959
-0.356009
-0.357331
-0.323633
-0.244333
-0.105437
0.093866
0.317782
0.478922
0.458593
0.185793
-0.240372
-0.498405
-0.266720
0.296496
0.471680
-0.082246
-0.496625
0.041742
0.488869
-0.194759
-0.380420
0.454018
-0.032861
-0.390234
0.485527
-0.276844
-0.041532
0.309316
-0.462813
0.512977
-0.496744
0.447807
-0.387136
0.323733
-0.053725
0.056546
-0.041457
0.024807
-0.011609
0.003361
0.000495
-0.001397
0.000000
0.000000
0.000000
0.000000
0.000000
0.000000
0.000000
0.000000
0.000000
0.000000
0.000000
0.000000
0.000000
0.000000
0.000000
0.000000
0.000000
0.000000
0.000000
0.000000
0.000000
0.000000
0.000000
0.000000
0.000000
0.000000
0.000000
0.000000
0.000000
0.000000
0.000000
0.000000
0.000000
0.000000
0.000000
0.000000
0.000000
0.000000
0.000000
0.000000
0.000000
0.000000
0.000000
0.000000
0.000000
0.000000
0.000000
0.000000
0.000000
0.000000
0.000000
0.000000
0.000000
0.000000
0.000000
0.000000
0.000000
0.000000
0.000000
0.000000
0.000000
0.000000
0.000000
0.000000
0.000000
0.000000
0.000000
0.000000
0.000000
0.000000
0.000000
0.000000
0.000000
0.000000
0.000000
0.000000
0.000000
0.000000
0.000000
0.000000
0.000000
0.000000
0.000000
0.000000
0.000000
0.000000
0.000000
0.000000
0.000000
0.000000
0.000000
0.000000
0.000000
0.000000
0.000000
0.000000
0.000000
0.000000
0.000000
0.000000
0.000000
0.000000
0.000000
0.000000
0.000000
0.000000
0.000000
0.000000
0.000000
0.000000
0.000000
0.000000
0.000000
0.000000
0.000000
0.000000
0.000000
0.000000
0.000000
0.000000
0.000000
0.000000
0.000000
0.000000
0.000000
0.000000
0.000000
0.000000
0.000000
0.000000
0.000000
0.000000
0.000000
0.000000
0.000000
0.000000
0.000000
0.000000
0.000000
0.000000
0.000000
0.000000
0.000000
0.000000
0.000000
0.000000
0.000000
0.000000
0.000000
0.000000
0.000000
0.000000
0.000000
0.000000
0.000000
0.000000
0.000000
0.000000
0.000000
0.000000
0.000000
0.000000
0.000000
0.000000
0.000000
0.000000
0.000000
0.000000
0.000000
0.000000
0.000000
0.000000
0.000000
0.000000
0.000000
0.000000
0.000000
0.000000
0.000000
0.000000
0.000000
0.000000
0.000000
0.000000
0.000000
0.000000
0.000000
0.000000
0.000000
0.000000
0.000000
0.000000
0.000000
0.000000
0.000000
0.000000
0.000000
0.000000
0.000000
0.000000
0.000000
0.000000
0.000000
0.000000
0.000000
0.000000
0.000000
0.000000
0.000000
0.000000
0.000000
0.000000
0.000000
0.000000
0.000000
0.000000
0.000000
0.000000
0.000000
0.000000
-0.000883
0.003933
-0.007395
0.009422
-0.006513
-0.006349
0.036995
-0.112546
0.301768
-0.231852
0.128016
0.037954
-0.249793
0.438645
-0.488964
0.295260
0.112569
-0.466812
0.386190
0.145236
-0.500657
0.108654
0.470258
-0.167823
-0.483186
0.034102
0.490267
0.288804
-0.226553
-0.495327
-0.355335
-0.001428
0.317817
0.480314
0.492426
0.417848
0.319663
0.238392
0.193717
0.193148
0.237776
0.321257
0.422206
0.495422
0.474243
0.298799
-0.026311
-0.371472
-0.491583
-0.202562
0.314151
0.480355
-0.011029
-0.493728
-0.120828
0.483566
0.061422
-0.498240
0.197421
0.343189
-0.487801
0.181839
0.235309
-0.472419
0.467099
-0.304399
0.101430
0.067412
-0.176699
0.233885
-0.265238
0.342566
-0.079407
0.031400
-0.007130
-0.003680
0.006469
-0.005255
0.002885
-0.000366
0.000000
0.000000
0.000000
0.000000
0.000000
0.000000
0.000000
0.000000
0.000000
0.000000
0.000000
0.000000
0.000000
0.000000
0.000000
0.000000
0.000000
0.000000
0.000000
0.000000
0.000000
0.000000
0.000000
0.000000
0.000000
0.000000
0.000000
0.000000
0.000000
0.000000
0.000000
0.000000
0.000000
0.000000
0.000000
0.000000
0.000000
0.000000
0.000000
0.000000
0.000000
0.000000
0.000000
0.000000
0.000000
0.000000
0.000000
0.000000
0.000000
0.000000
0.000000
0.000000
0.000000
0.000000
0.000000
0.000000
0.000000
0.000000
0.000000
0.000000
0.000000
0.000000
0.000000
0.000000
0.000000
0.000000
0.000000
0.000000
0.000000
0.000000
0.000000
0.000000
0.000000
0.000000
0.000000
0.000000
0.000000
0.000000
0.000000
0.000000
0.000000
0.000000
0.000000
0.000000
0.000000
0.000000
0.000000
0.000000
0.000000
0.000000
0.000000
0.000000
0.000000
0.000000
0.000000
0.000000
0.000000
0.000000
0.000000
0.000000
0.000000
0.000000
0.000000
0.000000
0.000000
0.000000
0.000000
0.000000
0.000000
0.000000
0.000000
0.000000
0.000000
0.000000
0.000000
0.000000
0.000000
0.000000
0.000000
0.000000
0.001891
-0.002611
0.005309
-0.010702
0.019013
-0.029071
0.036196
-0.009464
0.379400
-0.449867
0.485149
-0.446255
0.297051
-0.032682
-0.280640
0.484805
-0.388957
-0.034851
0.456164
-0.374880
-0.204771
0.487520
0.047499
-0.496142
-0.081145
0.471361
0.298324
-0.261741
-0.499622
-0.247113
0.182173
0.458428
0.477396
0.314946
0.093380
-0.102294
-0.239628
-0.319959
-0.356009
-0.357331
-0.323633
-0.244333
-0.105437
0.093866
0.317782
0.478922
0.458593
0.185793
-0.240372
-0.498405
-0.266720
0.296496
0.471680
-0.082246
-0.496625
0.041742
0.488869
-0.194759
-0.380420
0.454018
-0.032861
-0.390234
0.485527
-0.276844
-0.041532
0.309316
-0.462813
0.512977
-0.496744
0.447807
-0.387136
0.323733
-0.053725
0.056546
-0.041457
0.024807
-0.011609
0.003361
0.000495
-0.001397
0.000000
0.000000
0.000000
0.000000
0.000000
0.000000
0.000000
0.000000
0.000000
0.000000
0.000000
0.000000
0.000000
0.000000
0.000000
0.000000
0.000000
0.000000
0.000000
0.000000
0.000000
0.000000
0.000000
0.000000
0.000000
0.000000
0.000000
0.000000
0.000000
0.000000
0.000000
0.000000
0.000000
0.000000
0.000000
0.000000
0.000000
0.000000
0.000000
0.000000
0.000000
0.000000
0.000000
0.000000
0.000000
0.000000
0.000000
0.000000
0.000000
0.000000
0.000000
0.000000
0.000000
0.000000
0.000000
0.000000
0.000000
0.000000
0.000000
0.000000
0.000000
0.000000
0.000000
0.000000
0.000000
0.000000
0.000000
0.000000
0.000000
0.000000
0.000000
0.000000
0.000000
0.000000
0.000000
0.000000
0.000000
0.000000
0.000000
0.000000
0.000000
0.000000
0.000000
0.000000
0.000000
0.000000
0.000000
0.000000
0.000000
0.000000
0.000000
0.000000
0.000000
0.000000
0.000000
0.000000
0.000000
0.000000
0.000000
0.000000
0.000000
0.000000
0.000000
0.000000
0.000000
0.000000
0.000000
0.000000
0.000000
0.000000
0.000000
0.000000
0.000000
0.000000
0.000000
0.000000
0.000000
0.000000
0.000000
0.000000
0.000000
0.000000
0.000000
0.000000
0.000000
0.000000
0.000000
0.000000
0.000000
0.000000
0.000000
0.000000
0.000000
0.000000
0.000000
0.000000
0.000000
0.000000
0.000000
0.000000
0.000000
0.000000
0.000000
0.000000
0.000000
0.000000
0.000000
0.000000
0.000000
0.000000
0.000000
0.000000
0.000000
0.000000
0.000000
0.000000
0.000000
0.000000
0.000000
0.000000
0.000000
0.000000
0.000000
0.000000
0.000000
0.000000
0.000000
0.000000
0.000000
0.000000
0.000000
0.000000
0.000000
0.000000
0.000000
0.000000
0.000000
0.000000
0.000000
0.000000
0.000000
0.000000
0.000000
0.000000
0.000000
0.000000
0.000000
0.000000
0.000000
0.000000
0.000000
0.000000
0.000000
0.000000
0.000000
0.000000
0.000000
0.000000
0.000000
0.000000
0.000000
0.000000
0.000000
0.000000
0.000000
0.000000
0.000000
0.000000
0.000000
0.000000
0.000000
0.000000
0.000000
0.000000
0.000000
0.000000
0.000000
0.000000
0.000000
0.000000
-0.002506
0.004639
-0.009155
0.016047
-0.024039
0.029645
-0.024232
-0.038669
-0.293774
0.403415
-0.487281
0.513759
-0.435608
0.218873
0.109814
-0.416512
0.475550
-0.148106
-0.349945
0.469357
0.030816
-0.493080
0.126656
0.479647
-0.091107
-0.501559
-0.146430
0.388576
0.461750
0.093347
-0.321176
-0.496278
-0.407256
-0.177826
0.063430
0.247561
0.361381
0.419888
0.443009
0.443070
0.419710
0.359301
0.240223
0.048209
-0.197793
-0.421386
-0.493998
-0.302516
0.116421
0.470802
0.367413
-0.183267
-0.499738
-0.042948
0.490695
0.079536
-0.497360
0.080688
0.446323
-0.392183
-0.081177
0.449505
-0.451920
0.181330
0.147214
-0.388107
0.502237
-0.517510
0.477487
-0.415149
0.346490
-0.266376
0.039800
-0.052314
0.041531
-0.026437
0.013318
-0.004530
0.000063
0.001371
0.000000
0.000000
0.000000
0.000000
0.000000
0.000000
0.000000
0.000000
0.000000
0.000000
0.000000
0.000000
0.000000
0.000000
0.000000
0.000000
0.000000
0.000000
0.000000
0.000000
0.000000
0.000000
0.000000
0.000000
0.000000
0.000000
0.000000
0.000000
0.000000
0.000000
0.000000
0.000000
0.000000
0.000000
0.000000
0.000000
0.000000
0.000000
0.000000
0.000000
0.000000
0.000000
0.000000
0.000000
0.000000
0.000000
0.000000
0.000000
0.000000
0.000000
0.000000
0.000000
0.000000
0.000000
0.000000
0.000000
0.000000
0.000000
0.000000
0.000000
0.000000
0.000000
0.000000
0.000000
0.000000
0.000000
0.000000
0.000000
0.000000
0.000000
0.000000
0.000000
0.000000
0.000000
0.000000
0.000000
0.000000
0.000000
0.000000
0.000000
0.000000
0.000000
0.000000
0.000000
0.000000
0.000000
0.000000
0.000000
0.000000
0.000000
0.000000
0.000000
0.000000
0.000000
0.000000
0.000000
0.000000
0.000000
0.000000
0.000000
0.000000
0.000000
0.000000
0.000000
0.000000
0.000000
0.000000
0.000000
0.000000
0.000000
0.000000
0.000000
0.000000
0.000000
0.000000
0.000000
0.000000
0.000000
0.000000
0.000000
0.001891
-0.002611
0.005309
-0.010702
0.019013
-0.029071
0.036196
-0.009464
0.379400
-0.449867
0.485149
-0.446255
0.297051
-0.032682
-0.280640
0.484805
-0.388957
-0.034851
0.456164
-0.374880
-0.204771
0.487520
0.047499
-0.496142
-0.081145
0.471361
0.298324
-0.261741
-0.499622
-0.247113
0.182173
0.458428
0.477396
0.314946
0.093380
-0.102294
-0.239628
-0.319959
-0.356009
-0.357331
-0.323633
-0.244333
-0.105437
0.093866
0.317782
0.478922
0.458593
0.185793
-0.240372
-0.498405
-0.266720
0.296496
0.471680
-0.082246
-0.496625
0.041742
0.488869
-0.194759
-0.380420
0.454018
-0.032861
-0.390234
0.485527
-0.276844
-0.041532
0.309316
-0.462813
0.512977
-0.496744
0.447807
-0.387136
0.323733
-0.053725
0.056546
-0.041457
0.024807
-0.011609
0.003361
0.000495
-0.001397
0.000000
0.000000
0.000000
0.000000
0.000000
0.000000
0.000000
0.000000
0.000000
0.000000
0.000000
0.000000
0.000000
0.000000
0.000000
0.000000
0.000000
0.000000
0.000000
0.000000
0.000000
0.000000
0.000000
0.000000
0.000000
0.000000
0.000000
0.000000
0.000000
0.000000
0.000000
0.000000
0.000000
0.000000
0.000000
0.000000
0.000000
0.000000
0.000000
0.000000
0.000000
0.000000
0.000000
0.000000
0.000000
0.000000
0.000000
0.000000
0.000000
0.000000
0.000000
0.000000
0.000000
0.000000
0.000000
0.000000
0.000000
0.000000
0.000000
0.000000
0.000000
0.000000
0.000000
0.000000
0.000000
0.000000
0.000000
0.000000
0.000000
0.000000
0.000000
0.000000
0.000000
0.000000
0.000000
0.000000
0.000000
0.000000
0.000000
0.000000
0.000000
0.000000
0.000000
0.000000
0.000000
0.000000
0.000000
0.000000
0.000000
0.000000
0.000000
0.000000
0.000000
0.000000
0.000000
0.000000
0.000000
0.000000
0.000000
0.000000
0.000000
0.000000
0.000000
0.000000
0.000000
0.000000
0.000000
0.000000
0.000000
0.000000
0.000000
0.000000
0.000000
0.000000
0.000000
0.000000
0.000000
0.000000
0.000000
0.000000
0.000000
0.000000
0.000000
0.000000
0.000000
0.000000
0.000000
0.000000
0.000000
0.000000
0.000000
0.000000
0.000000
0.000000
0.000000
0.000000
0.000000
0.000000
0.000000
0.000000
0.000000
0.000000
0.000000
0.000000
0.000000
0.000000
0.000000
0.000000
0.000000
0.000000
0.000000
0.000000
0.000000
0.000000
0.000000
0.000000
0.000000
0.000000
0.000000
0.000000
0.000000
0.000000
0.000000
0.000000
0.000000
0.000000
0.000000
0.000000
0.000000
0.000000
0.000000
0.000000
0.000000
0.000000
0.000000
0.000000
0.000000
0.000000
0.000000
0.000000
0.000000
0.000000
0.000000
0.000000
0.000000
0.000000
0.000000
0.000000
0.000000
0.000000
0.000000
0.000000
0.000000
0.000000
0.000000
0.000000
0.000000
0.000000
0.000000
0.000000
0.000000
0.000000
0.000000
0.000000
0.000000
0.000000
0.000000
0.000000
0.000000
0.000000
0.000000
0.000000
0.000000
0.000000
0.000000
0.000000
0.000000
0.000000
0.000000
0.000000
0.001251
-0.004613
0.008737
-0.011774
0.010036
0.002004
-0.033443
0.118214
-0.258707
0.172720
-0.056591
-0.113260
0.313644
-0.470727
0.472867
-0.234208
-0.182275
0.488521
-0.334895
-0.214033
0.496140
-0.036379
-0.488823
0.097517
0.496540
0.039416
-0.468803
-0.345761
0.158870
0.481645
0.402412
0.074171
-0.258122
-0.454248
-0.501724
-0.454135
-0.372633
-0.299939
-0.258653
-0.258092
-0.299296
-0.373923
-0.457417
-0.502488
-0.445251
-0.237032
0.098721
0.415815
0.474518
0.133553
-0.368006
-0.453492
0.084279
0.500023
0.048902
-0.495225
0.011480
0.486413
-0.262842
-0.285703
0.499700
-0.247727
-0.169067
0.445840
-0.488678
0.361287
-0.175048
0.008444
0.106710
-0.173033
0.214450
-0.303520
0.073573
-0.023731
0.001042
0.007555
-0.008421
0.005919
-0.002894
0.000165
0.000000
0.000000
0.000000
0.000000
0.000000
0.000000
0.000000
0.000000
0.000000
0.000000
0.000000
0.000000
0.000000
0.000000
0.000000
0.000000
0.000000
0.000000
0.000000
0.000000
0.000000
0.000000
0.000000
0.000000
0.000000
0.000000
0.000000
0.000000
0.000000
0.000000
0.000000
0.000000
0.000000
0.000000
0.000000
0.000000
0.000000
0.000000
0.000000
0.000000
0.000000
0.000000
0.000000
0.000000
0.000000
0.000000
0.000000
0.000000
0.000000
0.000000
0.000000
0.000000
0.000000
0.000000
0.000000
0.000000
0.000000
0.000000
0.000000
0.000000
0.000000
0.000000
0.000000
0.000000
0.000000
0.000000
0.000000
0.000000
0.000000
0.000000
0.000000
0.000000
0.000000
0.000000
0.000000
0.000000
0.000000
0.000000
0.000000
0.000000
0.000000
0.000000
0.000000
0.000000
0.000000
0.000000
0.000000
0.000000
0.000000
0.000000
0.000000
0.000000
0.000000
0.000000
0.000000
0.000000
0.000000
0.000000
0.000000
0.000000
0.000000
0.000000
0.000000
0.000000
0.000000
0.000000
0.000000
0.000000
0.000000
0.000000
0.000000
0.000000
0.000000
0.000000
0.000000
0.000000
0.000000
0.000000
0.000000
0.000000
0.001891
-0.002611
0.005309
-0.010702
0.019013
-0.029071
0.036196
-0.009464
0.379400
-0.449867
0.485149
-0.446255
0.297051
-0.032682
-0.280640
0.484805
-0.388957
-0.034851
0.456164
-0.374880
-0.204771
0.487520
0.047499
-0.496142
-0.081145
0.471361
0.298324
-0.261741
-0.499622
-0.247113
0.182173
0.458428
0.477396
0.314946
0.093380
-0.102294
-0.239628
-0.319959
-0.356009
-0.357331
-0.323633
-0.244333
-0.105437
0.093866
0.317782
0.478922
0.458593
0.185793
-0.240372
-0.498405
-0.266720
0.296496
0.471680
-0.082246
-0.496625
0.041742
0.488869
-0.194759
-0.380420
0.454018
-0.032861
-0.390234
0.485527
-0.276844
-0.041532
0.309316
-0.462813
0.512977
-0.496744
0.447807
-0.387136
0.323733
-0.053725
0.056546
-0.041457
0.024807
-0.011609
0.003361
0.000495
-0.001397
0.000000
0.000000
0.000000
0.000000
0.000000
0.000000
0.000000
0.000000
0.000000
0.000000
0.000000
0.000000
0.000000
0.000000
0.000000
0.000000
0.000000
0.000000
0.000000
0.000000
0.000000
0.000000
0.000000
0.000000
0.000000
0.000000
0.000000
0.000000
0.000000
0.000000
0.000000
0.000000
0.000000
0.000000
0.000000
0.000000
0.000000
0.000000
0.000000
0.000000
0.000000
0.000000
0.000000
0.000000
0.000000
0.000000
0.000000
0.000000
0.000000
0.000000
0.000000
0.000000
0.000000
0.000000
0.000000
0.000000
0.000000
0.000000
0.000000
0.000000
0.000000
0.000000
0.000000
0.000000
0.000000
0.000000
0.000000
0.000000
0.000000
0.000000
0.000000
0.000000
0.000000
0.000000
0.000000
0.000000
0.000000
0.000000
0.000000
0.000000
0.000000
0.000000
0.000000
0.000000
0.000000
0.000000
0.000000
0.000000
0.000000
0.000000
0.000000
0.000000
0.000000
0.000000
0.000000
0.000000
0.000000
0.000000
0.000000
0.000000
0.000000
0.000000
0.000000
0.000000
0.000000
0.000000
0.000000
0.000000
0.000000
0.000000
0.000000
0.000000
0.000000
0.000000
0.000000
0.000000
0.000000
0.000000
0.000000
0.000000
0.000000
0.000000
0.000000
0.000000
0.000000
0.000000
0.000000
0.000000
0.000000
0.000000
0.000000
0.000000
0.000000
0.000000
0.000000
0.000000
0.000000
0.000000
0.000000
0.000000
0.000000
0.000000
0.000000
0.000000
0.000000
0.000000
0.000000
0.000000
0.000000
0.000000
0.000000
0.000000
0.000000
0.000000
0.000000
0.000000
0.000000
0.000000
0.000000
0.000000
0.000000
0.000000
0.000000
0.000000
0.000000
0.000000
0.000000
0.000000
0.000000
0.000000
0.000000
0.000000
0.000000
0.000000
0.000000
0.000000
0.000000
0.000000
0.000000
0.000000
0.000000
0.000000
0.000000
0.000000
0.000000
0.000000
0.000000
0.000000
0.000000
0.000000
0.000000
0.000000
0.000000
0.000000
0.000000
0.000000
0.000000
0.000000
0.000000
0.000000
0.000000
0.000000
0.000000
0.000000
0.000000
0.000000
0.000000
0.000000
0.000000
0.000000
0.000000
0.000000
0.000000
0.000000
0.000000
0.000000
0.000000
0.000000
0.000000
0.000000
0.002323
-0.003963
0.007875
-0.014321
0.022568
-0.029939
0.029134
0.021341
0.331695
-0.428732
0.495577
-0.497158
0.389634
-0.149874
-0.179126
0.450842
-0.448832
0.076499
0.399034
-0.437984
-0.103540
0.498412
-0.055005
-0.493941
0.018324
0.495782
0.215147
-0.337895
-0.485037
-0.163945
0.262191
0.485407
0.445091
0.244409
0.010112
-0.180994
-0.306761
-0.375923
-0.405096
-0.405239
-0.375839
-0.304491
-0.173176
0.025445
0.263057
0.456130
0.479528
0.241566
-0.185975
-0.490378
-0.313471
0.249739
0.487385
-0.030345
-0.497863
-0.006947
0.495677
-0.151986
-0.407796
0.434062
0.007931
-0.413193
0.476701
-0.246680
-0.075584
0.335150
-0.476579
0.516272
-0.493128
0.440512
-0.377924
0.310866
-0.050584
0.055792
-0.041684
0.025330
-0.012084
0.003662
0.000362
-0.001396
0.000000
0.000000
0.000000
0.000000
0.000000
0.000000
0.000000
0.000000
0.000000
0.000000
0.000000
0.000000
0.000000
0.000000
0.000000
0.000000
0.000000
0.000000
0.000000
0.000000
0.000000
0.000000
0.000000
0.000000
0.000000
0.000000
0.000000
0.000000
0.000000
0.000000
0.000000
0.000000
0.000000
0.000000
0.000000
0.000000
0.000000
0.000000
0.000000
0.000000
0.000000
0.000000
0.000000
0.000000
0.000000
0.000000
0.000000
0.000000
0.000000
0.000000
0.000000
0.000000
0.000000
0.000000
0.000000
0.000000
0.000000
0.000000
0.000000
0.000000
0.000000
0.000000
0.000000
0.000000
0.000000
0.000000
0.000000
0.000000
0.000000
0.000000
0.000000
0.000000
0.000000
0.000000
0.000000
0.000000
0.000000
0.000000
0.000000
0.000000
0.000000
0.000000
0.000000
0.000000
0.000000
0.000000
0.000000
0.000000
0.000000
0.000000
0.000000
0.000000
0.000000
0.000000
0.000000
0.000000
0.000000
0.000000
0.000000
0.000000
0.000000
0.000000
0.000000
0.000000
0.000000
0.000000
0.000000
0.000000
0.000000
0.000000
0.000000
0.000000
0.000000
0.000000
0.000000
0.000000
0.000000
0.000000
0.000000
0.000000
0.001891
-0.002611
0.005309
-0.010702
0.019013
-0.029071
0.036196
-0.009464
0.379400
-0.449867
0.485149
-0.446255
0.297051
-0.032682
-0.280640
0.484805
-0.388957
-0.034851
0.456164
-0.374880
-0.204771
0.487520
0.047499
-0.496142
-0.081145
0.471361
0.298324
-0.261741
-0.499622
-0.247113
0.182173
0.458428
0.477396
0.314946
0.093380
-0.102294
-0.239628
-0.319959
-0.356009
-0.357331
-0.323633
-0.244333
-0.105437
0.093866
0.317782
0.478922
0.458593
0.185793
-0.240372
-0.498405
-0.266720
0.296496
0.471680
-0.082246
-0.496625
0.041742
0.488869
-0.194759
-0.380420
0.454018
-0.032861
-0.390234
0.485527
-0.276844
-0.041532
0.309316
-0.462813
0.512977
-0.496744
0.447807
-0.387136
0.323733
-0.053725
0.056546
-0.041457
0.024807
-0.011609
0.003361
0.000495
-0.001397
0.000000
0.000000
0.000000
0.000000
0.000000
0.000000
0.000000
0.000000
0.000000
0.000000
0.000000
0.000000
0.000000
0.000000
0.000000
0.000000
0.000000
0.000000
0.000000
0.000000
0.000000
0.000000
0.000000
0.000000
0.000000
0.000000
0.000000
0.000000
0.000000
0.000000
0.000000
0.000000
0.000000
0.000000
0.000000
0.000000
0.000000
0.000000
0.000000
0.000000
0.000000
0.000000
0.000000
0.000000
0.000000
0.000000
0.000000
0.000000
0.000000
0.000000
0.000000
0.000000
0.000000
0.000000
0.000000
0.000000
0.000000
0.000000
0.000000
0.000000
0.000000
0.000000
0.000000
0.000000
0.000000
0.000000
0.000000
0.000000
0.000000
0.000000
0.000000
0.000000
0.000000
0.000000
0.000000
0.000000
0.000000
0.000000
0.000000
0.000000
0.000000
0.000000
0.000000
0.000000
0.000000
0.000000
0.000000
0.000000
0.000000
0.000000
0.000000
0.000000
0.000000
0.000000
0.000000
0.000000
0.000000
0.000000
0.000000
0.000000
0.000000
0.000000
0.000000
0.000000
0.000000
0.000000
0.000000
0.000000
0.000000
0.000000
0.000000
0.000000
0.000000
0.000000
0.000000
0.000000
0.000000
0.000000
0.000000
0.000000
0.000000
0.000000
0.000000
0.000000
0.000000
0.000000
0.000000
0.000000
0.000000
0.000000
0.000000
0.000000
0.000000
0.000000
0.000000
0.000000
0.000000
0.000000
0.000000
0.000000
0.000000
0.000000
0.000000
0.000000
0.000000
0.000000
0.000000
0.000000
0.000000
0.000000
0.000000
0.000000
0.000000
0.000000
0.000000
0.000000
0.000000
0.000000
0.000000
0.000000
0.000000
0.000000
0.000000
0.000000
0.000000
0.000000
0.000000
0.000000
0.000000
0.000000
0.000000
0.000000
0.000000
0.000000
0.000000
0.000000
0.000000
0.000000
0.000000
0.000000
0.000000
0.000000
0.000000
0.000000
0.000000
0.000000
0.000000
0.000000
0.000000
0.000000
0.000000
0.000000
0.000000
0.000000
0.000000
0.000000
0.000000
0.000000
0.000000
0.000000
0.000000
0.000000
0.000000
0.000000
0.000000
0.000000
0.000000
0.000000
0.000000
0.000000
0.000000
0.000000
0.000000
0.000000
0.000000
0.000000
0.000000
0.000000
0.000000
0.000000
-0.001591
0.005194
-0.009891
0.013874
-0.013344
0.002385
0.029172
-0.121342
0.210088
-0.109877
-0.016050
0.186133
-0.370756
0.492696
-0.446611
0.168124
0.248064
-0.499734
0.276405
0.278232
-0.480963
-0.036678
0.496885
-0.025115
-0.499227
-0.112087
0.437267
0.395289
-0.087774
-0.457614
-0.440844
-0.145322
0.192881
0.418423
0.500242
0.480665
0.417598
0.355042
0.318032
0.317492
0.354387
0.418555
0.482801
0.498758
0.406692
0.170173
-0.169009
-0.451223
-0.447257
-0.061674
0.413955
0.416886
-0.155720
-0.495576
0.024074
0.496243
-0.084136
-0.464135
0.322616
0.222079
-0.500862
0.308293
0.099193
-0.409682
0.499756
-0.410413
0.244904
-0.084118
-0.034428
0.108463
-0.159055
0.257954
-0.066159
0.015553
0.005068
-0.011268
0.010192
-0.006456
0.002841
0.000040
0.000000
0.000000
0.000000
0.000000
0.000000
0.000000
0.000000
0.000000
0.000000
0.000000
0.000000
0.000000
0.000000
0.000000
0.000000
0.000000
0.000000
0.000000
0.000000
0.000000
0.000000
0.000000
0.000000
0.000000
0.000000
0.000000
0.000000
0.000000
0.000000
0.000000
0.000000
0.000000
0.000000
0.000000
0.000000
0.000000
0.000000
0.000000
0.000000
0.000000
0.000000
0.000000
0.000000
0.000000
0.000000
0.000000
0.000000
0.000000
0.000000
0.000000
0.000000
0.000000
0.000000
0.000000
0.000000
0.000000
0.000000
0.000000
0.000000
0.000000
0.000000
0.000000
0.000000
0.000000
0.000000
0.000000
0.000000
0.000000
0.000000
0.000000
0.000000
0.000000
0.000000
0.000000
0.000000
0.000000
0.000000
0.000000
0.000000
0.000000
0.000000
0.000000
0.000000
0.000000
0.000000
0.000000
0.000000
0.000000
0.000000
0.000000
0.000000
0.000000
0.000000
0.000000
0.000000
0.000000
0.000000
0.000000
0.000000
0.000000
0.000000
0.000000
0.000000
0.000000
0.000000
0.000000
0.000000
0.000000
0.000000
0.000000
0.000000
0.000000
0.000000
0.000000
0.000000
0.000000
0.000000
0.000000
0.000000
0.000000
0.001891
-0.002611
0.005309
-0.010702
0.019013
-0.029071
0.036196
-0.009464
0.379400
-0.449867
0.485149
-0.446255
0.297051
-0.032682
-0.280640
0.484805
-0.388957
-0.034851
0.456164
-0.374880
-0.204771
0.487520
0.047499
-0.496142
-0.081145
0.471361
0.298324
-0.261741
-0.499622
-0.247113
0.182173
0.458428
0.477396
0.314946
0.093380
-0.102294
-0.239628
-0.319959
-0.356009
-0.357331
-0.323633
-0.244333
-0.105437
0.093866
0.317782
0.478922
0.458593
0.185793
-0.240372
-0.498405
-0.266720
0.296496
0.471680
-0.082246
-0.496625
0.041742
0.488869
-0.194759
-0.380420
0.454018
-0.032861
-0.390234
0.485527
-0.276844
-0.041532
0.309316
-0.462813
0.512977
-0.496744
0.447807
-0.387136
0.323733
-0.053725
0.056546
-0.041457
0.024807
-0.011609
0.003361
0.000495
-0.001397
0.000000
0.000000
0.000000
0.000000
0.000000
0.000000
0.000000
0.000000
0.000000
0.000000
0.000000
0.000000
0.000000
0.000000
0.000000
0.000000
0.000000
0.000000
0.000000
0.000000
0.000000
0.000000
0.000000
0.000000
0.000000
0.000000
0.000000
0.000000
0.000000
0.000000
0.000000
0.000000
0.000000
0.000000
0.000000
0.000000
0.000000
0.000000
0.000000
0.000000
0.000000
0.000000
0.000000
0.000000
0.000000
0.000000
0.000000
0.000000
0.000000
0.000000
0.000000
0.000000
0.000000
0.000000
0.000000
0.000000
0.000000
0.000000
0.000000
0.000000
0.000000
0.000000
0.000000
0.000000
0.000000
0.000000
0.000000
0.000000
0.000000
0.000000
0.000000
0.000000
0.000000
0.000000
0.000000
0.000000
0.000000
0.000000
0.000000
0.000000
0.000000
0.000000
0.000000
0.000000
0.000000
0.000000
0.000000
0.000000
0.000000
0.000000
0.000000
0.000000
0.000000
0.000000
0.000000
0.000000
0.000000
0.000000
0.000000
0.000000
0.000000
0.000000
0.000000
0.000000
0.000000
0.000000
0.000000
0.000000
0.000000
0.000000
0.000000
0.000000
0.000000
0.000000
0.000000
0.000000
0.000000
0.000000
0.000000
0.000000
0.000000
0.000000
0.000000
0.000000
0.000000
0.000000
0.000000
0.000000
0.000000
0.000000
0.000000
0.000000
0.000000
0.000000
0.000000
0.000000
0.000000
0.000000
0.000000
0.000000
0.000000
0.000000
0.000000
0.000000
0.000000
0.000000
0.000000
0.000000
0.000000
0.000000
0.000000
0.000000
0.000000
0.000000
0.000000
0.000000
0.000000
0.000000
0.000000
0.000000
0.000000
0.000000
0.000000
0.000000
0.000000
0.000000
0.000000
0.000000
0.000000
0.000000
0.000000
0.000000
0.000000
0.000000
0.000000
0.000000
0.000000
0.000000
0.000000
0.000000
0.000000
0.000000
0.000000
0.000000
0.000000
0.000000
0.000000
0.000000
0.000000
0.000000
0.000000
0.000000
0.000000
0.000000
0.000000
0.000000
0.000000
0.000000
0.000000
0.000000
0.000000
0.000000
0.000000
0.000000
0.000000
0.000000
0.000000
0.000000
0.000000
0.000000
0.000000
0.000000
0.000000
0.000000
0.000000
0.000000
0.000000
0.000000
0.000000
0.000000
-0.002090
0.003202
-0.006425
0.012287
-0.020612
0.029589
-0.033410
-0.003555
-0.362489
0.444837
-0.493224
0.469874
-0.335289
0.077656
0.244590
-0.475485
0.412472
-0.003248
-0.439549
0.397201
0.174039
-0.493036
-0.017828
0.497623
0.054852
-0.479352
-0.279241
0.279954
0.497903
0.231022
-0.197572
-0.464105
-0.473364
-0.305741
-0.083437
0.110539
0.245549
0.323881
0.358479
0.358701
0.323893
0.243140
0.102407
-0.098553
-0.322670
-0.481074
-0.454755
-0.175426
0.251534
0.499418
0.252794
-0.310846
-0.464559
0.102986
0.494335
-0.065792
-0.483345
0.220018
0.360507
-0.466614
0.065485
0.368004
-0.491241
0.306731
0.002331
-0.274992
0.440681
-0.503942
0.498175
-0.456410
0.401238
-0.348677
0.060281
-0.058072
0.040941
-0.023678
0.010590
-0.002716
-0.000778
0.001390
0.000000
0.000000
0.000000
0.000000
0.000000
0.000000
0.000000
0.000000
0.000000
0.000000
0.000000
0.000000
0.000000
0.000000
0.000000
0.000000
0.000000
0.000000
0.000000
0.000000
0.000000
0.000000
0.000000
0.000000
0.000000
0.000000
0.000000
0.000000
0.000000
0.000000
0.000000
0.000000
0.000000
0.000000
0.000000
0.000000
0.000000
0.000000
0.000000
0.000000
0.000000
0.000000
0.000000
0.000000
0.000000
0.000000
0.000000
0.000000
0.000000
0.000000
0.000000
0.000000
0.000000
0.000000
0.000000
0.000000
0.000000
0.000000
0.000000
0.000000
0.000000
0.000000
0.000000
0.000000
0.000000
0.000000
0.000000
0.000000
0.000000
0.000000
0.000000
0.000000
0.000000
0.000000
0.000000
0.000000
0.000000
0.000000
0.000000
0.000000
0.000000
0.000000
0.000000
0.000000
0.000000
0.000000
0.000000
0.000000
0.000000
0.000000
0.000000
0.000000
0.000000
0.000000
0.000000
0.000000
0.000000
0.000000
0.000000
0.000000
0.000000
0.000000
0.000000
0.000000
0.000000
0.000000
0.000000
0.000000
0.000000
0.000000
0.000000
0.000000
0.000000
0.000000
0.000000
0.000000
0.000000
0.000000
0.000000
0.000000
0.001891
-0.002611
0.005309
-0.010702
0.019013
-0.029071
0.036196
-0.009464
0.379400
-0.449867
0.485149
-0.446255
0.297051
-0.032682
-0.280640
0.484805
-0.388957
-0.034851
0.456164
-0.374880
-0.204771
0.487520
0.047499
-0.496142
-0.081145
0.471361
0.298324
-0.261741
-0.499622
-0.247113
0.182173
0.458428
0.477396
0.314946
0.093380
-0.102294
-0.239628
-0.319959
-0.356009
-0.357331
-0.323633
-0.244333
-0.105437
0.093866
0.317782
0.478922
0.458593
0.185793
-0.240372
-0.498405
-0.266720
0.296496
0.471680
-0.082246
-0.496625
0.041742
0.488869
-0.194759
-0.380420
0.454018
-0.032861
-0.390234
0.485527
-0.276844
-0.041532
0.309316
-0.462813
0.512977
-0.496744
0.447807
-0.387136
0.323733
-0.053725
0.056546
-0.041457
0.024807
-0.011609
0.003361
0.000495
-0.001397
0.000000
0.000000
0.000000
0.000000
0.000000
0.000000
0.000000
0.000000
0.000000
0.000000
0.000000
0.000000
0.000000
0.000000
0.000000
0.000000
0.000000
0.000000
0.000000
0.000000
0.000000
0.000000
0.000000
0.000000
0.000000
0.000000
0.000000
0.000000
0.000000
0.000000
0.000000
0.000000
0.000000
0.000000
0.000000
0.000000
0.000000
0.000000
0.000000
0.000000
0.000000
0.000000
0.000000
0.000000
0.000000
0.000000
0.000000
0.000000
0.000000
0.000000
0.000000
0.000000
0.000000
0.000000
0.000000
0.000000
0.000000
0.000000
0.000000
0.000000
0.000000
0.000000
0.000000
0.000000
0.000000
0.000000
0.000000
0.000000
0.000000
0.000000
0.000000
0.000000
0.000000
0.000000
0.000000
0.000000
0.000000
0.000000
0.000000
0.000000
0.000000
0.000000
0.000000
0.000000
0.000000
0.000000
0.000000
0.000000
0.000000
0.000000
0.000000
0.000000
0.000000
0.000000
0.000000
0.000000
0.000000
0.000000
0.000000
0.000000
0.000000
0.000000
0.000000
0.000000
0.000000
0.000000
0.000000
0.000000
0.000000
0.000000
0.000000
0.000000
0.000000
0.000000
0.000000
0.000000
0.000000
0.000000
0.000000
0.000000
0.000000
0.000000
0.000000
0.000000
0.000000
0.000000
0.000000
0.000000
0.000000
0.000000
0.000000
0.000000
0.000000
0.000000
0.000000
0.000000
0.000000
0.000000
0.000000
0.000000
0.000000
0.000000
0.000000
0.000000
0.000000
0.000000
0.000000
0.000000
0.000000
0.000000
0.000000
0.000000
0.000000
0.000000
0.000000
0.000000
0.000000
0.000000
0.000000
0.000000
0.000000
0.000000
0.000000
0.000000
0.000000
0.000000
0.000000
0.000000
0.000000
0.000000
0.000000
0.000000
0.000000
0.000000
0.000000
0.000000
0.000000
0.000000
0.000000
0.000000
0.000000
0.000000
0.000000
0.000000
0.000000
0.000000
0.000000
0.000000
0.000000
0.000000
0.000000
0.000000
0.000000
0.000000
0.000000
0.000000
0.000000
0.000000
0.000000
0.000000
0.000000
0.000000
0.000000
0.000000
0.000000
0.000000
0.000000
0.000000
0.000000
0.000000
0.000000
0.000000
0.000000
0.000000
0.000000
0.000000
0.000000
0.000000
0.000000
0.000000
0.001898
-0.005663
0.010833
-0.015675
0.016366
-0.006722
-0.024275
0.121863
-0.156955
0.044673
0.088346
-0.255007
0.419902
-0.504078
0.410759
-0.098428
-0.308524
0.500210
-0.211976
-0.336454
0.455453
0.108946
-0.494272
-0.047825
0.491186
0.182350
-0.396336
-0.436324
0.014792
0.423751
0.469804
0.213350
-0.123496
-0.373608
-0.488011
-0.496868
-0.453590
-0.402515
-0.370577
-0.370070
-0.401862
-0.454194
-0.497812
-0.484313
-0.359395
-0.099658
0.235667
0.476937
0.410388
-0.011530
-0.451009
-0.371322
0.223814
0.480480
-0.096533
-0.486599
0.154984
0.431884
-0.375459
-0.153683
0.491264
-0.362234
-0.027187
0.364722
-0.500098
0.450721
-0.309499
0.157986
-0.038594
-0.041563
0.100242
-0.206845
0.057323
-0.007041
-0.011069
0.014739
-0.011744
0.006854
-0.002727
-0.000244
0.000000
0.000000
0.000000
0.000000
0.000000
0.000000
0.000000
0.000000
0.000000
0.000000
0.000000
0.000000
0.000000
0.000000
0.000000
0.000000
0.000000
0.000000
0.000000
0.000000
0.000000
0.000000
0.000000
0.000000
0.000000
0.000000
0.000000
0.000000
0.000000
0.000000
0.000000
0.000000
0.000000
0.000000
0.000000
0.000000
0.000000
0.000000
0.000000
0.000000
0.000000
0.000000
0.000000
0.000000
0.000000
0.000000
0.000000
0.000000
0.000000
0.000000
0.000000
0.000000
0.000000
0.000000
0.000000
0.000000
0.000000
0.000000
0.000000
0.000000
0.000000
0.000000
0.000000
0.000000
0.000000
0.000000
0.000000
0.000000
0.000000
0.000000
0.000000
0.000000
0.000000
0.000000
0.000000
0.000000
0.000000
0.000000
0.000000
0.000000
0.000000
0.000000
0.000000
0.000000
0.000000
0.000000
0.000000
0.000000
0.000000
0.000000
0.000000
0.000000
0.000000
0.000000
0.000000
0.000000
0.000000
0.000000
0.000000
0.000000
0.000000
0.000000
0.000000
0.000000
0.000000
0.000000
0.000000
0.000000
0.000000
0.000000
0.000000
0.000000
0.000000
0.000000
0.000000
0.000000
0.000000
0.000000
0.000000
0.000000
0.001891
-0.002611
0.005309
-0.010702
0.019013
-0.029071
0.036196
-0.009464
0.379400
-0.449867
0.485149
-0.446255
0.297051
-0.032682
-0.280640
0.484805
-0.388957
-0.034851
0.456164
-0.374880
-0.204771
0.487520
0.047499
-0.496142
-0.081145
0.471361
0.298324
-0.261741
-0.499622
-0.247113
0.182173
0.458428
0.477396
0.314946
0.093380
-0.102294
-0.239628
-0.319959
-0.356009
-0.357331
-0.323633
-0.244333
-0.105437
0.093866
0.317782
0.478922
0.458593
0.185793
-0.240372
-0.498405
-0.266720
0.296496
0.471680
-0.082246
-0.496625
0.041742
0.488869
-0.194759
-0.380420
0.454018
-0.032861
-0.390234
0.485527
-0.276844
-0.041532
0.309316
-0.462813
0.512977
-0.496744
0.447807
-0.387136
0.323733
-0.053725
0.056546
-0.041457
0.024807
-0.011609
0.003361
0.000495
-0.001397
0.000000
0.000000
0.000000
0.000000
0.000000
0.000000
0.000000
0.000000
0.000000
0.000000
0.000000
0.000000
0.000000
0.000000
0.000000
0.000000
0.000000
0.000000
0.000000
0.000000
0.000000
0.000000
0.000000
0.000000
0.000000
0.000000
0.000000
0.000000
0.000000
0.000000
0.000000
0.000000
0.000000
0.000000
0.000000
0.000000
0.000000
0.000000
0.000000
0.000000
0.000000
0.000000
0.000000
0.000000
0.000000
0.000000
0.000000
0.000000
0.000000
0.000000
0.000000
0.000000
0.000000
0.000000
0.000000
0.000000
0.000000
0.000000
0.000000
0.000000
0.000000
0.000000
0.000000
0.000000
0.000000
0.000000
0.000000
0.000000
0.000000
0.000000
0.000000
0.000000
0.000000
0.000000
0.000000
0.000000
0.000000
0.000000
0.000000
0.000000
0.000000
0.000000
0.000000
0.000000
0.000000
0.000000
0.000000
0.000000
0.000000
0.000000
0.000000
0.000000
0.000000
0.000000
0.000000
0.000000
0.000000
0.000000
0.000000
0.000000
0.000000
0.000000
0.000000
0.000000
0.000000
0.000000
0.000000
0.000000
0.000000
0.000000
0.000000
0.000000
0.000000
0.000000
0.000000
0.000000
0.000000
0.000000
0.000000
0.000000
0.000000
0.000000
0.000000
0.000000
0.000000
0.000000
0.000000
0.000000
0.000000
0.000000
0.000000
0.000000
0.000000
0.000000
0.000000
0.000000
0.000000
0.000000
0.000000
0.000000
0.000000
0.000000
0.000000
0.000000
0.000000
0.000000
0.000000
0.000000
0.000000
0.000000
0.000000
0.000000
0.000000
0.000000
0.000000
0.000000
0.000000
0.000000
0.000000
0.000000
0.000000
0.000000
0.000000
0.000000
0.000000
0.000000
0.000000
0.000000
0.000000
0.000000
0.000000
0.000000
0.000000
0.000000
0.000000
0.000000
0.000000
0.000000
0.000000
0.000000
0.000000
0.000000
0.000000
0.000000
0.000000
0.000000
0.000000
0.000000
0.000000
0.000000
0.000000
0.000000
0.000000
0.000000
0.000000
0.000000
0.000000
0.000000
0.000000
0.000000
0.000000
0.000000
0.000000
0.000000
0.000000
0.000000
0.000000
0.000000
0.000000
0.000000
0.000000
0.000000
0.000000
0.000000
0.000000
0.000000
0.000000
0.000000
0.000000
0.000000
0.001811
-0.002372
0.004837
-0.009990
0.018213
-0.028604
0.036968
-0.014308
0.385495
-0.451386
0.480274
-0.432496
0.273740
-0.003768
-0.304799
0.489913
-0.367249
-0.070072
0.470621
-0.347884
-0.240799
0.477067
0.090278
-0.490612
-0.126849
0.452624
0.337336
-0.215998
-0.500071
-0.293135
0.128709
0.432833
0.491466
0.360504
0.154969
-0.037709
-0.179063
-0.264881
-0.304160
-0.304457
-0.264989
-0.176565
-0.029438
0.169542
0.375350
0.495681
0.420211
0.105517
-0.311688
-0.497728
-0.186686
0.365274
0.431753
-0.173414
-0.480185
0.137117
0.460627
-0.283323
-0.305472
0.489140
-0.137493
-0.314908
0.495226
-0.360192
0.070973
0.208926
-0.395315
0.480785
-0.492517
0.462502
-0.415931
0.378996
-0.068684
0.059104
-0.039319
0.021518
-0.008868
0.001711
0.001178
-0.001354
0.000000
0.000000
0.000000
0.000000
0.000000
0.000000
0.000000
0.000000
0.000000
0.000000
0.000000
0.000000
0.000000
0.000000
0.000000
0.000000
0.000000
0.000000
0.000000
0.000000
0.000000
0.000000
0.000000
0.000000
0.000000
0.000000
0.000000
0.000000
0.000000
0.000000
0.000000
0.000000
0.000000
0.000000
0.000000
0.000000
0.000000
0.000000
0.000000
0.000000
0.000000
0.000000
0.000000
0.000000
0.000000
0.000000
0.000000
0.000000
0.000000
0.000000
0.000000
0.000000
0.000000
0.000000
0.000000
0.000000
0.000000
0.000000
0.000000
0.000000
0.000000
0.000000
0.000000
0.000000
0.000000
0.000000
0.000000
0.000000
0.000000
0.000000
0.000000
0.000000
0.000000
0.000000
0.000000
0.000000
0.000000
0.000000
0.000000
0.000000
0.000000
0.000000
0.000000
0.000000
0.000000
0.000000
0.000000
0.000000
0.000000
0.000000
0.000000
0.000000
0.000000
0.000000
