0.000000
0.000000
0.000000
0.000000
0.000000
0.000000
0.000000
0.000000
0.000000
0.000000
0.000000
0.000000
0.000000
0.000000
0.000000
0.000000
0.000000
0.000000
0.000000
0.000000
0.000000
0.000000
0.000000
0.000000
0.000000
0.000000
-0.002742
0.006159
-0.009797
0.011134
-0.005920
-0.012566
0.059367
-0.254937
0.128317
-0.033437
-0.092893
0.255201
-0.418572
0.503330
-0.408779
0.091735
0.315322
-0.500237
0.211588
0.332432
-0.458538
-0.099527
0.494944
0.042414
-0.492607
-0.175705
0.403875
0.426946
-0.036621
-0.434941
-0.462194
-0.196149
0.141137
0.387170
0.493534
0.491171
0.437176
0.379576
0.346200
0.347709
0.382903
0.439759
0.491686
0.493902
0.390756
0.147624
-0.191751
-0.462020
-0.434490
-0.034559
0.426886
0.406657
-0.167576
-0.493534
0.035003
0.495404
-0.098979
-0.459148
0.330777
0.217639
-0.500436
0.305712
0.101545
-0.409804
0.498542
-0.409810
0.240958
-0.073551
-0.051364
0.129745
-0.184966
0.330065
-0.068952
0.020162
0.000852
-0.008268
0.008572
-0.005971
0.003110
0.000000
0.000000
0.000000
0.000000
0.000000
0.000000
0.000000
0.000000
0.000000
0.000000
0.000000
0.000000
0.000000
0.000000
0.000000
0.000000
0.000000
0.000000
0.000000
0.000000
0.000000
0.000000
0.000000
0.000000
0.000000
0.000000
0.000000
0.000000
0.000000
0.000000
0.000000
0.000000
0.000000
0.000000
0.000000
0.000000
0.000000
0.000000
0.000000
0.000000
0.000000
0.000000
0.000000
0.000000
0.000000
0.000000
0.000000
0.000000
0.000000
0.000000
0.000000
0.000000
0.000000
0.000000
0.000000
0.000000
0.000000
0.000000
0.000000
0.000000
0.000000
0.000000
0.000000
0.000000
0.000000
0.000000
0.000000
0.000000
0.000000
0.000000
0.000000
0.000000
0.000000
0.000000
0.000000
0.000000
0.000000
0.000000
0.000000
0.000000
0.000000
0.000000
0.000000
0.000000
0.000000
0.000000
0.000000
0.000000
0.000000
0.000000
0.000000
0.000000
0.000000
0.000000
0.000000
0.000000
0.000000
0.000000
0.000000
0.000000
0.000000
0.000000
0.000000
0.000000
0.000000
0.000000
0.000000
0.000000
0.000000
0.000000
0.000000
0.000000
0.000000
0.000000
0.000000
0.000000
0.000000
0.000000
0.000000
0.000000
0.000000
0.000000
0.000000
0.000000
0.000000
0.000000
0.000000
0.000000
0.000000
0.000000
0.000000
0.000000
0.000000
0.000000
0.000000
0.000000
0.000000
0.000000
0.000000
0.000000
0.000000
0.000000
0.000000
0.000000
0.000000
0.000000
0.000000
0.000000
0.000000
0.000000
0.000000
0.000000
0.000000
0.000000
0.000000
0.000000
0.000000
0.000000
0.000000
0.000000
0.000000
0.000000
0.000000
0.000000
0.000000
0.000000
0.000000
0.000000
0.000000
0.000000
0.000000
0.000000
0.000000
0.000000
0.000000
0.000000
0.000000
0.000000
0.000000
0.000000
0.000000
0.000000
0.000000
0.000000
0.000000
0.000000
0.000000
0.000000
0.000000
0.000000
0.000000
0.000000
0.000000
0.000000
0.000000
0.000000
0.000000
0.000000
0.000000
0.000000
0.000000
0.000000
0.000000
0.000000
0.000000
0.000000
0.000000
0.000000
0.000000
0.000000
0.000000
0.000000
0.000000
0.000000
0.000000
0.000000
0.000000
0.000000
0.000000
0.000000
0.000000
-0.001711
0.004946
-0.009530
0.013949
-0.014920
0.006305
0.026542
-0.194772
-0.065565
0.190291
-0.320161
0.444023
-0.512977
0.453059
-0.210011
-0.169182
0.468729
-0.408745
-0.055335
0.479864
-0.286127
-0.341389
0.395377
0.299928
-0.370163
-0.400930
0.178198
0.501755
0.241386
-0.230481
-0.486788
-0.416931
-0.149668
0.142526
0.354741
0.464287
0.498195
0.496131
0.488422
0.489358
0.497667
0.497572
0.459573
0.346111
0.131001
-0.163139
-0.427174
-0.480785
-0.201005
0.273170
0.500021
0.143647
-0.421090
-0.342823
0.333075
0.363091
-0.380798
-0.234689
0.494961
-0.115540
-0.370255
0.485346
-0.229571
-0.138518
0.408999
-0.512979
0.484645
-0.389426
0.280437
-0.182510
0.089635
0.120852
-0.001771
-0.022054
0.024689
-0.019297
0.012113
-0.006284
0.002859
0.000000
0.000000
0.000000
0.000000
0.000000
0.000000
0.000000
0.000000
0.000000
0.000000
0.000000
0.000000
0.000000
0.000000
0.000000
0.000000
0.000000
0.000000
0.000000
0.000000
0.000000
0.000000
0.000000
0.000000
0.000000
0.000000
0.000000
0.000000
0.000000
0.000000
0.000000
0.000000
0.000000
0.000000
0.000000
0.000000
0.000000
0.000000
0.000000
0.000000
0.000000
0.000000
0.000000
0.000000
0.000000
0.000000
0.000000
0.000000
0.000000
0.000000
0.000000
0.000000
0.000000
0.000000
0.000000
0.000000
0.000000
0.000000
0.000000
0.000000
0.000000
0.000000
0.000000
0.000000
0.000000
0.000000
0.000000
0.000000
0.000000
0.000000
0.000000
0.000000
0.000000
0.000000
0.000000
0.000000
0.000000
0.000000
0.000000
0.000000
0.000000
0.000000
0.000000
0.000000
0.000000
0.000000
0.000000
0.000000
0.000000
0.000000
0.000000
0.000000
0.000000
0.000000
0.000000
0.000000
0.000000
0.000000
0.000000
0.000000
0.000000
0.000000
0.000000
0.000000
0.000000
0.000000
0.000000
0.000000
0.000000
0.000000
0.000000
0.000000
0.000000
0.000000
0.000000
0.000000
0.000000
0.000000
0.000000
0.000000
0.000000
-0.002742
0.006159
-0.009797
0.011134
-0.005920
-0.012566
0.059367
-0.254937
0.128317
-0.033437
-0.092893
0.255201
-0.418572
0.503330
-0.408779
0.091735
0.315322
-0.500237
0.211588
0.332432
-0.458538
-0.099527
0.494944
0.042414
-0.492607
-0.175705
0.403875
0.426946
-0.036621
-0.434941
-0.462194
-0.196149
0.141137
0.387170
0.493534
0.491171
0.437176
0.379576
0.346200
0.347709
0.382903
0.439759
0.491686
0.493902
0.390756
0.147624
-0.191751
-0.462020
-0.434490
-0.034559
0.426886
0.406657
-0.167576
-0.493534
0.035003
0.495404
-0.098979
-0.459148
0.330777
0.217639
-0.500436
0.305712
0.101545
-0.409804
0.498542
-0.409810
0.240958
-0.073551
-0.051364
0.129745
-0.184966
0.330065
-0.068952
0.020162
0.000852
-0.008268
0.008572
-0.005971
0.003110
0.000000
0.000000
0.000000
0.000000
0.000000
0.000000
0.000000
0.000000
0.000000
0.000000
0.000000
0.000000
0.000000
0.000000
0.000000
0.000000
0.000000
0.000000
0.000000
0.000000
0.000000
0.000000
0.000000
0.000000
0.000000
0.000000
0.000000
0.000000
0.000000
0.000000
0.000000
0.000000
0.000000
0.000000
0.000000
0.000000
0.000000
0.000000
0.000000
0.000000
0.000000
0.000000
0.000000
0.000000
0.000000
0.000000
0.000000
0.000000
0.000000
0.000000
0.000000
0.000000
0.000000
0.000000
0.000000
0.000000
0.000000
0.000000
0.000000
0.000000
0.000000
0.000000
0.000000
0.000000
0.000000
0.000000
0.000000
0.000000
0.000000
0.000000
0.000000
0.000000
0.000000
0.000000
0.000000
0.000000
0.000000
0.000000
0.000000
0.000000
0.000000
0.000000
0.000000
0.000000
0.000000
0.000000
0.000000
0.000000
0.000000
0.000000
0.000000
0.000000
0.000000
0.000000
0.000000
0.000000
0.000000
0.000000
0.000000
0.000000
0.000000
0.000000
0.000000
0.000000
0.000000
0.000000
0.000000
0.000000
0.000000
0.000000
0.000000
0.000000
0.000000
0.000000
0.000000
0.000000
0.000000
0.000000
0.000000
0.000000
0.000000
0.000000
0.000000
0.000000
0.000000
0.000000
0.000000
0.000000
0.000000
0.000000
0.000000
0.000000
0.000000
0.000000
0.000000
0.000000
0.000000
0.000000
0.000000
0.000000
0.000000
0.000000
0.000000
0.000000
0.000000
0.000000
0.000000
0.000000
0.000000
0.000000
0.000000
0.000000
0.000000
0.000000
0.000000
0.000000
0.000000
0.000000
0.000000
0.000000
0.000000
0.000000
0.000000
0.000000
0.000000
0.000000
0.000000
0.000000
0.000000
0.000000
0.000000
0.000000
0.000000
0.000000
0.000000
0.000000
0.000000
0.000000
0.000000
0.000000
0.000000
0.000000
0.000000
0.000000
0.000000
0.000000
0.000000
0.000000
0.000000
0.000000
0.000000
0.000000
0.000000
0.000000
0.000000
0.000000
0.000000
0.000000
0.000000
0.000000
0.000000
0.000000
0.000000
0.000000
0.000000
0.000000
0.000000
0.000000
0.000000
0.000000
0.000000
0.000000
0.000000
0.000000
0.000000
0.000000
0.000000
0.000000
0.000000
0.000000
0.000000
0.002673
-0.004114
0.003705
0.001109
-0.013375
0.036308
-0.075577
0.187227
-0.372592
0.389118
-0.349831
0.227899
-0.013551
-0.254372
0.463352
-0.452017
0.135323
0.320341
-0.494772
0.113002
0.429971
-0.336424
-0.329513
0.374652
0.362642
-0.272070
-0.481925
-0.046901
0.418917
0.457225
0.137097
-0.241136
-0.464671
-0.490205
-0.381130
-0.224702
-0.083839
0.012596
0.058314
0.054880
0.003263
-0.096230
-0.236207
-0.388535
-0.491915
-0.458479
-0.223338
0.162771
0.469927
0.398432
-0.083955
-0.490875
-0.240706
0.387338
0.344382
-0.365448
-0.292979
0.458457
0.052001
-0.479867
0.363971
0.074701
-0.420451
0.483953
-0.317639
0.064679
0.163167
-0.313869
0.384019
-0.395450
0.377803
-0.371627
0.102984
-0.054354
0.025218
-0.008151
-0.000021
0.002325
-0.001656
0.000000
0.000000
0.000000
0.000000
0.000000
0.000000
0.000000
0.000000
0.000000
0.000000
0.000000
0.000000
0.000000
0.000000
0.000000
0.000000
0.000000
0.000000
0.000000
0.000000
0.000000
0.000000
0.000000
0.000000
0.000000
0.000000
0.000000
0.000000
0.000000
0.000000
0.000000
0.000000
0.000000
0.000000
0.000000
0.000000
0.000000
0.000000
0.000000
0.000000
0.000000
0.000000
0.000000
0.000000
0.000000
0.000000
0.000000
0.000000
0.000000
0.000000
0.000000
0.000000
0.000000
0.000000
0.000000
0.000000
0.000000
0.000000
0.000000
0.000000
0.000000
0.000000
0.000000
0.000000
0.000000
0.000000
0.000000
0.000000
0.000000
0.000000
0.000000
0.000000
0.000000
0.000000
0.000000
0.000000
0.000000
0.000000
0.000000
0.000000
0.000000
0.000000
0.000000
0.000000
0.000000
0.000000
0.000000
0.000000
0.000000
0.000000
0.000000
0.000000
0.000000
0.000000
0.000000
0.000000
0.000000
0.000000
0.000000
0.000000
0.000000
0.000000
0.000000
0.000000
0.000000
0.000000
0.000000
0.000000
0.000000
0.000000
0.000000
0.000000
0.000000
0.000000
0.000000
0.000000
0.000000
0.000000
0.000000
0.000000
0.000000
-0.002742
0.006159
-0.009797
0.011134
-0.005920
-0.012566
0.059367
-0.254937
0.128317
-0.033437
-0.092893
0.255201
-0.418572
0.503330
-0.408779
0.091735
0.315322
-0.500237
0.211588
0.332432
-0.458538
-0.099527
0.494944
0.042414
-0.492607
-0.175705
0.403875
0.426946
-0.036621
-0.434941
-0.462194
-0.196149
0.141137
0.387170
0.493534
0.491171
0.437176
0.379576
0.346200
0.347709
0.382903
0.439759
0.491686
0.493902
0.390756
0.147624
-0.191751
-0.462020
-0.434490
-0.034559
0.426886
0.406657
-0.167576
-0.493534
0.035003
0.495404
-0.098979
-0.459148
0.330777
0.217639
-0.500436
0.305712
0.101545
-0.409804
0.498542
-0.409810
0.240958
-0.073551
-0.051364
0.129745
-0.184966
0.330065
-0.068952
0.020162
0.000852
-0.008268
0.008572
-0.005971
0.003110
0.000000
0.000000
0.000000
0.000000
0.000000
0.000000
0.000000
0.000000
0.000000
0.000000
0.000000
0.000000
0.000000
0.000000
0.000000
0.000000
0.000000
0.000000
0.000000
0.000000
0.000000
0.000000
0.000000
0.000000
0.000000
0.000000
0.000000
0.000000
0.000000
0.000000
0.000000
0.000000
0.000000
0.000000
0.000000
0.000000
0.000000
0.000000
0.000000
0.000000
0.000000
0.000000
0.000000
0.000000
0.000000
0.000000
0.000000
0.000000
0.000000
0.000000
0.000000
0.000000
0.000000
0.000000
0.000000
0.000000
0.000000
0.000000
0.000000
0.000000
0.000000
0.000000
0.000000
0.000000
0.000000
0.000000
0.000000
0.000000
0.000000
0.000000
0.000000
0.000000
0.000000
0.000000
0.000000
0.000000
0.000000
0.000000
0.000000
0.000000
0.000000
0.000000
0.000000
0.000000
0.000000
0.000000
0.000000
0.000000
0.000000
0.000000
0.000000
0.000000
0.000000
0.000000
0.000000
0.000000
0.000000
0.000000
0.000000
0.000000
0.000000
0.000000
0.000000
0.000000
0.000000
0.000000
0.000000
0.000000
0.000000
0.000000
0.000000
0.000000
0.000000
0.000000
0.000000
0.000000
0.000000
0.000000
0.000000
0.000000
0.000000
0.000000
0.000000
0.000000
0.000000
0.000000
0.000000
0.000000
0.000000
0.000000
0.000000
0.000000
0.000000
0.000000
0.000000
0.000000
0.000000
0.000000
0.000000
0.000000
0.000000
0.000000
0.000000
0.000000
0.000000
0.000000
0.000000
0.000000
0.000000
0.000000
0.000000
0.000000
0.000000
0.000000
0.000000
0.000000
0.000000
0.000000
0.000000
0.000000
0.000000
0.000000
0.000000
0.000000
0.000000
0.000000
0.000000
0.000000
0.000000
0.000000
0.000000
0.000000
0.000000
0.000000
0.000000
0.000000
0.000000
0.000000
0.000000
0.000000
0.000000
0.000000
0.000000
0.000000
0.000000
0.000000
0.000000
0.000000
0.000000
0.000000
0.000000
0.000000
0.000000
0.000000
0.000000
0.000000
0.000000
0.000000
0.000000
0.000000
0.000000
0.000000
0.000000
0.000000
0.000000
0.000000
0.000000
0.000000
0.000000
0.000000
0.000000
0.000000
0.000000
0.000000
0.000000
0.000000
0.000000
0.000000
0.000000
0.000000
0.000000
0.001319
-0.004343
0.008986
-0.014111
0.016881
-0.011627
-0.015465
0.167328
0.120179
-0.247328
0.371438
-0.477428
0.514963
-0.415774
0.142094
0.235438
-0.488565
0.361790
0.127858
-0.496428
0.223103
0.390701
-0.347078
-0.354844
0.317008
0.440809
-0.107558
-0.494881
-0.302790
0.163462
0.466693
0.452277
0.217779
-0.070673
-0.298875
-0.431350
-0.485906
-0.497977
-0.496970
-0.497402
-0.498146
-0.483467
-0.424950
-0.289161
-0.058897
0.230342
0.459911
0.456926
0.132124
-0.331572
-0.487714
-0.071695
0.456373
0.286048
-0.383554
-0.309525
0.423743
0.167489
-0.502583
0.185878
0.316905
-0.496295
0.291201
0.067580
-0.362440
0.503499
-0.508562
0.435432
-0.336727
0.240475
-0.145013
-0.066379
-0.013325
0.030021
-0.028386
0.020492
-0.012110
0.005943
-0.002616
0.000000
0.000000
0.000000
0.000000
0.000000
0.000000
0.000000
0.000000
0.000000
0.000000
0.000000
0.000000
0.000000
0.000000
0.000000
0.000000
0.000000
0.000000
0.000000
0.000000
0.000000
0.000000
0.000000
0.000000
0.000000
0.000000
0.000000
0.000000
0.000000
0.000000
0.000000
0.000000
0.000000
0.000000
0.000000
0.000000
0.000000
0.000000
0.000000
0.000000
0.000000
0.000000
0.000000
0.000000
0.000000
0.000000
0.000000
0.000000
0.000000
0.000000
0.000000
0.000000
0.000000
0.000000
0.000000
0.000000
0.000000
0.000000
0.000000
0.000000
0.000000
0.000000
0.000000
0.000000
0.000000
0.000000
0.000000
0.000000
0.000000
0.000000
0.000000
0.000000
0.000000
0.000000
0.000000
0.000000
0.000000
0.000000
0.000000
0.000000
0.000000
0.000000
0.000000
0.000000
0.000000
0.000000
0.000000
0.000000
0.000000
0.000000
0.000000
0.000000
0.000000
0.000000
0.000000
0.000000
0.000000
0.000000
0.000000
0.000000
0.000000
0.000000
0.000000
0.000000
0.000000
0.000000
0.000000
0.000000
0.000000
0.000000
0.000000
0.000000
0.000000
0.000000
0.000000
0.000000
0.000000
0.000000
0.000000
0.000000
0.000000
-0.002742
0.006159
-0.009797
0.011134
-0.005920
-0.012566
0.059367
-0.254937
0.128317
-0.033437
-0.092893
0.255201
-0.418572
0.503330
-0.408779
0.091735
0.315322
-0.500237
0.211588
0.332432
-0.458538
-0.099527
0.494944
0.042414
-0.492607
-0.175705
0.403875
0.426946
-0.036621
-0.434941
-0.462194
-0.196149
0.141137
0.387170
0.493534
0.491171
0.437176
0.379576
0.346200
0.347709
0.382903
0.439759
0.491686
0.493902
0.390756
0.147624
-0.191751
-0.462020
-0.434490
-0.034559
0.426886
0.406657
-0.167576
-0.493534
0.035003
0.495404
-0.098979
-0.459148
0.330777
0.217639
-0.500436
0.305712
0.101545
-0.409804
0.498542
-0.409810
0.240958
-0.073551
-0.051364
0.129745
-0.184966
0.330065
-0.068952
0.020162
0.000852
-0.008268
0.008572
-0.005971
0.003110
0.000000
0.000000
0.000000
0.000000
0.000000
0.000000
0.000000
0.000000
0.000000
0.000000
0.000000
0.000000
0.000000
0.000000
0.000000
0.000000
0.000000
0.000000
0.000000
0.000000
0.000000
0.000000
0.000000
0.000000
0.000000
0.000000
0.000000
0.000000
0.000000
0.000000
0.000000
0.000000
0.000000
0.000000
0.000000
0.000000
0.000000
0.000000
0.000000
0.000000
0.000000
0.000000
0.000000
0.000000
0.000000
0.000000
0.000000
0.000000
0.000000
0.000000
0.000000
0.000000
0.000000
0.000000
0.000000
0.000000
0.000000
0.000000
0.000000
0.000000
0.000000
0.000000
0.000000
0.000000
0.000000
0.000000
0.000000
0.000000
0.000000
0.000000
0.000000
0.000000
0.000000
0.000000
0.000000
0.000000
0.000000
0.000000
0.000000
0.000000
0.000000
0.000000
0.000000
0.000000
0.000000
0.000000
0.000000
0.000000
0.000000
0.000000
0.000000
0.000000
0.000000
0.000000
0.000000
0.000000
0.000000
0.000000
0.000000
0.000000
0.000000
0.000000
0.000000
0.000000
0.000000
0.000000
0.000000
0.000000
0.000000
0.000000
0.000000
0.000000
0.000000
0.000000
0.000000
0.000000
0.000000
0.000000
0.000000
0.000000
0.000000
0.000000
0.000000
0.000000
0.000000
0.000000
0.000000
0.000000
0.000000
0.000000
0.000000
0.000000
0.000000
0.000000
0.000000
0.000000
0.000000
0.000000
0.000000
0.000000
0.000000
0.000000
0.000000
0.000000
0.000000
0.000000
0.000000
0.000000
0.000000
0.000000
0.000000
0.000000
0.000000
0.000000
0.000000
0.000000
0.000000
0.000000
0.000000
0.000000
0.000000
0.000000
0.000000
0.000000
0.000000
0.000000
0.000000
0.000000
0.000000
0.000000
0.000000
0.000000
0.000000
0.000000
0.000000
0.000000
0.000000
0.000000
0.000000
0.000000
0.000000
0.000000
0.000000
0.000000
0.000000
0.000000
0.000000
0.000000
0.000000
0.000000
0.000000
0.000000
0.000000
0.000000
0.000000
0.000000
0.000000
0.000000
0.000000
0.000000
0.000000
0.000000
0.000000
0.000000
0.000000
0.000000
0.000000
0.000000
0.000000
0.000000
0.000000
0.000000
0.000000
0.000000
0.000000
0.000000
0.000000
0.000000
0.000000
0.000000
0.000000
-0.002866
0.004751
-0.005023
0.000960
0.010901
-0.034604
0.077844
-0.211754
0.354977
-0.352865
0.295386
-0.157918
-0.061932
0.315316
-0.484180
0.417507
-0.063710
-0.373371
0.476030
-0.040235
-0.462673
0.279156
0.380387
-0.322639
-0.409109
0.207457
0.497691
0.119439
-0.374534
-0.481185
-0.205504
0.174842
0.432748
0.500564
0.424939
0.287929
0.155063
0.060397
0.014531
0.018029
0.069755
0.167097
0.298496
0.430920
0.500548
0.424715
0.155925
-0.229747
-0.489294
-0.349831
0.155444
0.501384
0.173812
-0.429267
-0.288161
0.410818
0.230867
-0.483007
0.021667
0.452621
-0.410422
-0.001954
0.377767
-0.493859
0.370765
-0.138481
-0.088622
0.250043
-0.334663
0.360202
-0.356547
0.381356
-0.101030
0.049954
-0.021058
0.005148
0.001796
-0.003196
0.002039
0.000000
0.000000
0.000000
0.000000
0.000000
0.000000
0.000000
0.000000
0.000000
0.000000
0.000000
0.000000
0.000000
0.000000
0.000000
0.000000
0.000000
0.000000
0.000000
0.000000
0.000000
0.000000
0.000000
0.000000
0.000000
0.000000
0.000000
0.000000
0.000000
0.000000
0.000000
0.000000
0.000000
0.000000
0.000000
0.000000
0.000000
0.000000
0.000000
0.000000
0.000000
0.000000
0.000000
0.000000
0.000000
0.000000
0.000000
0.000000
0.000000
0.000000
0.000000
0.000000
0.000000
0.000000
0.000000
0.000000
0.000000
0.000000
0.000000
0.000000
0.000000
0.000000
0.000000
0.000000
0.000000
0.000000
0.000000
0.000000
0.000000
0.000000
0.000000
0.000000
0.000000
0.000000
0.000000
0.000000
0.000000
0.000000
0.000000
0.000000
0.000000
0.000000
0.000000
0.000000
0.000000
0.000000
0.000000
0.000000
0.000000
0.000000
0.000000
0.000000
0.000000
0.000000
0.000000
0.000000
0.000000
0.000000
0.000000
0.000000
0.000000
0.000000
0.000000
0.000000
0.000000
0.000000
0.000000
0.000000
0.000000
0.000000
0.000000
0.000000
0.000000
0.000000
0.000000
0.000000
0.000000
0.000000
0.000000
0.000000
0.000000
-0.002742
0.006159
-0.009797
0.011134
-0.005920
-0.012566
0.059367
-0.254937
0.128317
-0.033437
-0.092893
0.255201
-0.418572
0.503330
-0.408779
0.091735
0.315322
-0.500237
0.211588
0.332432
-0.458538
-0.099527
0.494944
0.042414
-0.492607
-0.175705
0.403875
0.426946
-0.036621
-0.434941
-0.462194
-0.196149
0.141137
0.387170
0.493534
0.491171
0.437176
0.379576
0.346200
0.347709
0.382903
0.439759
0.491686
0.493902
0.390756
0.147624
-0.191751
-0.462020
-0.434490
-0.034559
0.426886
0.406657
-0.167576
-0.493534
0.035003
0.495404
-0.098979
-0.459148
0.330777
0.217639
-0.500436
0.305712
0.101545
-0.409804
0.498542
-0.409810
0.240958
-0.073551
-0.051364
0.129745
-0.184966
0.330065
-0.068952
0.020162
0.000852
-0.008268
0.008572
-0.005971
0.003110
0.000000
0.000000
0.000000
0.000000
0.000000
0.000000
0.000000
0.000000
0.000000
0.000000
0.000000
0.000000
0.000000
0.000000
0.000000
0.000000
0.000000
0.000000
0.000000
0.000000
0.000000
0.000000
0.000000
0.000000
0.000000
0.000000
0.000000
0.000000
0.000000
0.000000
0.000000
0.000000
0.000000
0.000000
0.000000
0.000000
0.000000
0.000000
0.000000
0.000000
0.000000
0.000000
0.000000
0.000000
0.000000
0.000000
0.000000
0.000000
0.000000
0.000000
0.000000
0.000000
0.000000
0.000000
0.000000
0.000000
0.000000
0.000000
0.000000
0.000000
0.000000
0.000000
0.000000
0.000000
0.000000
0.000000
0.000000
0.000000
0.000000
0.000000
0.000000
0.000000
0.000000
0.000000
0.000000
0.000000
0.000000
0.000000
0.000000
0.000000
0.000000
0.000000
0.000000
0.000000
0.000000
0.000000
0.000000
0.000000
0.000000
0.000000
0.000000
0.000000
0.000000
0.000000
0.000000
0.000000
0.000000
0.000000
0.000000
0.000000
0.000000
0.000000
0.000000
0.000000
0.000000
0.000000
0.000000
0.000000
0.000000
0.000000
0.000000
0.000000
0.000000
0.000000
0.000000
0.000000
0.000000
0.000000
0.000000
0.000000
0.000000
0.000000
0.000000
0.000000
0.000000
0.000000
0.000000
0.000000
0.000000
0.000000
0.000000
0.000000
0.000000
0.000000
0.000000
0.000000
0.000000
0.000000
0.000000
0.000000
0.000000
0.000000
0.000000
0.000000
0.000000
0.000000
0.000000
0.000000
0.000000
0.000000
0.000000
0.000000
0.000000
0.000000
0.000000
0.000000
0.000000
0.000000
0.000000
0.000000
0.000000
0.000000
0.000000
0.000000
0.000000
0.000000
0.000000
0.000000
0.000000
0.000000
0.000000
0.000000
0.000000
0.000000
0.000000
0.000000
0.000000
0.000000
0.000000
0.000000
0.000000
0.000000
0.000000
0.000000
0.000000
0.000000
0.000000
0.000000
0.000000
0.000000
0.000000
0.000000
0.000000
0.000000
0.000000
0.000000
0.000000
0.000000
0.000000
0.000000
0.000000
0.000000
0.000000
0.000000
0.000000
0.000000
0.000000
0.000000
0.000000
0.000000
0.000000
0.000000
0.000000
0.000000
0.000000
0.000000
0.000000
0.000000
0.000000
0.000000
0.000000
-0.000899
0.003647
-0.008250
0.013970
-0.018478
0.016699
0.004054
-0.136290
-0.172211
0.299050
-0.414736
0.500576
-0.505885
0.369555
-0.071123
-0.296636
0.497903
-0.307061
-0.197634
0.502326
-0.155285
-0.431620
0.291321
0.402136
-0.257041
-0.471218
0.034607
0.477373
0.357689
-0.092930
-0.436570
-0.477905
-0.281211
-0.002699
0.236588
0.389145
0.463177
0.489124
0.494839
0.494760
0.487921
0.458974
0.381197
0.225997
-0.014473
-0.292597
-0.482766
-0.423250
-0.060403
0.382850
0.464930
-0.001797
-0.481850
-0.223127
0.425792
0.249307
-0.457583
-0.096690
0.499408
-0.252223
-0.256746
0.496582
-0.346573
0.004809
0.308094
-0.483200
0.521552
-0.472083
0.385781
-0.293273
0.197275
0.010480
0.028134
-0.037343
0.031472
-0.021246
0.011847
-0.005474
0.002317
0.000000
0.000000
0.000000
0.000000
0.000000
0.000000
0.000000
0.000000
0.000000
0.000000
0.000000
0.000000
0.000000
0.000000
0.000000
0.000000
0.000000
0.000000
0.000000
0.000000
0.000000
0.000000
0.000000
0.000000
0.000000
0.000000
0.000000
0.000000
0.000000
0.000000
0.000000
0.000000
0.000000
0.000000
0.000000
0.000000
0.000000
0.000000
0.000000
0.000000
0.000000
0.000000
0.000000
0.000000
0.000000
0.000000
0.000000
0.000000
0.000000
0.000000
0.000000
0.000000
0.000000
0.000000
0.000000
0.000000
0.000000
0.000000
0.000000
0.000000
0.000000
0.000000
0.000000
0.000000
0.000000
0.000000
0.000000
0.000000
0.000000
0.000000
0.000000
0.000000
0.000000
0.000000
0.000000
0.000000
0.000000
0.000000
0.000000
0.000000
0.000000
0.000000
0.000000
0.000000
0.000000
0.000000
0.000000
0.000000
0.000000
0.000000
0.000000
0.000000
0.000000
0.000000
0.000000
0.000000
0.000000
0.000000
0.000000
0.000000
0.000000
0.000000
0.000000
0.000000
0.000000
0.000000
0.000000
0.000000
0.000000
0.000000
0.000000
0.000000
0.000000
0.000000
0.000000
0.000000
0.000000
0.000000
0.000000
0.000000
0.000000
-0.002742
0.006159
-0.009797
0.011134
-0.005920
-0.012566
0.059367
-0.254937
0.128317
-0.033437
-0.092893
0.255201
-0.418572
0.503330
-0.408779
0.091735
0.315322
-0.500237
0.211588
0.332432
-0.458538
-0.099527
0.494944
0.042414
-0.492607
-0.175705
0.403875
0.426946
-0.036621
-0.434941
-0.462194
-0.196149
0.141137
0.387170
0.493534
0.491171
0.437176
0.379576
0.346200
0.347709
0.382903
0.439759
0.491686
0.493902
0.390756
0.147624
-0.191751
-0.462020
-0.434490
-0.034559
0.426886
0.406657
-0.167576
-0.493534
0.035003
0.495404
-0.098979
-0.459148
0.330777
0.217639
-0.500436
0.305712
0.101545
-0.409804
0.498542
-0.409810
0.240958
-0.073551
-0.051364
0.129745
-0.184966
0.330065
-0.068952
0.020162
0.000852
-0.008268
0.008572
-0.005971
0.003110
0.000000
0.000000
0.000000
0.000000
0.000000
0.000000
0.000000
0.000000
0.000000
0.000000
0.000000
0.000000
0.000000
0.000000
0.000000
0.000000
0.000000
0.000000
0.000000
0.000000
0.000000
0.000000
0.000000
0.000000
0.000000
0.000000
0.000000
0.000000
0.000000
0.000000
0.000000
0.000000
0.000000
0.000000
0.000000
0.000000
0.000000
0.000000
0.000000
0.000000
0.000000
0.000000
0.000000
0.000000
0.000000
0.000000
0.000000
0.000000
0.000000
0.000000
0.000000
0.000000
0.000000
0.000000
0.000000
0.000000
0.000000
0.000000
0.000000
0.000000
0.000000
0.000000
0.000000
0.000000
0.000000
0.000000
0.000000
0.000000
0.000000
0.000000
0.000000
0.000000
0.000000
0.000000
0.000000
0.000000
0.000000
0.000000
0.000000
0.000000
0.000000
0.000000
0.000000
0.000000
0.000000
0.000000
0.000000
0.000000
0.000000
0.000000
0.000000
0.000000
0.000000
0.000000
0.000000
0.000000
0.000000
0.000000
0.000000
0.000000
0.000000
0.000000
0.000000
0.000000
0.000000
0.000000
0.000000
0.000000
0.000000
0.000000
0.000000
0.000000
0.000000
0.000000
0.000000
0.000000
0.000000
0.000000
0.000000
0.000000
0.000000
0.000000
0.000000
0.000000
0.000000
0.000000
0.000000
0.000000
0.000000
0.000000
0.000000
0.000000
0.000000
0.000000
0.000000
0.000000
0.000000
0.000000
0.000000
0.000000
0.000000
0.000000
0.000000
0.000000
0.000000
0.000000
0.000000
0.000000
0.000000
0.000000
0.000000
0.000000
0.000000
0.000000
0.000000
0.000000
0.000000
0.000000
0.000000
0.000000
0.000000
0.000000
0.000000
0.000000
0.000000
0.000000
0.000000
0.000000
0.000000
0.000000
0.000000
0.000000
0.000000
0.000000
0.000000
0.000000
0.000000
0.000000
0.000000
0.000000
0.000000
0.000000
0.000000
0.000000
0.000000
0.000000
0.000000
0.000000
0.000000
0.000000
0.000000
0.000000
0.000000
0.000000
0.000000
0.000000
0.000000
0.000000
0.000000
0.000000
0.000000
0.000000
0.000000
0.000000
0.000000
0.000000
0.000000
0.000000
0.000000
0.000000
0.000000
0.000000
0.000000
0.000000
0.000000
0.000000
0.000000
0.000000
0.000000
0.000000
0.000000
0.002998
-0.005286
0.006232
-0.003007
-0.008192
0.032157
-0.078438
0.231731
-0.329734
0.309031
-0.234594
0.084544
0.136084
-0.369485
0.494605
-0.374026
-0.009272
0.418380
-0.447061
-0.033395
0.485434
-0.215889
-0.423089
0.263694
0.446785
-0.138386
-0.502763
-0.189412
0.322104
0.494806
0.269496
-0.104791
-0.391529
-0.500168
-0.459618
-0.344969
-0.222955
-0.132092
-0.087064
-0.090550
-0.141274
-0.234373
-0.354371
-0.464046
-0.498426
-0.381827
-0.085162
0.291786
0.498148
0.293713
-0.223593
-0.501121
-0.103183
0.461972
0.225749
-0.447361
-0.163795
0.497180
-0.094869
-0.415650
0.448056
-0.070834
-0.326967
0.493154
-0.415925
0.209308
0.012174
-0.180846
0.278115
-0.317214
0.327631
-0.382893
0.096907
-0.044480
0.016444
-0.002034
-0.003533
0.003998
-0.002379
0.000000
0.000000
0.000000
0.000000
0.000000
0.000000
0.000000
0.000000
0.000000
0.000000
0.000000
0.000000
0.000000
0.000000
0.000000
0.000000
0.000000
0.000000
0.000000
0.000000
0.000000
0.000000
0.000000
0.000000
0.000000
0.000000
0.000000
0.000000
0.000000
0.000000
0.000000
0.000000
0.000000
0.000000
0.000000
0.000000
0.000000
0.000000
0.000000
0.000000
0.000000
0.000000
0.000000
0.000000
0.000000
0.000000
0.000000
0.000000
0.000000
0.000000
0.000000
0.000000
0.000000
0.000000
0.000000
0.000000
0.000000
0.000000
0.000000
0.000000
0.000000
0.000000
0.000000
0.000000
0.000000
0.000000
0.000000
0.000000
0.000000
0.000000
0.000000
0.000000
0.000000
0.000000
0.000000
0.000000
0.000000
0.000000
0.000000
0.000000
0.000000
0.000000
0.000000
0.000000
0.000000
0.000000
0.000000
0.000000
0.000000
0.000000
0.000000
0.000000
0.000000
0.000000
0.000000
0.000000
0.000000
0.000000
0.000000
0.000000
0.000000
0.000000
0.000000
0.000000
0.000000
0.000000
0.000000
0.000000
0.000000
0.000000
0.000000
0.000000
0.000000
0.000000
0.000000
0.000000
0.000000
0.000000
0.000000
0.000000
0.000000
-0.002742
0.006159
-0.009797
0.011134
-0.005920
-0.012566
0.059367
-0.254937
0.128317
-0.033437
-0.092893
0.255201
-0.418572
0.503330
-0.408779
0.091735
0.315322
-0.500237
0.211588
0.332432
-0.458538
-0.099527
0.494944
0.042414
-0.492607
-0.175705
0.403875
0.426946
-0.036621
-0.434941
-0.462194
-0.196149
0.141137
0.387170
0.493534
0.491171
0.437176
0.379576
0.346200
0.347709
0.382903
0.439759
0.491686
0.493902
0.390756
0.147624
-0.191751
-0.462020
-0.434490
-0.034559
0.426886
0.406657
-0.167576
-0.493534
0.035003
0.495404
-0.098979
-0.459148
0.330777
0.217639
-0.500436
0.305712
0.101545
-0.409804
0.498542
-0.409810
0.240958
-0.073551
-0.051364
0.129745
-0.184966
0.330065
-0.068952
0.020162
0.000852
-0.008268
0.008572
-0.005971
0.003110
0.000000
0.000000
0.000000
0.000000
0.000000
0.000000
0.000000
0.000000
0.000000
0.000000
0.000000
0.000000
0.000000
0.000000
0.000000
0.000000
0.000000
0.000000
0.000000
0.000000
0.000000
0.000000
0.000000
0.000000
0.000000
0.000000
0.000000
0.000000
0.000000
0.000000
0.000000
0.000000
0.000000
0.000000
0.000000
0.000000
0.000000
0.000000
0.000000
0.000000
0.000000
0.000000
0.000000
0.000000
0.000000
0.000000
0.000000
0.000000
0.000000
0.000000
0.000000
0.000000
0.000000
0.000000
0.000000
0.000000
0.000000
0.000000
0.000000
0.000000
0.000000
0.000000
0.000000
0.000000
0.000000
0.000000
0.000000
0.000000
0.000000
0.000000
0.000000
0.000000
0.000000
0.000000
0.000000
0.000000
0.000000
0.000000
0.000000
0.000000
0.000000
0.000000
0.000000
0.000000
0.000000
0.000000
0.000000
0.000000
0.000000
0.000000
0.000000
0.000000
0.000000
0.000000
0.000000
0.000000
0.000000
0.000000
0.000000
0.000000
0.000000
0.000000
0.000000
0.000000
0.000000
0.000000
0.000000
0.000000
0.000000
0.000000
0.000000
0.000000
0.000000
0.000000
0.000000
0.000000
0.000000
0.000000
0.000000
0.000000
0.000000
0.000000
0.000000
0.000000
0.000000
0.000000
0.000000
0.000000
0.000000
0.000000
0.000000
0.000000
0.000000
0.000000
0.000000
0.000000
0.000000
0.000000
0.000000
0.000000
0.000000
0.000000
0.000000
0.000000
0.000000
0.000000
0.000000
0.000000
0.000000
0.000000
0.000000
0.000000
0.000000
0.000000
0.000000
0.000000
0.000000
0.000000
0.000000
0.000000
0.000000
0.000000
0.000000
0.000000
0.000000
0.000000
0.000000
0.000000
0.000000
0.000000
0.000000
0.000000
0.000000
0.000000
0.000000
0.000000
0.000000
0.000000
0.000000
0.000000
0.000000
0.000000
0.000000
0.000000
0.000000
0.000000
0.000000
0.000000
0.000000
0.000000
0.000000
0.000000
0.000000
0.000000
0.000000
0.000000
0.000000
0.000000
0.000000
0.000000
0.000000
0.000000
0.000000
0.000000
0.000000
0.000000
0.000000
0.000000
0.000000
0.000000
0.000000
0.000000
0.000000
0.000000
0.000000
0.000000
0.000000
0.000000
0.000000
0.000000
0.000000
0.000460
-0.002872
0.007337
-0.013530
0.019679
-0.021412
0.007443
0.102323
0.220543
-0.344348
0.449123
-0.512968
0.485938
-0.315397
-0.001376
0.351460
-0.496544
0.245735
0.263164
-0.497431
0.084130
0.463264
-0.229305
-0.440788
0.191552
0.491502
0.039087
-0.449609
-0.404903
0.020402
0.397068
0.493265
0.338601
0.076013
-0.169218
-0.338580
-0.430496
-0.469763
-0.482078
-0.481487
-0.467213
-0.424620
-0.329253
-0.157977
0.087532
0.348564
0.495249
0.380480
-0.012615
-0.425902
-0.432156
0.075250
0.496974
0.155411
-0.458882
-0.183733
0.481592
0.023814
-0.485502
0.313148
0.191070
-0.486199
0.394500
-0.077095
-0.247128
0.452520
-0.523337
0.498592
-0.426547
0.339770
-0.245299
0.045644
-0.042338
0.043863
-0.033883
0.021544
-0.011329
0.004888
-0.001969
0.000000
0.000000
0.000000
0.000000
0.000000
0.000000
0.000000
0.000000
0.000000
0.000000
0.000000
0.000000
0.000000
0.000000
0.000000
0.000000
0.000000
0.000000
0.000000
0.000000
0.000000
0.000000
0.000000
0.000000
0.000000
0.000000
0.000000
0.000000
0.000000
0.000000
0.000000
0.000000
0.000000
0.000000
0.000000
0.000000
0.000000
0.000000
0.000000
0.000000
0.000000
0.000000
0.000000
0.000000
0.000000
0.000000
0.000000
0.000000
0.000000
0.000000
0.000000
0.000000
0.000000
0.000000
0.000000
0.000000
0.000000
0.000000
0.000000
0.000000
0.000000
0.000000
0.000000
0.000000
0.000000
0.000000
0.000000
0.000000
0.000000
0.000000
0.000000
0.000000
0.000000
0.000000
0.000000
0.000000
0.000000
0.000000
0.000000
0.000000
0.000000
0.000000
0.000000
0.000000
0.000000
0.000000
0.000000
0.000000
0.000000
0.000000
0.000000
0.000000
0.000000
0.000000
0.000000
0.000000
0.000000
0.000000
0.000000
0.000000
0.000000
0.000000
0.000000
0.000000
0.000000
0.000000
0.000000
0.000000
0.000000
0.000000
0.000000
0.000000
0.000000
0.000000
0.000000
0.000000
0.000000
0.000000
0.000000
0.000000
0.000000
-0.002742
0.006159
-0.009797
0.011134
-0.005920
-0.012566
0.059367
-0.254937
0.128317
-0.033437
-0.092893
0.255201
-0.418572
0.503330
-0.408779
0.091735
0.315322
-0.500237
0.211588
0.332432
-0.458538
-0.099527
0.494944
0.042414
-0.492607
-0.175705
0.403875
0.426946
-0.036621
-0.434941
-0.462194
-0.196149
0.141137
0.387170
0.493534
0.491171
0.437176
0.379576
0.346200
0.347709
0.382903
0.439759
0.491686
0.493902
0.390756
0.147624
-0.191751
-0.462020
-0.434490
-0.034559
0.426886
0.406657
-0.167576
-0.493534
0.035003
0.495404
-0.098979
-0.459148
0.330777
0.217639
-0.500436
0.305712
0.101545
-0.409804
0.498542
-0.409810
0.240958
-0.073551
-0.051364
0.129745
-0.184966
0.330065
-0.068952
0.020162
0.000852
-0.008268
0.008572
-0.005971
0.003110
0.000000
0.000000
0.000000
0.000000
0.000000
0.000000
0.000000
0.000000
0.000000
0.000000
0.000000
0.000000
0.000000
0.000000
0.000000
0.000000
0.000000
0.000000
0.000000
0.000000
0.000000
0.000000
0.000000
0.000000
0.000000
0.000000
0.000000
0.000000
0.000000
0.000000
0.000000
0.000000
0.000000
0.000000
0.000000
0.000000
0.000000
0.000000
0.000000
0.000000
0.000000
0.000000
0.000000
0.000000
0.000000
0.000000
0.000000
0.000000
0.000000
0.000000
0.000000
0.000000
0.000000
0.000000
0.000000
0.000000
0.000000
0.000000
0.000000
0.000000
0.000000
0.000000
0.000000
0.000000
0.000000
0.000000
0.000000
0.000000
0.000000
0.000000
0.000000
0.000000
0.000000
0.000000
0.000000
0.000000
0.000000
0.000000
0.000000
0.000000
0.000000
0.000000
0.000000
0.000000
0.000000
0.000000
0.000000
0.000000
0.000000
0.000000
0.000000
0.000000
0.000000
0.000000
0.000000
0.000000
0.000000
0.000000
0.000000
0.000000
0.000000
0.000000
0.000000
0.000000
0.000000
0.000000
0.000000
0.000000
0.000000
0.000000
0.000000
0.000000
0.000000
0.000000
0.000000
0.000000
0.000000
0.000000
0.000000
0.000000
0.000000
0.000000
0.000000
0.000000
0.000000
0.000000
0.000000
0.000000
0.000000
0.000000
0.000000
0.000000
0.000000
0.000000
0.000000
0.000000
0.000000
0.000000
0.000000
0.000000
0.000000
0.000000
0.000000
0.000000
0.000000
0.000000
0.000000
0.000000
0.000000
0.000000
0.000000
0.000000
0.000000
0.000000
0.000000
0.000000
0.000000
0.000000
0.000000
0.000000
0.000000
0.000000
0.000000
0.000000
0.000000
0.000000
0.000000
0.000000
0.000000
0.000000
0.000000
0.000000
0.000000
0.000000
0.000000
0.000000
0.000000
0.000000
0.000000
0.000000
0.000000
0.000000
0.000000
0.000000
0.000000
0.000000
0.000000
0.000000
0.000000
0.000000
0.000000
0.000000
0.000000
0.000000
0.000000
0.000000
0.000000
0.000000
0.000000
0.000000
0.000000
0.000000
0.000000
0.000000
0.000000
0.000000
0.000000
0.000000
0.000000
0.000000
0.000000
0.000000
0.000000
0.000000
0.000000
0.000000
0.000000
0.000000
0.000000
0.000000
0.000000
-0.003065
0.005707
-0.007307
0.004990
0.005308
-0.029018
0.077347
-0.246729
0.297407
-0.258557
0.168762
-0.009354
-0.207312
0.415715
-0.494404
0.322510
0.082055
-0.454400
0.408487
0.106307
-0.497766
0.147985
0.456700
-0.199084
-0.474863
0.066342
0.497034
0.255315
-0.262754
-0.497797
-0.327698
0.032489
0.341897
0.489026
0.484421
0.394598
0.286057
0.200949
0.157727
0.161126
0.209757
0.296613
0.402633
0.487202
0.485596
0.330735
0.012569
-0.347557
-0.496298
-0.231285
0.286937
0.490090
0.030337
-0.484752
-0.158487
0.474293
0.093203
-0.500671
0.166033
0.369749
-0.476062
0.142101
0.269141
-0.481854
0.452149
-0.275638
0.064536
0.107763
-0.215592
0.267411
-0.291675
0.376202
-0.090701
0.038051
-0.011478
-0.001124
0.005193
-0.004715
0.002668
0.000000
0.000000
0.000000
0.000000
0.000000
0.000000
0.000000
0.000000
0.000000
0.000000
0.000000
0.000000
0.000000
0.000000
0.000000
0.000000
0.000000
0.000000
0.000000
0.000000
0.000000
0.000000
0.000000
0.000000
0.000000
0.000000
0.000000
0.000000
0.000000
0.000000
0.000000
0.000000
0.000000
0.000000
0.000000
0.000000
0.000000
0.000000
0.000000
0.000000
0.000000
0.000000
0.000000
0.000000
0.000000
0.000000
0.000000
0.000000
0.000000
0.000000
0.000000
0.000000
0.000000
0.000000
0.000000
0.000000
0.000000
0.000000
0.000000
0.000000
0.000000
0.000000
0.000000
0.000000
0.000000
0.000000
0.000000
0.000000
0.000000
0.000000
0.000000
0.000000
0.000000
0.000000
0.000000
0.000000
0.000000
0.000000
0.000000
0.000000
0.000000
0.000000
0.000000
0.000000
0.000000
0.000000
0.000000
0.000000
0.000000
0.000000
0.000000
0.000000
0.000000
0.000000
0.000000
0.000000
0.000000
0.000000
0.000000
0.000000
0.000000
0.000000
0.000000
0.000000
0.000000
0.000000
0.000000
0.000000
0.000000
0.000000
0.000000
0.000000
0.000000
0.000000
0.000000
0.000000
0.000000
0.000000
0.000000
0.000000
0.000000
-0.002742
0.006159
-0.009797
0.011134
-0.005920
-0.012566
0.059367
-0.254937
0.128317
-0.033437
-0.092893
0.255201
-0.418572
0.503330
-0.408779
0.091735
0.315322
-0.500237
0.211588
0.332432
-0.458538
-0.099527
0.494944
0.042414
-0.492607
-0.175705
0.403875
0.426946
-0.036621
-0.434941
-0.462194
-0.196149
0.141137
0.387170
0.493534
0.491171
0.437176
0.379576
0.346200
0.347709
0.382903
0.439759
0.491686
0.493902
0.390756
0.147624
-0.191751
-0.462020
-0.434490
-0.034559
0.426886
0.406657
-0.167576
-0.493534
0.035003
0.495404
-0.098979
-0.459148
0.330777
0.217639
-0.500436
0.305712
0.101545
-0.409804
0.498542
-0.409810
0.240958
-0.073551
-0.051364
0.129745
-0.184966
0.330065
-0.068952
0.020162
0.000852
-0.008268
0.008572
-0.005971
0.003110
0.000000
0.000000
0.000000
0.000000
0.000000
0.000000
0.000000
0.000000
0.000000
0.000000
0.000000
0.000000
0.000000
0.000000
0.000000
0.000000
0.000000
0.000000
0.000000
0.000000
0.000000
0.000000
0.000000
0.000000
0.000000
0.000000
0.000000
0.000000
0.000000
0.000000
0.000000
0.000000
0.000000
0.000000
0.000000
0.000000
0.000000
0.000000
0.000000
0.000000
0.000000
0.000000
0.000000
0.000000
0.000000
0.000000
0.000000
0.000000
0.000000
0.000000
0.000000
0.000000
0.000000
0.000000
0.000000
0.000000
0.000000
0.000000
0.000000
0.000000
0.000000
0.000000
0.000000
0.000000
0.000000
0.000000
0.000000
0.000000
0.000000
0.000000
0.000000
0.000000
0.000000
0.000000
0.000000
0.000000
0.000000
0.000000
0.000000
0.000000
0.000000
0.000000
0.000000
0.000000
0.000000
0.000000
0.000000
0.000000
0.000000
0.000000
0.000000
0.000000
0.000000
0.000000
0.000000
0.000000
0.000000
0.000000
0.000000
0.000000
0.000000
0.000000
0.000000
0.000000
0.000000
0.000000
0.000000
0.000000
0.000000
0.000000
0.000000
0.000000
0.000000
0.000000
0.000000
0.000000
0.000000
0.000000
0.000000
0.000000
0.000000
0.000000
0.000000
0.000000
0.000000
0.000000
0.000000
0.000000
0.000000
0.000000
0.000000
0.000000
0.000000
0.000000
0.000000
0.000000
0.000000
0.000000
0.000000
0.000000
0.000000
0.000000
0.000000
0.000000
0.000000
0.000000
0.000000
0.000000
0.000000
0.000000
0.000000
0.000000
0.000000
0.000000
0.000000
0.000000
0.000000
0.000000
0.000000
0.000000
0.000000
0.000000
0.000000
0.000000
0.000000
0.000000
0.000000
0.000000
0.000000
0.000000
0.000000
0.000000
0.000000
0.000000
0.000000
0.000000
0.000000
0.000000
0.000000
0.000000
0.000000
0.000000
0.000000
0.000000
0.000000
0.000000
0.000000
0.000000
0.000000
0.000000
0.000000
0.000000
0.000000
0.000000
0.000000
0.000000
0.000000
0.000000
0.000000
0.000000
0.000000
0.000000
0.000000
0.000000
0.000000
0.000000
0.000000
0.000000
0.000000
0.000000
0.000000
0.000000
0.000000
0.000000
0.000000
0.000000
0.000000
0.000000
0.000000
0.000000
0.000000
-0.000010
0.002036
-0.006266
0.012798
-0.020457
0.025666
-0.018780
-0.066158
-0.264137
0.382247
-0.473859
0.514339
-0.455550
0.254462
0.073845
-0.398733
0.484517
-0.179130
-0.323039
0.481848
-0.011168
-0.484956
0.162363
0.469970
-0.121947
-0.501227
-0.111942
0.412186
0.443417
0.052565
-0.349034
-0.498027
-0.388716
-0.147694
0.098212
0.280741
0.388566
0.440308
0.458958
0.457869
0.436467
0.381143
0.270236
0.086564
-0.158710
-0.397043
-0.497091
-0.329535
0.085362
0.459803
0.390097
-0.147087
-0.501421
-0.084357
0.482113
0.114212
-0.495253
0.049574
0.461165
-0.367345
-0.121289
0.465370
-0.433950
0.147725
0.180852
-0.412118
0.513877
-0.514387
0.458148
-0.378967
0.288053
-0.100787
0.055633
-0.049440
0.035565
-0.021379
0.010568
-0.004197
0.001578
0.000000
0.000000
0.000000
0.000000
0.000000
0.000000
0.000000
0.000000
0.000000
0.000000
0.000000
0.000000
0.000000
0.000000
0.000000
0.000000
0.000000
0.000000
0.000000
0.000000
0.000000
0.000000
0.000000
0.000000
0.000000
0.000000
0.000000
0.000000
0.000000
0.000000
0.000000
0.000000
0.000000
0.000000
0.000000
0.000000
0.000000
0.000000
0.000000
0.000000
0.000000
0.000000
0.000000
0.000000
0.000000
0.000000
0.000000
0.000000
0.000000
0.000000
0.000000
0.000000
0.000000
0.000000
0.000000
0.000000
0.000000
0.000000
0.000000
0.000000
0.000000
0.000000
0.000000
0.000000
0.000000
0.000000
0.000000
0.000000
0.000000
0.000000
0.000000
0.000000
0.000000
0.000000
0.000000
0.000000
0.000000
0.000000
0.000000
0.000000
0.000000
0.000000
0.000000
0.000000
0.000000
0.000000
0.000000
0.000000
0.000000
0.000000
0.000000
0.000000
0.000000
0.000000
0.000000
0.000000
0.000000
0.000000
0.000000
0.000000
0.000000
0.000000
0.000000
0.000000
0.000000
0.000000
0.000000
0.000000
0.000000
0.000000
0.000000
0.000000
0.000000
0.000000
0.000000
0.000000
0.000000
0.000000
0.000000
0.000000
0.000000
-0.002742
0.006159
-0.009797
0.011134
-0.005920
-0.012566
0.059367
-0.254937
0.128317
-0.033437
-0.092893
0.255201
-0.418572
0.503330
-0.408779
0.091735
0.315322
-0.500237
0.211588
0.332432
-0.458538
-0.099527
0.494944
0.042414
-0.492607
-0.175705
0.403875
0.426946
-0.036621
-0.434941
-0.462194
-0.196149
0.141137
0.387170
0.493534
0.491171
0.437176
0.379576
0.346200
0.347709
0.382903
0.439759
0.491686
0.493902
0.390756
0.147624
-0.191751
-0.462020
-0.434490
-0.034559
0.426886
0.406657
-0.167576
-0.493534
0.035003
0.495404
-0.098979
-0.459148
0.330777
0.217639
-0.500436
0.305712
0.101545
-0.409804
0.498542
-0.409810
0.240958
-0.073551
-0.051364
0.129745
-0.184966
0.330065
-0.068952
0.020162
0.000852
-0.008268
0.008572
-0.005971
0.003110
0.000000
0.000000
0.000000
0.000000
0.000000
0.000000
0.000000
0.000000
0.000000
0.000000
0.000000
0.000000
0.000000
0.000000
0.000000
0.000000
0.000000
0.000000
0.000000
0.000000
0.000000
0.000000
0.000000
0.000000
0.000000
0.000000
0.000000
0.000000
0.000000
0.000000
0.000000
0.000000
0.000000
0.000000
0.000000
0.000000
0.000000
0.000000
0.000000
0.000000
0.000000
0.000000
0.000000
0.000000
0.000000
0.000000
0.000000
0.000000
0.000000
0.000000
0.000000
0.000000
0.000000
0.000000
0.000000
0.000000
0.000000
0.000000
0.000000
0.000000
0.000000
0.000000
0.000000
0.000000
0.000000
0.000000
0.000000
0.000000
0.000000
0.000000
0.000000
0.000000
0.000000
0.000000
0.000000
0.000000
0.000000
0.000000
0.000000
0.000000
0.000000
0.000000
0.000000
0.000000
0.000000
0.000000
0.000000
0.000000
0.000000
0.000000
0.000000
0.000000
0.000000
0.000000
0.000000
0.000000
0.000000
0.000000
0.000000
0.000000
0.000000
0.000000
0.000000
0.000000
0.000000
0.000000
0.000000
0.000000
0.000000
0.000000
0.000000
0.000000
0.000000
0.000000
0.000000
0.000000
0.000000
0.000000
0.000000
0.000000
0.000000
0.000000
0.000000
0.000000
0.000000
0.000000
0.000000
0.000000
0.000000
0.000000
0.000000
0.000000
0.000000
0.000000
0.000000
0.000000
0.000000
0.000000
0.000000
0.000000
0.000000
0.000000
0.000000
0.000000
0.000000
0.000000
0.000000
0.000000
0.000000
0.000000
0.000000
0.000000
0.000000
0.000000
0.000000
0.000000
0.000000
0.000000
0.000000
0.000000
0.000000
0.000000
0.000000
0.000000
0.000000
0.000000
0.000000
0.000000
0.000000
0.000000
0.000000
0.000000
0.000000
0.000000
0.000000
0.000000
0.000000
0.000000
0.000000
0.000000
0.000000
0.000000
0.000000
0.000000
0.000000
0.000000
0.000000
0.000000
0.000000
0.000000
0.000000
0.000000
0.000000
0.000000
0.000000
0.000000
0.000000
0.000000
0.000000
0.000000
0.000000
0.000000
0.000000
0.000000
0.000000
0.000000
0.000000
0.000000
0.000000
0.000000
0.000000
0.000000
0.000000
0.000000
0.000000
0.000000
0.000000
0.000000
0.000000
0.000000
0.000000
0.003067
-0.006005
0.008226
-0.006866
-0.002309
0.025256
-0.074594
0.256426
-0.258690
0.202528
-0.099304
-0.066037
0.274086
-0.453014
0.483579
-0.264064
-0.153075
0.480657
-0.361136
-0.176937
0.499403
-0.076900
-0.480499
0.130196
0.492738
0.007127
-0.480626
-0.315733
0.197759
0.490092
0.378859
0.040512
-0.284920
-0.467377
-0.498817
-0.435749
-0.343012
-0.265489
-0.225000
-0.228240
-0.273734
-0.352480
-0.442244
-0.499891
-0.462333
-0.272537
0.060294
0.395860
0.483786
0.163887
-0.344118
-0.468531
0.043161
0.497117
0.087819
-0.491034
-0.020610
0.493404
-0.233630
-0.315904
0.493841
-0.210314
-0.205533
0.460200
-0.478658
0.336045
-0.139860
-0.032365
0.148438
-0.211863
0.249453
-0.361429
0.082546
-0.030804
0.006265
0.004258
-0.006742
0.005330
-0.002899
0.000000
0.000000
0.000000
0.000000
0.000000
0.000000
0.000000
0.000000
0.000000
0.000000
0.000000
0.000000
0.000000
0.000000
0.000000
0.000000
0.000000
0.000000
0.000000
0.000000
0.000000
0.000000
0.000000
0.000000
0.000000
0.000000
0.000000
0.000000
0.000000
0.000000
0.000000
0.000000
0.000000
0.000000
0.000000
0.000000
0.000000
0.000000
0.000000
0.000000
0.000000
0.000000
0.000000
0.000000
0.000000
0.000000
0.000000
0.000000
0.000000
0.000000
0.000000
0.000000
0.000000
0.000000
0.000000
0.000000
0.000000
0.000000
0.000000
0.000000
0.000000
0.000000
0.000000
0.000000
0.000000
0.000000
0.000000
0.000000
0.000000
0.000000
0.000000
0.000000
0.000000
0.000000
0.000000
0.000000
0.000000
0.000000
0.000000
0.000000
0.000000
0.000000
0.000000
0.000000
0.000000
0.000000
0.000000
0.000000
0.000000
0.000000
0.000000
0.000000
0.000000
0.000000
0.000000
0.000000
0.000000
0.000000
0.000000
0.000000
0.000000
0.000000
0.000000
0.000000
0.000000
0.000000
0.000000
0.000000
0.000000
0.000000
0.000000
0.000000
0.000000
0.000000
0.000000
0.000000
0.000000
0.000000
0.000000
0.000000
0.000000
-0.002742
0.006159
-0.009797
0.011134
-0.005920
-0.012566
0.059367
-0.254937
0.128317
-0.033437
-0.092893
0.255201
-0.418572
0.503330
-0.408779
0.091735
0.315322
-0.500237
0.211588
0.332432
-0.458538
-0.099527
0.494944
0.042414
-0.492607
-0.175705
0.403875
0.426946
-0.036621
-0.434941
-0.462194
-0.196149
0.141137
0.387170
0.493534
0.491171
0.437176
0.379576
0.346200
0.347709
0.382903
0.439759
0.491686
0.493902
0.390756
0.147624
-0.191751
-0.462020
-0.434490
-0.034559
0.426886
0.406657
-0.167576
-0.493534
0.035003
0.495404
-0.098979
-0.459148
0.330777
0.217639
-0.500436
0.305712
0.101545
-0.409804
0.498542
-0.409810
0.240958
-0.073551
-0.051364
0.129745
-0.184966
0.330065
-0.068952
0.020162
0.000852
-0.008268
0.008572
-0.005971
0.003110
0.000000
0.000000
0.000000
0.000000
0.000000
0.000000
0.000000
0.000000
0.000000
0.000000
0.000000
0.000000
0.000000
0.000000
0.000000
0.000000
0.000000
0.000000
0.000000
0.000000
0.000000
0.000000
0.000000
0.000000
0.000000
0.000000
0.000000
0.000000
0.000000
0.000000
0.000000
0.000000
0.000000
0.000000
0.000000
0.000000
0.000000
0.000000
0.000000
0.000000
0.000000
0.000000
0.000000
0.000000
0.000000
0.000000
0.000000
0.000000
0.000000
0.000000
0.000000
0.000000
0.000000
0.000000
0.000000
0.000000
0.000000
0.000000
0.000000
0.000000
0.000000
0.000000
0.000000
0.000000
0.000000
0.000000
0.000000
0.000000
0.000000
0.000000
0.000000
0.000000
0.000000
0.000000
0.000000
0.000000
0.000000
0.000000
0.000000
0.000000
0.000000
0.000000
0.000000
0.000000
0.000000
0.000000
0.000000
0.000000
0.000000
0.000000
0.000000
0.000000
0.000000
0.000000
0.000000
0.000000
0.000000
0.000000
0.000000
0.000000
0.000000
0.000000
0.000000
0.000000
0.000000
0.000000
0.000000
0.000000
0.000000
0.000000
0.000000
0.000000
0.000000
0.000000
0.000000
0.000000
0.000000
0.000000
0.000000
0.000000
0.000000
0.000000
0.000000
0.000000
0.000000
0.000000
0.000000
0.000000
0.000000
0.000000
0.000000
0.000000
0.000000
0.000000
0.000000
0.000000
0.000000
0.000000
0.000000
0.000000
0.000000
0.000000
0.000000
0.000000
0.000000
0.000000
0.000000
0.000000
0.000000
0.000000
0.000000
0.000000
0.000000
0.000000
0.000000
0.000000
0.000000
0.000000
0.000000
0.000000
0.000000
0.000000
0.000000
0.000000
0.000000
0.000000
0.000000
0.000000
0.000000
0.000000
0.000000
0.000000
0.000000
0.000000
0.000000
0.000000
0.000000
0.000000
0.000000
0.000000
0.000000
0.000000
0.000000
0.000000
0.000000
0.000000
0.000000
0.000000
0.000000
0.000000
0.000000
0.000000
0.000000
0.000000
0.000000
0.000000
0.000000
0.000000
0.000000
0.000000
0.000000
0.000000
0.000000
0.000000
0.000000
0.000000
0.000000
0.000000
0.000000
0.000000
0.000000
0.000000
0.000000
0.000000
0.000000
0.000000
0.000000
0.000000
0.000000
0.000000
0.000000
-0.000439
-0.001155
0.005060
-0.011792
0.020796
-0.029368
0.029714
0.028571
0.302055
-0.411933
0.488415
-0.504659
0.415375
-0.188059
-0.144727
0.437440
-0.462079
0.108676
0.375974
-0.455913
-0.062034
0.496228
-0.091932
-0.489054
0.049722
0.500182
0.182391
-0.365906
-0.472404
-0.124402
0.293501
0.492089
0.430479
0.216202
-0.025096
-0.216869
-0.338288
-0.401393
-0.425978
-0.424414
-0.396344
-0.329476
-0.205412
-0.013290
0.226478
0.436991
0.488254
0.271511
-0.156275
-0.483826
-0.339656
0.215764
0.495094
0.011490
-0.494985
-0.042237
0.498274
-0.121896
-0.426920
0.413650
0.048903
-0.434542
0.464077
-0.215180
-0.110691
0.362860
-0.493377
0.519131
-0.479906
0.410021
-0.324617
0.153765
-0.067732
0.053956
-0.036483
0.020755
-0.009580
0.003416
-0.001153
0.000000
0.000000
0.000000
0.000000
0.000000
0.000000
0.000000
0.000000
0.000000
0.000000
0.000000
0.000000
0.000000
0.000000
0.000000
0.000000
0.000000
0.000000
0.000000
0.000000
0.000000
0.000000
0.000000
0.000000
0.000000
0.000000
0.000000
0.000000
0.000000
0.000000
0.000000
0.000000
0.000000
0.000000
0.000000
0.000000
0.000000
0.000000
0.000000
0.000000
0.000000
0.000000
0.000000
0.000000
0.000000
0.000000
0.000000
0.000000
0.000000
0.000000
0.000000
0.000000
0.000000
0.000000
0.000000
0.000000
0.000000
0.000000
0.000000
0.000000
0.000000
0.000000
0.000000
0.000000
0.000000
0.000000
0.000000
0.000000
0.000000
0.000000
0.000000
0.000000
0.000000
0.000000
0.000000
0.000000
0.000000
0.000000
0.000000
0.000000
0.000000
0.000000
0.000000
0.000000
0.000000
0.000000
0.000000
0.000000
0.000000
0.000000
0.000000
0.000000
0.000000
0.000000
0.000000
0.000000
0.000000
0.000000
0.000000
0.000000
0.000000
0.000000
0.000000
0.000000
0.000000
0.000000
0.000000
0.000000
0.000000
0.000000
0.000000
0.000000
0.000000
0.000000
0.000000
0.000000
0.000000
0.000000
0.000000
0.000000
0.000000
-0.002742
0.006159
-0.009797
0.011134
-0.005920
-0.012566
0.059367
-0.254937
0.128317
-0.033437
-0.092893
0.255201
-0.418572
0.503330
-0.408779
0.091735
0.315322
-0.500237
0.211588
0.332432
-0.458538
-0.099527
0.494944
0.042414
-0.492607
-0.175705
0.403875
0.426946
-0.036621
-0.434941
-0.462194
-0.196149
0.141137
0.387170
0.493534
0.491171
0.437176
0.379576
0.346200
0.347709
0.382903
0.439759
0.491686
0.493902
0.390756
0.147624
-0.191751
-0.462020
-0.434490
-0.034559
0.426886
0.406657
-0.167576
-0.493534
0.035003
0.495404
-0.098979
-0.459148
0.330777
0.217639
-0.500436
0.305712
0.101545
-0.409804
0.498542
-0.409810
0.240958
-0.073551
-0.051364
0.129745
-0.184966
0.330065
-0.068952
0.020162
0.000852
-0.008268
0.008572
-0.005971
0.003110
0.000000
0.000000
0.000000
0.000000
0.000000
0.000000
0.000000
0.000000
0.000000
0.000000
0.000000
0.000000
0.000000
0.000000
0.000000
0.000000
0.000000
0.000000
0.000000
0.000000
0.000000
0.000000
0.000000
0.000000
0.000000
0.000000
0.000000
0.000000
0.000000
0.000000
0.000000
0.000000
0.000000
0.000000
0.000000
0.000000
0.000000
0.000000
0.000000
0.000000
0.000000
0.000000
0.000000
0.000000
0.000000
0.000000
0.000000
0.000000
0.000000
0.000000
0.000000
0.000000
0.000000
0.000000
0.000000
0.000000
0.000000
0.000000
0.000000
0.000000
0.000000
0.000000
0.000000
0.000000
0.000000
0.000000
0.000000
0.000000
0.000000
0.000000
0.000000
0.000000
0.000000
0.000000
0.000000
0.000000
0.000000
0.000000
0.000000
0.000000
0.000000
0.000000
0.000000
0.000000
0.000000
0.000000
0.000000
0.000000
0.000000
0.000000
0.000000
0.000000
0.000000
0.000000
0.000000
0.000000
0.000000
0.000000
0.000000
0.000000
0.000000
0.000000
0.000000
0.000000
0.000000
0.000000
0.000000
0.000000
0.000000
0.000000
0.000000
0.000000
0.000000
0.000000
0.000000
0.000000
0.000000
0.000000
0.000000
0.000000
0.000000
0.000000
0.000000
0.000000
0.000000
0.000000
0.000000
0.000000
0.000000
0.000000
0.000000
0.000000
0.000000
0.000000
0.000000
0.000000
0.000000
0.000000
0.000000
0.000000
0.000000
0.000000
0.000000
0.000000
0.000000
0.000000
0.000000
0.000000
0.000000
0.000000
0.000000
0.000000
0.000000
0.000000
0.000000
0.000000
0.000000
0.000000
0.000000
0.000000
0.000000
0.000000
0.000000
0.000000
0.000000
0.000000
0.000000
0.000000
0.000000
0.000000
0.000000
0.000000
0.000000
0.000000
0.000000
0.000000
0.000000
0.000000
0.000000
0.000000
0.000000
0.000000
0.000000
0.000000
0.000000
0.000000
0.000000
0.000000
0.000000
0.000000
0.000000
0.000000
0.000000
0.000000
0.000000
0.000000
0.000000
0.000000
0.000000
0.000000
0.000000
0.000000
0.000000
0.000000
0.000000
0.000000
0.000000
0.000000
0.000000
0.000000
0.000000
0.000000
0.000000
0.000000
0.000000
0.000000
0.000000
0.000000
0.000000
0.000000
0.000000
-0.003003
0.006174
-0.008967
0.008595
-0.000739
-0.020951
0.070238
-0.260614
0.214415
-0.142147
0.027713
0.140010
-0.334971
0.480579
-0.462365
0.199944
0.220806
-0.496586
0.306026
0.243764
-0.490310
0.004163
0.493974
-0.058511
-0.500026
-0.080443
0.453891
0.369367
-0.128514
-0.471857
-0.421880
-0.112641
0.221821
0.435687
0.502495
0.467537
0.392598
0.324325
0.287440
0.290450
0.331830
0.400774
0.472353
0.501839
0.429136
0.208483
-0.131862
-0.435658
-0.460880
-0.092969
0.393904
0.436904
-0.115731
-0.498801
-0.015265
0.497225
-0.052427
-0.475537
0.296208
0.255272
-0.501009
0.274009
0.137509
-0.428660
0.494883
-0.389233
0.212178
-0.043729
-0.078093
0.151762
-0.201871
0.338890
-0.072618
0.022895
-0.000917
-0.007300
0.008147
-0.005831
0.003068
0.000000
0.000000
0.000000
0.000000
0.000000
0.000000
0.000000
0.000000
0.000000
0.000000
0.000000
0.000000
0.000000
0.000000
0.000000
0.000000
0.000000
0.000000
0.000000
0.000000
0.000000
0.000000
0.000000
0.000000
0.000000
0.000000
0.000000
0.000000
0.000000
0.000000
0.000000
0.000000
0.000000
0.000000
0.000000
0.000000
0.000000
0.000000
0.000000
0.000000
0.000000
0.000000
0.000000
0.000000
0.000000
0.000000
0.000000
0.000000
0.000000
0.000000
0.000000
0.000000
0.000000
0.000000
0.000000
0.000000
0.000000
0.000000
0.000000
0.000000
0.000000
0.000000
0.000000
0.000000
0.000000
0.000000
0.000000
0.000000
0.000000
0.000000
0.000000
0.000000
0.000000
0.000000
0.000000
0.000000
0.000000
0.000000
0.000000
0.000000
0.000000
0.000000
0.000000
0.000000
0.000000
0.000000
0.000000
0.000000
0.000000
0.000000
0.000000
0.000000
0.000000
0.000000
0.000000
0.000000
0.000000
0.000000
0.000000
0.000000
0.000000
0.000000
0.000000
0.000000
0.000000
0.000000
0.000000
0.000000
0.000000
0.000000
0.000000
0.000000
0.000000
0.000000
0.000000
0.000000
0.000000
0.000000
0.000000
0.000000
0.000000
-0.002742
0.006159
-0.009797
0.011134
-0.005920
-0.012566
0.059367
-0.254937
0.128317
-0.033437
-0.092893
0.255201
-0.418572
0.503330
-0.408779
0.091735
0.315322
-0.500237
0.211588
0.332432
-0.458538
-0.099527
0.494944
0.042414
-0.492607
-0.175705
0.403875
0.426946
-0.036621
-0.434941
-0.462194
-0.196149
0.141137
0.387170
0.493534
0.491171
0.437176
0.379576
0.346200
0.347709
0.382903
0.439759
0.491686
0.493902
0.390756
0.147624
-0.191751
-0.462020
-0.434490
-0.034559
0.426886
0.406657
-0.167576
-0.493534
0.035003
0.495404
-0.098979
-0.459148
0.330777
0.217639
-0.500436
0.305712
0.101545
-0.409804
0.498542
-0.409810
0.240958
-0.073551
-0.051364
0.129745
-0.184966
0.330065
-0.068952
0.020162
0.000852
-0.008268
0.008572
-0.005971
0.003110
0.000000
0.000000
0.000000
0.000000
0.000000
0.000000
0.000000
0.000000
0.000000
0.000000
0.000000
0.000000
0.000000
0.000000
0.000000
0.000000
0.000000
0.000000
0.000000
0.000000
0.000000
0.000000
0.000000
0.000000
0.000000
0.000000
0.000000
0.000000
0.000000
0.000000
0.000000
0.000000
0.000000
0.000000
0.000000
0.000000
0.000000
0.000000
0.000000
0.000000
0.000000
0.000000
0.000000
0.000000
0.000000
0.000000
0.000000
0.000000
0.000000
0.000000
0.000000
0.000000
0.000000
0.000000
0.000000
0.000000
0.000000
0.000000
0.000000
0.000000
0.000000
0.000000
0.000000
0.000000
0.000000
0.000000
0.000000
0.000000
0.000000
0.000000
0.000000
0.000000
0.000000
0.000000
0.000000
0.000000
0.000000
0.000000
0.000000
0.000000
0.000000
0.000000
0.000000
0.000000
0.000000
0.000000
0.000000
0.000000
0.000000
0.000000
0.000000
0.000000
0.000000
0.000000
0.000000
0.000000
0.000000
0.000000
0.000000
0.000000
0.000000
0.000000
0.000000
0.000000
0.000000
0.000000
0.000000
0.000000
0.000000
0.000000
0.000000
0.000000
0.000000
0.000000
0.000000
0.000000
0.000000
0.000000
0.000000
0.000000
0.000000
0.000000
0.000000
0.000000
0.000000
0.000000
0.000000
0.000000
0.000000
0.000000
0.000000
0.000000
0.000000
0.000000
0.000000
0.000000
0.000000
0.000000
0.000000
0.000000
0.000000
0.000000
0.000000
0.000000
0.000000
0.000000
0.000000
0.000000
0.000000
0.000000
0.000000
0.000000
0.000000
0.000000
0.000000
0.000000
0.000000
0.000000
0.000000
0.000000
0.000000
0.000000
0.000000
0.000000
0.000000
0.000000
0.000000
0.000000
0.000000
0.000000
0.000000
0.000000
0.000000
0.000000
0.000000
0.000000
0.000000
0.000000
0.000000
0.000000
0.000000
0.000000
0.000000
0.000000
0.000000
0.000000
0.000000
0.000000
0.000000
0.000000
0.000000
0.000000
0.000000
0.000000
0.000000
0.000000
0.000000
0.000000
0.000000
0.000000
0.000000
0.000000
0.000000
0.000000
0.000000
0.000000
0.000000
0.000000
0.000000
0.000000
0.000000
0.000000
0.000000
0.000000
0.000000
0.000000
0.000000
0.000000
0.000000
0.000000
0.000000
0.000879
0.000250
-0.003746
0.010532
-0.020687
0.032439
-0.040010
0.009630
-0.333484
0.432769
-0.492478
0.484137
-0.366276
0.117617
0.212500
-0.466747
0.429714
-0.035887
-0.420831
0.420182
0.133903
-0.496838
0.019525
0.497630
0.023571
-0.488391
-0.248922
0.311764
0.491241
0.193566
-0.231663
-0.475578
-0.462993
-0.280064
-0.048560
0.148338
0.280741
0.353854
0.383845
0.381840
0.347704
0.270732
0.136175
-0.060269
-0.289381
-0.467550
-0.468925
-0.207653
0.223830
0.497453
0.281918
-0.279805
-0.478131
0.061624
0.497223
-0.030646
-0.490590
0.191600
0.383502
-0.451068
0.024535
0.394378
-0.484233
0.278013
0.038152
-0.305807
0.462276
-0.512722
0.491353
-0.432266
0.354207
-0.203439
0.078377
-0.057312
0.036618
-0.019685
0.008386
-0.002561
0.000703
0.000000
0.000000
0.000000
0.000000
0.000000
0.000000
0.000000
0.000000
0.000000
0.000000
0.000000
0.000000
0.000000
0.000000
0.000000
0.000000
0.000000
0.000000
0.000000
0.000000
0.000000
0.000000
0.000000
0.000000
0.000000
0.000000
0.000000
0.000000
0.000000
0.000000
0.000000
0.000000
0.000000
0.000000
0.000000
0.000000
0.000000
0.000000
0.000000
0.000000
0.000000
0.000000
0.000000
0.000000
0.000000
0.000000
0.000000
0.000000
0.000000
0.000000
0.000000
0.000000
0.000000
0.000000
0.000000
0.000000
0.000000
0.000000
0.000000
0.000000
0.000000
0.000000
0.000000
0.000000
0.000000
0.000000
0.000000
0.000000
0.000000
0.000000
0.000000
0.000000
0.000000
0.000000
0.000000
0.000000
0.000000
0.000000
0.000000
0.000000
0.000000
0.000000
0.000000
0.000000
0.000000
0.000000
0.000000
0.000000
0.000000
0.000000
0.000000
0.000000
0.000000
0.000000
0.000000
0.000000
0.000000
0.000000
0.000000
0.000000
0.000000
0.000000
0.000000
0.000000
0.000000
0.000000
0.000000
0.000000
0.000000
0.000000
0.000000
0.000000
0.000000
0.000000
0.000000
0.000000
0.000000
0.000000
0.000000
0.000000
0.000000
-0.002742
0.006159
-0.009797
0.011134
-0.005920
-0.012566
0.059367
-0.254937
0.128317
-0.033437
-0.092893
0.255201
-0.418572
0.503330
-0.408779
0.091735
0.315322
-0.500237
0.211588
0.332432
-0.458538
-0.099527
0.494944
0.042414
-0.492607
-0.175705
0.403875
0.426946
-0.036621
-0.434941
-0.462194
-0.196149
0.141137
0.387170
0.493534
0.491171
0.437176
0.379576
0.346200
0.347709
0.382903
0.439759
0.491686
0.493902
0.390756
0.147624
-0.191751
-0.462020
-0.434490
-0.034559
0.426886
0.406657
-0.167576
-0.493534
0.035003
0.495404
-0.098979
-0.459148
0.330777
0.217639
-0.500436
0.305712
0.101545
-0.409804
0.498542
-0.409810
0.240958
-0.073551
-0.051364
0.129745
-0.184966
0.330065
-0.068952
0.020162
0.000852
-0.008268
0.008572
-0.005971
0.003110
0.000000
0.000000
0.000000
0.000000
0.000000
0.000000
0.000000
0.000000
0.000000
0.000000
0.000000
0.000000
0.000000
0.000000
0.000000
0.000000
0.000000
0.000000
0.000000
0.000000
0.000000
0.000000
0.000000
0.000000
0.000000
0.000000
0.000000
0.000000
0.000000
0.000000
0.000000
0.000000
0.000000
0.000000
0.000000
0.000000
0.000000
0.000000
0.000000
0.000000
0.000000
0.000000
0.000000
0.000000
0.000000
0.000000
0.000000
0.000000
0.000000
0.000000
0.000000
0.000000
0.000000
0.000000
0.000000
0.000000
0.000000
0.000000
0.000000
0.000000
0.000000
0.000000
0.000000
0.000000
0.000000
0.000000
0.000000
0.000000
0.000000
0.000000
0.000000
0.000000
0.000000
0.000000
0.000000
0.000000
0.000000
0.000000
0.000000
0.000000
0.000000
0.000000
0.000000
0.000000
0.000000
0.000000
0.000000
0.000000
0.000000
0.000000
0.000000
0.000000
0.000000
0.000000
0.000000
0.000000
0.000000
0.000000
0.000000
0.000000
0.000000
0.000000
0.000000
0.000000
0.000000
0.000000
0.000000
0.000000
0.000000
0.000000
0.000000
0.000000
0.000000
0.000000
0.000000
0.000000
0.000000
0.000000
0.000000
0.000000
0.000000
0.000000
0.000000
0.000000
0.000000
0.000000
0.000000
0.000000
0.000000
0.000000
0.000000
0.000000
0.000000
0.000000
0.000000
0.000000
0.000000
0.000000
0.000000
0.000000
0.000000
0.000000
0.000000
0.000000
0.000000
0.000000
0.000000
0.000000
0.000000
0.000000
0.000000
0.000000
0.000000
0.000000
0.000000
0.000000
0.000000
0.000000
0.000000
0.000000
0.000000
0.000000
0.000000
0.000000
0.000000
0.000000
0.000000
0.000000
0.000000
0.000000
0.000000
0.000000
0.000000
0.000000
0.000000
0.000000
0.000000
0.000000
0.000000
0.000000
0.000000
0.000000
0.000000
0.000000
0.000000
0.000000
0.000000
0.000000
0.000000
0.000000
0.000000
0.000000
0.000000
0.000000
0.000000
0.000000
0.000000
0.000000
0.000000
0.000000
0.000000
0.000000
0.000000
0.000000
0.000000
0.000000
0.000000
0.000000
0.000000
0.000000
0.000000
0.000000
0.000000
0.000000
0.000000
0.000000
0.000000
0.000000
0.000000
0.000000
0.000000
0.002874
-0.006211
0.009516
-0.010139
0.003771
0.016196
-0.064374
0.259203
-0.165533
0.078712
0.044474
-0.210974
0.388660
-0.497819
0.431217
-0.131529
-0.283793
0.501846
-0.244341
-0.305353
0.470683
0.068662
-0.496836
-0.014431
0.496571
0.152031
-0.417404
-0.415065
0.056509
0.443485
0.455837
0.182351
-0.153955
-0.394635
-0.495378
-0.489281
-0.433749
-0.376192
-0.343703
-0.346420
-0.382796
-0.440458
-0.492313
-0.493005
-0.386719
-0.139950
0.200597
0.466095
0.428071
0.020053
-0.435227
-0.395890
0.185815
0.489769
-0.057618
-0.492733
0.124337
0.447452
-0.352421
-0.189155
0.497413
-0.331817
-0.066531
0.387909
-0.500475
0.434058
-0.279938
0.118883
0.006072
-0.088401
0.149952
-0.309070
0.061130
-0.014494
-0.004450
0.010186
-0.009376
0.006206
-0.003171
0.000000
0.000000
0.000000
0.000000
0.000000
0.000000
0.000000
0.000000
0.000000
0.000000
0.000000
0.000000
0.000000
0.000000
0.000000
0.000000
0.000000
0.000000
0.000000
0.000000
0.000000
0.000000
0.000000
0.000000
0.000000
0.000000
0.000000
0.000000
0.000000
0.000000
0.000000
0.000000
0.000000
0.000000
0.000000
0.000000
0.000000
0.000000
0.000000
0.000000
0.000000
0.000000
0.000000
0.000000
0.000000
0.000000
0.000000
0.000000
0.000000
0.000000
0.000000
0.000000
0.000000
0.000000
0.000000
0.000000
0.000000
0.000000
0.000000
0.000000
0.000000
0.000000
0.000000
0.000000
0.000000
0.000000
0.000000
0.000000
0.000000
0.000000
0.000000
0.000000
0.000000
0.000000
0.000000
0.000000
0.000000
0.000000
0.000000
0.000000
0.000000
0.000000
0.000000
0.000000
0.000000
0.000000
0.000000
0.000000
0.000000
0.000000
0.000000
0.000000
0.000000
0.000000
0.000000
0.000000
0.000000
0.000000
0.000000
0.000000
0.000000
0.000000
0.000000
0.000000
0.000000
0.000000
0.000000
0.000000
0.000000
0.000000
0.000000
0.000000
0.000000
0.000000
0.000000
0.000000
0.000000
0.000000
0.000000
0.000000
0.000000
-0.002742
0.006159
-0.009797
0.011134
-0.005920
-0.012566
0.059367
-0.254937
0.128317
-0.033437
-0.092893
0.255201
-0.418572
0.503330
-0.408779
0.091735
0.315322
-0.500237
0.211588
0.332432
-0.458538
-0.099527
0.494944
0.042414
-0.492607
-0.175705
0.403875
0.426946
-0.036621
-0.434941
-0.462194
-0.196149
0.141137
0.387170
0.493534
0.491171
0.437176
0.379576
0.346200
0.347709
0.382903
0.439759
0.491686
0.493902
0.390756
0.147624
-0.191751
-0.462020
-0.434490
-0.034559
0.426886
0.406657
-0.167576
-0.493534
0.035003
0.495404
-0.098979
-0.459148
0.330777
0.217639
-0.500436
0.305712
0.101545
-0.409804
0.498542
-0.409810
0.240958
-0.073551
-0.051364
0.129745
-0.184966
0.330065
-0.068952
0.020162
0.000852
-0.008268
0.008572
-0.005971
0.003110
0.000000
0.000000
0.000000
0.000000
0.000000
0.000000
0.000000
0.000000
0.000000
0.000000
0.000000
0.000000
0.000000
0.000000
0.000000
0.000000
0.000000
0.000000
0.000000
0.000000
0.000000
0.000000
0.000000
0.000000
0.000000
0.000000
0.000000
0.000000
0.000000
0.000000
0.000000
0.000000
0.000000
0.000000
0.000000
0.000000
0.000000
0.000000
0.000000
0.000000
0.000000
0.000000
0.000000
0.000000
0.000000
0.000000
0.000000
0.000000
0.000000
0.000000
0.000000
0.000000
0.000000
0.000000
0.000000
0.000000
0.000000
0.000000
0.000000
0.000000
0.000000
0.000000
0.000000
0.000000
0.000000
0.000000
0.000000
0.000000
0.000000
0.000000
0.000000
0.000000
0.000000
0.000000
0.000000
0.000000
0.000000
0.000000
0.000000
0.000000
0.000000
0.000000
0.000000
0.000000
0.000000
0.000000
0.000000
0.000000
0.000000
0.000000
0.000000
0.000000
0.000000
0.000000
0.000000
0.000000
0.000000
0.000000
0.000000
0.000000
0.000000
0.000000
0.000000
0.000000
0.000000
0.000000
0.000000
0.000000
0.000000
0.000000
0.000000
0.000000
0.000000
0.000000
0.000000
0.000000
0.000000
0.000000
0.000000
0.000000
0.000000
0.000000
0.000000
0.000000
0.000000
0.000000
0.000000
0.000000
0.000000
0.000000
0.000000
0.000000
0.000000
0.000000
0.000000
0.000000
0.000000
0.000000
0.000000
0.000000
0.000000
0.000000
0.000000
0.000000
0.000000
0.000000
0.000000
0.000000
0.000000
0.000000
0.000000
0.000000
0.000000
0.000000
0.000000
0.000000
0.000000
0.000000
0.000000
0.000000
0.000000
0.000000
0.000000
0.000000
0.000000
0.000000
0.000000
0.000000
0.000000
0.000000
0.000000
0.000000
0.000000
0.000000
0.000000
0.000000
0.000000
0.000000
0.000000
0.000000
0.000000
0.000000
0.000000
0.000000
0.000000
0.000000
0.000000
0.000000
0.000000
0.000000
0.000000
0.000000
0.000000
0.000000
0.000000
0.000000
0.000000
0.000000
0.000000
0.000000
0.000000
0.000000
0.000000
0.000000
0.000000
0.000000
0.000000
0.000000
0.000000
0.000000
0.000000
0.000000
0.000000
0.000000
0.000000
0.000000
0.000000
0.000000
0.000000
0.000000
0.000000
-0.001300
0.000660
0.002351
-0.009046
0.020135
-0.034813
0.049446
-0.047624
0.357748
-0.444306
0.485959
-0.453213
0.309306
-0.044647
-0.275708
0.486027
-0.388116
-0.037673
0.456647
-0.375424
-0.202895
0.486774
0.053300
-0.495515
-0.096358
0.466106
0.310105
-0.250925
-0.499524
-0.258571
0.164846
0.448849
0.485560
0.337910
0.121171
-0.076620
-0.217163
-0.298712
-0.333466
-0.331062
-0.291594
-0.206170
-0.064013
0.132533
0.346065
0.488064
0.439522
0.139333
-0.286576
-0.500393
-0.218123
0.337834
0.450894
-0.133414
-0.488777
0.102870
0.472365
-0.257187
-0.331844
0.478794
-0.097445
-0.345741
0.493985
-0.334872
0.035207
0.242183
-0.421242
0.495296
-0.492242
0.445224
-0.376187
0.248742
-0.087337
0.059436
-0.035965
0.018192
-0.007011
0.001652
-0.000238
0.000000
0.000000
0.000000
0.000000
0.000000
0.000000
0.000000
0.000000
0.000000
0.000000
0.000000
0.000000
0.000000
0.000000
0.000000
0.000000
0.000000
0.000000
0.000000
0.000000
0.000000
0.000000
0.000000
0.000000
0.000000
0.000000
0.000000
0.000000
0.000000
0.000000
0.000000
0.000000
0.000000
0.000000
0.000000
0.000000
0.000000
0.000000
0.000000
0.000000
0.000000
0.000000
0.000000
0.000000
0.000000
0.000000
0.000000
0.000000
0.000000
0.000000
0.000000
0.000000
0.000000
0.000000
0.000000
0.000000
0.000000
0.000000
0.000000
0.000000
0.000000
0.000000
0.000000
0.000000
0.000000
0.000000
0.000000
0.000000
0.000000
0.000000
0.000000
0.000000
0.000000
0.000000
0.000000
0.000000
0.000000
0.000000
0.000000
0.000000
0.000000
0.000000
0.000000
0.000000
0.000000
0.000000
0.000000
0.000000
0.000000
0.000000
0.000000
0.000000
0.000000
0.000000
0.000000
0.000000
0.000000
0.000000
0.000000
0.000000
0.000000
0.000000
0.000000
0.000000
0.000000
0.000000
0.000000
0.000000
0.000000
0.000000
0.000000
0.000000
0.000000
0.000000
0.000000
0.000000
0.000000
0.000000
0.000000
0.000000
0.000000
-0.002742
0.006159
-0.009797
0.011134
-0.005920
-0.012566
0.059367
-0.254937
0.128317
-0.033437
-0.092893
0.255201
-0.418572
0.503330
-0.408779
0.091735
0.315322
-0.500237
0.211588
0.332432
-0.458538
-0.099527
0.494944
0.042414
-0.492607
-0.175705
0.403875
0.426946
-0.036621
-0.434941
-0.462194
-0.196149
0.141137
0.387170
0.493534
0.491171
0.437176
0.379576
0.346200
0.347709
0.382903
0.439759
0.491686
0.493902
0.390756
0.147624
-0.191751
-0.462020
-0.434490
-0.034559
0.426886
0.406657
-0.167576
-0.493534
0.035003
0.495404
-0.098979
-0.459148
0.330777
0.217639
-0.500436
0.305712
0.101545
-0.409804
0.498542
-0.409810
0.240958
-0.073551
-0.051364
0.129745
-0.184966
0.330065
-0.068952
0.020162
0.000852
-0.008268
0.008572
-0.005971
0.003110
0.000000
0.000000
0.000000
0.000000
0.000000
0.000000
0.000000
0.000000
0.000000
0.000000
0.000000
0.000000
0.000000
0.000000
0.000000
0.000000
0.000000
0.000000
0.000000
0.000000
0.000000
0.000000
0.000000
0.000000
0.000000
0.000000
0.000000
0.000000
0.000000
0.000000
0.000000
0.000000
0.000000
0.000000
0.000000
0.000000
0.000000
0.000000
0.000000
0.000000
0.000000
0.000000
0.000000
0.000000
0.000000
0.000000
0.000000
0.000000
0.000000
0.000000
0.000000
0.000000
0.000000
0.000000
0.000000
0.000000
0.000000
0.000000
0.000000
0.000000
0.000000
0.000000
0.000000
0.000000
0.000000
0.000000
0.000000
0.000000
0.000000
0.000000
0.000000
0.000000
0.000000
0.000000
0.000000
0.000000
0.000000
0.000000
0.000000
0.000000
0.000000
0.000000
0.000000
0.000000
0.000000
0.000000
0.000000
0.000000
0.000000
0.000000
0.000000
0.000000
0.000000
0.000000
0.000000
0.000000
0.000000
0.000000
0.000000
0.000000
0.000000
0.000000
0.000000
0.000000
0.000000
0.000000
0.000000
0.000000
0.000000
0.000000
0.000000
0.000000
0.000000
0.000000
0.000000
0.000000
0.000000
0.000000
0.000000
0.000000
0.000000
0.000000
0.000000
0.000000
0.000000
0.000000
0.000000
0.000000
0.000000
0.000000
0.000000
0.000000
0.000000
0.000000
0.000000
0.000000
0.000000
0.000000
0.000000
0.000000
0.000000
0.000000
0.000000
0.000000
0.000000
0.000000
0.000000
0.000000
0.000000
0.000000
0.000000
0.000000
0.000000
0.000000
0.000000
0.000000
0.000000
0.000000
0.000000
0.000000
0.000000
0.000000
0.000000
0.000000
0.000000
0.000000
0.000000
0.000000
0.000000
0.000000
0.000000
0.000000
0.000000
0.000000
0.000000
0.000000
0.000000
0.000000
0.000000
0.000000
0.000000
0.000000
0.000000
0.000000
0.000000
0.000000
0.000000
0.000000
0.000000
0.000000
0.000000
0.000000
0.000000
0.000000
0.000000
0.000000
0.000000
0.000000
0.000000
0.000000
0.000000
0.000000
0.000000
0.000000
0.000000
0.000000
0.000000
0.000000
0.000000
0.000000
0.000000
0.000000
0.000000
0.000000
0.000000
0.000000
0.000000
0.000000
0.000000
0.000000
0.000000
-0.002683
0.006114
-0.009861
0.011465
-0.006723
-0.011094
0.057126
-0.252222
0.113095
-0.013586
-0.115705
0.277405
-0.433998
0.504364
-0.390804
0.060288
0.340682
-0.496324
0.177407
0.360383
-0.440943
-0.140013
0.489024
0.087063
-0.482447
-0.220353
0.371949
0.451846
0.016711
-0.405584
-0.480000
-0.248143
0.082783
0.345105
0.477617
0.500511
0.465580
0.419977
0.392582
0.394947
0.425538
0.470678
0.501696
0.473578
0.335993
0.068410
-0.265022
-0.486518
-0.386065
0.053294
0.467200
0.346371
-0.251907
-0.470213
0.129262
0.477654
-0.193575
-0.409754
0.401063
0.118974
-0.483129
0.382495
-0.005877
-0.338823
0.495315
-0.469557
0.341684
-0.191483
0.066081
0.023140
-0.094810
0.272610
-0.048328
0.005782
0.009722
-0.012852
0.010403
-0.006448
0.003206
0.000000
0.000000
0.000000
0.000000
0.000000
0.000000
0.000000
0.000000
0.000000
0.000000
0.000000
0.000000
0.000000
0.000000
0.000000
0.000000
0.000000
0.000000
0.000000
0.000000
0.000000
0.000000
0.000000
0.000000
0.000000
0.000000
0.000000
0.000000
0.000000
0.000000
0.000000
0.000000
0.000000
0.000000
0.000000
0.000000
0.000000
0.000000
0.000000
0.000000
0.000000
0.000000
0.000000
0.000000
0.000000
0.000000
0.000000
0.000000
0.000000
0.000000
0.000000
0.000000
0.000000
0.000000
0.000000
0.000000
0.000000
0.000000
0.000000
0.000000
0.000000
0.000000
0.000000
0.000000
0.000000
0.000000
0.000000
0.000000
0.000000
0.000000
0.000000
0.000000
0.000000
0.000000
0.000000
0.000000
0.000000
0.000000
0.000000
0.000000
0.000000
0.000000
0.000000
0.000000
0.000000
0.000000
0.000000
0.000000
0.000000
0.000000
0.000000
0.000000
0.000000
0.000000
0.000000
