0.000000 0.000000 0.000000 0.000000 0.000000 0.000000 0.000000 0.000000 0.000000 0.000000 0.000000 0.000000 0.000000 0.000000 0.000000 0.000000 
0.000000 0.000000 0.000000 0.000000 0.000000 0.000000 0.000000 0.000000 0.000000 0.000000 0.000000 0.000000 0.000000 0.000000 0.000000 0.000000 
0.000000 0.000000 0.000000 0.000000 0.000000 0.000000 0.000000 0.000000 0.000000 0.000000 0.000000 0.000000 0.000000 0.000000 0.000000 0.000000 
0.000000 0.000000 0.000000 0.000000 0.000000 0.000000 0.000000 0.000000 0.000000 0.000000 0.000000 0.000000 0.000000 0.000000 0.000000 0.000000 
0.000000 0.000000 0.000000 0.000000 0.000000 0.000000 0.000000 0.000000 0.000000 0.000000 0.000000 0.000000 0.000000 0.000000 0.000000 0.000000 
0.000000 0.000000 0.000000 0.000000 0.000000 0.000000 0.000000 0.000000 0.000000 0.000000 0.000000 0.000000 0.000000 0.000000 0.000000 0.000000 
0.000000 0.000000 0.000000 0.000000 0.000000 0.000000 0.000000 0.000000 0.000000 0.000000 0.000000 0.000000 0.000000 0.000000 0.000000 0.000000 
0.000000 0.000000 0.000000 0.000000 0.000000 0.000000 0.000000 0.000000 0.000000 0.000000 0.000000 0.000000 0.000000 0.000000 0.000000 0.000000 
0.000000 0.000000 0.000000 0.000000 0.000000 0.000000 0.000000 0.000000 0.000000 0.000000 0.000000 0.000000 0.000000 0.000000 0.000000 0.000000 
0.000000 0.000000 0.000000 0.000000 0.000000 0.000000 0.000000 0.000000 0.000000 0.000000 0.000000 0.000000 0.000000 0.000000 0.000000 0.000000 
0.000000 0.000000 0.000000 0.000000 0.000000 0.000000 0.000000 0.000000 0.000000 0.000000 0.000000 0.000000 0.000000 0.000000 0.000000 0.000000 
0.000000 0.000000 0.000000 0.000000 0.000000 0.000000 0.000000 0.000000 0.000000 0.000000 0.000000 0.000000 0.000000 0.000000 0.000000 0.000000 
0.000000 0.000000 0.000000 0.000000 0.000000 0.000000 0.000000 0.000000 0.000000 0.000000 0.000000 0.000000 0.000000 0.000000 0.000000 0.000000 
0.000000 0.000000 0.000000 0.000000 0.000000 0.000000 0.000000 0.000000 0.000000 0.000000 0.000000 0.000000 0.000000 0.000000 0.000000 0.000000 
0.000000 0.000000 0.000000 0.000000 0.000000 0.000000 0.000000 0.000000 0.000000 0.000000 0.000000 0.000000 0.000000 0.000000 0.000000 0.000000 
0.000000 0.000000 0.000000 0.000000 0.000000 0.000000 0.000000 0.000000 0.000000 0.000000 0.000000 0.000000 0.000000 0.000000 0.000000 0.000000 
0.000000 0.000000 0.000000 0.000000 0.000000 0.000000 0.000000 0.000000 0.000000 0.000000 0.000000 0.000000 0.000000 0.000000 0.000000 0.000000 
0.000000 0.000000 0.000000 0.000000 0.000000 0.000000 0.000000 0.000000 0.000000 0.000000 0.000000 0.000000 0.000000 0.000000 0.000000 0.000000 
0.000000 0.000000 0.000000 0.000000 0.000000 0.000000 0.000000 0.000000 0.000000 0.000000 0.000000 0.000000 0.000000 0.000000 0.000000 0.000000 
0.000000 0.000000 0.000000 0.000000 0.000000 0.000000 0.000000 0.000000 0.000000 0.000000 0.000000 0.000000 0.000000 0.000000 0.000000 0.000000 
0.000000 0.000000 0.000000 0.000000 0.000000 0.000000 0.000000 0.000000 0.000000 0.000000 0.000000 0.000000 0.000000 0.000000 0.000000 0.000000 
0.000000 0.000000 0.000000 0.000000 0.000000 0.000000 0.000000 0.000000 0.000000 0.000000 0.000000 0.000000 0.000000 0.000000 0.000000 0.000000 
0.000000 0.000000 0.000000 0.000000 0.000000 0.000000 0.000000 0.000000 0.000000 0.000000 0.000000 0.000000 0.000000 0.000000 0.000000 0.000000 
0.000000 0.000000 0.000000 0.000000 0.000000 0.000000 0.000000 0.000000 0.000000 0.000000 0.000000 0.000000 0.000000 0.000000 0.000000 0.000000 
0.000000 0.000000 0.000000 0.000000 0.000000 0.000000 0.000000 0.000000 0.000000 0.000000 0.000000 0.000000 0.000000 0.000000 0.000000 0.000000 
0.000000 0.000000 0.000000 0.000000 0.000000 0.000000 0.000000 0.000000 0.000000 0.000000 0.000000 0.000000 0.000000 0.000000 0.000000 0.000000 
0.000000 0.000000 0.000000 0.000000 0.000000 0.000000 0.000000 0.000000 0.000000 0.000000 0.000000 0.000000 0.000000 0.000000 0.000000 0.000000 
0.000000 0.000000 0.000000 0.000000 0.000000 0.000000 0.000000 0.000000 0.000000 0.000000 0.000000 0.000000 0.000000 0.000000 0.000000 0.000000 
0.000000 0.000000 0.000000 0.000000 0.000000 0.000000 0.000000 0.000000 0.000000 0.000000 0.000000 0.000000 0.000000 0.000000 0.000000 0.000000 
0.000000 0.000000 0.000000 0.000000 0.000000 0.000000 0.000000 0.000000 0.000000 0.000000 0.000000 0.000000 0.000000 0.000000 0.000000 0.000000 
0.000000 0.000000 0.000000 0.000000 0.000000 0.000000 0.000000 0.000000 0.000000 0.000000 0.000000 0.000000 0.000000 0.000000 0.000000 0.000000 
0.000000 0.000000 0.000000 0.000000 0.000000 0.000000 0.000000 0.000000 0.000000 0.000000 0.000000 0.000000 0.000000 0.000000 0.000000 0.000000 
0.000000 0.000000 0.000000 0.000000 0.000000 0.000000 0.000000 0.000000 0.000000 0.000000 0.000000 0.000000 0.000000 0.000000 0.000000 0.000000 
0.000000 0.000000 0.000000 0.000000 0.000000 0.000000 0.000000 0.000000 0.000000 0.000000 0.000000 0.000000 0.000000 0.000000 0.000000 0.000000 
0.000000 0.000000 0.000000 0.000000 0.000000 0.000000 0.000000 0.000000 0.000000 0.000000 0.000000 0.000000 0.000000 0.000000 0.000000 0.000000 
0.000000 0.000000 0.000000 0.000000 0.000000 0.000000 0.000000 0.000000 0.000000 0.000000 0.000000 0.000000 0.000000 0.000000 0.000000 0.000000 
0.000000 0.000000 0.000000 0.000000 0.000000 0.000000 0.000000 0.000000 0.000000 0.000000 0.000000 0.000000 0.000000 0.000000 0.000000 0.000000 
0.000000 0.000000 0.000000 0.000000 0.000000 0.000000 0.000000 0.000000 0.000000 0.000000 0.000000 0.000000 0.000000 0.000000 0.000000 0.000000 
0.000000 0.000000 0.000000 0.000000 0.000000 0.000000 0.000000 0.000000 0.000000 0.000000 0.000000 0.000000 0.000000 0.000000 0.000000 0.000000 
0.000000 0.000000 0.000000 0.000000 0.000000 0.000000 0.000000 0.000000 0.000000 0.000000 0.000000 0.000000 0.000000 0.000000 0.000000 0.000000 
0.000000 0.000000 0.000000 0.000000 0.000000 0.000000 0.000000 0.000000 0.000000 0.000000 0.000000 0.000000 0.000000 0.000000 0.000000 0.000000 
0.000000 0.000000 0.000000 0.000000 0.000000 0.000000 0.000000 0.000000 0.000000 0.000000 0.000000 0.000000 0.000000 0.000000 0.000000 0.000000 
0.000000 0.000000 0.000000 0.000000 0.000000 0.000000 0.000000 0.000000 0.000000 0.000000 0.000000 0.000000 0.000000 0.000000 0.000000 0.000000 
0.000000 0.000000 0.000000 0.000000 0.000000 0.000000 0.000000 0.000000 0.000000 0.000000 0.000000 0.000000 0.000000 0.000000 0.000000 0.000000 
0.000000 0.000000 0.000000 0.000000 0.000000 0.000000 0.000000 0.000000 0.000000 0.000000 0.000000 0.000000 0.000000 0.000000 0.000000 0.000000 
0.000000 0.000000 0.000000 0.000000 0.000000 0.000000 0.000000 0.000000 0.000000 0.000000 0.000000 0.000000 0.000000 0.000000 0.000000 0.000000 
0.000000 0.000000 0.000000 0.000000 0.000000 0.000000 0.000000 0.000000 0.000000 0.000000 0.000000 0.000000 0.000000 0.000000 0.000000 0.000000 
0.000000 0.000000 0.000000 0.000000 0.000000 0.000000 0.000000 0.000000 0.000000 0.000000 0.000000 0.000000 0.000000 0.000000 0.000000 0.000000 
0.000000 0.000000 0.000000 0.000000 0.000000 0.000000 0.000000 0.000000 0.000000 0.000000 0.000000 0.000000 0.000000 0.000000 0.000000 0.000000 
0.000000 0.000000 0.000000 0.000000 0.000000 0.000000 0.000000 0.000000 0.000000 0.000000 0.000000 0.000000 0.000000 0.000000 0.000000 0.000000 
0.000000 0.000000 0.000000 0.000000 0.000000 0.000000 0.000000 0.000000 0.000000 0.000000 0.000000 0.000000 0.000000 0.000000 0.000000 0.000000 
0.000000 0.000000 0.000000 0.000000 0.000000 0.000000 0.000000 0.000000 0.000000 0.000000 0.000000 0.000000 0.000000 0.000000 0.000000 0.000000 
0.000000 0.000000 0.000000 0.000000 0.000000 0.000000 0.000000 0.000000 0.000000 0.000000 0.000000 0.000000 0.000000 0.000000 0.000000 0.000000 
0.000000 0.000000 0.000000 0.000000 0.000000 0.000000 0.000000 0.000000 0.000000 0.000000 0.000000 0.000000 0.000000 0.000000 0.000000 0.000000 
0.000000 0.000000 0.000000 0.000000 0.000000 0.000000 0.000000 0.000000 0.000000 0.000000 0.000000 0.000000 0.000000 0.000000 0.000000 0.000000 
0.000000 0.000000 0.000000 0.000000 0.000000 0.000000 0.000000 0.000000 0.000000 0.000000 0.000000 0.000000 0.000000 0.000000 0.000000 0.000000 
0.000000 0.000000 0.000000 0.000000 0.000000 0.000000 0.000000 0.000000 0.000000 0.000000 0.000000 0.000000 0.000000 0.000000 0.000000 0.000000 
0.000000 0.000000 0.000000 0.000000 0.000000 0.000000 0.000000 0.000000 0.000000 0.000000 0.000000 0.000000 0.000000 0.000000 0.000000 0.000000 
0.000000 0.000000 0.000000 0.000000 0.000000 0.000000 0.000000 0.000000 0.000000 0.000000 0.000000 0.000000 0.000000 0.000000 0.000000 0.000000 
0.000000 0.000000 0.000000 0.000000 0.000000 0.000000 0.000000 0.000000 0.000000 0.000000 0.000000 0.000000 0.000000 0.000000 0.000000 0.000000 
0.000000 0.000000 0.000000 0.000000 0.000000 0.000000 0.000000 0.000000 0.000000 0.000000 0.000000 0.000000 0.000000 0.000000 0.000000 0.000000 
0.000000 0.000000 0.000000 0.000000 0.000000 0.000000 0.000000 0.000000 0.000000 0.000000 0.000000 0.000000 0.000000 0.000000 0.000000 0.000000 
0.000000 0.000000 0.000000 0.000000 0.000000 0.000000 0.000000 0.000000 0.000000 0.000000 0.000000 0.000000 0.000000 0.000000 0.000000 0.000000 
0.000000 0.000000 0.000000 0.000000 0.000000 0.000000 0.000000 0.000000 0.000000 0.000000 0.000000 0.000000 0.000000 0.000000 0.000000 0.000000 
0.000000 0.000000 0.000000 0.000000 0.000000 0.000000 0.000000 0.000000 0.000000 0.000000 0.000000 0.000000 0.000000 0.000000 0.000000 0.000000 
0.000000 0.000000 0.000000 0.000000 0.000000 0.000000 0.000000 0.000000 0.000000 0.000000 0.000000 0.000000 0.000000 0.000000 0.000000 0.000000 
0.000000 0.000000 0.000000 0.000000 0.000000 0.000000 0.000000 0.000000 0.000000 0.000000 0.000000 0.000000 0.000000 0.000000 0.000000 0.000000 
0.000000 0.000000 0.000000 0.000000 0.000000 0.000000 0.000000 0.000000 0.000000 0.000000 0.000000 0.000000 0.000000 0.000000 0.000000 0.000000 
0.000000 0.000000 0.000000 0.000000 0.000000 0.000000 0.000000 0.000000 0.000000 0.000000 0.000000 0.000000 0.000000 0.000000 0.000000 0.000000 
0.000000 0.000000 0.000000 0.000000 0.000000 0.000000 0.000000 0.000000 0.000000 0.000000 0.000000 0.000000 0.000000 0.000000 0.000000 0.000000 
0.000000 0.000000 0.000000 0.000000 0.000000 0.000000 0.000000 0.000000 0.000000 0.000000 0.000000 0.000000 0.000000 0.000000 0.000000 0.000000 
0.000000 0.000000 0.000000 0.000000 0.000000 0.000000 0.000000 0.000000 0.000000 0.000000 0.000000 0.000000 0.000000 0.000000 0.000000 0.000000 
0.000000 0.000000 0.000000 0.000000 0.000000 0.000000 0.000000 0.000000 0.000000 0.000000 0.000000 0.000000 0.000000 0.000000 0.000000 0.000000 
0.000000 0.000000 0.000000 0.000000 0.000000 0.000000 0.000000 0.000000 0.000000 0.000000 0.000000 0.000000 0.000000 0.000000 0.000000 0.000000 
0.000000 0.000000 0.000000 0.000000 0.000000 0.000000 0.000000 0.000000 0.000000 0.000000 0.000000 0.000000 0.000000 0.000000 0.000000 0.000000 
0.000000 0.000000 0.000000 0.000000 0.000000 0.000000 0.000000 0.000000 0.000000 0.000000 0.000000 0.000000 0.000000 0.000000 0.000000 0.000000 
0.000000 0.000000 0.000000 0.000000 0.000000 0.000000 0.000000 0.000000 0.000000 0.000000 0.000000 0.000000 0.000000 0.000000 0.000000 0.000000 
0.000000 0.000000 0.000000 0.000000 0.000000 0.000000 0.000000 0.000000 0.000000 0.000000 0.000000 0.000000 0.000000 0.000000 0.000000 0.000000 
0.000000 0.000000 0.000000 0.000000 0.000000 0.000000 0.000000 0.000000 0.000000 0.000000 0.000000 0.000000 0.000000 0.000000 0.000000 0.000000 
0.000000 0.000000 0.000000 0.000000 0.000000 0.000000 0.000000 0.000000 0.000000 0.000000 0.000000 0.000000 0.000000 0.000000 0.000000 0.000000 
0.000000 0.000000 0.000000 0.000000 0.000000 0.000000 0.000000 0.000000 0.000000 0.000000 0.000000 0.000000 0.000000 0.000000 0.000000 0.000000 
0.000000 0.000000 0.000000 0.000000 0.000000 0.000000 0.000000 0.000000 0.000000 0.000000 0.000000 0.000000 0.000000 0.000000 0.000000 0.000000 
0.000000 0.000000 0.000000 0.000000 0.000000 0.000000 0.000000 0.000000 0.000000 0.000000 0.000000 0.000000 0.000000 0.000000 0.000000 0.000000 
0.000000 0.000000 0.000000 0.000000 0.000000 0.000000 0.000000 0.000000 0.000000 0.000000 0.000000 0.000000 0.000000 0.000000 0.000000 0.000000 
0.000000 0.000000 0.000000 0.000000 0.000000 0.000000 0.000000 0.000000 0.000000 0.000000 0.000000 0.000000 0.000000 0.000000 0.000000 0.000000 
0.000000 0.000000 0.000000 0.000000 0.000000 0.000000 0.000000 0.000000 0.000000 0.000000 0.000000 0.000000 0.000000 0.000000 0.000000 0.000000 
0.000000 0.000000 0.000000 0.000000 0.000000 0.000000 0.000000 0.000000 0.000000 0.000000 0.000000 0.000000 0.000000 0.000000 0.000000 0.000000 
0.000000 0.000000 0.000000 0.000000 0.000000 0.000000 0.000000 0.000000 0.000000 0.000000 0.000000 0.000000 0.000000 0.000000 0.000000 0.000000 
0.000000 0.000000 0.000000 0.000000 0.000000 0.000000 0.000000 0.000000 0.000000 0.000000 0.000000 0.000000 0.000000 0.000000 0.000000 0.000000 
0.000000 0.000000 0.000000 0.000000 0.000000 0.000000 0.000000 0.000000 0.000000 0.000000 0.000000 0.000000 0.000000 0.000000 0.000000 0.000000 
0.000000 0.000000 0.000000 0.000000 0.000000 0.000000 0.000000 0.000000 0.000000 0.000000 0.000000 0.000000 0.000000 0.000000 0.000000 0.000000 
0.000000 0.000000 0.000000 0.000000 0.000000 0.000000 0.000000 0.000000 0.000000 0.000000 0.000000 0.000000 0.000000 0.000000 0.000000 0.000000 
0.000000 0.000000 0.000000 0.000000 0.000000 0.000000 0.000000 0.000000 0.000000 0.000000 0.000000 0.000000 0.000000 0.000000 0.000000 0.000000 
0.000000 0.000000 0.000000 0.000000 0.000000 0.000000 0.000000 0.000000 0.000000 0.000000 0.000000 0.000000 0.000000 0.000000 0.000000 0.000000 
0.000000 0.000000 0.000000 0.000000 0.000000 0.000000 0.000000 0.000000 0.000000 0.000000 0.000000 0.000000 0.000000 0.000000 0.000000 0.000000 
0.000000 0.000000 0.000000 0.000000 0.000000 0.000000 0.000000 0.000000 0.000000 0.000000 0.000000 0.000000 0.000000 0.000000 0.000000 0.000000 
0.000000 0.000000 0.000000 0.000000 0.000000 0.000000 0.000000 0.000000 0.000000 0.000000 0.000000 0.000000 0.000000 0.000000 0.000000 0.000000 
0.000000 0.000000 0.000000 0.000000 0.000000 0.000000 0.000000 0.000000 0.000000 0.000000 0.000000 0.000000 0.000000 0.000000 0.000000 0.000000 
0.000000 0.000000 0.000000 0.000000 0.000000 0.000000 0.000000 0.000000 0.000000 0.000000 0.000000 0.000000 0.000000 0.000000 0.000000 0.000000 
0.000000 0.000000 0.000000 0.000000 0.000000 0.000000 0.000000 0.000000 0.000000 0.000000 0.000000 0.000000 0.000000 0.000000 0.000000 0.000000 
0.000000 0.000000 0.000000 0.000000 0.000000 0.000000 0.000000 0.000000 0.000000 0.000000 0.000000 0.000000 0.000000 0.000000 0.000000 0.000000 
0.000000 0.000000 0.000000 0.000000 0.000000 0.000000 0.000000 0.000000 0.000000 0.000000 0.000000 0.000000 0.000000 0.000000 0.000000 0.000000 
0.000000 0.000000 0.000000 0.000000 0.000000 0.000000 0.000000 0.000000 0.000000 0.000000 0.000000 0.000000 0.000000 0.000000 0.000000 0.000000 
0.000000 0.000000 0.000000 0.000000 0.000000 0.000000 0.000000 0.000000 0.000000 0.000000 0.000000 0.000000 0.000000 0.000000 0.000000 0.000000 
0.000000 0.000000 0.000000 0.000000 0.000000 0.000000 0.000000 0.000000 0.000000 0.000000 0.000000 0.000000 0.000000 0.000000 0.000000 0.000000 
0.000000 0.000000 0.000000 0.000000 0.000000 0.000000 0.000000 0.000000 0.000000 0.000000 0.000000 0.000000 0.000000 0.000000 0.000000 0.000000 
0.000000 0.000000 0.000000 0.000000 0.000000 0.000000 0.000000 0.000000 0.000000 0.000000 0.000000 0.000000 0.000000 0.000000 0.000000 0.000000 
0.000000 0.000000 0.000000 0.000000 0.000000 0.000000 0.000000 0.000000 0.000000 0.000000 0.000000 0.000000 0.000000 0.000000 0.000000 0.000000 
0.000000 0.000000 0.000000 0.000000 0.000000 0.000000 0.000000 0.000000 0.000000 0.000000 0.000000 0.000000 0.000000 0.000000 0.000000 0.000000 
0.000000 0.000000 0.000000 0.000000 0.000000 0.000000 0.000000 0.000000 0.000000 0.000000 0.000000 0.000000 0.000000 0.000000 0.000000 0.000000 
0.000000 0.000000 0.000000 0.000000 0.000000 0.000000 0.000000 0.000000 0.000000 0.000000 0.000000 0.000000 0.000000 0.000000 0.000000 0.000000 
0.000000 0.000000 0.000000 0.000000 0.000000 0.000000 0.000000 0.000000 0.000000 0.000000 0.000000 0.000000 0.000000 0.000000 0.000000 0.000000 
0.000000 0.000000 0.000000 0.000000 0.000000 0.000000 0.000000 0.000000 0.000000 0.000000 0.000000 0.000000 0.000000 0.000000 0.000000 0.000000 
0.000000 0.000000 0.000000 0.000000 0.000000 0.000000 0.000000 0.000000 0.000000 0.000000 0.000000 0.000000 0.000000 0.000000 0.000000 0.000000 
0.000000 0.000000 0.000000 0.000000 0.000000 0.000000 0.000000 0.000000 0.000000 0.000000 0.000000 0.000000 0.000000 0.000000 0.000000 0.000000 
0.000000 0.000000 0.000000 0.000000 0.000000 0.000000 0.000000 0.000000 0.000000 0.000000 0.000000 0.000000 0.000000 0.000000 0.000000 0.000000 
0.000000 0.000000 0.000000 0.000000 0.000000 0.000000 0.000000 0.000000 0.000000 0.000000 0.000000 0.000000 0.000000 0.000000 0.000000 0.000000 
0.000000 0.000000 0.000000 0.000000 0.000000 0.000000 0.000000 0.000000 0.000000 0.000000 0.000000 0.000000 0.000000 0.000000 0.000000 0.000000 
0.000000 0.000000 0.000000 0.000000 0.000000 0.000000 0.000000 0.000000 0.000000 0.000000 0.000000 0.000000 0.000000 0.000000 0.000000 0.000000 
0.000000 0.000000 0.000000 0.000000 0.000000 0.000000 0.000000 0.000000 0.000000 0.000000 0.000000 0.000000 0.000000 0.000000 0.000000 0.000000 
0.000000 0.000000 0.000000 0.000000 0.000000 0.000000 0.000000 0.000000 0.000000 0.000000 0.000000 0.000000 0.000000 0.000000 0.000000 0.000000 
0.000000 0.000000 0.000000 0.000000 0.000000 0.000000 0.000000 0.000000 0.000000 0.000000 0.000000 0.000000 0.000000 0.000000 0.000000 0.000000 
0.000000 0.000000 0.000000 0.000000 0.000000 0.000000 0.000000 0.000000 0.000000 0.000000 0.000000 0.000000 0.000000 0.000000 0.000000 0.000000 
0.000000 0.000000 0.000000 0.000000 0.000000 0.000000 0.000000 0.000000 0.000000 0.000000 0.000000 0.000000 0.000000 0.000000 0.000000 0.000000 
0.000000 0.000000 0.000000 0.000000 0.000000 0.000000 0.000000 0.000000 0.000000 0.000000 0.000000 0.000000 0.000000 0.000000 0.000000 0.000000 
0.000000 0.000000 0.000000 0.000000 0.000000 0.000000 0.000000 0.000000 0.000000 0.000000 0.000000 0.000000 0.000000 0.000000 0.000000 0.000000 
0.000000 0.000000 0.000000 0.000000 0.000000 0.000000 0.000000 0.000000 0.000000 0.000000 0.000000 0.000000 0.000000 0.000000 0.000000 0.000000 
0.000000 0.000000 0.000000 0.000000 0.000000 0.000000 0.000000 0.000000 0.000000 0.000000 0.000000 0.000000 0.000000 0.000000 0.000000 0.000000 
0.000000 0.000000 0.000000 0.000000 0.000000 0.000000 0.000000 0.000000 0.000000 0.000000 0.000000 0.000000 0.000000 0.000000 0.000000 0.000000 
0.000000 0.000000 0.000000 0.000000 0.000000 0.000000 0.000000 0.000000 0.000000 0.000000 0.000000 0.000000 0.000000 0.000000 0.000000 0.000000 
0.000000 0.000000 0.000000 0.000000 0.000000 0.000000 0.000000 0.000000 0.000000 0.000000 0.000000 0.000000 0.000000 0.000000 0.000000 0.000000 
0.000000 0.000000 0.000000 0.000000 0.000000 0.000000 0.000000 0.000000 0.000000 0.000000 0.000000 0.000000 0.000000 0.000000 0.000000 0.000000 
0.000000 0.000000 0.000000 0.000000 0.000000 0.000000 0.000000 0.000000 0.000000 0.000000 0.000000 0.000000 0.000000 0.000000 0.000000 0.000000 
0.000000 0.000000 0.000000 0.000000 0.000000 0.000000 0.000000 0.000000 0.000000 0.000000 0.000000 0.000000 0.000000 0.000000 0.000000 0.000000 
0.000000 0.000000 0.000000 0.000000 0.000000 0.000000 0.000000 0.000000 0.000000 0.000000 0.000000 0.000000 0.000000 0.000000 0.000000 0.000000 
0.000000 0.000000 0.000000 0.000000 0.000000 0.000000 0.000000 0.000000 0.000000 0.000000 0.000000 0.000000 0.000000 0.000000 0.000000 0.000000 
0.000000 0.000000 0.000000 0.000000 0.000000 0.000000 0.000000 0.000000 0.000000 0.000000 0.000000 0.000000 0.000000 0.000000 0.000000 0.000000 
0.000000 0.000000 0.000000 0.000000 0.000000 0.000000 0.000000 0.000000 0.000000 0.000000 0.000000 0.000000 0.000000 0.000000 0.000000 0.000000 
0.000000 0.000000 0.000000 0.000000 0.000000 0.000000 0.000000 0.000000 0.000000 0.000000 0.000000 0.000000 0.000000 0.000000 0.000000 0.000000 
0.000000 0.000000 0.000000 0.000000 0.000000 0.000000 0.000000 0.000000 0.000000 0.000000 0.000000 0.000000 0.000000 0.000000 0.000000 0.000000 
0.000000 0.000000 0.000000 0.000000 0.000000 0.000000 0.000000 0.000000 0.000000 0.000000 0.000000 0.000000 0.000000 0.000000 0.000000 0.000000 
0.000000 0.000000 0.000000 0.000000 0.000000 0.000000 0.000000 0.000000 0.000000 0.000000 0.000000 0.000000 0.000000 0.000000 0.000000 0.000000 
0.000000 0.000000 0.000000 0.000000 0.000000 0.000000 0.000000 0.000000 0.000000 0.000000 0.000000 0.000000 0.000000 0.000000 0.000000 0.000000 
0.000000 0.000000 0.000000 0.000000 0.000000 0.000000 0.000000 0.000000 0.000000 0.000000 0.000000 0.000000 0.000000 0.000000 0.000000 0.000000 
0.000000 0.000000 0.000000 0.000000 0.000000 0.000000 0.000000 0.000000 0.000000 0.000000 0.000000 0.000000 0.000000 0.000000 0.000000 0.000000 
0.000000 0.000000 0.000000 0.000000 0.000000 0.000000 0.000000 0.000000 0.000000 0.000000 0.000000 0.000000 0.000000 0.000000 0.000000 0.000000 
0.000000 0.000000 0.000000 0.000000 0.000000 0.000000 0.000000 0.000000 0.000000 0.000000 0.000000 0.000000 0.000000 0.000000 0.000000 0.000000 
0.000000 0.000000 0.000000 0.000000 0.000000 0.000000 0.000000 0.000000 0.000000 0.000000 0.000000 0.000000 0.000000 0.000000 0.000000 0.000000 
0.000000 0.000000 0.000000 0.000000 0.000000 0.000000 0.000000 0.000000 0.000000 0.000000 0.000000 0.000000 0.000000 0.000000 0.000000 0.000000 
0.000000 0.000000 0.000000 0.000000 0.000000 0.000000 0.000000 0.000000 0.000000 0.000000 0.000000 0.000000 0.000000 0.000000 0.000000 0.000000 
0.000000 0.000000 0.000000 0.000000 0.000000 0.000000 0.000000 0.000000 0.000000 0.000000 0.000000 0.000000 0.000000 0.000000 0.000000 0.000000 
0.000000 0.000000 0.000000 0.000000 0.000000 0.000000 0.000000 0.000000 0.000000 0.000000 0.000000 0.000000 0.000000 0.000000 0.000000 0.000000 
0.000000 0.000000 0.000000 0.000000 0.000000 0.000000 0.000000 0.000000 0.000000 0.000000 0.000000 0.000000 0.000000 0.000000 0.000000 0.000000 
0.000000 0.000000 0.000000 0.000000 0.000000 0.000000 0.000000 0.000000 0.000000 0.000000 0.000000 0.000000 0.000000 0.000000 0.000000 0.000000 
0.000000 0.000000 0.000000 0.000000 0.000000 0.000000 0.000000 0.000000 0.000000 0.000000 0.000000 0.000000 0.000000 0.000000 0.000000 0.000000 
0.000000 0.000000 0.000000 0.000000 0.000000 0.000000 0.000000 0.000000 0.000000 0.000000 0.000000 0.000000 0.000000 0.000000 0.000000 0.000000 
0.000000 0.000000 0.000000 0.000000 0.000000 0.000000 0.000000 0.000000 0.000000 0.000000 0.000000 0.000000 0.000000 0.000000 0.000000 0.000000 
0.000000 0.000000 0.000000 0.000000 0.000000 0.000000 0.000000 0.000000 0.000000 0.000000 0.000000 0.000000 0.000000 0.000000 0.000000 0.000000 
0.000000 0.000000 0.000000 0.000000 0.000000 0.000000 0.000000 0.000000 0.000000 0.000000 0.000000 0.000000 0.000000 0.000000 0.000000 0.000000 
0.000000 0.000000 0.000000 0.000000 0.000000 0.000000 0.000000 0.000000 0.000000 0.000000 0.000000 0.000000 0.000000 0.000000 0.000000 0.000000 
0.000000 0.000000 0.000000 0.000000 0.000000 0.000000 0.000000 0.000000 0.000000 0.000000 0.000000 0.000000 0.000000 0.000000 0.000000 0.000000 
0.000000 0.000000 0.000000 0.000000 0.000000 0.000000 0.000000 0.000000 0.000000 0.000000 0.000000 0.000000 0.000000 0.000000 0.000000 0.000000 
0.000000 0.000000 0.000000 0.000000 0.000000 0.000000 0.000000 0.000000 0.000000 0.000000 0.000000 0.000000 0.000000 0.000000 0.000000 0.000000 
0.000000 0.000000 0.000000 0.000000 0.000000 0.000000 0.000000 0.000000 0.000000 0.000000 0.000000 0.000000 0.000000 0.000000 0.000000 0.000000 
0.000000 0.000000 0.000000 0.000000 0.000000 0.000000 0.000000 0.000000 0.000000 0.000000 0.000000 0.000000 0.000000 0.000000 0.000000 0.000000 
0.000000 0.000000 0.000000 0.000000 0.000000 0.000000 0.000000 0.000000 0.000000 0.000000 0.000000 0.000000 0.000000 0.000000 0.000000 0.000000 
0.000000 0.000000 0.000000 0.000000 0.000000 0.000000 0.000000 0.000000 0.000000 0.000000 0.000000 0.000000 0.000000 0.000000 0.000000 0.000000 
0.000000 0.000000 0.000000 0.000000 0.000000 0.000000 0.000000 0.000000 0.000000 0.000000 0.000000 0.000000 0.000000 0.000000 0.000000 0.000000 
0.000000 0.000000 0.000000 0.000000 0.000000 0.000000 0.000000 0.000000 0.000000 0.000000 0.000000 0.000000 0.000000 0.000000 0.000000 0.000000 
0.000000 0.000000 0.000000 0.000000 0.000000 0.000000 0.000000 0.000000 0.000000 0.000000 0.000000 0.000000 0.000000 0.000000 0.000000 0.000000 
0.000000 0.000000 0.000000 0.000000 0.000000 0.000000 0.000000 0.000000 0.000000 0.000000 0.000000 0.000000 0.000000 0.000000 0.000000 0.000000 
0.000000 0.000000 0.000000 0.000000 0.000000 0.000000 0.000000 0.000000 0.000000 0.000000 0.000000 0.000000 0.000000 0.000000 0.000000 0.000000 
0.000000 0.000000 0.000000 0.000000 0.000000 0.000000 0.000000 0.000000 0.000000 0.000000 0.000000 0.000000 0.000000 0.000000 0.000000 0.000000 
0.000000 0.000000 0.000000 0.000000 0.000000 0.000000 0.000000 0.000000 0.000000 0.000000 0.000000 0.000000 0.000000 0.000000 0.000000 0.000000 
0.000000 0.000000 0.000000 0.000000 0.000000 0.000000 0.000000 0.000000 0.000000 0.000000 0.000000 0.000000 0.000000 0.000000 0.000000 0.000000 
0.000000 0.000000 0.000000 0.000000 0.000000 0.000000 0.000000 0.000000 0.000000 0.000000 0.000000 0.000000 0.000000 0.000000 0.000000 0.000000 
0.000000 0.000000 0.000000 0.000000 0.000000 0.000000 0.000000 0.000000 0.000000 0.000000 0.000000 0.000000 0.000000 0.000000 0.000000 0.000000 
0.000000 0.000000 0.000000 0.000000 0.000000 0.000000 0.000000 0.000000 0.000000 0.000000 0.000000 0.000000 0.000000 0.000000 0.000000 0.000000 
0.000000 0.000000 0.000000 0.000000 0.000000 0.000000 0.000000 0.000000 0.000000 0.000000 0.000000 0.000000 0.000000 0.000000 0.000000 0.000000 
0.000000 0.000000 0.000000 0.000000 0.000000 0.000000 0.000000 0.000000 0.000000 0.000000 0.000000 0.000000 0.000000 0.000000 0.000000 0.000000 
0.000000 0.000000 0.000000 0.000000 0.000000 0.000000 0.000000 0.000000 0.000000 0.000000 0.000000 0.000000 0.000000 0.000000 0.000000 0.000000 
0.000000 0.000000 0.000000 0.000000 0.000000 0.000000 0.000000 0.000000 0.000000 0.000000 0.000000 0.000000 0.000000 0.000000 0.000000 0.000000 
0.000000 0.000000 0.000000 0.000000 0.000000 0.000000 0.000000 0.000000 0.000000 0.000000 0.000000 0.000000 0.000000 0.000000 0.000000 0.000000 
0.000000 0.000000 0.000000 0.000000 0.000000 0.000000 0.000000 0.000000 0.000000 0.000000 0.000000 0.000000 0.000000 0.000000 0.000000 0.000000 
0.000000 0.000000 0.000000 0.000000 0.000000 0.000000 0.000000 0.000000 0.000000 0.000000 0.000000 0.000000 0.000000 0.000000 0.000000 0.000000 
0.000000 0.000000 0.000000 0.000000 0.000000 0.000000 0.000000 0.000000 0.000000 0.000000 0.000000 0.000000 0.000000 0.000000 0.000000 0.000000 
0.000000 0.000000 0.000000 0.000000 0.000000 0.000000 0.000000 0.000000 0.000000 0.000000 0.000000 0.000000 0.000000 0.000000 0.000000 0.000000 
0.000000 0.000000 0.000000 0.000000 0.000000 0.000000 0.000000 0.000000 0.000000 0.000000 0.000000 0.000000 0.000000 0.000000 0.000000 0.000000 
0.000000 0.000000 0.000000 0.000000 0.000000 0.000000 0.000000 0.000000 0.000000 0.000000 0.000000 0.000000 0.000000 0.000000 0.000000 0.000000 
0.000000 0.000000 0.000000 0.000000 0.000000 0.000000 0.000000 0.000000 0.000000 0.000000 0.000000 0.000000 0.000000 0.000000 0.000000 0.000000 
0.000000 0.000000 0.000000 0.000000 0.000000 0.000000 0.000000 0.000000 0.000000 0.000000 0.000000 0.000000 0.000000 0.000000 0.000000 0.000000 
0.000000 0.000000 0.000000 0.000000 0.000000 0.000000 0.000000 0.000000 0.000000 0.000000 0.000000 0.000000 0.000000 0.000000 0.000000 0.000000 
0.000000 0.000000 0.000000 0.000000 0.000000 0.000000 0.000000 0.000000 0.000000 0.000000 0.000000 0.000000 0.000000 0.000000 0.000000 0.000000 
0.000000 0.000000 0.000000 0.000000 0.000000 0.000000 0.000000 0.000000 0.000000 0.000000 0.000000 0.000000 0.000000 0.000000 0.000000 0.000000 
0.000000 0.000000 0.000000 0.000000 0.000000 0.000000 0.000000 0.000000 0.000000 0.000000 0.000000 0.000000 0.000000 0.000000 0.000000 0.000000 
0.000000 0.000000 0.000000 0.000000 0.000000 0.000000 0.000000 0.000000 0.000000 0.000000 0.000000 0.000000 0.000000 0.000000 0.000000 0.000000 
0.000000 0.000000 0.000000 0.000000 0.000000 0.000000 0.000000 0.000000 0.000000 0.000000 0.000000 0.000000 0.000000 0.000000 0.000000 0.000000 
0.000000 0.000000 0.000000 0.000000 0.000000 0.000000 0.000000 0.000000 0.000000 0.000000 0.000000 0.000000 0.000000 0.000000 0.000000 0.000000 
0.000000 0.000000 0.000000 0.000000 0.000000 0.000000 0.000000 0.000000 0.000000 0.000000 0.000000 0.000000 0.000000 0.000000 0.000000 0.000000 
0.000000 0.000000 0.000000 0.000000 0.000000 0.000000 0.000000 0.000000 0.000000 0.000000 0.000000 0.000000 0.000000 0.000000 0.000000 0.000000 
0.000000 0.000000 0.000000 0.000000 0.000000 0.000000 0.000000 0.000000 0.000000 0.000000 0.000000 0.000000 0.000000 0.000000 0.000000 0.000000 
0.000000 0.000000 0.000000 0.000000 0.000000 0.000000 0.000000 0.000000 0.000000 0.000000 0.000000 0.000000 0.000000 0.000000 0.000000 0.000000 
0.000000 0.000000 0.000000 0.000000 0.000000 0.000000 0.000000 0.000000 0.000000 0.000000 0.000000 0.000000 0.000000 0.000000 0.000000 0.000000 
0.000000 0.000000 0.000000 0.000000 0.000000 0.000000 0.000000 0.000000 0.000000 0.000000 0.000000 0.000000 0.000000 0.000000 0.000000 0.000000 
0.000000 0.000000 0.000000 0.000000 0.000000 0.000000 0.000000 0.000000 0.000000 0.000000 0.000000 0.000000 0.000000 0.000000 0.000000 0.000000 
0.000000 0.000000 0.000000 0.000000 0.000000 0.000000 0.000000 0.000000 0.000000 0.000000 0.000000 0.000000 0.000000 0.000000 0.000000 0.000000 
0.000000 0.000000 0.000000 0.000000 0.000000 0.000000 0.000000 0.000000 0.000000 0.000000 0.000000 0.000000 0.000000 0.000000 0.000000 0.000000 
0.000000 0.000000 0.000000 0.000000 0.000000 0.000000 0.000000 0.000000 0.000000 0.000000 0.000000 0.000000 0.000000 0.000000 0.000000 0.000000 
0.000000 0.000000 0.000000 0.000000 0.000000 0.000000 0.000000 0.000000 0.000000 0.000000 0.000000 0.000000 0.000000 0.000000 0.000000 0.000000 
0.000000 0.000000 0.000000 0.000000 0.000000 0.000000 0.000000 0.000000 0.000000 0.000000 0.000000 0.000000 0.000000 0.000000 0.000000 0.000000 
0.000000 0.000000 0.000000 0.000000 0.000000 0.000000 0.000000 0.000000 0.000000 0.000000 0.000000 0.000000 0.000000 0.000000 0.000000 0.000000 
0.000000 0.000000 0.000000 0.000000 0.000000 0.000000 0.000000 0.000000 0.000000 0.000000 0.000000 0.000000 0.000000 0.000000 0.000000 0.000000 
0.000000 0.000000 0.000000 0.000000 0.000000 0.000000 0.000000 0.000000 0.000000 0.000000 0.000000 0.000000 0.000000 0.000000 0.000000 0.000000 
0.000000 0.000000 0.000000 0.000000 0.000000 0.000000 0.000000 0.000000 0.000000 0.000000 0.000000 0.000000 0.000000 0.000000 0.000000 0.000000 
0.000000 0.000000 0.000000 0.000000 0.000000 0.000000 0.000000 0.000000 0.000000 0.000000 0.000000 0.000000 0.000000 0.000000 0.000000 0.000000 
0.000000 0.000000 0.000000 0.000000 0.000000 0.000000 0.000000 0.000000 0.000000 0.000000 0.000000 0.000000 0.000000 0.000000 0.000000 0.000000 
0.000000 0.000000 0.000000 0.000000 0.000000 0.000000 0.000000 0.000000 0.000000 0.000000 0.000000 0.000000 0.000000 0.000000 0.000000 0.000000 
0.000000 0.000000 0.000000 0.000000 0.000000 0.000000 0.000000 0.000000 0.000000 0.000000 0.000000 0.000000 0.000000 0.000000 0.000000 0.000000 
0.000000 0.000000 0.000000 0.000000 0.000000 0.000000 0.000000 0.000000 0.000000 0.000000 0.000000 0.000000 0.000000 0.000000 0.000000 0.000000 
0.000000 0.000000 0.000000 0.000000 0.000000 0.000000 0.000000 0.000000 0.000000 0.000000 0.000000 0.000000 0.000000 0.000000 0.000000 0.000000 
0.000000 0.000000 0.000000 0.000000 0.000000 0.000000 0.000000 0.000000 0.000000 0.000000 0.000000 0.000000 0.000000 0.000000 0.000000 0.000000 
0.000000 0.000000 0.000000 0.000000 0.000000 0.000000 0.000000 0.000000 0.000000 0.000000 0.000000 0.000000 0.000000 0.000000 0.000000 0.000000 
0.000000 0.000000 0.000000 0.000000 0.000000 0.000000 0.000000 0.000000 0.000000 0.000000 0.000000 0.000000 0.000000 0.000000 0.000000 0.000000 
0.000000 0.000000 0.000000 0.000000 0.000000 0.000000 0.000000 0.000000 0.000000 0.000000 0.000000 0.000000 0.000000 0.000000 0.000000 0.000000 
0.000000 0.000000 0.000000 0.000000 0.000000 0.000000 0.000000 0.000000 0.000000 0.000000 0.000000 0.000000 0.000000 0.000000 0.000000 0.000000 
0.000000 0.000000 0.000000 0.000000 0.000000 0.000000 0.000000 0.000000 0.000000 0.000000 0.000000 0.000000 0.000000 0.000000 0.000000 0.000000 
0.000000 0.000000 0.000000 0.000000 0.000000 0.000000 0.000000 0.000000 0.000000 0.000000 0.000000 0.000000 0.000000 0.000000 0.000000 0.000000 
0.000000 0.000000 0.000000 0.000000 0.000000 0.000000 0.000000 0.000000 0.000000 0.000000 0.000000 0.000000 0.000000 0.000000 0.000000 0.000000 
0.000000 0.000000 0.000000 0.000000 0.000000 0.000000 0.000000 0.000000 0.000000 0.000000 0.000000 0.000000 0.000000 0.000000 0.000000 0.000000 
0.000000 0.000000 0.000000 0.000000 0.000000 0.000000 0.000000 0.000000 0.000000 0.000000 0.000000 0.000000 0.000000 0.000000 0.000000 0.000000 
0.000000 0.000000 0.000000 0.000000 0.000000 0.000000 0.000000 0.000000 0.000000 0.000000 0.000000 0.000000 0.000000 0.000000 0.000000 0.000000 
0.000000 0.000000 0.000000 0.000000 0.000000 0.000000 0.000000 0.000000 0.000000 0.000000 0.000000 0.000000 0.000000 0.000000 0.000000 0.000000 
0.000000 0.000000 0.000000 0.000000 0.000000 0.000000 0.000000 0.000000 0.000000 0.000000 0.000000 0.000000 0.000000 0.000000 0.000000 0.000000 
0.000000 0.000000 0.000000 0.000000 0.000000 0.000000 0.000000 0.000000 0.000000 0.000000 0.000000 0.000000 0.000000 0.000000 0.000000 0.000000 
0.000000 0.000000 0.000000 0.000000 0.000000 0.000000 0.000000 0.000000 0.000000 0.000000 0.000000 0.000000 0.000000 0.000000 0.000000 0.000000 
0.000000 0.000000 0.000000 0.000000 0.000000 0.000000 0.000000 0.000000 0.000000 0.000000 0.000000 0.000000 0.000000 0.000000 0.000000 0.000000 
0.000000 0.000000 0.000000 0.000000 0.000000 0.000000 0.000000 0.000000 0.000000 0.000000 0.000000 0.000000 0.000000 0.000000 0.000000 0.000000 
0.000000 0.000000 0.000000 0.000000 0.000000 0.000000 0.000000 0.000000 0.000000 0.000000 0.000000 0.000000 0.000000 0.000000 0.000000 0.000000 
0.000000 0.000000 0.000000 0.000000 0.000000 0.000000 0.000000 0.000000 0.000000 0.000000 0.000000 0.000000 0.000000 0.000000 0.000000 0.000000 
0.000000 0.000000 0.000000 0.000000 0.000000 0.000000 0.000000 0.000000 0.000000 0.000000 0.000000 0.000000 0.000000 0.000000 0.000000 0.000000 
0.000000 0.000000 0.000000 0.000000 0.000000 0.000000 0.000000 0.000000 0.000000 0.000000 0.000000 0.000000 0.000000 0.000000 0.000000 0.000000 
0.000000 0.000000 0.000000 0.000000 0.000000 0.000000 0.000000 0.000000 0.000000 0.000000 0.000000 0.000000 0.000000 0.000000 0.000000 0.000000 
0.000000 0.000000 0.000000 0.000000 0.000000 0.000000 0.000000 0.000000 0.000000 0.000000 0.000000 0.000000 0.000000 0.000000 0.000000 0.000000 
0.000000 0.000000 0.000000 0.000000 0.000000 0.000000 0.000000 0.000000 0.000000 0.000000 0.000000 0.000000 0.000000 0.000000 0.000000 0.000000 
0.000000 0.000000 0.000000 0.000000 0.000000 0.000000 0.000000 0.000000 0.000000 0.000000 0.000000 0.000000 0.000000 0.000000 0.000000 0.000000 
0.000000 0.000000 0.000000 0.000000 0.000000 0.000000 0.000000 0.000000 0.000000 0.000000 0.000000 0.000000 0.000000 0.000000 0.000000 0.000000 
0.000000 0.000000 0.000000 0.000000 0.000000 0.000000 0.000000 0.000000 0.000000 0.000000 0.000000 0.000000 0.000000 0.000000 0.000000 0.000000 
0.000000 0.000000 0.000000 0.000000 0.000000 0.000000 0.000000 0.000000 0.000000 0.000000 0.000000 0.000000 0.000000 0.000000 0.000000 0.000000 
0.000000 0.000000 0.000000 0.000000 0.000000 0.000000 0.000000 0.000000 0.000000 0.000000 0.000000 0.000000 0.000000 0.000000 0.000000 0.000000 
0.000000 0.000000 0.000000 0.000000 0.000000 0.000000 0.000000 0.000000 0.000000 0.000000 0.000000 0.000000 0.000000 0.000000 0.000000 0.000000 
0.000000 0.000000 0.000000 0.000000 0.000000 0.000000 0.000000 0.000000 0.000000 0.000000 0.000000 0.000000 0.000000 0.000000 0.000000 0.000000 
0.000000 0.000000 0.000000 0.000000 0.000000 0.000000 0.000000 0.000000 0.000000 0.000000 0.000000 0.000000 0.000000 0.000000 0.000000 0.000000 
0.000000 0.000000 0.000000 0.000000 0.000000 0.000000 0.000000 0.000000 0.000000 0.000000 0.000000 0.000000 0.000000 0.000000 0.000000 0.000000 
0.000000 0.000000 0.000000 0.000000 0.000000 0.000000 0.000000 0.000000 0.000000 0.000000 0.000000 0.000000 0.000000 0.000000 0.000000 0.000000 
0.000000 0.000000 0.000000 0.000000 0.000000 0.000000 0.000000 0.000000 0.000000 0.000000 0.000000 0.000000 0.000000 0.000000 0.000000 0.000000 
0.000000 0.000000 0.000000 0.000000 0.000000 0.000000 0.000000 0.000000 0.000000 0.000000 0.000000 0.000000 0.000000 0.000000 0.000000 0.000000 
0.000000 0.000000 0.000000 0.000000 0.000000 0.000000 0.000000 0.000000 0.000000 0.000000 0.000000 0.000000 0.000000 0.000000 0.000000 0.000000 
0.000000 0.000000 0.000000 0.000000 0.000000 0.000000 0.000000 0.000000 0.000000 0.000000 0.000000 0.000000 0.000000 0.000000 0.000000 0.000000 
0.000000 0.000000 0.000000 0.000000 0.000000 0.000000 0.000000 0.000000 0.000000 0.000000 0.000000 0.000000 0.000000 0.000000 0.000000 0.000000 
0.000000 0.000000 0.000000 0.000000 0.000000 0.000000 0.000000 0.000000 0.000000 0.000000 0.000000 0.000000 0.000000 0.000000 0.000000 0.000000 
0.000000 0.000000 0.000000 0.000000 0.000000 0.000000 0.000000 0.000000 0.000000 0.000000 0.000000 0.000000 0.000000 0.000000 0.000000 0.000000 
0.000000 0.000000 0.000000 0.000000 0.000000 0.000000 0.000000 0.000000 0.000000 0.000000 0.000000 0.000000 0.000000 0.000000 0.000000 0.000000 
0.000000 0.000000 0.000000 0.000000 0.000000 0.000000 0.000000 0.000000 0.000000 0.000000 0.000000 0.000000 0.000000 0.000000 0.000000 0.000000 
0.000000 0.000000 0.000000 0.000000 0.000000 0.000000 0.000000 0.000000 0.000000 0.000000 0.000000 0.000000 0.000000 0.000000 0.000000 0.000000 
0.000000 0.000000 0.000000 0.000000 0.000000 0.000000 0.000000 0.000000 0.000000 0.000000 0.000000 0.000000 0.000000 0.000000 0.000000 0.000000 
0.000000 0.000000 0.000000 0.000000 0.000000 0.000000 0.000000 0.000000 0.000000 0.000000 0.000000 0.000000 0.000000 0.000000 0.000000 0.000000 
0.000000 0.000000 0.000000 0.000000 0.000000 0.000000 0.000000 0.000000 0.000000 0.000000 0.000000 0.000000 0.000000 0.000000 0.000000 0.000000 
0.000000 0.000000 0.000000 0.000000 0.000000 0.000000 0.000000 0.000000 0.000000 0.000000 0.000000 0.000000 0.000000 0.000000 0.000000 0.000000 
0.000000 0.000000 0.000000 0.000000 0.000000 0.000000 0.000000 0.000000 0.000000 0.000000 0.000000 0.000000 0.000000 0.000000 0.000000 0.000000 
0.000000 0.000000 0.000000 0.000000 0.000000 0.000000 0.000000 0.000000 0.000000 0.000000 0.000000 0.000000 0.000000 0.000000 0.000000 0.000000 
0.000000 0.000000 0.000000 0.000000 0.000000 0.000000 0.000000 0.000000 0.000000 0.000000 0.000000 0.000000 0.000000 0.000000 0.000000 0.000000 
0.000000 0.000000 0.000000 0.000000 0.000000 0.000000 0.000000 0.000000 0.000000 0.000000 0.000000 0.000000 0.000000 0.000000 0.000000 0.000000 
0.000000 0.000000 0.000000 0.000000 0.000000 0.000000 0.000000 0.000000 0.000000 0.000000 0.000000 0.000000 0.000000 0.000000 0.000000 0.000000 
0.000000 0.000000 0.000000 0.000000 0.000000 0.000000 0.000000 0.000000 0.000000 0.000000 0.000000 0.000000 0.000000 0.000000 0.000000 0.000000 
0.000000 0.000000 0.000000 0.000000 0.000000 0.000000 0.000000 0.000000 0.000000 0.000000 0.000000 0.000000 0.000000 0.000000 0.000000 0.000000 
0.000000 0.000000 0.000000 0.000000 0.000000 0.000000 0.000000 0.000000 0.000000 0.000000 0.000000 0.000000 0.000000 0.000000 0.000000 0.000000 
0.000000 0.000000 0.000000 0.000000 0.000000 0.000000 0.000000 0.000000 0.000000 0.000000 0.000000 0.000000 0.000000 0.000000 0.000000 0.000000 
0.000000 0.000000 0.000000 0.000000 0.000000 0.000000 0.000000 0.000000 0.000000 0.000000 0.000000 0.000000 0.000000 0.000000 0.000000 0.000000 
0.000000 0.000000 0.000000 0.000000 0.000000 0.000000 0.000000 0.000000 0.000000 0.000000 0.000000 0.000000 0.000000 0.000000 0.000000 0.000000 
0.000000 0.000000 0.000000 0.000000 0.000000 0.000000 0.000000 0.000000 0.000000 0.000000 0.000000 0.000000 0.000000 0.000000 0.000000 0.000000 
0.000000 0.000000 0.000000 0.000000 0.000000 0.000000 0.000000 0.000000 0.000000 0.000000 0.000000 0.000000 0.000000 0.000000 0.000000 0.000000 
0.000000 0.000000 0.000000 0.000000 0.000000 0.000000 0.000000 0.000000 0.000000 0.000000 0.000000 0.000000 0.000000 0.000000 0.000000 0.000000 
0.000000 0.000000 0.000000 0.000000 0.000000 0.000000 0.000000 0.000000 0.000000 0.000000 0.000000 0.000000 0.000000 0.000000 0.000000 0.000000 
0.000000 0.000000 0.000000 0.000000 0.000000 0.000000 0.000000 0.000000 0.000000 0.000000 0.000000 0.000000 0.000000 0.000000 0.000000 0.000000 
0.000000 0.000000 0.000000 0.000000 0.000000 0.000000 0.000000 0.000000 0.000000 0.000000 0.000000 0.000000 0.000000 0.000000 0.000000 0.000000 
0.000000 0.000000 0.000000 0.000000 0.000000 0.000000 0.000000 0.000000 0.000000 0.000000 0.000000 0.000000 0.000000 0.000000 0.000000 0.000000 
0.000000 0.000000 0.000000 0.000000 0.000000 0.000000 0.000000 0.000000 0.000000 0.000000 0.000000 0.000000 0.000000 0.000000 0.000000 0.000000 
0.000000 0.000000 0.000000 0.000000 0.000000 0.000000 0.000000 0.000000 0.000000 0.000000 0.000000 0.000000 0.000000 0.000000 0.000000 0.000000 
0.000000 0.000000 0.000000 0.000000 0.000000 0.000000 0.000000 0.000000 0.000000 0.000000 0.000000 0.000000 0.000000 0.000000 0.000000 0.000000 
0.000000 0.000000 0.000000 0.000000 0.000000 0.000000 0.000000 0.000000 0.000000 0.000000 0.000000 0.000000 0.000000 0.000000 0.000000 0.000000 
0.000000 0.000000 0.000000 0.000000 0.000000 0.000000 0.000000 0.000000 0.000000 0.000000 0.000000 0.000000 0.000000 0.000000 0.000000 0.000000 
0.000000 0.000000 0.000000 0.000000 0.000000 0.000000 0.000000 0.000000 0.000000 0.000000 0.000000 0.000000 0.000000 0.000000 0.000000 0.000000 
0.000000 0.000000 0.000000 0.000000 0.000000 0.000000 0.000000 0.000000 0.000000 0.000000 0.000000 0.000000 0.000000 0.000000 0.000000 0.000000 
0.000000 0.000000 0.000000 0.000000 0.000000 0.000000 0.000000 0.000000 0.000000 0.000000 0.000000 0.000000 0.000000 0.000000 0.000000 0.000000 
0.000000 0.000000 0.000000 0.000000 0.000000 0.000000 0.000000 0.000000 0.000000 0.000000 0.000000 0.000000 0.000000 0.000000 0.000000 0.000000 
0.000000 0.000000 0.000000 0.000000 0.000000 0.000000 0.000000 0.000000 0.000000 0.000000 0.000000 0.000000 0.000000 0.000000 0.000000 0.000000 
0.000000 0.000000 0.000000 0.000000 0.000000 0.000000 0.000000 0.000000 0.000000 0.000000 0.000000 0.000000 0.000000 0.000000 0.000000 0.000000 
0.000000 0.000000 0.000000 0.000000 0.000000 0.000000 0.000000 0.000000 0.000000 0.000000 0.000000 0.000000 0.000000 0.000000 0.000000 0.000000 
0.000000 0.000000 0.000000 0.000000 0.000000 0.000000 0.000000 0.000000 0.000000 0.000000 0.000000 0.000000 0.000000 0.000000 0.000000 0.000000 
0.000000 0.000000 0.000000 0.000000 0.000000 0.000000 0.000000 0.000000 0.000000 0.000000 0.000000 0.000000 0.000000 0.000000 0.000000 0.000000 
0.000000 0.000000 0.000000 0.000000 0.000000 0.000000 0.000000 0.000000 0.000000 0.000000 0.000000 0.000000 0.000000 0.000000 0.000000 0.000000 
0.000000 0.000000 0.000000 0.000000 0.000000 0.000000 0.000000 0.000000 0.000000 0.000000 0.000000 0.000000 0.000000 0.000000 0.000000 0.000000 
0.000000 0.000000 0.000000 0.000000 0.000000 0.000000 0.000000 0.000000 0.000000 0.000000 0.000000 0.000000 0.000000 0.000000 0.000000 0.000000 
0.000000 0.000000 0.000000 0.000000 0.000000 0.000000 0.000000 0.000000 0.000000 0.000000 0.000000 0.000000 0.000000 0.000000 0.000000 0.000000 
0.000000 0.000000 0.000000 0.000000 0.000000 0.000000 0.000000 0.000000 0.000000 0.000000 0.000000 0.000000 0.000000 0.000000 0.000000 0.000000 
0.000000 0.000000 0.000000 0.000000 0.000000 0.000000 0.000000 0.000000 0.000000 0.000000 0.000000 0.000000 0.000000 0.000000 0.000000 0.000000 
0.000000 0.000000 0.000000 0.000000 0.000000 0.000000 0.000000 0.000000 0.000000 0.000000 0.000000 0.000000 0.000000 0.000000 0.000000 0.000000 
0.000000 0.000000 0.000000 0.000000 0.000000 0.000000 0.000000 0.000000 0.000000 0.000000 0.000000 0.000000 0.000000 0.000000 0.000000 0.000000 
0.000000 0.000000 0.000000 0.000000 0.000000 0.000000 0.000000 0.000000 0.000000 0.000000 0.000000 0.000000 0.000000 0.000000 0.000000 0.000000 
0.000000 0.000000 0.000000 0.000000 0.000000 0.000000 0.000000 0.000000 0.000000 0.000000 0.000000 0.000000 0.000000 0.000000 0.000000 0.000000 
0.000000 0.000000 0.000000 0.000000 0.000000 0.000000 0.000000 0.000000 0.000000 0.000000 0.000000 0.000000 0.000000 0.000000 0.000000 0.000000 
0.000000 0.000000 0.000000 0.000000 0.000000 0.000000 0.000000 0.000000 0.000000 0.000000 0.000000 0.000000 0.000000 0.000000 0.000000 0.000000 
0.000000 0.000000 0.000000 0.000000 0.000000 0.000000 0.000000 0.000000 0.000000 0.000000 0.000000 0.000000 0.000000 0.000000 0.000000 0.000000 
0.000000 0.000000 0.000000 0.000000 0.000000 0.000000 0.000000 0.000000 0.000000 0.000000 0.000000 0.000000 0.000000 0.000000 0.000000 0.000000 
0.000000 0.000000 0.000000 0.000000 0.000000 0.000000 0.000000 0.000000 0.000000 0.000000 0.000000 0.000000 0.000000 0.000000 0.000000 0.000000 
0.000000 0.000000 0.000000 0.000000 0.000000 0.000000 0.000000 0.000000 0.000000 0.000000 0.000000 0.000000 0.000000 0.000000 0.000000 0.000000 
0.000000 0.000000 0.000000 0.000000 0.000000 0.000000 0.000000 0.000000 0.000000 0.000000 0.000000 0.000000 0.000000 0.000000 0.000000 0.000000 
0.000000 0.000000 0.000000 0.000000 0.000000 0.000000 0.000000 0.000000 0.000000 0.000000 0.000000 0.000000 0.000000 0.000000 0.000000 0.000000 
0.000000 0.000000 0.000000 0.000000 0.000000 0.000000 0.000000 0.000000 0.000000 0.000000 0.000000 0.000000 0.000000 0.000000 0.000000 0.000000 
0.004384 -0.001354 -0.004185 0.001967 0.003897 -0.002538 -0.003525 0.003055 0.003077 -0.003506 -0.002563 0.003882 0.001994 -0.004174 -0.001383 0.000000 
-0.013316 0.001035 0.013165 -0.002965 -0.012730 0.004831 0.012022 -0.006593 -0.011055 0.008214 0.009851 -0.009658 -0.008436 0.010894 0.006839 0.000000 
0.025815 0.004872 -0.026529 -0.000984 0.026673 -0.002926 -0.026244 0.006773 0.025252 -0.010474 -0.023716 0.013950 0.021672 -0.017127 -0.019161 0.000000 
-0.036273 -0.022295 0.039541 0.016499 -0.041959 -0.010349 0.043476 0.003976 -0.044059 0.002482 0.043695 -0.008887 -0.042393 0.015101 0.040179 0.000000 
0.031697 0.057833 -0.040174 -0.051944 0.047788 0.044940 -0.054375 -0.036969 0.059794 0.028205 -0.063928 -0.018834 0.066689 0.009059 -0.068017 0.000000 
0.011544 -0.115165 0.005336 0.114383 -0.022103 -0.111143 0.038394 0.105516 -0.053860 -0.097621 0.068169 0.087629 -0.081014 -0.075754 0.092118 0.000000 
-0.137901 0.187100 0.110477 -0.203294 -0.080678 0.215120 0.049146 -0.222323 -0.016558 0.224750 -0.016386 -0.222349 0.048977 0.215170 -0.080517 0.000000 
0.556604 -0.213011 -0.525381 0.290021 0.482870 -0.360799 -0.429984 0.423826 0.367861 -0.477747 -0.297833 0.521402 0.221406 -0.553856 -0.140222 0.000000 
-0.903932 0.685080 0.803515 -0.802859 -0.685832 0.903387 0.553415 -0.984506 -0.409107 1.044472 0.256009 -1.081998 -0.097411 1.096276 -0.063280 0.000000 
1.137539 -1.238333 -0.956027 1.378467 0.753972 -1.488983 -0.535719 1.567508 0.305956 -1.612355 -0.069618 1.622559 -0.168215 -1.597902 0.402434 0.000000 
-1.204161 1.778967 0.943403 -1.917251 -0.662373 2.014341 0.367114 -2.068152 -0.063967 2.077528 -0.240555 -2.042268 0.539909 1.963128 -0.827662 0.000000 
1.031722 -2.193691 -0.710174 2.297788 0.373365 -2.352515 -0.028537 2.356698 -0.316905 -2.310246 0.655538 2.214159 -0.980088 -2.070498 1.283579 0.000000 
-0.592568 2.337575 0.249930 -2.374210 0.098080 2.359833 -0.443982 -2.294754 0.780344 2.180373 -1.099940 -2.019145 1.395905 1.814534 -1.661877 0.000000 
-0.018468 -2.062455 0.320780 2.015436 -0.616201 -1.925114 0.898382 1.793430 -1.161261 -1.623213 1.399189 1.418123 -1.607057 -1.182561 1.780394 0.000000 
0.540890 1.306324 -0.732370 -1.198974 0.908115 1.065864 -1.064348 -0.909852 1.197713 0.734293 -1.305344 -0.542958 1.384931 0.339955 -1.434760 0.000000 
-0.628836 -0.236131 0.663449 0.138883 -0.683806 -0.038652 0.689472 -0.062411 -0.680323 0.162132 0.656558 -0.258369 -0.618687 0.349056 0.567522 0.000000 
0.125881 -0.671364 -0.027474 0.675392 -0.071525 -0.664906 0.168985 0.640137 -0.262817 -0.601614 0.351001 0.550164 -0.431643 -0.486895 0.503012 0.000000 
0.625387 0.852218 -0.750303 -0.742240 0.859101 0.616313 -0.949439 -0.477146 1.019379 0.327727 -1.067417 -0.171266 1.092521 0.011125 -1.094151 0.000000 
-0.856085 -0.205172 0.886159 0.075280 -0.897195 0.056231 0.888952 -0.186532 -0.861611 0.312826 0.815757 -0.432398 -0.752377 0.542681 0.672830 0.000000 
0.159842 -0.542408 -0.080336 0.554184 -0.000895 -0.554054 0.082107 0.542019 -0.161555 -0.518337 0.237533 0.483520 -0.308406 -0.438315 0.372655 0.000000 
0.693222 0.451330 -0.759378 -0.340022 0.809218 0.221408 -0.841670 -0.098038 0.856041 -0.027441 -0.852019 0.152328 0.829691 -0.273943 -0.789537 0.000000 
-0.463586 0.319700 0.416725 -0.380783 -0.360911 0.433684 0.297341 -0.477267 -0.227385 0.510597 0.152541 -0.532956 -0.074421 0.543865 -0.005298 0.000000 
-0.519849 -0.483280 0.590687 0.396697 -0.648835 -0.301591 0.693041 0.200006 -0.722358 -0.094124 0.736154 -0.013781 -0.734134 0.121390 0.716341 0.000000 
0.444578 -0.264037 -0.405876 0.323529 0.358455 -0.376072 -0.303329 0.420533 0.241688 -0.455959 -0.174854 0.481589 0.104263 -0.496872 -0.031432 0.000000 
0.583293 0.415739 -0.644232 -0.321308 0.691328 0.219975 -0.723572 -0.113914 0.740269 0.005406 -0.741062 0.103218 0.725933 -0.209625 -0.695205 0.000000 
-0.270548 0.329385 0.222268 -0.361965 -0.169211 0.386767 0.112519 -0.403260 -0.053409 0.411088 -0.006847 -0.410085 0.066958 0.400270 -0.125629 0.000000 
-0.664721 -0.205505 0.694843 0.103655 -0.710036 0.000421 0.709975 -0.104488 -0.694659 0.206311 0.664417 -0.303699 -0.619904 0.394566 0.562067 0.000000 
-0.197110 -0.353200 0.248882 0.316720 -0.295307 -0.273434 0.335386 0.224273 -0.368261 -0.170293 0.393222 0.112655 -0.409734 -0.052598 0.417446 0.000000 
0.431181 -0.156296 -0.408272 0.216140 0.376590 -0.271340 -0.336817 0.320710 0.289808 -0.363190 -0.236573 0.397867 0.178254 -0.423996 -0.116105 0.000000 
0.635791 0.119088 -0.653246 -0.023336 0.656666 -0.072918 -0.645978 0.167604 0.621411 -0.258691 -0.583491 0.344217 0.533037 -0.422350 -0.471131 0.000000 
0.326676 0.259743 -0.364749 -0.206279 0.394985 0.148381 -0.416735 -0.087296 0.429531 0.024336 -0.433099 0.039147 0.427359 -0.101787 -0.412439 0.000000 
-0.134715 0.226607 0.101500 -0.241485 -0.066103 0.251175 0.029285 -0.255468 0.008160 0.254272 -0.045431 -0.247612 0.081726 0.235633 -0.116266 0.000000 
-0.493508 0.141091 0.472826 -0.210397 -0.441988 0.275184 0.401650 -0.334056 -0.352686 0.385754 0.296142 -0.429161 -0.233235 0.463348 0.165319 0.000000 
-0.634757 0.018471 0.632050 -0.111117 -0.615762 0.201373 0.586247 -0.287305 -0.544132 0.367063 0.490328 -0.438935 -0.425991 0.501376 0.352499 0.000000 
-0.540287 -0.061182 0.549254 -0.019327 -0.546422 0.099422 0.531848 -0.177378 -0.505850 0.251526 0.468980 -0.320269 -0.422035 0.382129 0.366025 0.000000 
-0.390027 -0.061802 0.399086 0.003303 -0.399568 0.055264 0.391470 -0.112647 -0.374957 0.167606 0.350390 -0.218968 -0.318293 0.265622 0.279359 0.000000 
-0.267093 -0.077691 0.278479 0.036874 -0.283886 0.004740 0.283189 -0.046249 -0.276411 0.086765 0.263694 -0.125417 -0.245309 0.161373 0.221655 0.000000 
-0.151925 -0.095112 0.165866 0.070799 -0.176243 -0.044968 0.182838 0.018165 -0.185496 0.009022 0.184176 -0.036020 -0.178897 0.062243 0.169773 0.000000 
-0.095558 -0.079796 0.107256 0.064073 -0.116648 -0.046976 0.123533 0.028868 -0.127763 -0.010141 0.129251 -0.008805 -0.127961 0.027562 0.123919 0.000000 
-0.098830 -0.065004 0.108357 0.049123 -0.115559 -0.032182 0.120275 0.014553 -0.122409 0.003389 0.121912 -0.021258 -0.118796 0.038670 0.113129 0.000000 
-0.129009 -0.021306 0.132134 0.001937 -0.132417 0.017471 0.129855 -0.036506 -0.124504 0.054756 0.116478 -0.071830 -0.105949 0.087359 0.093144 0.000000 
-0.221027 0.079179 0.209421 -0.109874 -0.193317 0.138211 0.173058 -0.163578 -0.149082 0.185430 0.121901 -0.203297 -0.092102 0.216797 0.060323 0.000000 
-0.364870 0.186643 0.337511 -0.236115 -0.302901 0.280513 0.261783 -0.318886 -0.215040 0.350405 0.163679 -0.374397 -0.108801 0.390346 0.051585 0.000000 
-0.469109 0.277805 0.428390 -0.340599 -0.378465 0.396075 0.320407 -0.443037 -0.255468 0.480484 0.185039 -0.507606 -0.110636 0.523825 0.033853 0.000000 
-0.474121 0.349184 0.422938 -0.411176 -0.362668 0.464335 0.294608 -0.507520 -0.220213 0.539797 0.141094 -0.560482 -0.058937 0.569118 -0.024483 0.000000 
-0.355377 0.314258 0.309314 -0.359597 -0.256605 0.397212 0.198380 -0.426288 -0.135898 0.446209 0.070493 -0.456543 -0.003573 0.457066 -0.063426 0.000000 
-0.092477 0.075170 0.081458 -0.087109 -0.068691 0.097179 0.054446 -0.105159 -0.039031 0.110880 0.022780 -0.114219 -0.006037 0.115104 -0.010835 0.000000 
0.235093 -0.299191 -0.191239 0.327222 0.143275 -0.348224 -0.092233 0.361745 0.039208 -0.367490 0.014657 0.365341 -0.068209 -0.355344 0.120295 0.000000 
0.403655 -0.528076 -0.326251 0.575900 0.241835 -0.611347 -0.152223 0.633659 0.059342 -0.642356 0.034812 0.637254 -0.128219 -0.618460 0.218872 0.000000 
0.235176 -0.302943 -0.190771 0.330906 0.142265 -0.351757 -0.090707 0.365055 0.037197 -0.370508 0.017112 0.367998 -0.071052 -0.357583 0.123466 0.000000 
-0.145650 0.321910 0.098465 -0.336345 -0.049165 0.343550 -0.001193 -0.343374 0.051523 0.335822 -0.100748 -0.321055 0.147810 0.299389 -0.191693 0.000000 
-0.333749 0.676872 0.234536 -0.711251 -0.130282 0.730348 0.023227 -0.733750 0.084325 0.721390 -0.190065 -0.693533 0.291724 0.650771 -0.387110 0.000000 
-0.090610 0.100576 0.075870 -0.111700 -0.059493 0.120417 0.041846 -0.126553 -0.023294 0.129966 0.004246 -0.130590 0.014896 0.128407 -0.033718 0.000000 
0.227242 -0.763553 -0.115320 0.780455 0.000922 -0.780590 0.113494 0.763956 -0.225477 -0.730904 0.332611 0.682151 -0.432599 -0.618742 0.523295 0.000000 
0.115128 -0.356249 -0.062911 0.365470 0.009341 -0.366839 0.044430 0.360328 -0.097248 -0.346072 0.147974 0.324383 -0.195521 -0.295724 0.238870 0.000000 
-0.149539 0.852412 0.024593 -0.856016 0.100879 0.841229 -0.224185 -0.808368 0.342674 0.758139 -0.453804 -0.691620 0.555182 0.610243 -0.644630 0.000000 
-0.044770 0.293632 0.001732 -0.293887 0.041346 0.287826 -0.083536 -0.275581 0.123930 0.257416 -0.161662 -0.233719 0.195920 0.205003 -0.225968 0.000000 
0.062416 -1.119391 0.101664 1.104487 -0.263557 -1.065857 0.419789 1.004325 -0.567001 -0.921214 0.702031 0.818312 -0.821979 -0.697828 0.924269 0.000000 
0.022048 0.226291 -0.055219 -0.218197 0.087201 0.205418 -0.117311 -0.188223 0.144901 0.166982 -0.169375 -0.142155 0.190213 0.114273 -0.206964 0.000000 
0.095248 1.092735 -0.255421 -1.055293 0.410103 0.995184 -0.555977 -0.913691 0.689906 0.812564 -0.809009 -0.693980 0.910733 0.560483 -0.992887 0.000000 
-0.149119 -1.284077 0.337338 1.234631 -0.518307 -1.158660 0.688143 1.057791 -0.843192 -0.934197 0.980126 0.790532 -1.096001 -0.629881 1.188328 0.000000 
0.064555 0.245517 -0.100545 -0.230778 0.134371 0.211082 -0.165311 -0.186851 0.192700 0.158606 -0.215948 -0.126954 0.234558 0.092572 -0.248127 0.000000 
0.208327 1.120199 -0.372526 -1.065595 0.528721 0.988097 -0.673555 -0.889367 0.803917 0.771530 -0.917008 -0.637114 1.010394 0.489014 -1.082074 0.000000 
-0.554417 -2.012135 0.849351 1.887641 -1.126042 -1.722586 1.378537 1.520521 -1.601413 -1.285787 1.789882 1.023429 -1.939895 -0.739082 2.048228 0.000000 
0.561416 1.785967 -0.823200 -1.665302 1.067298 1.508859 -1.288464 -1.320000 1.481951 1.102773 -1.643592 -0.861860 1.769925 0.602426 -1.858228 0.000000 
-0.280263 -0.917255 0.414711 0.856469 -0.540253 -0.777276 0.654184 0.681388 -0.754061 -0.570859 0.837737 0.448064 -0.903414 -0.315640 0.949678 0.000000 
-0.209097 -0.409620 0.269138 0.370171 -0.323396 -0.322769 0.370709 0.268429 -0.410053 -0.208326 0.440592 0.143743 -0.461661 -0.076076 0.472812 0.000000 
1.052989 1.950984 -1.338962 -1.754720 1.596167 1.520755 -1.819077 -1.254117 2.002904 0.960534 -2.143699 -0.646314 2.238435 0.318206 -2.285078 0.000000 
-2.261130 -3.921181 2.835891 3.505500 -3.349723 -3.014500 3.791586 2.458732 -4.151983 -1.850141 4.423176 1.201797 -4.599334 -0.527631 4.676672 0.000000 
4.922089 7.576639 -6.032664 -6.692379 7.013626 5.664327 -7.843894 -4.514579 8.505637 3.267832 -8.984632 -1.950874 9.270588 0.592002 -9.357364 0.000000 
-21.427968 -29.497466 25.751675 25.722813 -29.522094 -21.395499 32.658222 16.608494 -35.092679 -11.464648 36.773154 6.074479 -37.663542 -0.553801 37.744719 0.000000 
-12.516276 -15.173716 14.740418 13.013086 -16.647865 -10.572857 18.197621 7.905469 -19.356394 -5.068233 20.099294 2.122099 -20.410350 0.869627 20.282879 0.000000 
5.673293 6.044142 -6.559237 -5.082696 7.304254 4.012046 -7.892332 -2.855198 8.310844 1.637004 -8.550798 -0.383635 8.607029 -0.877972 -8.478337 0.000000 
-4.094636 -3.762751 4.646177 3.081718 -5.097892 -2.334475 5.440076 1.537075 -5.665378 -0.706651 5.768960 -0.138958 -5.748591 0.981579 5.604713 0.000000 
3.253170 2.593885 -3.633377 -2.061311 3.935526 1.484443 -4.153113 -0.875685 4.281472 0.248110 -4.317837 0.384792 4.261434 -1.009427 -4.113475 0.000000 
-2.575205 -1.679752 2.821418 1.266193 -3.007015 -0.825429 3.128008 0.366928 -3.181790 0.099453 3.167214 -0.563700 -3.084587 1.015837 2.935686 0.000000 
1.615199 0.844121 -1.738928 -0.589230 1.825294 0.321685 -1.872449 -0.047221 1.879369 -0.228255 -1.845912 0.498824 1.772797 -0.758681 -1.661588 0.000000 
-0.460213 -0.037563 0.465719 -0.030701 -0.461220 0.098306 0.446809 -0.163799 -0.422801 0.225773 0.389705 -0.282895 -0.348241 0.333941 0.299291 0.000000 
-0.839506 -0.610271 0.928960 0.474105 -0.998454 -0.327752 1.046495 0.174357 -1.072052 -0.017219 1.074579 -0.140292 -1.054015 0.294790 1.010803 0.000000 
1.528864 0.664353 -1.626245 -0.425979 1.688685 0.178454 -1.714844 0.072907 1.704156 -0.322700 -1.656853 0.565557 1.573957 -0.796269 -1.457239 0.000000 
-1.330811 -0.377022 1.386074 0.173851 -1.411554 0.033051 1.406712 -0.239246 -1.371643 0.440299 1.307105 -0.631893 -1.214482 0.809910 1.095767 0.000000 
0.130096 -0.132942 -0.110608 0.149154 0.088745 -0.162163 -0.064976 0.171687 0.039810 -0.177522 -0.013789 0.179543 -0.012527 -0.177708 0.038577 0.000000 
1.079776 0.359400 -1.132458 -0.193406 1.160808 0.023255 -1.164214 0.147394 1.142609 -0.314874 -1.096457 0.475591 1.026745 -0.626092 -0.934973 0.000000 
-1.120661 -0.118325 1.138006 -0.048484 -1.130901 0.214250 1.099497 -0.375413 -1.044467 0.528508 0.967000 -0.670251 -0.868752 0.797590 0.751844 0.000000 
-0.259925 -0.159290 0.283273 0.117768 -0.300537 -0.073714 0.311341 0.028080 -0.315458 0.018159 0.312796 -0.064011 -0.303411 0.108483 0.287512 0.000000 
1.147008 0.110806 -1.163250 0.059702 1.154498 -0.228927 -1.120942 0.393233 1.063304 -0.549092 -0.982819 0.693151 0.881217 -0.822320 -0.760681 0.000000 
-0.136800 0.133994 0.117157 -0.151166 -0.094999 0.165092 0.070799 -0.175467 -0.045082 0.182076 0.018392 -0.184772 0.008692 0.183497 -0.035587 0.000000 
-1.014016 -0.011668 1.015725 -0.137215 -0.995613 0.283152 0.954109 -0.423004 -0.892107 0.553768 0.810938 -0.672635 -0.712342 0.777049 0.598442 0.000000 
0.071264 -0.119215 -0.053791 0.127101 0.035160 -0.132255 -0.015774 0.134568 -0.003952 -0.133987 0.023591 0.130528 -0.042724 -0.124264 0.060937 0.000000 
0.926881 -0.085384 -0.914364 0.219410 0.882204 -0.348723 -0.831088 0.470543 0.762115 -0.582253 -0.676770 0.681453 0.576883 -0.766011 -0.464604 0.000000 
0.342049 0.061023 -0.350992 -0.009577 0.352397 -0.042079 -0.346228 0.092827 0.332623 -0.141584 -0.311869 0.187297 0.284416 -0.228986 -0.250854 0.000000 
-0.594101 0.171394 0.568983 -0.254800 -0.531631 0.332723 0.482863 -0.403502 -0.423717 0.465608 0.355470 -0.517714 -0.279583 0.558694 0.197692 0.000000 
-0.746481 0.125076 0.728147 -0.231806 -0.694169 0.333555 0.645276 -0.428139 -0.582519 0.513523 0.507250 -0.587878 -0.421080 0.649599 0.325862 0.000000 
-0.182840 -0.046527 0.189660 0.018728 -0.192406 0.009475 0.191018 -0.037476 -0.185523 0.064668 0.176044 -0.090473 -0.162782 0.114334 0.146025 0.000000 
0.425803 -0.215824 -0.394167 0.273602 0.354061 -0.325498 -0.306353 0.370405 0.252057 -0.407350 -0.192349 0.435545 0.128507 -0.454379 -0.061907 0.000000 
0.647161 -0.273705 -0.607042 0.362686 0.553877 -0.443870 -0.488818 0.515523 0.413252 -0.576097 -0.328807 0.624291 0.237301 -0.659075 -0.140696 0.000000 
0.502338 -0.190628 -0.474396 0.260165 0.436259 -0.324110 -0.388753 0.381095 0.332892 -0.429890 -0.269879 0.469447 0.201069 -0.498919 -0.127938 0.000000 
0.224388 -0.033155 -0.219528 0.065332 0.209954 -0.096106 -0.195867 0.124816 0.177570 -0.150845 -0.155459 0.173631 0.130010 -0.192688 -0.101767 0.000000 
-0.028339 0.101858 0.013411 -0.103826 0.001810 0.103561 -0.016990 -0.101070 0.031804 0.096408 -0.045935 -0.089675 0.059081 0.081015 -0.070956 0.000000 
-0.224675 0.197744 0.195689 -0.226427 -0.162499 0.250245 0.125821 -0.268690 -0.086435 0.281358 0.045195 -0.287983 -0.002982 0.288420 -0.039295 0.000000 
-0.339643 0.290104 0.297119 -0.333656 -0.248212 0.370038 0.193971 -0.398471 -0.135565 0.418342 0.074244 -0.429224 -0.011329 0.430885 -0.051831 0.000000 
-0.352974 0.355892 0.300807 -0.399984 -0.242178 0.435482 0.178346 -0.461625 -0.110681 0.477848 0.040638 -0.483803 0.030276 0.479367 -0.100542 0.000000 
-0.324181 0.370095 0.269934 -0.409663 -0.209884 0.440426 0.145329 -0.461729 -0.077648 0.473110 0.008300 -0.474327 0.061227 0.465352 -0.129437 0.000000 
-0.293562 0.376947 0.238309 -0.411876 -0.177938 0.437959 0.113743 -0.454632 -0.047104 0.461536 -0.020548 -0.458525 0.087759 0.445661 -0.153083 0.000000 
-0.229209 0.370799 0.174855 -0.396428 -0.116749 0.413540 0.056134 -0.421770 0.005690 0.420935 -0.067390 -0.411057 0.127642 0.392348 -0.185153 0.000000 
-0.154802 0.309394 0.109452 -0.325438 -0.061750 0.334490 0.012720 -0.336353 0.036582 0.330991 -0.085099 -0.318518 0.131787 0.299200 -0.175642 0.000000 
-0.079790 0.223928 0.046969 -0.230812 -0.013136 0.232738 -0.020978 -0.229664 0.054643 0.221654 -0.087133 -0.208882 0.117750 0.191622 -0.145837 0.000000 
0.054482 0.074456 -0.065396 -0.064870 0.074904 0.053890 -0.082805 -0.041751 0.088924 0.028720 -0.093135 -0.015067 0.095343 0.001092 -0.095503 0.000000 
0.163377 -0.191474 -0.135310 0.211308 0.104337 -0.226601 -0.071121 0.237025 0.036378 -0.242358 -0.000854 0.242483 -0.034689 -0.237399 0.069486 0.000000 
0.152510 -0.421729 -0.090693 0.435021 0.026929 -0.438968 0.037415 0.433483 -0.100954 -0.418687 0.162325 0.394893 -0.220208 -0.362614 0.273359 0.000000 
0.072787 -0.480306 -0.002383 0.480655 -0.068069 -0.470679 0.137060 0.450588 -0.203108 -0.420816 0.264791 0.382004 -0.320783 -0.334985 0.369886 0.000000 
-0.068298 -0.286158 0.110242 0.270000 -0.149819 -0.248039 0.186175 0.220752 -0.218535 -0.188718 0.246197 0.152629 -0.268569 -0.113264 0.285171 0.000000 
-0.149302 0.168758 0.124566 -0.187016 -0.097154 0.201258 0.067654 -0.211176 -0.036698 0.216554 0.004957 -0.217281 0.026891 0.213339 -0.058162 0.000000 
-0.038507 0.510176 -0.036274 -0.504859 0.110276 0.488694 -0.181908 -0.462029 0.249631 0.425439 -0.311992 -0.379708 0.367651 0.325817 -0.415407 0.000000 
0.149858 0.351665 -0.201405 -0.322144 0.248625 0.285701 -0.290502 -0.243121 0.326139 0.195316 -0.354769 -0.143312 0.375773 0.088233 -0.388707 0.000000 
0.190600 -0.266634 -0.151516 0.288843 0.109178 -0.304846 -0.064495 0.314301 0.018425 -0.317002 0.028042 0.312890 -0.073904 -0.302058 0.118180 0.000000 
-0.139394 -0.584404 0.225056 0.551416 -0.305882 -0.506580 0.380135 0.450860 -0.446222 -0.385452 0.502722 0.311764 -0.548419 -0.231378 0.582333 0.000000 
-0.308200 0.069334 0.298037 -0.113019 -0.281471 0.154277 0.258857 -0.192221 -0.230682 0.226033 0.197550 -0.254989 -0.160174 0.278468 0.119357 0.000000 
0.167697 0.624953 -0.259301 -0.586946 0.345335 0.536328 -0.423949 -0.474185 0.493454 0.401856 -0.552358 -0.320891 0.599394 0.233033 -0.633551 0.000000 
0.363844 -0.056630 -0.355544 0.108747 0.339603 -0.158525 -0.316368 0.204897 0.286335 -0.246868 -0.250148 0.283534 0.208588 -0.314109 -0.162547 0.000000 
-0.270823 -0.681308 0.370690 0.626970 -0.462589 -0.559166 0.544552 0.479346 -0.614815 -0.389227 0.671867 0.290746 -0.714483 -0.186017 0.741749 0.000000 
-0.349555 0.364025 0.296195 -0.407440 -0.236474 0.442102 0.171670 -0.467264 -0.103179 0.482390 0.032471 -0.487149 0.038934 0.481441 -0.109503 0.000000 
0.540405 0.522061 -0.616927 -0.431632 0.680195 0.331931 -0.728849 -0.225098 0.761845 0.113426 -0.778470 0.000681 0.778370 -0.114773 -0.761547 0.000000 
0.000749 -0.879860 0.128220 0.861066 -0.254433 -0.823772 0.375181 0.768779 -0.487868 -0.697267 0.590072 0.610774 -0.679599 -0.511160 0.754524 0.000000 
-0.655947 0.423879 0.593816 -0.510920 -0.518926 0.586984 0.432886 -0.650436 -0.337547 0.699913 0.234954 -0.734351 -0.127313 0.753012 0.016938 0.000000 
0.736251 0.335182 -0.785383 -0.220060 0.817637 0.100212 -0.832327 0.021789 0.829134 -0.143323 -0.808125 0.261776 0.769754 -0.374605 -0.714846 0.000000 
-0.107506 -0.848693 0.231908 0.814699 -0.351324 -0.763203 0.463194 0.695309 -0.565112 -0.612475 0.654887 0.516483 -0.730592 -0.409394 0.790602 0.000000 
-0.882588 0.948302 0.743585 -1.057294 -0.588610 1.143573 0.420985 -1.205280 -0.244317 1.241093 0.062399 -1.250238 0.120859 1.232524 -0.301522 0.000000 
1.798985 -0.759748 -1.687621 1.007116 1.540001 -1.232848 -1.359289 1.432091 1.149376 -1.600566 -0.914767 1.734651 0.660504 -1.831467 -0.392049 0.000000 
-2.382170 0.487827 2.310664 -0.826520 -2.189515 1.147458 2.021320 -1.443739 -1.809699 1.709004 1.559196 -1.937550 -1.275192 2.124465 0.963790 0.000000 
2.576134 -0.266908 -2.537010 0.638779 2.443380 -0.996927 -2.297250 1.333655 2.101765 -1.641730 -1.861123 1.914531 1.580492 -2.146198 -1.265905 0.000000 
-2.441414 0.133828 2.421798 -0.488812 -2.350149 0.833295 2.228005 -1.159872 -2.057993 1.461531 1.843763 -1.731788 -1.589919 1.964836 1.301916 0.000000 
2.078108 -0.061739 -2.069058 0.365020 2.015554 -0.660457 -1.918745 0.941704 1.780711 -1.202719 -1.604418 1.437893 1.393653 -1.642173 -1.152945 0.000000 
-1.583010 0.011804 1.581279 -0.243587 -1.545575 0.470135 1.476663 -0.686582 -1.376024 0.888279 1.245822 -1.070890 -1.088851 1.230492 0.908487 0.000000 
1.021716 0.021155 -1.024817 0.129061 1.005899 -0.276505 -0.965370 0.418008 0.904099 -0.550530 -0.823403 0.671223 0.725015 -0.777495 -0.611051 0.000000 
-0.337574 0.113025 0.321007 -0.160078 -0.297543 0.203692 0.267686 -0.242929 -0.232078 0.276946 0.191484 -0.305014 -0.146775 0.326528 0.098913 0.000000 
0.184200 -0.137207 -0.164088 0.161259 0.140451 -0.181846 -0.113796 0.198526 0.084696 -0.210941 -0.053777 0.218823 0.021702 -0.222004 0.010839 0.000000 
-0.080533 0.106695 0.064893 -0.116207 -0.047860 0.123222 0.029798 -0.127590 -0.011096 0.129217 -0.007844 -0.128067 0.026616 0.124165 -0.044816 0.000000 
0.023152 -0.065874 -0.013496 0.067852 0.003550 -0.068373 0.006472 0.067424 -0.016355 -0.065027 0.025886 0.061232 -0.034862 -0.056122 0.043088 0.000000 
0.001431 0.033152 -0.006290 -0.032230 0.011015 0.030616 -0.015502 -0.028343 0.019657 0.025462 -0.023389 -0.022034 0.026619 0.018132 -0.029276 0.000000 
-0.007278 -0.013167 0.009208 0.011817 -0.010940 -0.010214 0.012437 0.008391 -0.013667 -0.006388 0.014603 0.004247 -0.015226 -0.002015 0.015521 0.000000 
0.005182 0.003584 -0.005707 -0.002747 0.006110 0.001852 -0.006381 -0.000916 0.006516 -0.000039 -0.006510 0.000993 0.006365 -0.001926 -0.006082 0.000000 
-0.001473 0.000064 0.001464 -0.000279 -0.001423 0.000487 0.001352 -0.000686 -0.001251 0.000869 0.001124 -0.001034 -0.000972 0.001176 0.000800 0.000000 
0.000000 0.000000 0.000000 0.000000 0.000000 0.000000 0.000000 0.000000 0.000000 0.000000 0.000000 0.000000 0.000000 0.000000 0.000000 0.000000 
0.000000 0.000000 0.000000 0.000000 0.000000 0.000000 0.000000 0.000000 0.000000 0.000000 0.000000 0.000000 0.000000 0.000000 0.000000 0.000000 
0.000000 0.000000 0.000000 0.000000 0.000000 0.000000 0.000000 0.000000 0.000000 0.000000 0.000000 0.000000 0.000000 0.000000 0.000000 0.000000 
0.000000 0.000000 0.000000 0.000000 0.000000 0.000000 0.000000 0.000000 0.000000 0.000000 0.000000 0.000000 0.000000 0.000000 0.000000 0.000000 
0.000000 0.000000 0.000000 0.000000 0.000000 0.000000 0.000000 0.000000 0.000000 0.000000 0.000000 0.000000 0.000000 0.000000 0.000000 0.000000 
0.000000 0.000000 0.000000 0.000000 0.000000 0.000000 0.000000 0.000000 0.000000 0.000000 0.000000 0.000000 0.000000 0.000000 0.000000 0.000000 
0.000000 0.000000 0.000000 0.000000 0.000000 0.000000 0.000000 0.000000 0.000000 0.000000 0.000000 0.000000 0.000000 0.000000 0.000000 0.000000 
0.000000 0.000000 0.000000 0.000000 0.000000 0.000000 0.000000 0.000000 0.000000 0.000000 0.000000 0.000000 0.000000 0.000000 0.000000 0.000000 
0.000000 0.000000 0.000000 0.000000 0.000000 0.000000 0.000000 0.000000 0.000000 0.000000 0.000000 0.000000 0.000000 0.000000 0.000000 0.000000 
0.000000 0.000000 0.000000 0.000000 0.000000 0.000000 0.000000 0.000000 0.000000 0.000000 0.000000 0.000000 0.000000 0.000000 0.000000 0.000000 
0.000000 0.000000 0.000000 0.000000 0.000000 0.000000 0.000000 0.000000 0.000000 0.000000 0.000000 0.000000 0.000000 0.000000 0.000000 0.000000 
0.000000 0.000000 0.000000 0.000000 0.000000 0.000000 0.000000 0.000000 0.000000 0.000000 0.000000 0.000000 0.000000 0.000000 0.000000 0.000000 
0.000000 0.000000 0.000000 0.000000 0.000000 0.000000 0.000000 0.000000 0.000000 0.000000 0.000000 0.000000 0.000000 0.000000 0.000000 0.000000 
0.000000 0.000000 0.000000 0.000000 0.000000 0.000000 0.000000 0.000000 0.000000 0.000000 0.000000 0.000000 0.000000 0.000000 0.000000 0.000000 
0.000000 0.000000 0.000000 0.000000 0.000000 0.000000 0.000000 0.000000 0.000000 0.000000 0.000000 0.000000 0.000000 0.000000 0.000000 0.000000 
0.000000 0.000000 0.000000 0.000000 0.000000 0.000000 0.000000 0.000000 0.000000 0.000000 0.000000 0.000000 0.000000 0.000000 0.000000 0.000000 
0.000000 0.000000 0.000000 0.000000 0.000000 0.000000 0.000000 0.000000 0.000000 0.000000 0.000000 0.000000 0.000000 0.000000 0.000000 0.000000 
0.000000 0.000000 0.000000 0.000000 0.000000 0.000000 0.000000 0.000000 0.000000 0.000000 0.000000 0.000000 0.000000 0.000000 0.000000 0.000000 
0.000000 0.000000 0.000000 0.000000 0.000000 0.000000 0.000000 0.000000 0.000000 0.000000 0.000000 0.000000 0.000000 0.000000 0.000000 0.000000 
0.000000 0.000000 0.000000 0.000000 0.000000 0.000000 0.000000 0.000000 0.000000 0.000000 0.000000 0.000000 0.000000 0.000000 0.000000 0.000000 
0.000000 0.000000 0.000000 0.000000 0.000000 0.000000 0.000000 0.000000 0.000000 0.000000 0.000000 0.000000 0.000000 0.000000 0.000000 0.000000 
0.000000 0.000000 0.000000 0.000000 0.000000 0.000000 0.000000 0.000000 0.000000 0.000000 0.000000 0.000000 0.000000 0.000000 0.000000 0.000000 
0.000000 0.000000 0.000000 0.000000 0.000000 0.000000 0.000000 0.000000 0.000000 0.000000 0.000000 0.000000 0.000000 0.000000 0.000000 0.000000 
0.000000 0.000000 0.000000 0.000000 0.000000 0.000000 0.000000 0.000000 0.000000 0.000000 0.000000 0.000000 0.000000 0.000000 0.000000 0.000000 
0.000000 0.000000 0.000000 0.000000 0.000000 0.000000 0.000000 0.000000 0.000000 0.000000 0.000000 0.000000 0.000000 0.000000 0.000000 0.000000 
0.000000 0.000000 0.000000 0.000000 0.000000 0.000000 0.000000 0.000000 0.000000 0.000000 0.000000 0.000000 0.000000 0.000000 0.000000 0.000000 
0.000000 0.000000 0.000000 0.000000 0.000000 0.000000 0.000000 0.000000 0.000000 0.000000 0.000000 0.000000 0.000000 0.000000 0.000000 0.000000 
0.000000 0.000000 0.000000 0.000000 0.000000 0.000000 0.000000 0.000000 0.000000 0.000000 0.000000 0.000000 0.000000 0.000000 0.000000 0.000000 
0.000000 0.000000 0.000000 0.000000 0.000000 0.000000 0.000000 0.000000 0.000000 0.000000 0.000000 0.000000 0.000000 0.000000 0.000000 0.000000 
0.000000 0.000000 0.000000 0.000000 0.000000 0.000000 0.000000 0.000000 0.000000 0.000000 0.000000 0.000000 0.000000 0.000000 0.000000 0.000000 
0.000000 0.000000 0.000000 0.000000 0.000000 0.000000 0.000000 0.000000 0.000000 0.000000 0.000000 0.000000 0.000000 0.000000 0.000000 0.000000 
0.000000 0.000000 0.000000 0.000000 0.000000 0.000000 0.000000 0.000000 0.000000 0.000000 0.000000 0.000000 0.000000 0.000000 0.000000 0.000000 
0.000000 0.000000 0.000000 0.000000 0.000000 0.000000 0.000000 0.000000 0.000000 0.000000 0.000000 0.000000 0.000000 0.000000 0.000000 0.000000 
0.000000 0.000000 0.000000 0.000000 0.000000 0.000000 0.000000 0.000000 0.000000 0.000000 0.000000 0.000000 0.000000 0.000000 0.000000 0.000000 
0.000000 0.000000 0.000000 0.000000 0.000000 0.000000 0.000000 0.000000 0.000000 0.000000 0.000000 0.000000 0.000000 0.000000 0.000000 0.000000 
0.000000 0.000000 0.000000 0.000000 0.000000 0.000000 0.000000 0.000000 0.000000 0.000000 0.000000 0.000000 0.000000 0.000000 0.000000 0.000000 
0.000000 0.000000 0.000000 0.000000 0.000000 0.000000 0.000000 0.000000 0.000000 0.000000 0.000000 0.000000 0.000000 0.000000 0.000000 0.000000 
0.000000 0.000000 0.000000 0.000000 0.000000 0.000000 0.000000 0.000000 0.000000 0.000000 0.000000 0.000000 0.000000 0.000000 0.000000 0.000000 
