0.000000 0.000000 0.000000 0.000000 0.000000 0.000000 0.000000 0.000000 0.000000 0.000000 0.000000 0.000000 0.000000 0.000000 0.000000 0.000000 
0.000000 0.000000 0.000000 0.000000 0.000000 0.000000 0.000000 0.000000 0.000000 0.000000 0.000000 0.000000 0.000000 0.000000 0.000000 0.000000 
0.000000 0.000000 0.000000 0.000000 0.000000 0.000000 0.000000 0.000000 0.000000 0.000000 0.000000 0.000000 0.000000 0.000000 0.000000 0.000000 
0.000000 0.000000 0.000000 0.000000 0.000000 0.000000 0.000000 0.000000 0.000000 0.000000 0.000000 0.000000 0.000000 0.000000 0.000000 0.000000 
0.000000 0.000000 0.000000 0.000000 0.000000 0.000000 0.000000 0.000000 0.000000 0.000000 0.000000 0.000000 0.000000 0.000000 0.000000 0.000000 
0.000000 0.000000 0.000000 0.000000 0.000000 0.000000 0.000000 0.000000 0.000000 0.000000 0.000000 0.000000 0.000000 0.000000 0.000000 0.000000 
0.000000 0.000000 0.000000 0.000000 0.000000 0.000000 0.000000 0.000000 0.000000 0.000000 0.000000 0.000000 0.000000 0.000000 0.000000 0.000000 
0.000000 0.000000 0.000000 0.000000 0.000000 0.000000 0.000000 0.000000 0.000000 0.000000 0.000000 0.000000 0.000000 0.000000 0.000000 0.000000 
0.000000 0.000000 0.000000 0.000000 0.000000 0.000000 0.000000 0.000000 0.000000 0.000000 0.000000 0.000000 0.000000 0.000000 0.000000 0.000000 
0.000000 0.000000 0.000000 0.000000 0.000000 0.000000 0.000000 0.000000 0.000000 0.000000 0.000000 0.000000 0.000000 0.000000 0.000000 0.000000 
0.000000 0.000000 0.000000 0.000000 0.000000 0.000000 0.000000 0.000000 0.000000 0.000000 0.000000 0.000000 0.000000 0.000000 0.000000 0.000000 
0.000000 0.000000 0.000000 0.000000 0.000000 0.000000 0.000000 0.000000 0.000000 0.000000 0.000000 0.000000 0.000000 0.000000 0.000000 0.000000 
0.000000 0.000000 0.000000 0.000000 0.000000 0.000000 0.000000 0.000000 0.000000 0.000000 0.000000 0.000000 0.000000 0.000000 0.000000 0.000000 
0.000000 0.000000 0.000000 0.000000 0.000000 0.000000 0.000000 0.000000 0.000000 0.000000 0.000000 0.000000 0.000000 0.000000 0.000000 0.000000 
0.000000 0.000000 0.000000 0.000000 0.000000 0.000000 0.000000 0.000000 0.000000 0.000000 0.000000 0.000000 0.000000 0.000000 0.000000 0.000000 
0.000000 0.000000 0.000000 0.000000 0.000000 0.000000 0.000000 0.000000 0.000000 0.000000 0.000000 0.000000 0.000000 0.000000 0.000000 0.000000 
0.000000 0.000000 0.000000 0.000000 0.000000 0.000000 0.000000 0.000000 0.000000 0.000000 0.000000 0.000000 0.000000 0.000000 0.000000 0.000000 
0.000000 0.000000 0.000000 0.000000 0.000000 0.000000 0.000000 0.000000 0.000000 0.000000 0.000000 0.000000 0.000000 0.000000 0.000000 0.000000 
0.000000 0.000000 0.000000 0.000000 0.000000 0.000000 0.000000 0.000000 0.000000 0.000000 0.000000 0.000000 0.000000 0.000000 0.000000 0.000000 
0.000000 0.000000 0.000000 0.000000 0.000000 0.000000 0.000000 0.000000 0.000000 0.000000 0.000000 0.000000 0.000000 0.000000 0.000000 0.000000 
0.000000 0.000000 0.000000 0.000000 0.000000 0.000000 0.000000 0.000000 0.000000 0.000000 0.000000 0.000000 0.000000 0.000000 0.000000 0.000000 
0.000000 0.000000 0.000000 0.000000 0.000000 0.000000 0.000000 0.000000 0.000000 0.000000 0.000000 0.000000 0.000000 0.000000 0.000000 0.000000 
0.000000 0.000000 0.000000 0.000000 0.000000 0.000000 0.000000 0.000000 0.000000 0.000000 0.000000 0.000000 0.000000 0.000000 0.000000 0.000000 
0.000000 0.000000 0.000000 0.000000 0.000000 0.000000 0.000000 0.000000 0.000000 0.000000 0.000000 0.000000 0.000000 0.000000 0.000000 0.000000 
0.000000 0.000000 0.000000 0.000000 0.000000 0.000000 0.000000 0.000000 0.000000 0.000000 0.000000 0.000000 0.000000 0.000000 0.000000 0.000000 
0.000000 0.000000 0.000000 0.000000 0.000000 0.000000 0.000000 0.000000 0.000000 0.000000 0.000000 0.000000 0.000000 0.000000 0.000000 0.000000 
0.000000 0.000000 0.000000 0.000000 0.000000 0.000000 0.000000 0.000000 0.000000 0.000000 0.000000 0.000000 0.000000 0.000000 0.000000 0.000000 
0.000000 0.000000 0.000000 0.000000 0.000000 0.000000 0.000000 0.000000 0.000000 0.000000 0.000000 0.000000 0.000000 0.000000 0.000000 0.000000 
0.000000 0.000000 0.000000 0.000000 0.000000 0.000000 0.000000 0.000000 0.000000 0.000000 0.000000 0.000000 0.000000 0.000000 0.000000 0.000000 
0.000000 0.000000 0.000000 0.000000 0.000000 0.000000 0.000000 0.000000 0.000000 0.000000 0.000000 0.000000 0.000000 0.000000 0.000000 0.000000 
0.000000 0.000000 0.000000 0.000000 0.000000 0.000000 0.000000 0.000000 0.000000 0.000000 0.000000 0.000000 0.000000 0.000000 0.000000 0.000000 
0.000000 0.000000 0.000000 0.000000 0.000000 0.000000 0.000000 0.000000 0.000000 0.000000 0.000000 0.000000 0.000000 0.000000 0.000000 0.000000 
0.000000 0.000000 0.000000 0.000000 0.000000 0.000000 0.000000 0.000000 0.000000 0.000000 0.000000 0.000000 0.000000 0.000000 0.000000 0.000000 
0.000000 0.000000 0.000000 0.000000 0.000000 0.000000 0.000000 0.000000 0.000000 0.000000 0.000000 0.000000 0.000000 0.000000 0.000000 0.000000 
0.000000 0.000000 0.000000 0.000000 0.000000 0.000000 0.000000 0.000000 0.000000 0.000000 0.000000 0.000000 0.000000 0.000000 0.000000 0.000000 
0.000000 0.000000 0.000000 0.000000 0.000000 0.000000 0.000000 0.000000 0.000000 0.000000 0.000000 0.000000 0.000000 0.000000 0.000000 0.000000 
0.000000 0.000000 0.000000 0.000000 0.000000 0.000000 0.000000 0.000000 0.000000 0.000000 0.000000 0.000000 0.000000 0.000000 0.000000 0.000000 
0.000000 0.000000 0.000000 0.000000 0.000000 0.000000 0.000000 0.000000 0.000000 0.000000 0.000000 0.000000 0.000000 0.000000 0.000000 0.000000 
0.000000 0.000000 0.000000 0.000000 0.000000 0.000000 0.000000 0.000000 0.000000 0.000000 0.000000 0.000000 0.000000 0.000000 0.000000 0.000000 
0.000000 0.000000 0.000000 0.000000 0.000000 0.000000 0.000000 0.000000 0.000000 0.000000 0.000000 0.000000 0.000000 0.000000 0.000000 0.000000 
0.000000 0.000000 0.000000 0.000000 0.000000 0.000000 0.000000 0.000000 0.000000 0.000000 0.000000 0.000000 0.000000 0.000000 0.000000 0.000000 
0.000000 0.000000 0.000000 0.000000 0.000000 0.000000 0.000000 0.000000 0.000000 0.000000 0.000000 0.000000 0.000000 0.000000 0.000000 0.000000 
0.000000 0.000000 0.000000 0.000000 0.000000 0.000000 0.000000 0.000000 0.000000 0.000000 0.000000 0.000000 0.000000 0.000000 0.000000 0.000000 
0.000000 0.000000 0.000000 0.000000 0.000000 0.000000 0.000000 0.000000 0.000000 0.000000 0.000000 0.000000 0.000000 0.000000 0.000000 0.000000 
0.000000 0.000000 0.000000 0.000000 0.000000 0.000000 0.000000 0.000000 0.000000 0.000000 0.000000 0.000000 0.000000 0.000000 0.000000 0.000000 
0.000000 0.000000 0.000000 0.000000 0.000000 0.000000 0.000000 0.000000 0.000000 0.000000 0.000000 0.000000 0.000000 0.000000 0.000000 0.000000 
0.000000 0.000000 0.000000 0.000000 0.000000 0.000000 0.000000 0.000000 0.000000 0.000000 0.000000 0.000000 0.000000 0.000000 0.000000 0.000000 
0.000000 0.000000 0.000000 0.000000 0.000000 0.000000 0.000000 0.000000 0.000000 0.000000 0.000000 0.000000 0.000000 0.000000 0.000000 0.000000 
0.000000 0.000000 0.000000 0.000000 0.000000 0.000000 0.000000 0.000000 0.000000 0.000000 0.000000 0.000000 0.000000 0.000000 0.000000 0.000000 
0.000000 0.000000 0.000000 0.000000 0.000000 0.000000 0.000000 0.000000 0.000000 0.000000 0.000000 0.000000 0.000000 0.000000 0.000000 0.000000 
0.000000 0.000000 0.000000 0.000000 0.000000 0.000000 0.000000 0.000000 0.000000 0.000000 0.000000 0.000000 0.000000 0.000000 0.000000 0.000000 
0.000000 0.000000 0.000000 0.000000 0.000000 0.000000 0.000000 0.000000 0.000000 0.000000 0.000000 0.000000 0.000000 0.000000 0.000000 0.000000 
0.000000 0.000000 0.000000 0.000000 0.000000 0.000000 0.000000 0.000000 0.000000 0.000000 0.000000 0.000000 0.000000 0.000000 0.000000 0.000000 
0.000000 0.000000 0.000000 0.000000 0.000000 0.000000 0.000000 0.000000 0.000000 0.000000 0.000000 0.000000 0.000000 0.000000 0.000000 0.000000 
0.000000 0.000000 0.000000 0.000000 0.000000 0.000000 0.000000 0.000000 0.000000 0.000000 0.000000 0.000000 0.000000 0.000000 0.000000 0.000000 
0.000000 0.000000 0.000000 0.000000 0.000000 0.000000 0.000000 0.000000 0.000000 0.000000 0.000000 0.000000 0.000000 0.000000 0.000000 0.000000 
0.000000 0.000000 0.000000 0.000000 0.000000 0.000000 0.000000 0.000000 0.000000 0.000000 0.000000 0.000000 0.000000 0.000000 0.000000 0.000000 
0.000000 0.000000 0.000000 0.000000 0.000000 0.000000 0.000000 0.000000 0.000000 0.000000 0.000000 0.000000 0.000000 0.000000 0.000000 0.000000 
0.000000 0.000000 0.000000 0.000000 0.000000 0.000000 0.000000 0.000000 0.000000 0.000000 0.000000 0.000000 0.000000 0.000000 0.000000 0.000000 
0.000000 0.000000 0.000000 0.000000 0.000000 0.000000 0.000000 0.000000 0.000000 0.000000 0.000000 0.000000 0.000000 0.000000 0.000000 0.000000 
0.000000 0.000000 0.000000 0.000000 0.000000 0.000000 0.000000 0.000000 0.000000 0.000000 0.000000 0.000000 0.000000 0.000000 0.000000 0.000000 
0.000000 0.000000 0.000000 0.000000 0.000000 0.000000 0.000000 0.000000 0.000000 0.000000 0.000000 0.000000 0.000000 0.000000 0.000000 0.000000 
0.000000 0.000000 0.000000 0.000000 0.000000 0.000000 0.000000 0.000000 0.000000 0.000000 0.000000 0.000000 0.000000 0.000000 0.000000 0.000000 
0.000000 0.000000 0.000000 0.000000 0.000000 0.000000 0.000000 0.000000 0.000000 0.000000 0.000000 0.000000 0.000000 0.000000 0.000000 0.000000 
0.000000 0.000000 0.000000 0.000000 0.000000 0.000000 0.000000 0.000000 0.000000 0.000000 0.000000 0.000000 0.000000 0.000000 0.000000 0.000000 
0.000000 0.000000 0.000000 0.000000 0.000000 0.000000 0.000000 0.000000 0.000000 0.000000 0.000000 0.000000 0.000000 0.000000 0.000000 0.000000 
0.000000 0.000000 0.000000 0.000000 0.000000 0.000000 0.000000 0.000000 0.000000 0.000000 0.000000 0.000000 0.000000 0.000000 0.000000 0.000000 
0.000000 0.000000 0.000000 0.000000 0.000000 0.000000 0.000000 0.000000 0.000000 0.000000 0.000000 0.000000 0.000000 0.000000 0.000000 0.000000 
0.000000 0.000000 0.000000 0.000000 0.000000 0.000000 0.000000 0.000000 0.000000 0.000000 0.000000 0.000000 0.000000 0.000000 0.000000 0.000000 
0.000000 0.000000 0.000000 0.000000 0.000000 0.000000 0.000000 0.000000 0.000000 0.000000 0.000000 0.000000 0.000000 0.000000 0.000000 0.000000 
0.000000 0.000000 0.000000 0.000000 0.000000 0.000000 0.000000 0.000000 0.000000 0.000000 0.000000 0.000000 0.000000 0.000000 0.000000 0.000000 
0.000000 0.000000 0.000000 0.000000 0.000000 0.000000 0.000000 0.000000 0.000000 0.000000 0.000000 0.000000 0.000000 0.000000 0.000000 0.000000 
0.000000 0.000000 0.000000 0.000000 0.000000 0.000000 0.000000 0.000000 0.000000 0.000000 0.000000 0.000000 0.000000 0.000000 0.000000 0.000000 
0.000000 0.000000 0.000000 0.000000 0.000000 0.000000 0.000000 0.000000 0.000000 0.000000 0.000000 0.000000 0.000000 0.000000 0.000000 0.000000 
0.000000 0.000000 0.000000 0.000000 0.000000 0.000000 0.000000 0.000000 0.000000 0.000000 0.000000 0.000000 0.000000 0.000000 0.000000 0.000000 
0.000000 0.000000 0.000000 0.000000 0.000000 0.000000 0.000000 0.000000 0.000000 0.000000 0.000000 0.000000 0.000000 0.000000 0.000000 0.000000 
0.000000 0.000000 0.000000 0.000000 0.000000 0.000000 0.000000 0.000000 0.000000 0.000000 0.000000 0.000000 0.000000 0.000000 0.000000 0.000000 
0.000000 0.000000 0.000000 0.000000 0.000000 0.000000 0.000000 0.000000 0.000000 0.000000 0.000000 0.000000 0.000000 0.000000 0.000000 0.000000 
0.000000 0.000000 0.000000 0.000000 0.000000 0.000000 0.000000 0.000000 0.000000 0.000000 0.000000 0.000000 0.000000 0.000000 0.000000 0.000000 
0.000000 0.000000 0.000000 0.000000 0.000000 0.000000 0.000000 0.000000 0.000000 0.000000 0.000000 0.000000 0.000000 0.000000 0.000000 0.000000 
0.000000 0.000000 0.000000 0.000000 0.000000 0.000000 0.000000 0.000000 0.000000 0.000000 0.000000 0.000000 0.000000 0.000000 0.000000 0.000000 
0.000000 0.000000 0.000000 0.000000 0.000000 0.000000 0.000000 0.000000 0.000000 0.000000 0.000000 0.000000 0.000000 0.000000 0.000000 0.000000 
0.000000 0.000000 0.000000 0.000000 0.000000 0.000000 0.000000 0.000000 0.000000 0.000000 0.000000 0.000000 0.000000 0.000000 0.000000 0.000000 
0.000000 0.000000 0.000000 0.000000 0.000000 0.000000 0.000000 0.000000 0.000000 0.000000 0.000000 0.000000 0.000000 0.000000 0.000000 0.000000 
0.000000 0.000000 0.000000 0.000000 0.000000 0.000000 0.000000 0.000000 0.000000 0.000000 0.000000 0.000000 0.000000 0.000000 0.000000 0.000000 
0.000000 0.000000 0.000000 0.000000 0.000000 0.000000 0.000000 0.000000 0.000000 0.000000 0.000000 0.000000 0.000000 0.000000 0.000000 0.000000 
0.000000 0.000000 0.000000 0.000000 0.000000 0.000000 0.000000 0.000000 0.000000 0.000000 0.000000 0.000000 0.000000 0.000000 0.000000 0.000000 
0.000000 0.000000 0.000000 0.000000 0.000000 0.000000 0.000000 0.000000 0.000000 0.000000 0.000000 0.000000 0.000000 0.000000 0.000000 0.000000 
0.000000 0.000000 0.000000 0.000000 0.000000 0.000000 0.000000 0.000000 0.000000 0.000000 0.000000 0.000000 0.000000 0.000000 0.000000 0.000000 
0.000000 0.000000 0.000000 0.000000 0.000000 0.000000 0.000000 0.000000 0.000000 0.000000 0.000000 0.000000 0.000000 0.000000 0.000000 0.000000 
0.000000 0.000000 0.000000 0.000000 0.000000 0.000000 0.000000 0.000000 0.000000 0.000000 0.000000 0.000000 0.000000 0.000000 0.000000 0.000000 
0.000000 0.000000 0.000000 0.000000 0.000000 0.000000 0.000000 0.000000 0.000000 0.000000 0.000000 0.000000 0.000000 0.000000 0.000000 0.000000 
0.000000 0.000000 0.000000 0.000000 0.000000 0.000000 0.000000 0.000000 0.000000 0.000000 0.000000 0.000000 0.000000 0.000000 0.000000 0.000000 
0.000000 0.000000 0.000000 0.000000 0.000000 0.000000 0.000000 0.000000 0.000000 0.000000 0.000000 0.000000 0.000000 0.000000 0.000000 0.000000 
0.000000 0.000000 0.000000 0.000000 0.000000 0.000000 0.000000 0.000000 0.000000 0.000000 0.000000 0.000000 0.000000 0.000000 0.000000 0.000000 
0.000000 0.000000 0.000000 0.000000 0.000000 0.000000 0.000000 0.000000 0.000000 0.000000 0.000000 0.000000 0.000000 0.000000 0.000000 0.000000 
0.000000 0.000000 0.000000 0.000000 0.000000 0.000000 0.000000 0.000000 0.000000 0.000000 0.000000 0.000000 0.000000 0.000000 0.000000 0.000000 
0.000000 0.000000 0.000000 0.000000 0.000000 0.000000 0.000000 0.000000 0.000000 0.000000 0.000000 0.000000 0.000000 0.000000 0.000000 0.000000 
0.000000 0.000000 0.000000 0.000000 0.000000 0.000000 0.000000 0.000000 0.000000 0.000000 0.000000 0.000000 0.000000 0.000000 0.000000 0.000000 
0.000000 0.000000 0.000000 0.000000 0.000000 0.000000 0.000000 0.000000 0.000000 0.000000 0.000000 0.000000 0.000000 0.000000 0.000000 0.000000 
0.000000 0.000000 0.000000 0.000000 0.000000 0.000000 0.000000 0.000000 0.000000 0.000000 0.000000 0.000000 0.000000 0.000000 0.000000 0.000000 
0.000000 0.000000 0.000000 0.000000 0.000000 0.000000 0.000000 0.000000 0.000000 0.000000 0.000000 0.000000 0.000000 0.000000 0.000000 0.000000 
0.000000 0.000000 0.000000 0.000000 0.000000 0.000000 0.000000 0.000000 0.000000 0.000000 0.000000 0.000000 0.000000 0.000000 0.000000 0.000000 
0.000000 0.000000 0.000000 0.000000 0.000000 0.000000 0.000000 0.000000 0.000000 0.000000 0.000000 0.000000 0.000000 0.000000 0.000000 0.000000 
0.000000 0.000000 0.000000 0.000000 0.000000 0.000000 0.000000 0.000000 0.000000 0.000000 0.000000 0.000000 0.000000 0.000000 0.000000 0.000000 
0.000000 0.000000 0.000000 0.000000 0.000000 0.000000 0.000000 0.000000 0.000000 0.000000 0.000000 0.000000 0.000000 0.000000 0.000000 0.000000 
0.000000 0.000000 0.000000 0.000000 0.000000 0.000000 0.000000 0.000000 0.000000 0.000000 0.000000 0.000000 0.000000 0.000000 0.000000 0.000000 
0.000000 0.000000 0.000000 0.000000 0.000000 0.000000 0.000000 0.000000 0.000000 0.000000 0.000000 0.000000 0.000000 0.000000 0.000000 0.000000 
0.000000 0.000000 0.000000 0.000000 0.000000 0.000000 0.000000 0.000000 0.000000 0.000000 0.000000 0.000000 0.000000 0.000000 0.000000 0.000000 
0.000000 0.000000 0.000000 0.000000 0.000000 0.000000 0.000000 0.000000 0.000000 0.000000 0.000000 0.000000 0.000000 0.000000 0.000000 0.000000 
0.000000 0.000000 0.000000 0.000000 0.000000 0.000000 0.000000 0.000000 0.000000 0.000000 0.000000 0.000000 0.000000 0.000000 0.000000 0.000000 
0.000000 0.000000 0.000000 0.000000 0.000000 0.000000 0.000000 0.000000 0.000000 0.000000 0.000000 0.000000 0.000000 0.000000 0.000000 0.000000 
0.000000 0.000000 0.000000 0.000000 0.000000 0.000000 0.000000 0.000000 0.000000 0.000000 0.000000 0.000000 0.000000 0.000000 0.000000 0.000000 
0.000000 0.000000 0.000000 0.000000 0.000000 0.000000 0.000000 0.000000 0.000000 0.000000 0.000000 0.000000 0.000000 0.000000 0.000000 0.000000 
0.000000 0.000000 0.000000 0.000000 0.000000 0.000000 0.000000 0.000000 0.000000 0.000000 0.000000 0.000000 0.000000 0.000000 0.000000 0.000000 
0.000000 0.000000 0.000000 0.000000 0.000000 0.000000 0.000000 0.000000 0.000000 0.000000 0.000000 0.000000 0.000000 0.000000 0.000000 0.000000 
0.000000 0.000000 0.000000 0.000000 0.000000 0.000000 0.000000 0.000000 0.000000 0.000000 0.000000 0.000000 0.000000 0.000000 0.000000 0.000000 
0.000000 0.000000 0.000000 0.000000 0.000000 0.000000 0.000000 0.000000 0.000000 0.000000 0.000000 0.000000 0.000000 0.000000 0.000000 0.000000 
0.000000 0.000000 0.000000 0.000000 0.000000 0.000000 0.000000 0.000000 0.000000 0.000000 0.000000 0.000000 0.000000 0.000000 0.000000 0.000000 
0.000000 0.000000 0.000000 0.000000 0.000000 0.000000 0.000000 0.000000 0.000000 0.000000 0.000000 0.000000 0.000000 0.000000 0.000000 0.000000 
0.000000 0.000000 0.000000 0.000000 0.000000 0.000000 0.000000 0.000000 0.000000 0.000000 0.000000 0.000000 0.000000 0.000000 0.000000 0.000000 
0.000000 0.000000 0.000000 0.000000 0.000000 0.000000 0.000000 0.000000 0.000000 0.000000 0.000000 0.000000 0.000000 0.000000 0.000000 0.000000 
0.000000 0.000000 0.000000 0.000000 0.000000 0.000000 0.000000 0.000000 0.000000 0.000000 0.000000 0.000000 0.000000 0.000000 0.000000 0.000000 
0.000000 0.000000 0.000000 0.000000 0.000000 0.000000 0.000000 0.000000 0.000000 0.000000 0.000000 0.000000 0.000000 0.000000 0.000000 0.000000 
0.000000 0.000000 0.000000 0.000000 0.000000 0.000000 0.000000 0.000000 0.000000 0.000000 0.000000 0.000000 0.000000 0.000000 0.000000 0.000000 
0.000000 0.000000 0.000000 0.000000 0.000000 0.000000 0.000000 0.000000 0.000000 0.000000 0.000000 0.000000 0.000000 0.000000 0.000000 0.000000 
0.000000 0.000000 0.000000 0.000000 0.000000 0.000000 0.000000 0.000000 0.000000 0.000000 0.000000 0.000000 0.000000 0.000000 0.000000 0.000000 
0.000000 0.000000 0.000000 0.000000 0.000000 0.000000 0.000000 0.000000 0.000000 0.000000 0.000000 0.000000 0.000000 0.000000 0.000000 0.000000 
0.000000 0.000000 0.000000 0.000000 0.000000 0.000000 0.000000 0.000000 0.000000 0.000000 0.000000 0.000000 0.000000 0.000000 0.000000 0.000000 
0.000000 0.000000 0.000000 0.000000 0.000000 0.000000 0.000000 0.000000 0.000000 0.000000 0.000000 0.000000 0.000000 0.000000 0.000000 0.000000 
0.000000 0.000000 0.000000 0.000000 0.000000 0.000000 0.000000 0.000000 0.000000 0.000000 0.000000 0.000000 0.000000 0.000000 0.000000 0.000000 
0.000000 0.000000 0.000000 0.000000 0.000000 0.000000 0.000000 0.000000 0.000000 0.000000 0.000000 0.000000 0.000000 0.000000 0.000000 0.000000 
0.000000 0.000000 0.000000 0.000000 0.000000 0.000000 0.000000 0.000000 0.000000 0.000000 0.000000 0.000000 0.000000 0.000000 0.000000 0.000000 
0.000000 0.000000 0.000000 0.000000 0.000000 0.000000 0.000000 0.000000 0.000000 0.000000 0.000000 0.000000 0.000000 0.000000 0.000000 0.000000 
0.000000 0.000000 0.000000 0.000000 0.000000 0.000000 0.000000 0.000000 0.000000 0.000000 0.000000 0.000000 0.000000 0.000000 0.000000 0.000000 
0.000000 0.000000 0.000000 0.000000 0.000000 0.000000 0.000000 0.000000 0.000000 0.000000 0.000000 0.000000 0.000000 0.000000 0.000000 0.000000 
0.000000 0.000000 0.000000 0.000000 0.000000 0.000000 0.000000 0.000000 0.000000 0.000000 0.000000 0.000000 0.000000 0.000000 0.000000 0.000000 
0.000000 0.000000 0.000000 0.000000 0.000000 0.000000 0.000000 0.000000 0.000000 0.000000 0.000000 0.000000 0.000000 0.000000 0.000000 0.000000 
0.000000 0.000000 0.000000 0.000000 0.000000 0.000000 0.000000 0.000000 0.000000 0.000000 0.000000 0.000000 0.000000 0.000000 0.000000 0.000000 
0.000000 0.000000 0.000000 0.000000 0.000000 0.000000 0.000000 0.000000 0.000000 0.000000 0.000000 0.000000 0.000000 0.000000 0.000000 0.000000 
0.000000 0.000000 0.000000 0.000000 0.000000 0.000000 0.000000 0.000000 0.000000 0.000000 0.000000 0.000000 0.000000 0.000000 0.000000 0.000000 
0.000000 0.000000 0.000000 0.000000 0.000000 0.000000 0.000000 0.000000 0.000000 0.000000 0.000000 0.000000 0.000000 0.000000 0.000000 0.000000 
0.000000 0.000000 0.000000 0.000000 0.000000 0.000000 0.000000 0.000000 0.000000 0.000000 0.000000 0.000000 0.000000 0.000000 0.000000 0.000000 
0.000000 0.000000 0.000000 0.000000 0.000000 0.000000 0.000000 0.000000 0.000000 0.000000 0.000000 0.000000 0.000000 0.000000 0.000000 0.000000 
0.000000 0.000000 0.000000 0.000000 0.000000 0.000000 0.000000 0.000000 0.000000 0.000000 0.000000 0.000000 0.000000 0.000000 0.000000 0.000000 
0.000000 0.000000 0.000000 0.000000 0.000000 0.000000 0.000000 0.000000 0.000000 0.000000 0.000000 0.000000 0.000000 0.000000 0.000000 0.000000 
0.000000 0.000000 0.000000 0.000000 0.000000 0.000000 0.000000 0.000000 0.000000 0.000000 0.000000 0.000000 0.000000 0.000000 0.000000 0.000000 
0.000000 0.000000 0.000000 0.000000 0.000000 0.000000 0.000000 0.000000 0.000000 0.000000 0.000000 0.000000 0.000000 0.000000 0.000000 0.000000 
0.000000 0.000000 0.000000 0.000000 0.000000 0.000000 0.000000 0.000000 0.000000 0.000000 0.000000 0.000000 0.000000 0.000000 0.000000 0.000000 
0.000000 0.000000 0.000000 0.000000 0.000000 0.000000 0.000000 0.000000 0.000000 0.000000 0.000000 0.000000 0.000000 0.000000 0.000000 0.000000 
0.000000 0.000000 0.000000 0.000000 0.000000 0.000000 0.000000 0.000000 0.000000 0.000000 0.000000 0.000000 0.000000 0.000000 0.000000 0.000000 
0.000000 0.000000 0.000000 0.000000 0.000000 0.000000 0.000000 0.000000 0.000000 0.000000 0.000000 0.000000 0.000000 0.000000 0.000000 0.000000 
0.000000 0.000000 0.000000 0.000000 0.000000 0.000000 0.000000 0.000000 0.000000 0.000000 0.000000 0.000000 0.000000 0.000000 0.000000 0.000000 
0.000000 0.000000 0.000000 0.000000 0.000000 0.000000 0.000000 0.000000 0.000000 0.000000 0.000000 0.000000 0.000000 0.000000 0.000000 0.000000 
0.000000 0.000000 0.000000 0.000000 0.000000 0.000000 0.000000 0.000000 0.000000 0.000000 0.000000 0.000000 0.000000 0.000000 0.000000 0.000000 
0.000000 0.000000 0.000000 0.000000 0.000000 0.000000 0.000000 0.000000 0.000000 0.000000 0.000000 0.000000 0.000000 0.000000 0.000000 0.000000 
0.000000 0.000000 0.000000 0.000000 0.000000 0.000000 0.000000 0.000000 0.000000 0.000000 0.000000 0.000000 0.000000 0.000000 0.000000 0.000000 
0.000000 0.000000 0.000000 0.000000 0.000000 0.000000 0.000000 0.000000 0.000000 0.000000 0.000000 0.000000 0.000000 0.000000 0.000000 0.000000 
0.000000 0.000000 0.000000 0.000000 0.000000 0.000000 0.000000 0.000000 0.000000 0.000000 0.000000 0.000000 0.000000 0.000000 0.000000 0.000000 
0.000000 0.000000 0.000000 0.000000 0.000000 0.000000 0.000000 0.000000 0.000000 0.000000 0.000000 0.000000 0.000000 0.000000 0.000000 0.000000 
0.000000 0.000000 0.000000 0.000000 0.000000 0.000000 0.000000 0.000000 0.000000 0.000000 0.000000 0.000000 0.000000 0.000000 0.000000 0.000000 
0.000000 0.000000 0.000000 0.000000 0.000000 0.000000 0.000000 0.000000 0.000000 0.000000 0.000000 0.000000 0.000000 0.000000 0.000000 0.000000 
0.000000 0.000000 0.000000 0.000000 0.000000 0.000000 0.000000 0.000000 0.000000 0.000000 0.000000 0.000000 0.000000 0.000000 0.000000 0.000000 
0.000000 0.000000 0.000000 0.000000 0.000000 0.000000 0.000000 0.000000 0.000000 0.000000 0.000000 0.000000 0.000000 0.000000 0.000000 0.000000 
0.000000 0.000000 0.000000 0.000000 0.000000 0.000000 0.000000 0.000000 0.000000 0.000000 0.000000 0.000000 0.000000 0.000000 0.000000 0.000000 
0.000000 0.000000 0.000000 0.000000 0.000000 0.000000 0.000000 0.000000 0.000000 0.000000 0.000000 0.000000 0.000000 0.000000 0.000000 0.000000 
0.000000 0.000000 0.000000 0.000000 0.000000 0.000000 0.000000 0.000000 0.000000 0.000000 0.000000 0.000000 0.000000 0.000000 0.000000 0.000000 
0.000000 0.000000 0.000000 0.000000 0.000000 0.000000 0.000000 0.000000 0.000000 0.000000 0.000000 0.000000 0.000000 0.000000 0.000000 0.000000 
0.000000 0.000000 0.000000 0.000000 0.000000 0.000000 0.000000 0.000000 0.000000 0.000000 0.000000 0.000000 0.000000 0.000000 0.000000 0.000000 
0.000000 0.000000 0.000000 0.000000 0.000000 0.000000 0.000000 0.000000 0.000000 0.000000 0.000000 0.000000 0.000000 0.000000 0.000000 0.000000 
0.000000 0.000000 0.000000 0.000000 0.000000 0.000000 0.000000 0.000000 0.000000 0.000000 0.000000 0.000000 0.000000 0.000000 0.000000 0.000000 
0.000000 0.000000 0.000000 0.000000 0.000000 0.000000 0.000000 0.000000 0.000000 0.000000 0.000000 0.000000 0.000000 0.000000 0.000000 0.000000 
0.000000 0.000000 0.000000 0.000000 0.000000 0.000000 0.000000 0.000000 0.000000 0.000000 0.000000 0.000000 0.000000 0.000000 0.000000 0.000000 
0.000000 0.000000 0.000000 0.000000 0.000000 0.000000 0.000000 0.000000 0.000000 0.000000 0.000000 0.000000 0.000000 0.000000 0.000000 0.000000 
0.000000 0.000000 0.000000 0.000000 0.000000 0.000000 0.000000 0.000000 0.000000 0.000000 0.000000 0.000000 0.000000 0.000000 0.000000 0.000000 
0.000000 0.000000 0.000000 0.000000 0.000000 0.000000 0.000000 0.000000 0.000000 0.000000 0.000000 0.000000 0.000000 0.000000 0.000000 0.000000 
0.000000 0.000000 0.000000 0.000000 0.000000 0.000000 0.000000 0.000000 0.000000 0.000000 0.000000 0.000000 0.000000 0.000000 0.000000 0.000000 
0.000000 0.000000 0.000000 0.000000 0.000000 0.000000 0.000000 0.000000 0.000000 0.000000 0.000000 0.000000 0.000000 0.000000 0.000000 0.000000 
0.000000 0.000000 0.000000 0.000000 0.000000 0.000000 0.000000 0.000000 0.000000 0.000000 0.000000 0.000000 0.000000 0.000000 0.000000 0.000000 
0.000000 0.000000 0.000000 0.000000 0.000000 0.000000 0.000000 0.000000 0.000000 0.000000 0.000000 0.000000 0.000000 0.000000 0.000000 0.000000 
0.000000 0.000000 0.000000 0.000000 0.000000 0.000000 0.000000 0.000000 0.000000 0.000000 0.000000 0.000000 0.000000 0.000000 0.000000 0.000000 
0.000000 0.000000 0.000000 0.000000 0.000000 0.000000 0.000000 0.000000 0.000000 0.000000 0.000000 0.000000 0.000000 0.000000 0.000000 0.000000 
0.000000 0.000000 0.000000 0.000000 0.000000 0.000000 0.000000 0.000000 0.000000 0.000000 0.000000 0.000000 0.000000 0.000000 0.000000 0.000000 
0.000000 0.000000 0.000000 0.000000 0.000000 0.000000 0.000000 0.000000 0.000000 0.000000 0.000000 0.000000 0.000000 0.000000 0.000000 0.000000 
0.000000 0.000000 0.000000 0.000000 0.000000 0.000000 0.000000 0.000000 0.000000 0.000000 0.000000 0.000000 0.000000 0.000000 0.000000 0.000000 
0.000000 0.000000 0.000000 0.000000 0.000000 0.000000 0.000000 0.000000 0.000000 0.000000 0.000000 0.000000 0.000000 0.000000 0.000000 0.000000 
0.000000 0.000000 0.000000 0.000000 0.000000 0.000000 0.000000 0.000000 0.000000 0.000000 0.000000 0.000000 0.000000 0.000000 0.000000 0.000000 
0.000000 0.000000 0.000000 0.000000 0.000000 0.000000 0.000000 0.000000 0.000000 0.000000 0.000000 0.000000 0.000000 0.000000 0.000000 0.000000 
0.000000 0.000000 0.000000 0.000000 0.000000 0.000000 0.000000 0.000000 0.000000 0.000000 0.000000 0.000000 0.000000 0.000000 0.000000 0.000000 
0.000000 0.000000 0.000000 0.000000 0.000000 0.000000 0.000000 0.000000 0.000000 0.000000 0.000000 0.000000 0.000000 0.000000 0.000000 0.000000 
0.000000 0.000000 0.000000 0.000000 0.000000 0.000000 0.000000 0.000000 0.000000 0.000000 0.000000 0.000000 0.000000 0.000000 0.000000 0.000000 
0.000000 0.000000 0.000000 0.000000 0.000000 0.000000 0.000000 0.000000 0.000000 0.000000 0.000000 0.000000 0.000000 0.000000 0.000000 0.000000 
0.000000 0.000000 0.000000 0.000000 0.000000 0.000000 0.000000 0.000000 0.000000 0.000000 0.000000 0.000000 0.000000 0.000000 0.000000 0.000000 
0.000000 0.000000 0.000000 0.000000 0.000000 0.000000 0.000000 0.000000 0.000000 0.000000 0.000000 0.000000 0.000000 0.000000 0.000000 0.000000 
0.000000 0.000000 0.000000 0.000000 0.000000 0.000000 0.000000 0.000000 0.000000 0.000000 0.000000 0.000000 0.000000 0.000000 0.000000 0.000000 
0.000000 0.000000 0.000000 0.000000 0.000000 0.000000 0.000000 0.000000 0.000000 0.000000 0.000000 0.000000 0.000000 0.000000 0.000000 0.000000 
0.000000 0.000000 0.000000 0.000000 0.000000 0.000000 0.000000 0.000000 0.000000 0.000000 0.000000 0.000000 0.000000 0.000000 0.000000 0.000000 
0.000000 0.000000 0.000000 0.000000 0.000000 0.000000 0.000000 0.000000 0.000000 0.000000 0.000000 0.000000 0.000000 0.000000 0.000000 0.000000 
0.000000 0.000000 0.000000 0.000000 0.000000 0.000000 0.000000 0.000000 0.000000 0.000000 0.000000 0.000000 0.000000 0.000000 0.000000 0.000000 
0.000000 0.000000 0.000000 0.000000 0.000000 0.000000 0.000000 0.000000 0.000000 0.000000 0.000000 0.000000 0.000000 0.000000 0.000000 0.000000 
0.000000 0.000000 0.000000 0.000000 0.000000 0.000000 0.000000 0.000000 0.000000 0.000000 0.000000 0.000000 0.000000 0.000000 0.000000 0.000000 
0.000000 0.000000 0.000000 0.000000 0.000000 0.000000 0.000000 0.000000 0.000000 0.000000 0.000000 0.000000 0.000000 0.000000 0.000000 0.000000 
0.000000 0.000000 0.000000 0.000000 0.000000 0.000000 0.000000 0.000000 0.000000 0.000000 0.000000 0.000000 0.000000 0.000000 0.000000 0.000000 
0.000000 0.000000 0.000000 0.000000 0.000000 0.000000 0.000000 0.000000 0.000000 0.000000 0.000000 0.000000 0.000000 0.000000 0.000000 0.000000 
0.000000 0.000000 0.000000 0.000000 0.000000 0.000000 0.000000 0.000000 0.000000 0.000000 0.000000 0.000000 0.000000 0.000000 0.000000 0.000000 
0.000000 0.000000 0.000000 0.000000 0.000000 0.000000 0.000000 0.000000 0.000000 0.000000 0.000000 0.000000 0.000000 0.000000 0.000000 0.000000 
0.000000 0.000000 0.000000 0.000000 0.000000 0.000000 0.000000 0.000000 0.000000 0.000000 0.000000 0.000000 0.000000 0.000000 0.000000 0.000000 
0.000000 0.000000 0.000000 0.000000 0.000000 0.000000 0.000000 0.000000 0.000000 0.000000 0.000000 0.000000 0.000000 0.000000 0.000000 0.000000 
0.000000 0.000000 0.000000 0.000000 0.000000 0.000000 0.000000 0.000000 0.000000 0.000000 0.000000 0.000000 0.000000 0.000000 0.000000 0.000000 
0.000000 0.000000 0.000000 0.000000 0.000000 0.000000 0.000000 0.000000 0.000000 0.000000 0.000000 0.000000 0.000000 0.000000 0.000000 0.000000 
0.000000 0.000000 0.000000 0.000000 0.000000 0.000000 0.000000 0.000000 0.000000 0.000000 0.000000 0.000000 0.000000 0.000000 0.000000 0.000000 
0.000000 0.000000 0.000000 0.000000 0.000000 0.000000 0.000000 0.000000 0.000000 0.000000 0.000000 0.000000 0.000000 0.000000 0.000000 0.000000 
0.000000 0.000000 0.000000 0.000000 0.000000 0.000000 0.000000 0.000000 0.000000 0.000000 0.000000 0.000000 0.000000 0.000000 0.000000 0.000000 
0.000000 0.000000 0.000000 0.000000 0.000000 0.000000 0.000000 0.000000 0.000000 0.000000 0.000000 0.000000 0.000000 0.000000 0.000000 0.000000 
0.000000 0.000000 0.000000 0.000000 0.000000 0.000000 0.000000 0.000000 0.000000 0.000000 0.000000 0.000000 0.000000 0.000000 0.000000 0.000000 
0.000000 0.000000 0.000000 0.000000 0.000000 0.000000 0.000000 0.000000 0.000000 0.000000 0.000000 0.000000 0.000000 0.000000 0.000000 0.000000 
0.000000 0.000000 0.000000 0.000000 0.000000 0.000000 0.000000 0.000000 0.000000 0.000000 0.000000 0.000000 0.000000 0.000000 0.000000 0.000000 
0.000000 0.000000 0.000000 0.000000 0.000000 0.000000 0.000000 0.000000 0.000000 0.000000 0.000000 0.000000 0.000000 0.000000 0.000000 0.000000 
0.000000 0.000000 0.000000 0.000000 0.000000 0.000000 0.000000 0.000000 0.000000 0.000000 0.000000 0.000000 0.000000 0.000000 0.000000 0.000000 
0.000000 0.000000 0.000000 0.000000 0.000000 0.000000 0.000000 0.000000 0.000000 0.000000 0.000000 0.000000 0.000000 0.000000 0.000000 0.000000 
0.000000 0.000000 0.000000 0.000000 0.000000 0.000000 0.000000 0.000000 0.000000 0.000000 0.000000 0.000000 0.000000 0.000000 0.000000 0.000000 
0.000000 0.000000 0.000000 0.000000 0.000000 0.000000 0.000000 0.000000 0.000000 0.000000 0.000000 0.000000 0.000000 0.000000 0.000000 0.000000 
0.000000 0.000000 0.000000 0.000000 0.000000 0.000000 0.000000 0.000000 0.000000 0.000000 0.000000 0.000000 0.000000 0.000000 0.000000 0.000000 
0.000000 0.000000 0.000000 0.000000 0.000000 0.000000 0.000000 0.000000 0.000000 0.000000 0.000000 0.000000 0.000000 0.000000 0.000000 0.000000 
0.000000 0.000000 0.000000 0.000000 0.000000 0.000000 0.000000 0.000000 0.000000 0.000000 0.000000 0.000000 0.000000 0.000000 0.000000 0.000000 
0.000000 0.000000 0.000000 0.000000 0.000000 0.000000 0.000000 0.000000 0.000000 0.000000 0.000000 0.000000 0.000000 0.000000 0.000000 0.000000 
0.000000 0.000000 0.000000 0.000000 0.000000 0.000000 0.000000 0.000000 0.000000 0.000000 0.000000 0.000000 0.000000 0.000000 0.000000 0.000000 
0.000000 0.000000 0.000000 0.000000 0.000000 0.000000 0.000000 0.000000 0.000000 0.000000 0.000000 0.000000 0.000000 0.000000 0.000000 0.000000 
0.000000 0.000000 0.000000 0.000000 0.000000 0.000000 0.000000 0.000000 0.000000 0.000000 0.000000 0.000000 0.000000 0.000000 0.000000 0.000000 
0.000000 0.000000 0.000000 0.000000 0.000000 0.000000 0.000000 0.000000 0.000000 0.000000 0.000000 0.000000 0.000000 0.000000 0.000000 0.000000 
0.000000 0.000000 0.000000 0.000000 0.000000 0.000000 0.000000 0.000000 0.000000 0.000000 0.000000 0.000000 0.000000 0.000000 0.000000 0.000000 
0.000000 0.000000 0.000000 0.000000 0.000000 0.000000 0.000000 0.000000 0.000000 0.000000 0.000000 0.000000 0.000000 0.000000 0.000000 0.000000 
0.000000 0.000000 0.000000 0.000000 0.000000 0.000000 0.000000 0.000000 0.000000 0.000000 0.000000 0.000000 0.000000 0.000000 0.000000 0.000000 
0.000000 0.000000 0.000000 0.000000 0.000000 0.000000 0.000000 0.000000 0.000000 0.000000 0.000000 0.000000 0.000000 0.000000 0.000000 0.000000 
0.000000 0.000000 0.000000 0.000000 0.000000 0.000000 0.000000 0.000000 0.000000 0.000000 0.000000 0.000000 0.000000 0.000000 0.000000 0.000000 
0.000000 0.000000 0.000000 0.000000 0.000000 0.000000 0.000000 0.000000 0.000000 0.000000 0.000000 0.000000 0.000000 0.000000 0.000000 0.000000 
0.000000 0.000000 0.000000 0.000000 0.000000 0.000000 0.000000 0.000000 0.000000 0.000000 0.000000 0.000000 0.000000 0.000000 0.000000 0.000000 
0.000000 0.000000 0.000000 0.000000 0.000000 0.000000 0.000000 0.000000 0.000000 0.000000 0.000000 0.000000 0.000000 0.000000 0.000000 0.000000 
0.000000 0.000000 0.000000 0.000000 0.000000 0.000000 0.000000 0.000000 0.000000 0.000000 0.000000 0.000000 0.000000 0.000000 0.000000 0.000000 
0.000000 0.000000 0.000000 0.000000 0.000000 0.000000 0.000000 0.000000 0.000000 0.000000 0.000000 0.000000 0.000000 0.000000 0.000000 0.000000 
0.000000 0.000000 0.000000 0.000000 0.000000 0.000000 0.000000 0.000000 0.000000 0.000000 0.000000 0.000000 0.000000 0.000000 0.000000 0.000000 
0.000000 0.000000 0.000000 0.000000 0.000000 0.000000 0.000000 0.000000 0.000000 0.000000 0.000000 0.000000 0.000000 0.000000 0.000000 0.000000 
0.000000 0.000000 0.000000 0.000000 0.000000 0.000000 0.000000 0.000000 0.000000 0.000000 0.000000 0.000000 0.000000 0.000000 0.000000 0.000000 
0.000000 0.000000 0.000000 0.000000 0.000000 0.000000 0.000000 0.000000 0.000000 0.000000 0.000000 0.000000 0.000000 0.000000 0.000000 0.000000 
0.000000 0.000000 0.000000 0.000000 0.000000 0.000000 0.000000 0.000000 0.000000 0.000000 0.000000 0.000000 0.000000 0.000000 0.000000 0.000000 
0.000000 0.000000 0.000000 0.000000 0.000000 0.000000 0.000000 0.000000 0.000000 0.000000 0.000000 0.000000 0.000000 0.000000 0.000000 0.000000 
0.000000 0.000000 0.000000 0.000000 0.000000 0.000000 0.000000 0.000000 0.000000 0.000000 0.000000 0.000000 0.000000 0.000000 0.000000 0.000000 
0.000000 0.000000 0.000000 0.000000 0.000000 0.000000 0.000000 0.000000 0.000000 0.000000 0.000000 0.000000 0.000000 0.000000 0.000000 0.000000 
0.000000 0.000000 0.000000 0.000000 0.000000 0.000000 0.000000 0.000000 0.000000 0.000000 0.000000 0.000000 0.000000 0.000000 0.000000 0.000000 
0.000000 0.000000 0.000000 0.000000 0.000000 0.000000 0.000000 0.000000 0.000000 0.000000 0.000000 0.000000 0.000000 0.000000 0.000000 0.000000 
0.000000 0.000000 0.000000 0.000000 0.000000 0.000000 0.000000 0.000000 0.000000 0.000000 0.000000 0.000000 0.000000 0.000000 0.000000 0.000000 
0.000000 0.000000 0.000000 0.000000 0.000000 0.000000 0.000000 0.000000 0.000000 0.000000 0.000000 0.000000 0.000000 0.000000 0.000000 0.000000 
0.000000 0.000000 0.000000 0.000000 0.000000 0.000000 0.000000 0.000000 0.000000 0.000000 0.000000 0.000000 0.000000 0.000000 0.000000 0.000000 
0.000000 0.000000 0.000000 0.000000 0.000000 0.000000 0.000000 0.000000 0.000000 0.000000 0.000000 0.000000 0.000000 0.000000 0.000000 0.000000 
0.000000 0.000000 0.000000 0.000000 0.000000 0.000000 0.000000 0.000000 0.000000 0.000000 0.000000 0.000000 0.000000 0.000000 0.000000 0.000000 
0.000000 0.000000 0.000000 0.000000 0.000000 0.000000 0.000000 0.000000 0.000000 0.000000 0.000000 0.000000 0.000000 0.000000 0.000000 0.000000 
0.000000 0.000000 0.000000 0.000000 0.000000 0.000000 0.000000 0.000000 0.000000 0.000000 0.000000 0.000000 0.000000 0.000000 0.000000 0.000000 
0.000000 0.000000 0.000000 0.000000 0.000000 0.000000 0.000000 0.000000 0.000000 0.000000 0.000000 0.000000 0.000000 0.000000 0.000000 0.000000 
0.000000 0.000000 0.000000 0.000000 0.000000 0.000000 0.000000 0.000000 0.000000 0.000000 0.000000 0.000000 0.000000 0.000000 0.000000 0.000000 
0.000000 0.000000 0.000000 0.000000 0.000000 0.000000 0.000000 0.000000 0.000000 0.000000 0.000000 0.000000 0.000000 0.000000 0.000000 0.000000 
0.000000 0.000000 0.000000 0.000000 0.000000 0.000000 0.000000 0.000000 0.000000 0.000000 0.000000 0.000000 0.000000 0.000000 0.000000 0.000000 
0.000000 0.000000 0.000000 0.000000 0.000000 0.000000 0.000000 0.000000 0.000000 0.000000 0.000000 0.000000 0.000000 0.000000 0.000000 0.000000 
0.000000 0.000000 0.000000 0.000000 0.000000 0.000000 0.000000 0.000000 0.000000 0.000000 0.000000 0.000000 0.000000 0.000000 0.000000 0.000000 
0.000000 0.000000 0.000000 0.000000 0.000000 0.000000 0.000000 0.000000 0.000000 0.000000 0.000000 0.000000 0.000000 0.000000 0.000000 0.000000 
0.000000 0.000000 0.000000 0.000000 0.000000 0.000000 0.000000 0.000000 0.000000 0.000000 0.000000 0.000000 0.000000 0.000000 0.000000 0.000000 
0.000000 0.000000 0.000000 0.000000 0.000000 0.000000 0.000000 0.000000 0.000000 0.000000 0.000000 0.000000 0.000000 0.000000 0.000000 0.000000 
0.000000 0.000000 0.000000 0.000000 0.000000 0.000000 0.000000 0.000000 0.000000 0.000000 0.000000 0.000000 0.000000 0.000000 0.000000 0.000000 
0.000000 0.000000 0.000000 0.000000 0.000000 0.000000 0.000000 0.000000 0.000000 0.000000 0.000000 0.000000 0.000000 0.000000 0.000000 0.000000 
0.000000 0.000000 0.000000 0.000000 0.000000 0.000000 0.000000 0.000000 0.000000 0.000000 0.000000 0.000000 0.000000 0.000000 0.000000 0.000000 
0.000000 0.000000 0.000000 0.000000 0.000000 0.000000 0.000000 0.000000 0.000000 0.000000 0.000000 0.000000 0.000000 0.000000 0.000000 0.000000 
0.000000 0.000000 0.000000 0.000000 0.000000 0.000000 0.000000 0.000000 0.000000 0.000000 0.000000 0.000000 0.000000 0.000000 0.000000 0.000000 
0.000000 0.000000 0.000000 0.000000 0.000000 0.000000 0.000000 0.000000 0.000000 0.000000 0.000000 0.000000 0.000000 0.000000 0.000000 0.000000 
0.000000 0.000000 0.000000 0.000000 0.000000 0.000000 0.000000 0.000000 0.000000 0.000000 0.000000 0.000000 0.000000 0.000000 0.000000 0.000000 
0.000000 0.000000 0.000000 0.000000 0.000000 0.000000 0.000000 0.000000 0.000000 0.000000 0.000000 0.000000 0.000000 0.000000 0.000000 0.000000 
0.000000 0.000000 0.000000 0.000000 0.000000 0.000000 0.000000 0.000000 0.000000 0.000000 0.000000 0.000000 0.000000 0.000000 0.000000 0.000000 
0.000000 0.000000 0.000000 0.000000 0.000000 0.000000 0.000000 0.000000 0.000000 0.000000 0.000000 0.000000 0.000000 0.000000 0.000000 0.000000 
0.000000 0.000000 0.000000 0.000000 0.000000 0.000000 0.000000 0.000000 0.000000 0.000000 0.000000 0.000000 0.000000 0.000000 0.000000 0.000000 
0.000000 0.000000 0.000000 0.000000 0.000000 0.000000 0.000000 0.000000 0.000000 0.000000 0.000000 0.000000 0.000000 0.000000 0.000000 0.000000 
0.000000 0.000000 0.000000 0.000000 0.000000 0.000000 0.000000 0.000000 0.000000 0.000000 0.000000 0.000000 0.000000 0.000000 0.000000 0.000000 
0.000000 0.000000 0.000000 0.000000 0.000000 0.000000 0.000000 0.000000 0.000000 0.000000 0.000000 0.000000 0.000000 0.000000 0.000000 0.000000 
0.000000 0.000000 0.000000 0.000000 0.000000 0.000000 0.000000 0.000000 0.000000 0.000000 0.000000 0.000000 0.000000 0.000000 0.000000 0.000000 
0.000000 0.000000 0.000000 0.000000 0.000000 0.000000 0.000000 0.000000 0.000000 0.000000 0.000000 0.000000 0.000000 0.000000 0.000000 0.000000 
0.000000 0.000000 0.000000 0.000000 0.000000 0.000000 0.000000 0.000000 0.000000 0.000000 0.000000 0.000000 0.000000 0.000000 0.000000 0.000000 
0.000000 0.000000 0.000000 0.000000 0.000000 0.000000 0.000000 0.000000 0.000000 0.000000 0.000000 0.000000 0.000000 0.000000 0.000000 0.000000 
0.000000 0.000000 0.000000 0.000000 0.000000 0.000000 0.000000 0.000000 0.000000 0.000000 0.000000 0.000000 0.000000 0.000000 0.000000 0.000000 
0.000000 0.000000 0.000000 0.000000 0.000000 0.000000 0.000000 0.000000 0.000000 0.000000 0.000000 0.000000 0.000000 0.000000 0.000000 0.000000 
0.000000 0.000000 0.000000 0.000000 0.000000 0.000000 0.000000 0.000000 0.000000 0.000000 0.000000 0.000000 0.000000 0.000000 0.000000 0.000000 
0.000000 0.000000 0.000000 0.000000 0.000000 0.000000 0.000000 0.000000 0.000000 0.000000 0.000000 0.000000 0.000000 0.000000 0.000000 0.000000 
0.000000 0.000000 0.000000 0.000000 0.000000 0.000000 0.000000 0.000000 0.000000 0.000000 0.000000 0.000000 0.000000 0.000000 0.000000 0.000000 
0.000000 0.000000 0.000000 0.000000 0.000000 0.000000 0.000000 0.000000 0.000000 0.000000 0.000000 0.000000 0.000000 0.000000 0.000000 0.000000 
0.000000 0.000000 0.000000 0.000000 0.000000 0.000000 0.000000 0.000000 0.000000 0.000000 0.000000 0.000000 0.000000 0.000000 0.000000 0.000000 
0.000000 0.000000 0.000000 0.000000 0.000000 0.000000 0.000000 0.000000 0.000000 0.000000 0.000000 0.000000 0.000000 0.000000 0.000000 0.000000 
0.000000 0.000000 0.000000 0.000000 0.000000 0.000000 0.000000 0.000000 0.000000 0.000000 0.000000 0.000000 0.000000 0.000000 0.000000 0.000000 
0.000000 0.000000 0.000000 0.000000 0.000000 0.000000 0.000000 0.000000 0.000000 0.000000 0.000000 0.000000 0.000000 0.000000 0.000000 0.000000 
0.000000 0.000000 0.000000 0.000000 0.000000 0.000000 0.000000 0.000000 0.000000 0.000000 0.000000 0.000000 0.000000 0.000000 0.000000 0.000000 
0.000000 0.000000 0.000000 0.000000 0.000000 0.000000 0.000000 0.000000 0.000000 0.000000 0.000000 0.000000 0.000000 0.000000 0.000000 0.000000 
0.000000 0.000000 0.000000 0.000000 0.000000 0.000000 0.000000 0.000000 0.000000 0.000000 0.000000 0.000000 0.000000 0.000000 0.000000 0.000000 
0.000000 0.000000 0.000000 0.000000 0.000000 0.000000 0.000000 0.000000 0.000000 0.000000 0.000000 0.000000 0.000000 0.000000 0.000000 0.000000 
0.000000 0.000000 0.000000 0.000000 0.000000 0.000000 0.000000 0.000000 0.000000 0.000000 0.000000 0.000000 0.000000 0.000000 0.000000 0.000000 
0.000000 0.000000 0.000000 0.000000 0.000000 0.000000 0.000000 0.000000 0.000000 0.000000 0.000000 0.000000 0.000000 0.000000 0.000000 0.000000 
0.000000 0.000000 0.000000 0.000000 0.000000 0.000000 0.000000 0.000000 0.000000 0.000000 0.000000 0.000000 0.000000 0.000000 0.000000 0.000000 
0.000000 0.000000 0.000000 0.000000 0.000000 0.000000 0.000000 0.000000 0.000000 0.000000 0.000000 0.000000 0.000000 0.000000 0.000000 0.000000 
0.000000 0.000000 0.000000 0.000000 0.000000 0.000000 0.000000 0.000000 0.000000 0.000000 0.000000 0.000000 0.000000 0.000000 0.000000 0.000000 
0.000000 0.000000 0.000000 0.000000 0.000000 0.000000 0.000000 0.000000 0.000000 0.000000 0.000000 0.000000 0.000000 0.000000 0.000000 0.000000 
0.000000 0.000000 0.000000 0.000000 0.000000 0.000000 0.000000 0.000000 0.000000 0.000000 0.000000 0.000000 0.000000 0.000000 0.000000 0.000000 
0.000000 0.000000 0.000000 0.000000 0.000000 0.000000 0.000000 0.000000 0.000000 0.000000 0.000000 0.000000 0.000000 0.000000 0.000000 0.000000 
0.000000 0.000000 0.000000 0.000000 0.000000 0.000000 0.000000 0.000000 0.000000 0.000000 0.000000 0.000000 0.000000 0.000000 0.000000 0.000000 
0.000000 0.000000 0.000000 0.000000 0.000000 0.000000 0.000000 0.000000 0.000000 0.000000 0.000000 0.000000 0.000000 0.000000 0.000000 0.000000 
0.000000 0.000000 0.000000 0.000000 0.000000 0.000000 0.000000 0.000000 0.000000 0.000000 0.000000 0.000000 0.000000 0.000000 0.000000 0.000000 
0.000000 0.000000 0.000000 0.000000 0.000000 0.000000 0.000000 0.000000 0.000000 0.000000 0.000000 0.000000 0.000000 0.000000 0.000000 0.000000 
0.000000 0.000000 0.000000 0.000000 0.000000 0.000000 0.000000 0.000000 0.000000 0.000000 0.000000 0.000000 0.000000 0.000000 0.000000 0.000000 
0.000000 0.000000 0.000000 0.000000 0.000000 0.000000 0.000000 0.000000 0.000000 0.000000 0.000000 0.000000 0.000000 0.000000 0.000000 0.000000 
0.000000 0.000000 0.000000 0.000000 0.000000 0.000000 0.000000 0.000000 0.000000 0.000000 0.000000 0.000000 0.000000 0.000000 0.000000 0.000000 
0.000000 0.000000 0.000000 0.000000 0.000000 0.000000 0.000000 0.000000 0.000000 0.000000 0.000000 0.000000 0.000000 0.000000 0.000000 0.000000 
0.000000 0.000000 0.000000 0.000000 0.000000 0.000000 0.000000 0.000000 0.000000 0.000000 0.000000 0.000000 0.000000 0.000000 0.000000 0.000000 
0.000000 0.000000 0.000000 0.000000 0.000000 0.000000 0.000000 0.000000 0.000000 0.000000 0.000000 0.000000 0.000000 0.000000 0.000000 0.000000 
0.000000 0.000000 0.000000 0.000000 0.000000 0.000000 0.000000 0.000000 0.000000 0.000000 0.000000 0.000000 0.000000 0.000000 0.000000 0.000000 
0.000000 0.000000 0.000000 0.000000 0.000000 0.000000 0.000000 0.000000 0.000000 0.000000 0.000000 0.000000 0.000000 0.000000 0.000000 0.000000 
0.000000 0.000000 0.000000 0.000000 0.000000 0.000000 0.000000 0.000000 0.000000 0.000000 0.000000 0.000000 0.000000 0.000000 0.000000 0.000000 
-0.003371 0.002380 0.003022 -0.002823 -0.002608 0.003206 0.002139 -0.003519 -0.001623 0.003757 0.001072 -0.003914 -0.000498 0.003987 -0.000086 0.000000 
0.009228 -0.010118 -0.007745 0.011253 0.006096 -0.012146 -0.004315 0.012779 0.002442 -0.013137 -0.000516 0.013213 -0.001420 -0.013004 0.003326 0.000000 
-0.021434 0.024903 0.017784 -0.027509 -0.013751 0.029525 0.009424 -0.030906 -0.004893 0.031624 0.000258 -0.031661 0.004383 0.031019 -0.008930 0.000000 
0.044514 -0.045320 -0.037871 0.050871 0.030414 -0.055329 -0.022304 0.058599 0.013715 -0.060609 -0.004831 0.061317 -0.004157 -0.060708 0.013056 0.000000 
-0.081671 0.063226 0.072404 -0.073839 -0.061580 0.082865 0.049434 -0.090111 -0.036226 0.095421 0.022239 -0.098681 -0.007775 0.099820 -0.006857 0.000000 
0.130607 -0.059763 -0.121847 0.077624 0.110469 -0.093816 -0.096718 0.107993 0.080888 -0.119849 -0.063321 0.129131 0.044393 -0.135638 -0.024511 0.000000 
-0.174490 -0.001274 0.174677 -0.024330 -0.171111 0.049411 0.163868 -0.073431 -0.153105 0.095873 0.139052 -0.116255 -0.122011 0.134139 0.102349 0.000000 
0.129230 0.216349 -0.160942 -0.192758 0.189196 0.165026 -0.213385 -0.133748 0.232990 0.099597 -0.247589 -0.063306 0.256868 0.025654 -0.260629 0.000000 
-0.557978 -0.572467 0.641890 0.478379 -0.712010 -0.374014 0.766832 0.261612 -0.805179 -0.143590 0.826227 0.022482 -0.829522 0.099108 0.814995 0.000000 
1.043067 0.802354 -1.160675 -0.632224 1.253345 0.448510 -1.319087 -0.255159 1.356488 0.056327 -1.364745 0.143716 1.343679 -0.340671 -1.293744 0.000000 
-1.522232 -0.885766 1.652067 0.643609 -1.746406 -0.387622 1.803223 0.123308 -1.821298 0.143656 1.800241 -0.407534 -1.740505 0.662654 1.643374 0.000000 
1.907871 0.764663 -2.019954 -0.468581 2.088639 0.162430 -2.112447 0.147210 2.090869 -0.453687 -2.024368 0.750417 1.914373 -1.031023 -1.763247 0.000000 
-2.076697 -0.416103 2.137689 0.102764 -2.152752 0.212785 2.121562 -0.523761 -2.044790 0.823484 1.924084 -1.105514 -1.762039 1.363791 1.562137 0.000000 
1.891524 -0.074458 -1.880610 0.350115 1.829291 -0.618251 -1.738668 0.873103 1.610690 -1.109196 -1.448105 1.321457 1.254407 -1.505327 -1.033759 0.000000 
-1.276607 0.480717 1.206143 -0.657511 -1.109767 0.820180 0.989546 -0.965227 -0.848064 1.089535 0.688361 -1.190434 -0.513869 1.265756 0.328335 0.000000 
0.342779 -0.516004 -0.267144 0.555161 0.185770 -0.582391 -0.100404 0.597108 0.012880 -0.598996 0.074921 0.588013 -0.161110 -0.564399 0.243840 0.000000 
0.523534 0.066924 -0.533343 0.011253 0.531693 -0.089188 -0.518620 0.165207 0.494404 -0.237676 -0.459566 0.305039 0.414854 -0.365847 -0.361229 0.000000 
-0.809222 0.560067 0.727127 -0.666648 -0.629410 0.758905 0.518170 -0.834858 -0.395798 0.892874 0.264922 -0.931706 -0.128353 0.950519 -0.010972 0.000000 
0.339233 -0.719598 -0.233754 0.753860 0.123254 -0.771927 -0.010105 0.773407 -0.103259 -0.758272 0.214406 0.726845 -0.320946 -0.679801 0.420590 0.000000 
0.342352 0.115716 -0.359315 -0.063047 0.368555 0.009025 -0.369879 0.045193 0.363254 -0.098438 -0.348825 0.149568 0.326902 -0.197485 -0.297955 0.000000 
-0.403661 0.555419 0.322249 -0.602654 -0.233911 0.636940 0.140550 -0.657543 -0.044167 0.664017 -0.053164 -0.656224 0.149352 0.634332 -0.242332 0.000000 
-0.162820 -0.312623 0.208644 0.282040 -0.249986 -0.245397 0.285956 0.203482 -0.315783 -0.157196 0.338825 0.107531 -0.354586 -0.055556 0.362730 0.000000 
0.374722 -0.441651 -0.309986 0.487089 0.238589 -0.522061 -0.162066 0.545817 0.082060 -0.557844 -0.000293 0.557888 -0.081483 -0.545944 0.161506 0.000000 
0.120582 0.272306 -0.160495 -0.248780 0.196961 0.219911 -0.229196 -0.186316 0.256506 0.148716 -0.278304 -0.107923 0.294124 0.064811 -0.303624 0.000000 
-0.271029 0.480658 0.200574 -0.510058 -0.125809 0.528499 0.048343 -0.535585 0.030161 0.531165 -0.108020 -0.515331 0.183555 0.488426 -0.255148 0.000000 
-0.188438 -0.053918 0.196342 0.025138 -0.200028 0.004182 0.199415 -0.033413 -0.194516 0.061923 0.185441 -0.089106 -0.172378 0.114371 0.155615 0.000000 
0.076295 -0.544474 0.003513 0.543960 -0.083245 -0.531758 0.161189 0.508132 -0.235671 -0.473587 0.305089 0.428868 -0.367952 -0.374933 0.422908 0.000000 
0.227875 -0.322704 -0.180573 0.349172 0.129391 -0.368138 -0.075430 0.379195 0.019849 -0.382104 0.036159 0.376804 -0.091393 -0.363407 0.144659 0.000000 
0.134456 0.259818 -0.172540 -0.234527 0.206917 0.204198 -0.236849 -0.169480 0.261689 0.131123 -0.280910 -0.089948 0.294095 0.046838 -0.300959 0.000000 
-0.014802 0.540688 -0.064451 -0.531241 0.142320 0.510381 -0.217130 -0.478555 0.287277 0.436446 -0.351251 -0.384959 0.407678 0.325201 -0.455346 0.000000 
-0.119379 0.415924 0.058413 -0.424485 0.003807 0.423926 -0.065946 -0.414259 0.126668 0.395693 -0.184667 -0.368625 0.238700 0.333636 -0.287604 0.000000 
-0.172998 0.037928 0.167439 -0.062473 -0.158281 0.085672 0.145724 -0.107033 -0.130034 0.126092 0.111551 -0.142443 -0.090674 0.155735 0.067846 0.000000 
-0.159243 -0.313325 0.205169 0.283252 -0.246689 -0.247091 0.282905 0.205624 -0.313047 -0.159737 0.336462 0.110419 -0.352646 -0.058728 0.361253 0.000000 
-0.160506 -0.501614 0.234033 0.467309 -0.302530 -0.422965 0.364528 0.369532 -0.418693 -0.308161 0.463863 0.240169 -0.499067 -0.167017 0.523548 0.000000 
-0.132011 -0.578438 0.216796 0.546661 -0.296927 -0.503138 0.370675 0.448806 -0.436461 -0.384829 0.492868 0.312585 -0.538688 -0.233624 0.572930 0.000000 
-0.047867 -0.524091 0.124689 0.505813 -0.198829 -0.476669 0.268700 0.437283 -0.332797 -0.388502 0.389742 0.331374 -0.438314 -0.267128 0.477471 0.000000 
-0.001611 -0.402169 0.060561 0.393292 -0.118207 -0.375965 0.173316 0.350561 -0.224702 -0.317623 0.271259 0.277862 -0.311987 -0.232132 0.346012 0.000000 
0.021867 -0.326075 0.025926 0.322277 -0.073167 -0.311550 0.118833 0.294133 -0.161948 -0.270394 0.201581 0.240847 -0.236883 -0.206127 0.267099 0.000000 
0.047074 -0.284577 -0.005361 0.285361 -0.036466 -0.280019 0.077514 0.268655 -0.116890 -0.251523 0.153759 0.228983 -0.187324 -0.201525 0.216863 0.000000 
0.029025 -0.282013 0.012312 0.280209 -0.053385 -0.272383 0.093311 0.258705 -0.131232 -0.239471 0.166334 0.215089 -0.197861 -0.186087 0.225138 0.000000 
-0.018112 -0.347848 0.069098 0.337720 -0.118601 -0.320335 0.165556 0.296068 -0.208952 -0.265441 0.247861 0.229109 -0.281443 -0.187856 0.308981 0.000000 
-0.088311 -0.430251 0.151377 0.408063 -0.211191 -0.377106 0.266466 0.338048 -0.316018 -0.291725 0.358778 0.239135 -0.393830 -0.181409 0.420420 0.000000 
-0.234151 -0.490180 0.305998 0.445329 -0.371276 -0.390907 0.428576 0.328086 -0.476667 -0.258216 0.514515 0.182800 -0.541309 -0.103457 0.556475 0.000000 
-0.427587 -0.530696 0.505374 0.456619 -0.572306 -0.372730 0.626939 0.280835 -0.668105 -0.182904 0.694913 0.081045 -0.706795 0.022557 0.703488 0.000000 
-0.544578 -0.487978 0.616103 0.397671 -0.674394 -0.298819 0.718195 0.193547 -0.746566 -0.084116 0.758894 -0.027120 -0.754920 0.137777 0.734725 0.000000 
-0.481646 -0.273212 0.521691 0.196744 -0.550531 -0.116048 0.567541 0.032859 -0.572357 0.051036 0.564877 -0.133838 -0.545259 0.213760 0.513927 0.000000 
-0.190843 0.082068 0.178813 -0.108277 -0.162943 0.132163 0.143570 -0.153206 -0.121116 0.170960 0.096056 -0.185039 -0.068933 0.195143 0.040327 0.000000 
0.282072 0.402332 -0.341047 -0.352341 0.392691 0.294781 -0.435902 -0.230885 0.469744 0.162030 -0.493493 -0.089697 0.506641 0.015434 -0.508902 0.000000 
0.669965 0.460024 -0.737396 -0.351938 0.788983 0.236288 -0.823617 -0.115562 0.840555 -0.007644 -0.839436 0.130688 0.820279 -0.250923 -0.783500 0.000000 
0.534982 0.147460 -0.556597 -0.065871 0.566252 -0.017129 -0.563741 0.099761 0.549119 -0.180251 -0.522698 0.256866 0.485047 -0.327964 -0.436974 0.000000 
-0.223232 -0.298576 0.266997 0.259441 -0.305026 -0.214730 0.336500 0.165406 -0.360744 -0.112529 0.377240 0.057233 -0.385629 -0.000708 0.385731 0.000000 
-0.834862 -0.374968 0.889823 0.244541 -0.925670 -0.108856 0.941624 -0.029164 -0.937351 0.166562 0.912936 -0.300380 -0.868905 0.427741 0.806208 0.000000 
-0.309375 0.050400 0.301987 -0.094664 -0.288112 0.136897 0.268044 -0.176187 -0.242219 0.211691 0.211191 -0.242648 -0.175623 0.268389 0.136285 0.000000 
0.795096 0.358743 -0.847679 -0.234491 0.882050 0.105200 -0.897469 0.026349 0.893607 -0.157333 -0.870545 0.284936 0.828781 -0.406419 -0.769206 0.000000 
0.555964 0.049437 -0.563210 0.033118 0.558353 -0.114959 -0.541505 0.194333 0.513019 -0.269529 -0.473513 0.338937 0.423832 -0.401064 -0.365041 0.000000 
-0.856011 -0.285964 0.897926 0.154347 -0.920550 -0.019416 0.923397 -0.115933 -0.906404 0.248794 0.869934 -0.376308 -0.814776 0.495735 0.742114 0.000000 
-0.541067 0.005041 0.540328 -0.084241 -0.527981 0.161634 0.504289 -0.235551 -0.469763 0.304407 0.425142 -0.366723 -0.371389 0.421164 0.309653 0.000000 
1.122417 0.186696 -1.149784 -0.018163 1.152447 -0.150761 -1.130349 0.316448 1.083964 -0.475335 -1.014289 0.624006 0.922824 -0.759271 -0.811530 0.000000 
-0.030180 -0.119724 0.047730 0.112725 -0.064252 -0.103308 0.079395 0.091670 -0.092831 -0.078063 0.104274 0.062779 -0.113474 -0.046146 0.120240 0.000000 
-1.276745 -0.013921 1.278787 -0.173522 -1.253354 0.357239 1.200989 -0.533277 -1.122821 0.697858 1.020532 -0.847448 -0.896313 0.978828 0.752837 0.000000 
1.264520 -0.030521 -1.260044 0.215215 1.228497 -0.395285 -1.170558 0.566867 1.087466 -0.726267 -0.981011 0.870064 0.853477 -0.995164 -0.707608 0.000000 
-0.004634 -0.023214 0.008034 0.022038 -0.011266 -0.020387 0.014255 0.018296 -0.016936 -0.015814 0.019255 0.012992 -0.021159 -0.009890 0.022608 0.000000 
-1.336933 0.174301 1.311385 -0.366522 -1.257659 0.550868 1.176916 -0.723381 -1.070882 0.880350 0.941842 -1.018405 -0.792564 1.134577 0.626259 0.000000 
2.085472 -0.469235 -2.016693 0.764841 1.904582 -1.044011 -1.751555 1.300755 1.560891 -1.529546 -1.336692 1.725477 1.083771 -1.884332 -0.807572 0.000000 
-1.715757 0.445019 1.650527 -0.686951 -1.549836 0.914126 1.415843 -1.121658 -1.251433 1.305091 1.060135 -1.460484 -0.846058 1.584499 0.613802 0.000000 
0.679043 -0.243292 -0.643382 0.337599 0.593898 -0.424654 -0.531651 0.502581 0.457984 -0.569714 -0.374474 0.624602 0.282921 -0.666071 -0.185289 0.000000 
0.693014 -0.315789 -0.646726 0.410586 0.586542 -0.496562 -0.513755 0.571866 0.429933 -0.634886 -0.336872 0.684263 0.236575 -0.718942 -0.131190 0.000000 
-2.306092 1.114603 2.142716 -1.428679 -1.933302 1.712060 1.682349 -1.958658 -1.395249 2.163173 1.078175 -2.321210 -0.737933 2.429374 0.381840 0.000000 
4.352383 -2.508443 -3.984697 3.092514 3.531401 -3.610145 -3.002229 4.050209 2.408554 -4.403251 -1.763133 4.661690 1.079825 -4.819967 -0.373319 0.000000 
-8.191297 5.382490 7.402339 -6.467519 -6.454337 7.413589 5.367660 -8.200371 -4.165661 8.810970 2.874159 -9.232262 -1.520904 9.455195 0.134972 0.000000 
31.385160 -23.603721 -27.925352 27.696987 23.865557 -31.195173 -19.293004 34.023119 14.305936 -36.120067 -9.011497 37.440962 3.523440 -37.957423 2.040316 0.000000 
15.874651 -13.496432 -13.896359 15.533345 11.619499 -17.236520 -9.092989 18.569360 6.371113 -19.503231 -3.512349 20.018066 0.578125 -20.102807 2.368519 0.000000 
-6.237259 5.996473 5.358302 -6.781884 -4.364225 7.421590 3.276375 -7.901837 -2.118132 8.212311 0.914380 -8.346339 0.309017 8.301044 -1.525775 0.000000 
3.857696 -4.140674 -3.250758 4.617166 2.573980 -4.994457 -1.841899 5.264441 1.070244 -5.421315 -0.275593 5.461710 -0.524979 -5.384759 1.314273 0.000000 
-2.682330 3.240541 2.207333 -3.564087 -1.684914 3.811058 1.126296 -3.976153 -0.543472 4.055814 -0.051025 -4.048334 0.644423 3.953876 -1.223978 0.000000 
1.835700 -2.380369 -1.486790 2.598302 1.105934 -2.760409 -0.701316 2.863207 0.281629 -2.904485 0.144105 2.883365 -0.566747 -2.800292 0.977210 0.000000 
-1.024373 1.454401 0.811189 -1.573304 -0.580576 1.658405 0.337487 -1.707873 -0.087150 1.720647 -0.165061 -1.696453 0.413726 1.635809 -0.653500 0.000000 
0.281530 -0.300482 -0.237487 0.335293 0.188342 -0.362900 -0.135147 0.382708 0.079051 -0.394295 -0.021256 0.397410 -0.036996 -0.391988 0.094455 0.000000 
0.451147 -0.874000 -0.323037 0.921351 0.187987 -0.948905 -0.048899 0.956073 -0.091242 -0.942697 0.229420 0.909068 -0.362672 -0.855909 0.488130 0.000000 
-0.628941 1.427019 0.419768 -1.488548 -0.201579 1.518097 -0.020943 -1.515026 0.243012 1.479406 -0.459862 -1.412000 0.666831 1.314258 -0.859477 0.000000 
0.459040 -1.142021 -0.291643 1.184768 0.117982 -1.202062 0.058214 1.193529 -0.233161 -1.159353 0.403098 1.100267 -0.564373 -1.017542 0.713523 0.000000 
-0.067862 0.048279 0.060783 -0.057186 -0.052402 0.064869 0.042892 -0.071155 -0.032464 0.075915 0.021336 -0.079041 -0.009752 0.080471 -0.002043 0.000000 
-0.245242 1.046101 0.091905 -1.059572 0.063406 1.050280 -0.217354 -1.018421 0.366634 0.964678 -0.508033 -0.890211 0.638517 0.796619 -0.755288 0.000000 
0.227188 -0.874809 -0.098960 0.889313 -0.031395 -0.884711 0.161074 0.861101 -0.287294 -0.818991 0.407343 0.759283 -0.518636 -0.683262 0.618788 0.000000 
-0.002423 -0.323784 0.049884 0.316471 -0.096269 -0.302362 0.140592 0.281752 -0.181889 -0.255091 0.219281 0.222949 -0.251963 -0.186016 0.279227 0.000000 
-0.039265 0.948290 -0.099732 -0.933672 0.236589 0.898994 -0.368362 -0.845000 0.492223 0.772848 -0.605505 -0.684095 0.705779 0.580642 -0.790890 0.000000 
0.039632 0.014135 -0.041703 -0.008023 0.042880 0.001739 -0.043135 0.004583 0.042462 -0.010808 -0.040876 0.016798 0.038416 -0.022432 -0.035128 0.000000 
-0.085765 -0.859673 0.211775 0.828631 -0.333235 -0.779786 0.447535 0.714186 -0.552219 -0.633242 0.645038 0.538694 -0.724001 -0.432571 0.787406 0.000000 
-0.001006 -0.091199 0.014373 0.089093 -0.027431 -0.085072 0.039901 0.079225 -0.051516 -0.071672 0.062019 0.062583 -0.071194 -0.052148 0.078839 0.000000 
0.200781 0.738683 -0.309058 -0.693381 0.410691 0.633184 -0.503502 -0.559381 0.585497 0.473558 -0.654911 -0.377561 0.710252 0.273453 -0.750335 0.000000 
0.101437 0.403648 -0.160602 -0.380108 0.216319 0.348399 -0.267385 -0.309207 0.312709 0.263370 -0.351313 -0.211877 0.382371 0.155828 -0.405211 0.000000 
-0.207374 -0.393983 0.265124 0.355121 -0.317176 -0.308630 0.362416 0.255508 -0.399867 -0.196896 0.428730 0.134051 -0.448379 -0.068329 0.458395 0.000000 
-0.316040 -0.657705 0.412444 0.597249 -0.499988 -0.523963 0.576792 0.439416 -0.641199 -0.345429 0.691833 0.244020 -0.727601 -0.137369 0.747735 0.000000 
-0.089804 -0.303738 0.134327 0.284046 -0.175963 -0.258253 0.213816 0.226915 -0.247078 -0.190697 0.275030 0.150385 -0.297074 -0.106839 0.312733 0.000000 
0.238662 0.205853 -0.268834 -0.166448 0.293232 0.123466 -0.311331 -0.077829 0.322738 0.030523 -0.327210 0.017437 0.324654 -0.065024 -0.315125 0.000000 
0.407948 0.518862 -0.484000 -0.447918 0.549654 0.367351 -0.603502 -0.278889 0.644381 0.184436 -0.671414 -0.086022 0.684024 -0.014243 -0.681935 0.000000 
0.361318 0.550621 -0.442027 -0.485830 0.513241 0.410598 -0.573426 -0.326547 0.621290 0.235478 -0.655806 -0.139351 0.676231 0.040232 -0.682129 0.000000 
0.172740 0.374037 -0.227563 -0.340682 0.277501 0.300007 -0.321477 -0.252884 0.358543 0.200331 -0.387908 -0.143471 0.408938 0.083529 -0.421181 0.000000 
-0.076081 0.138284 0.055811 -0.146463 -0.034344 0.151497 0.012139 -0.153277 0.010329 0.151763 -0.032575 -0.146989 0.054119 0.139056 -0.074502 0.000000 
-0.294234 -0.027636 0.298285 -0.016084 -0.295928 0.059462 0.287211 -0.101561 -0.272325 0.141479 0.251586 -0.178357 -0.225443 0.211402 0.194456 0.000000 
-0.413751 -0.119261 0.431232 0.056051 -0.439449 0.008364 0.438222 -0.072596 -0.427582 0.135272 0.407752 -0.195039 -0.379165 0.250617 0.342430 0.000000 
-0.470660 -0.186498 0.497997 0.113502 -0.514634 -0.038068 0.520215 -0.038186 -0.514617 0.113617 0.497963 -0.186610 -0.470609 0.255589 0.433146 0.000000 
-0.521266 -0.209711 0.552006 0.128799 -0.570886 -0.045118 0.577499 -0.039529 -0.571707 0.123331 0.553627 -0.204482 -0.523654 0.281237 0.482431 0.000000 
-0.541580 -0.177788 0.567639 0.094587 -0.581505 -0.009350 0.582876 -0.076089 -0.571721 0.159890 0.548285 -0.240258 -0.513069 0.315464 0.466829 0.000000 
-0.530299 -0.128071 0.549073 0.047587 -0.556048 0.033919 0.551075 -0.114692 -0.534265 0.193006 0.505973 -0.267170 -0.466812 0.335594 0.417621 0.000000 
-0.499782 -0.028662 0.503985 -0.045211 -0.497358 0.118114 0.480044 -0.188479 -0.452417 0.254794 0.415070 -0.315634 -0.368805 0.369692 0.314617 0.000000 
-0.366662 0.123581 0.348548 -0.174671 -0.322945 0.222007 0.290402 -0.264573 -0.251622 0.301458 0.207434 -0.331862 -0.158791 0.355139 0.106734 0.000000 
-0.120402 0.234281 0.086061 -0.246895 -0.049871 0.254205 0.012610 -0.256054 0.024922 0.252401 -0.061918 -0.243326 0.097585 0.229020 -0.131154 0.000000 
0.163595 0.304028 -0.208159 -0.273518 0.248252 0.237130 -0.283009 -0.195647 0.311687 0.149958 -0.333667 -0.101051 0.348479 0.049972 -0.355805 0.000000 
0.481262 0.302353 -0.525581 -0.225314 0.558608 0.143433 -0.579632 -0.058471 0.588203 -0.027747 -0.584135 0.113369 0.567518 -0.196555 -0.538708 0.000000 
0.667348 0.112400 -0.683824 -0.012164 0.685606 -0.088330 -0.672661 0.186931 0.645258 -0.281510 -0.603995 0.370042 0.549756 -0.450626 -0.483702 0.000000 
0.477481 -0.162291 -0.453693 0.228792 0.420156 -0.290379 -0.377591 0.345724 0.326917 -0.393645 -0.269217 0.433106 0.205731 -0.463261 -0.137828 0.000000 
-0.061142 -0.324618 0.108726 0.308681 -0.153972 -0.286111 0.195909 0.257395 -0.233638 -0.223150 0.266346 0.184109 -0.293332 -0.141114 0.314017 0.000000 
-0.621298 -0.182089 0.647988 0.087107 -0.660755 0.009744 0.659328 -0.106388 -0.643735 0.200747 0.614308 -0.290790 -0.571686 0.374588 0.516779 0.000000 
-0.559384 0.218654 0.527334 -0.295949 -0.483954 0.366888 0.430176 -0.429943 -0.367154 0.483759 0.296246 -0.527183 -0.218972 0.559280 0.136994 0.000000 
0.201370 0.319279 -0.248170 -0.282904 0.289638 0.240448 -0.324883 -0.192825 0.353145 0.141063 -0.373822 -0.086270 0.386469 0.029621 -0.390811 0.000000 
0.680556 -0.065301 -0.670985 0.163654 0.646996 -0.258489 -0.609107 0.347771 0.558132 -0.429581 -0.495165 0.502164 0.421557 -0.563954 -0.338894 0.000000 
0.130278 -0.369001 -0.076191 0.380168 0.020466 -0.383168 0.035699 0.377936 -0.091096 -0.364584 0.144536 0.343397 -0.194871 -0.314833 0.241019 0.000000 
-0.689760 0.022400 0.686477 -0.123022 -0.668445 0.221003 0.636049 -0.314234 -0.589989 0.400715 0.531253 -0.478586 -0.461103 0.546173 0.381045 0.000000 
-0.152269 0.429311 0.089342 -0.442407 -0.024493 0.445997 -0.040880 -0.440005 0.105375 0.424559 -0.167606 -0.399992 0.226237 0.366831 -0.280007 0.000000 
0.753123 -0.159998 -0.729670 0.266952 0.690541 -0.368171 -0.636575 0.461480 0.568930 -0.544872 -0.489065 0.616559 0.398690 -0.674999 -0.299749 0.000000 
-0.167660 -0.391821 0.225091 0.358828 -0.277688 -0.318124 0.324318 0.270586 -0.363979 -0.217235 0.395822 0.159216 -0.419161 -0.097775 0.433492 0.000000 
-0.669123 0.408726 0.609213 -0.498024 -0.536213 0.576622 0.451693 -0.642831 -0.357468 0.695228 0.255562 -0.732688 -0.148165 0.754406 0.037584 0.000000 
0.746281 0.136177 -0.766241 -0.023863 0.769740 -0.088966 -0.756699 0.199883 0.727400 -0.306504 -0.682473 0.406540 0.622883 -0.497842 -0.549909 0.000000 
-0.131593 -0.626799 0.223467 0.594045 -0.310543 -0.548524 0.390945 0.491220 -0.462947 -0.423362 0.525003 0.346408 -0.575779 -0.262010 0.614183 0.000000 
-0.521543 0.564144 0.438852 -0.628472 -0.346730 0.679294 0.247161 -0.715523 -0.142280 0.736377 0.034343 -0.741412 0.074333 0.730516 -0.181411 0.000000 
0.788703 0.069007 -0.798818 0.048084 0.791769 -0.164140 -0.767711 0.276671 0.727155 -0.383255 -0.670979 0.481608 0.600386 -0.569611 -0.516893 0.000000 
-0.675106 -0.956283 0.815277 0.836781 -0.937931 -0.699300 1.040434 0.546794 -1.120581 -0.382541 1.176655 0.210068 -1.207446 -0.033082 1.212295 0.000000 
0.386320 1.746256 -0.642284 -1.652111 0.884449 1.522470 -1.107611 -1.360117 1.306974 1.168543 -1.478259 -0.951861 1.617782 0.714728 -1.722545 0.000000 
-0.109696 -2.230361 0.436619 2.166362 -0.754162 -2.055818 1.055501 1.901104 -1.334163 -1.705544 1.584160 1.473339 -1.800120 -1.209479 1.977404 0.000000 
-0.058272 2.360525 -0.287731 -2.318350 0.627552 2.226364 -0.953890 -2.086545 1.259733 1.901894 -1.538511 -1.676381 1.784233 1.414849 -1.991620 0.000000 
0.111388 -2.191470 0.209834 2.160713 -0.526549 -2.083532 0.831951 1.961586 -1.119478 -1.797494 1.382953 1.594782 -1.616715 -1.357806 1.815740 0.000000 
-0.098628 1.820015 -0.168147 -1.795368 0.431310 1.732147 -0.685206 -1.631711 0.924381 1.496215 -1.143694 -1.328575 1.338436 1.132388 -1.504420 0.000000 
0.076552 -1.342665 0.120254 1.325038 -0.314476 -1.278943 0.501942 1.205369 -0.678624 -1.105897 0.840725 0.982664 -0.984763 -0.838319 1.107643 0.000000 
-0.064924 0.829419 -0.056651 -0.821115 0.177009 0.795170 -0.293564 -0.752140 0.403812 0.692949 -0.505384 -0.618870 0.596097 0.531495 -0.674003 0.000000 
-0.055996 -0.330185 0.104394 0.314883 -0.150549 -0.292816 0.193470 0.264457 -0.232233 -0.230416 0.266008 0.191425 -0.294066 -0.148321 0.315807 0.000000 
0.123390 0.151090 -0.145537 -0.129757 0.164556 0.105636 -0.180040 -0.079246 0.191656 0.051154 -0.199154 -0.021962 0.202373 -0.007702 -0.201244 0.000000 
-0.106951 -0.053771 0.114832 0.036939 -0.120247 -0.019313 0.123078 0.001273 -0.123264 0.016795 0.120802 -0.034502 -0.115745 0.051468 0.108201 0.000000 
0.068874 0.008652 -0.070142 0.001630 0.069903 -0.011876 -0.068162 0.021867 0.064957 -0.031388 -0.060356 0.040235 0.054458 -0.048218 -0.047391 0.000000 
-0.034430 0.005677 0.033598 -0.010602 -0.032044 0.015298 0.029801 -0.019667 -0.026919 0.023612 0.023458 -0.027051 -0.019492 0.029908 0.015109 0.000000 
0.012163 -0.005736 -0.011322 0.007395 0.010238 -0.008896 -0.008934 0.010205 0.007438 -0.011296 -0.005783 0.012143 0.004003 -0.012730 -0.002137 0.000000 
-0.001592 0.002133 0.001280 -0.002321 -0.000940 0.002458 0.000579 -0.002543 -0.000206 0.002574 -0.000171 -0.002549 0.000544 0.002469 -0.000906 0.000000 
-0.001420 0.000062 0.001410 -0.000269 -0.001371 0.000470 0.001302 -0.000661 -0.001205 0.000837 0.001083 -0.000996 -0.000937 0.001133 0.000771 0.000000 
0.000000 0.000000 0.000000 0.000000 0.000000 0.000000 0.000000 0.000000 0.000000 0.000000 0.000000 0.000000 0.000000 0.000000 0.000000 0.000000 
0.000000 0.000000 0.000000 0.000000 0.000000 0.000000 0.000000 0.000000 0.000000 0.000000 0.000000 0.000000 0.000000 0.000000 0.000000 0.000000 
0.000000 0.000000 0.000000 0.000000 0.000000 0.000000 0.000000 0.000000 0.000000 0.000000 0.000000 0.000000 0.000000 0.000000 0.000000 0.000000 
0.000000 0.000000 0.000000 0.000000 0.000000 0.000000 0.000000 0.000000 0.000000 0.000000 0.000000 0.000000 0.000000 0.000000 0.000000 0.000000 
0.000000 0.000000 0.000000 0.000000 0.000000 0.000000 0.000000 0.000000 0.000000 0.000000 0.000000 0.000000 0.000000 0.000000 0.000000 0.000000 
0.000000 0.000000 0.000000 0.000000 0.000000 0.000000 0.000000 0.000000 0.000000 0.000000 0.000000 0.000000 0.000000 0.000000 0.000000 0.000000 
0.000000 0.000000 0.000000 0.000000 0.000000 0.000000 0.000000 0.000000 0.000000 0.000000 0.000000 0.000000 0.000000 0.000000 0.000000 0.000000 
0.000000 0.000000 0.000000 0.000000 0.000000 0.000000 0.000000 0.000000 0.000000 0.000000 0.000000 0.000000 0.000000 0.000000 0.000000 0.000000 
0.000000 0.000000 0.000000 0.000000 0.000000 0.000000 0.000000 0.000000 0.000000 0.000000 0.000000 0.000000 0.000000 0.000000 0.000000 0.000000 
0.000000 0.000000 0.000000 0.000000 0.000000 0.000000 0.000000 0.000000 0.000000 0.000000 0.000000 0.000000 0.000000 0.000000 0.000000 0.000000 
0.000000 0.000000 0.000000 0.000000 0.000000 0.000000 0.000000 0.000000 0.000000 0.000000 0.000000 0.000000 0.000000 0.000000 0.000000 0.000000 
0.000000 0.000000 0.000000 0.000000 0.000000 0.000000 0.000000 0.000000 0.000000 0.000000 0.000000 0.000000 0.000000 0.000000 0.000000 0.000000 
0.000000 0.000000 0.000000 0.000000 0.000000 0.000000 0.000000 0.000000 0.000000 0.000000 0.000000 0.000000 0.000000 0.000000 0.000000 0.000000 
0.000000 0.000000 0.000000 0.000000 0.000000 0.000000 0.000000 0.000000 0.000000 0.000000 0.000000 0.000000 0.000000 0.000000 0.000000 0.000000 
0.000000 0.000000 0.000000 0.000000 0.000000 0.000000 0.000000 0.000000 0.000000 0.000000 0.000000 0.000000 0.000000 0.000000 0.000000 0.000000 
0.000000 0.000000 0.000000 0.000000 0.000000 0.000000 0.000000 0.000000 0.000000 0.000000 0.000000 0.000000 0.000000 0.000000 0.000000 0.000000 
0.000000 0.000000 0.000000 0.000000 0.000000 0.000000 0.000000 0.000000 0.000000 0.000000 0.000000 0.000000 0.000000 0.000000 0.000000 0.000000 
0.000000 0.000000 0.000000 0.000000 0.000000 0.000000 0.000000 0.000000 0.000000 0.000000 0.000000 0.000000 0.000000 0.000000 0.000000 0.000000 
0.000000 0.000000 0.000000 0.000000 0.000000 0.000000 0.000000 0.000000 0.000000 0.000000 0.000000 0.000000 0.000000 0.000000 0.000000 0.000000 
0.000000 0.000000 0.000000 0.000000 0.000000 0.000000 0.000000 0.000000 0.000000 0.000000 0.000000 0.000000 0.000000 0.000000 0.000000 0.000000 
0.000000 0.000000 0.000000 0.000000 0.000000 0.000000 0.000000 0.000000 0.000000 0.000000 0.000000 0.000000 0.000000 0.000000 0.000000 0.000000 
0.000000 0.000000 0.000000 0.000000 0.000000 0.000000 0.000000 0.000000 0.000000 0.000000 0.000000 0.000000 0.000000 0.000000 0.000000 0.000000 
0.000000 0.000000 0.000000 0.000000 0.000000 0.000000 0.000000 0.000000 0.000000 0.000000 0.000000 0.000000 0.000000 0.000000 0.000000 0.000000 
0.000000 0.000000 0.000000 0.000000 0.000000 0.000000 0.000000 0.000000 0.000000 0.000000 0.000000 0.000000 0.000000 0.000000 0.000000 0.000000 
0.000000 0.000000 0.000000 0.000000 0.000000 0.000000 0.000000 0.000000 0.000000 0.000000 0.000000 0.000000 0.000000 0.000000 0.000000 0.000000 
0.000000 0.000000 0.000000 0.000000 0.000000 0.000000 0.000000 0.000000 0.000000 0.000000 0.000000 0.000000 0.000000 0.000000 0.000000 0.000000 
0.000000 0.000000 0.000000 0.000000 0.000000 0.000000 0.000000 0.000000 0.000000 0.000000 0.000000 0.000000 0.000000 0.000000 0.000000 0.000000 
0.000000 0.000000 0.000000 0.000000 0.000000 0.000000 0.000000 0.000000 0.000000 0.000000 0.000000 0.000000 0.000000 0.000000 0.000000 0.000000 
0.000000 0.000000 0.000000 0.000000 0.000000 0.000000 0.000000 0.000000 0.000000 0.000000 0.000000 0.000000 0.000000 0.000000 0.000000 0.000000 
0.000000 0.000000 0.000000 0.000000 0.000000 0.000000 0.000000 0.000000 0.000000 0.000000 0.000000 0.000000 0.000000 0.000000 0.000000 0.000000 
0.000000 0.000000 0.000000 0.000000 0.000000 0.000000 0.000000 0.000000 0.000000 0.000000 0.000000 0.000000 0.000000 0.000000 0.000000 0.000000 
0.000000 0.000000 0.000000 0.000000 0.000000 0.000000 0.000000 0.000000 0.000000 0.000000 0.000000 0.000000 0.000000 0.000000 0.000000 0.000000 
0.000000 0.000000 0.000000 0.000000 0.000000 0.000000 0.000000 0.000000 0.000000 0.000000 0.000000 0.000000 0.000000 0.000000 0.000000 0.000000 
0.000000 0.000000 0.000000 0.000000 0.000000 0.000000 0.000000 0.000000 0.000000 0.000000 0.000000 0.000000 0.000000 0.000000 0.000000 0.000000 
0.000000 0.000000 0.000000 0.000000 0.000000 0.000000 0.000000 0.000000 0.000000 0.000000 0.000000 0.000000 0.000000 0.000000 0.000000 0.000000 
0.000000 0.000000 0.000000 0.000000 0.000000 0.000000 0.000000 0.000000 0.000000 0.000000 0.000000 0.000000 0.000000 0.000000 0.000000 0.000000 
0.000000 0.000000 0.000000 0.000000 0.000000 0.000000 0.000000 0.000000 0.000000 0.000000 0.000000 0.000000 0.000000 0.000000 0.000000 0.000000 
0.000000 0.000000 0.000000 0.000000 0.000000 0.000000 0.000000 0.000000 0.000000 0.000000 0.000000 0.000000 0.000000 0.000000 0.000000 0.000000 
