0.000000
0.000000
0.000000
0.000000
0.000000
0.000000
0.000000
0.000000
0.000000
0.000000
0.000000
0.000000
0.000000
0.000000
0.000000
0.000000
0.000000
0.000000
0.000000
-0.002742
0.008829
-0.018230
0.028110
-0.030743
0.010735
0.063132
-0.341955
0.500919
-0.571319
0.532403
-0.353150
0.036538
0.332248
-0.569679
0.468047
0.008524
-0.547762
0.615391
-0.037654
-0.533674
0.276135
0.417930
-0.272420
-0.451923
0.147857
0.482728
0.173040
-0.282513
-0.450242
-0.248506
0.075396
0.329053
0.435148
0.374082
0.265560
0.179902
0.101345
0.059424
0.059418
0.075348
0.127678
0.217027
0.284656
0.289174
0.221206
0.073268
-0.113802
-0.218807
-0.143179
0.049939
0.158009
0.066336
-0.070199
-0.052611
0.009432
0.007726
0.072084
-0.038437
-0.176871
0.224956
-0.052016
-0.271776
0.575638
-0.524245
0.214774
0.274021
-1.015574
2.040700
-4.209416
16.650374
10.956002
-4.681358
3.237103
-2.464940
1.849880
-1.071242
0.195617
0.718747
-1.124185
0.891396
0.000459
-0.802437
0.736528
0.245818
-0.785546
0.033886
0.692339
0.002287
-0.614617
-0.268453
0.364902
0.503862
0.153553
-0.251197
-0.413512
-0.336158
-0.166655
-0.006267
0.122621
0.198302
0.206188
0.187418
0.167269
0.124386
0.077333
0.031998
-0.048702
-0.104415
-0.079429
-0.018426
0.066941
0.094693
-0.003069
-0.123922
-0.116303
0.126951
0.207344
-0.146791
-0.244895
0.217163
0.221136
-0.391190
0.036289
0.432092
-0.519308
0.110236
0.563543
-1.198544
1.608889
-1.750973
1.664635
-1.419098
1.081925
-0.698624
0.227890
-0.122645
0.052563
-0.014311
-0.001733
0.005272
-0.003622
0.001006
0.000000
0.000000
0.000000
0.000000
0.000000
0.000000
0.000000
0.000000
0.000000
0.000000
0.000000
0.000000
0.000000
0.000000
0.000000
0.000000
0.000000
0.000000
0.000000
0.000000
0.000000
0.000000
0.000000
0.000000
0.000000
0.000000
0.000000
0.000000
0.000000
0.000000
0.000000
0.000000
0.000000
0.000000
0.000000
0.000000
0.000000
0.000000
0.000000
0.000000
0.000000
0.000000
0.000000
0.000000
0.000000
0.000000
0.000000
0.000000
0.000000
0.000000
0.000000
0.000000
0.000000
0.000000
0.000000
0.000000
0.000000
0.000000
0.000000
0.000000
0.000000
0.000000
0.000000
0.000000
0.000000
0.000000
0.000000
0.000000
0.000000
0.000000
0.000000
0.000000
0.000000
0.000000
0.000000
0.000000
0.000000
0.000000
0.000000
0.000000
0.000000
0.000000
0.000000
0.000000
0.000000
0.000000
0.000000
0.000000
0.000000
0.000000
0.000000
0.000000
0.000000
0.000000
0.000000
0.000000
0.000000
0.000000
0.000000
0.000000
0.000000
0.000000
0.000000
0.000000
0.000000
0.000000
0.000000
0.000000
0.000000
0.000000
0.000000
0.000000
0.000000
0.000000
0.000000
0.000000
0.000000
0.000000
0.000000
0.000000
0.000000
0.000000
0.000000
0.000000
0.000000
0.000000
0.000000
0.000000
0.000000
0.000000
0.000000
0.000000
0.000000
0.000000
0.000000
0.000000
0.000000
0.000000
0.000000
0.000000
0.000000
0.000000
0.000000
0.000000
0.000000
0.000000
0.000000
0.000000
0.000000
0.000000
0.000000
0.000000
0.000000
0.000000
0.000000
0.000000
0.000000
-0.001711
0.006630
-0.016059
0.029761
-0.043873
0.047484
-0.013503
-0.198073
0.163679
-0.030721
-0.185552
0.470861
-0.772462
0.970675
-0.897473
0.445891
0.245522
-0.731058
0.552853
0.167307
-0.580535
0.098687
0.502812
-0.114465
-0.505237
-0.008936
0.450792
0.269825
-0.157500
-0.395081
-0.295494
-0.033609
0.197875
0.330446
0.317092
0.237121
0.178859
0.125458
0.088215
0.083072
0.078834
0.081175
0.107943
0.121152
0.090578
0.043422
0.014377
0.013808
0.030399
0.015511
-0.072166
-0.137056
0.001544
0.234327
0.104467
-0.317228
-0.112877
0.488138
-0.117196
-0.559935
0.677848
-0.148857
-0.633129
1.233507
-1.131883
0.577010
0.302512
-1.471326
3.034477
-6.158731
25.187205
13.754267
-5.846056
3.940025
-2.946038
2.158052
-1.255987
0.263318
0.732716
-1.126125
0.886481
-0.007557
-0.744184
0.653716
0.213044
-0.664286
0.010649
0.547065
0.017472
-0.455310
-0.211131
0.237488
0.340459
0.119338
-0.126896
-0.218169
-0.179514
-0.104410
-0.032315
0.027888
0.046271
0.022743
0.000747
-0.018799
-0.050309
-0.061447
-0.061700
-0.063787
0.001932
0.115004
0.184875
0.169790
0.001132
-0.217101
-0.243872
0.022406
0.346706
0.132323
-0.380713
-0.167963
0.462050
0.017129
-0.531859
0.409490
0.152902
-0.549409
0.452793
0.029655
-0.606981
1.045161
-1.251682
1.241718
-1.081244
0.840053
-0.555597
0.127659
-0.034470
-0.006689
0.018322
-0.016209
0.010021
-0.004437
0.000757
0.000000
0.000000
0.000000
0.000000
0.000000
0.000000
0.000000
0.000000
0.000000
0.000000
0.000000
0.000000
0.000000
0.000000
0.000000
0.000000
0.000000
0.000000
0.000000
0.000000
0.000000
0.000000
0.000000
0.000000
0.000000
0.000000
0.000000
0.000000
0.000000
0.000000
0.000000
0.000000
0.000000
0.000000
0.000000
0.000000
0.000000
0.000000
0.000000
0.000000
0.000000
0.000000
0.000000
0.000000
0.000000
0.000000
0.000000
0.000000
0.000000
0.000000
0.000000
0.000000
0.000000
0.000000
0.000000
0.000000
0.000000
-0.002742
0.008829
-0.018230
0.028110
-0.030743
0.010735
0.063132
-0.341955
0.500919
-0.571319
0.532403
-0.353150
0.036538
0.332248
-0.569679
0.468047
0.008524
-0.547762
0.615391
-0.037654
-0.533674
0.276135
0.417930
-0.272420
-0.451923
0.147857
0.482728
0.173040
-0.282513
-0.450242
-0.248506
0.075396
0.329053
0.435148
0.374082
0.265560
0.179902
0.101345
0.059424
0.059418
0.075348
0.127678
0.217027
0.284656
0.289174
0.221206
0.073268
-0.113802
-0.218807
-0.143179
0.049939
0.158009
0.066336
-0.070199
-0.052611
0.009432
0.007726
0.072084
-0.038437
-0.176871
0.224956
-0.052016
-0.271776
0.575638
-0.524245
0.214774
0.274021
-1.015574
2.040700
-4.209416
16.650374
10.956002
-4.681358
3.237103
-2.464940
1.849880
-1.071242
0.195617
0.718747
-1.124185
0.891396
0.000459
-0.802437
0.736528
0.245818
-0.785546
0.033886
0.692339
0.002287
-0.614617
-0.268453
0.364902
0.503862
0.153553
-0.251197
-0.413512
-0.336158
-0.166655
-0.006267
0.122621
0.198302
0.206188
0.187418
0.167269
0.124386
0.077333
0.031998
-0.048702
-0.104415
-0.079429
-0.018426
0.066941
0.094693
-0.003069
-0.123922
-0.116303
0.126951
0.207344
-0.146791
-0.244895
0.217163
0.221136
-0.391190
0.036289
0.432092
-0.519308
0.110236
0.563543
-1.198544
1.608889
-1.750973
1.664635
-1.419098
1.081925
-0.698624
0.227890
-0.122645
0.052563
-0.014311
-0.001733
0.005272
-0.003622
0.001006
0.000000
0.000000
0.000000
0.000000
0.000000
0.000000
0.000000
0.000000
0.000000
0.000000
0.000000
0.000000
0.000000
0.000000
0.000000
0.000000
0.000000
0.000000
0.000000
0.000000
0.000000
0.000000
0.000000
0.000000
0.000000
0.000000
0.000000
0.000000
0.000000
0.000000
0.000000
0.000000
0.000000
0.000000
0.000000
0.000000
0.000000
0.000000
0.000000
0.000000
0.000000
0.000000
0.000000
0.000000
0.000000
0.000000
0.000000
0.000000
0.000000
0.000000
0.000000
0.000000
0.000000
0.000000
0.000000
0.000000
0.000000
0.000000
0.000000
0.000000
0.000000
0.000000
0.000000
0.000000
0.000000
0.000000
0.000000
0.000000
0.000000
0.000000
0.000000
0.000000
0.000000
0.000000
0.000000
0.000000
0.000000
0.000000
0.000000
0.000000
0.000000
0.000000
0.000000
0.000000
0.000000
0.000000
0.000000
0.000000
0.000000
0.000000
0.000000
0.000000
0.000000
0.000000
0.000000
0.000000
0.000000
0.000000
0.000000
0.000000
0.000000
0.000000
0.000000
0.000000
0.000000
0.000000
0.000000
0.000000
0.000000
0.000000
0.000000
0.000000
0.000000
0.000000
0.000000
0.000000
0.000000
0.000000
0.000000
0.000000
0.000000
0.000000
0.000000
0.000000
0.000000
0.000000
0.000000
0.000000
0.000000
0.000000
0.000000
0.000000
0.000000
0.000000
0.000000
0.000000
0.000000
0.000000
0.000000
0.000000
0.000000
0.000000
0.000000
0.000000
0.000000
0.000000
0.000000
0.000000
0.000000
0.000000
0.000000
0.000000
0.000000
0.000000
0.000000
0.000000
0.000000
0.002673
-0.006686
0.009756
-0.006512
-0.012176
0.059029
-0.151405
0.358531
-0.740254
1.106818
-1.389713
1.502583
-1.365030
0.952207
-0.356583
-0.182945
0.371403
-0.105672
-0.303233
0.327148
0.112687
-0.364899
-0.017036
0.330114
0.078057
-0.279483
-0.213929
0.072716
0.273681
0.240710
0.031181
-0.168325
-0.295633
-0.304312
-0.223194
-0.152906
-0.088234
-0.026467
-0.007343
-0.015758
-0.050175
-0.139852
-0.256926
-0.347956
-0.383543
-0.311955
-0.078100
0.248901
0.434054
0.250687
-0.217815
-0.470806
-0.089065
0.461569
0.219596
-0.466767
-0.157647
0.550554
-0.095148
-0.464688
0.528728
-0.084302
-0.424802
0.679090
-0.570467
0.296748
0.093415
-0.418337
0.773347
-1.236642
3.759237
1.237990
-0.172763
-0.154611
0.307132
-0.417153
0.359212
-0.196896
-0.106791
0.402739
-0.444330
0.122538
0.335593
-0.466946
-0.046881
0.482722
-0.126151
-0.466951
0.088736
0.471570
0.130917
-0.356613
-0.406021
-0.063502
0.298907
0.428992
0.322823
0.119978
-0.060655
-0.196787
-0.293373
-0.330231
-0.323434
-0.312362
-0.279518
-0.216249
-0.141490
-0.009305
0.165309
0.267514
0.257662
0.101492
-0.148170
-0.255608
-0.094013
0.213005
0.207311
-0.175877
-0.213017
0.195881
0.191227
-0.332426
0.008545
0.410239
-0.503045
0.186841
0.345287
-0.852934
1.192005
-1.337009
1.324452
-1.199696
0.996864
-0.742956
0.466119
-0.209915
0.149730
-0.087221
0.041473
-0.014778
0.002744
0.000744
-0.000716
0.000000
0.000000
0.000000
0.000000
0.000000
0.000000
0.000000
0.000000
0.000000
0.000000
0.000000
0.000000
0.000000
0.000000
0.000000
0.000000
0.000000
0.000000
0.000000
0.000000
0.000000
0.000000
0.000000
0.000000
0.000000
0.000000
0.000000
0.000000
0.000000
0.000000
0.000000
0.000000
0.000000
0.000000
0.000000
0.000000
0.000000
0.000000
0.000000
0.000000
0.000000
0.000000
0.000000
0.000000
0.000000
0.000000
0.000000
0.000000
0.000000
0.000000
0.000000
0.000000
0.000000
0.000000
0.000000
0.000000
0.000000
-0.002742
0.008829
-0.018230
0.028110
-0.030743
0.010735
0.063132
-0.341955
0.500919
-0.571319
0.532403
-0.353150
0.036538
0.332248
-0.569679
0.468047
0.008524
-0.547762
0.615391
-0.037654
-0.533674
0.276135
0.417930
-0.272420
-0.451923
0.147857
0.482728
0.173040
-0.282513
-0.450242
-0.248506
0.075396
0.329053
0.435148
0.374082
0.265560
0.179902
0.101345
0.059424
0.059418
0.075348
0.127678
0.217027
0.284656
0.289174
0.221206
0.073268
-0.113802
-0.218807
-0.143179
0.049939
0.158009
0.066336
-0.070199
-0.052611
0.009432
0.007726
0.072084
-0.038437
-0.176871
0.224956
-0.052016
-0.271776
0.575638
-0.524245
0.214774
0.274021
-1.015574
2.040700
-4.209416
16.650374
10.956002
-4.681358
3.237103
-2.464940
1.849880
-1.071242
0.195617
0.718747
-1.124185
0.891396
0.000459
-0.802437
0.736528
0.245818
-0.785546
0.033886
0.692339
0.002287
-0.614617
-0.268453
0.364902
0.503862
0.153553
-0.251197
-0.413512
-0.336158
-0.166655
-0.006267
0.122621
0.198302
0.206188
0.187418
0.167269
0.124386
0.077333
0.031998
-0.048702
-0.104415
-0.079429
-0.018426
0.066941
0.094693
-0.003069
-0.123922
-0.116303
0.126951
0.207344
-0.146791
-0.244895
0.217163
0.221136
-0.391190
0.036289
0.432092
-0.519308
0.110236
0.563543
-1.198544
1.608889
-1.750973
1.664635
-1.419098
1.081925
-0.698624
0.227890
-0.122645
0.052563
-0.014311
-0.001733
0.005272
-0.003622
0.001006
0.000000
0.000000
0.000000
0.000000
0.000000
0.000000
0.000000
0.000000
0.000000
0.000000
0.000000
0.000000
0.000000
0.000000
0.000000
0.000000
0.000000
0.000000
0.000000
0.000000
0.000000
0.000000
0.000000
0.000000
0.000000
0.000000
0.000000
0.000000
0.000000
0.000000
0.000000
0.000000
0.000000
0.000000
0.000000
0.000000
0.000000
0.000000
0.000000
0.000000
0.000000
0.000000
0.000000
0.000000
0.000000
0.000000
0.000000
0.000000
0.000000
0.000000
0.000000
0.000000
0.000000
0.000000
0.000000
0.000000
0.000000
0.000000
0.000000
0.000000
0.000000
0.000000
0.000000
0.000000
0.000000
0.000000
0.000000
0.000000
0.000000
0.000000
0.000000
0.000000
0.000000
0.000000
0.000000
0.000000
0.000000
0.000000
0.000000
0.000000
0.000000
0.000000
0.000000
0.000000
0.000000
0.000000
0.000000
0.000000
0.000000
0.000000
0.000000
0.000000
0.000000
0.000000
0.000000
0.000000
0.000000
0.000000
0.000000
0.000000
0.000000
0.000000
0.000000
0.000000
0.000000
0.000000
0.000000
0.000000
0.000000
0.000000
0.000000
0.000000
0.000000
0.000000
0.000000
0.000000
0.000000
0.000000
0.000000
0.000000
0.000000
0.000000
0.000000
0.000000
0.000000
0.000000
0.000000
0.000000
0.000000
0.000000
0.000000
0.000000
0.000000
0.000000
0.000000
0.000000
0.000000
0.000000
0.000000
0.000000
0.000000
0.000000
0.000000
0.000000
0.000000
0.000000
0.000000
0.000000
0.000000
0.000000
0.000000
0.000000
0.000000
0.000000
0.000000
0.000000
0.000000
0.001319
-0.005650
0.014629
-0.028807
0.045657
-0.056137
0.035696
0.145520
-0.055174
-0.131515
0.389254
-0.691107
0.972545
-1.110248
0.949741
-0.419076
-0.299961
0.746546
-0.508404
-0.215260
0.564017
-0.045199
-0.500316
0.066077
0.493796
0.049902
-0.419434
-0.280485
0.117384
0.359798
0.290924
0.058282
-0.154541
-0.285840
-0.284376
-0.214708
-0.165925
-0.121579
-0.087139
-0.080762
-0.071481
-0.060674
-0.070283
-0.070151
-0.034359
0.002303
-0.002930
-0.050291
-0.094022
-0.052256
0.104095
0.206066
0.011511
-0.301983
-0.136653
0.385646
0.135984
-0.568837
0.131143
0.628048
-0.755348
0.161215
0.695397
-1.333045
1.215500
-0.620507
-0.316205
1.532647
-3.147834
6.339998
-25.738230
-13.935726
5.871379
-3.917362
2.901018
-2.096905
1.203333
-0.234458
-0.717062
1.067092
-0.821351
-0.010403
0.694993
-0.585271
-0.206171
0.593529
0.007843
-0.478619
-0.030479
0.386186
0.191940
-0.185219
-0.280945
-0.110030
0.083083
0.155287
0.132196
0.086823
0.041204
0.000957
-0.003268
0.025662
0.046661
0.064585
0.091281
0.093145
0.082438
0.065151
-0.026165
-0.154215
-0.222644
-0.184666
0.020587
0.254568
0.257652
-0.053629
-0.377093
-0.106543
0.411937
0.139251
-0.490081
0.031599
0.530606
-0.469621
-0.079167
0.522023
-0.503406
0.095368
0.432257
-0.849182
1.057544
-1.065868
0.935125
-0.731152
0.487274
-0.096890
0.012523
0.019474
-0.024401
0.018375
-0.010423
0.004328
-0.000652
0.000000
0.000000
0.000000
0.000000
0.000000
0.000000
0.000000
0.000000
0.000000
0.000000
0.000000
0.000000
0.000000
0.000000
0.000000
0.000000
0.000000
0.000000
0.000000
0.000000
0.000000
0.000000
0.000000
0.000000
0.000000
0.000000
0.000000
0.000000
0.000000
0.000000
0.000000
0.000000
0.000000
0.000000
0.000000
0.000000
0.000000
0.000000
0.000000
0.000000
0.000000
0.000000
0.000000
0.000000
0.000000
0.000000
0.000000
0.000000
0.000000
0.000000
0.000000
0.000000
0.000000
0.000000
0.000000
0.000000
0.000000
-0.002742
0.008829
-0.018230
0.028110
-0.030743
0.010735
0.063132
-0.341955
0.500919
-0.571319
0.532403
-0.353150
0.036538
0.332248
-0.569679
0.468047
0.008524
-0.547762
0.615391
-0.037654
-0.533674
0.276135
0.417930
-0.272420
-0.451923
0.147857
0.482728
0.173040
-0.282513
-0.450242
-0.248506
0.075396
0.329053
0.435148
0.374082
0.265560
0.179902
0.101345
0.059424
0.059418
0.075348
0.127678
0.217027
0.284656
0.289174
0.221206
0.073268
-0.113802
-0.218807
-0.143179
0.049939
0.158009
0.066336
-0.070199
-0.052611
0.009432
0.007726
0.072084
-0.038437
-0.176871
0.224956
-0.052016
-0.271776
0.575638
-0.524245
0.214774
0.274021
-1.015574
2.040700
-4.209416
16.650374
10.956002
-4.681358
3.237103
-2.464940
1.849880
-1.071242
0.195617
0.718747
-1.124185
0.891396
0.000459
-0.802437
0.736528
0.245818
-0.785546
0.033886
0.692339
0.002287
-0.614617
-0.268453
0.364902
0.503862
0.153553
-0.251197
-0.413512
-0.336158
-0.166655
-0.006267
0.122621
0.198302
0.206188
0.187418
0.167269
0.124386
0.077333
0.031998
-0.048702
-0.104415
-0.079429
-0.018426
0.066941
0.094693
-0.003069
-0.123922
-0.116303
0.126951
0.207344
-0.146791
-0.244895
0.217163
0.221136
-0.391190
0.036289
0.432092
-0.519308
0.110236
0.563543
-1.198544
1.608889
-1.750973
1.664635
-1.419098
1.081925
-0.698624
0.227890
-0.122645
0.052563
-0.014311
-0.001733
0.005272
-0.003622
0.001006
0.000000
0.000000
0.000000
0.000000
0.000000
0.000000
0.000000
0.000000
0.000000
0.000000
0.000000
0.000000
0.000000
0.000000
0.000000
0.000000
0.000000
0.000000
0.000000
0.000000
0.000000
0.000000
0.000000
0.000000
0.000000
0.000000
0.000000
0.000000
0.000000
0.000000
0.000000
0.000000
0.000000
0.000000
0.000000
0.000000
0.000000
0.000000
0.000000
0.000000
0.000000
0.000000
0.000000
0.000000
0.000000
0.000000
0.000000
0.000000
0.000000
0.000000
0.000000
0.000000
0.000000
0.000000
0.000000
0.000000
0.000000
0.000000
0.000000
0.000000
0.000000
0.000000
0.000000
0.000000
0.000000
0.000000
0.000000
0.000000
0.000000
0.000000
0.000000
0.000000
0.000000
0.000000
0.000000
0.000000
0.000000
0.000000
0.000000
0.000000
0.000000
0.000000
0.000000
0.000000
0.000000
0.000000
0.000000
0.000000
0.000000
0.000000
0.000000
0.000000
0.000000
0.000000
0.000000
0.000000
0.000000
0.000000
0.000000
0.000000
0.000000
0.000000
0.000000
0.000000
0.000000
0.000000
0.000000
0.000000
0.000000
0.000000
0.000000
0.000000
0.000000
0.000000
0.000000
0.000000
0.000000
0.000000
0.000000
0.000000
0.000000
0.000000
0.000000
0.000000
0.000000
0.000000
0.000000
0.000000
0.000000
0.000000
0.000000
0.000000
0.000000
0.000000
0.000000
0.000000
0.000000
0.000000
0.000000
0.000000
0.000000
0.000000
0.000000
0.000000
0.000000
0.000000
0.000000
0.000000
0.000000
0.000000
0.000000
0.000000
0.000000
0.000000
0.000000
0.000000
0.000000
-0.002866
0.007514
-0.011900
0.010734
0.005483
-0.050800
0.146172
-0.379861
0.748341
-1.087541
1.332657
-1.401282
1.222475
-0.789468
0.217371
0.244373
-0.327435
-0.003757
0.377755
-0.295596
-0.195361
0.371526
0.090371
-0.339799
-0.150436
0.272169
0.275409
-0.031603
-0.290887
-0.293448
-0.073824
0.159782
0.318285
0.346209
0.264878
0.184378
0.112554
0.044287
0.020117
0.027595
0.060653
0.148747
0.267228
0.358239
0.388579
0.311617
0.078529
-0.241529
-0.420274
-0.243027
0.202560
0.440602
0.087380
-0.417304
-0.199565
0.410239
0.137716
-0.467173
0.075924
0.372627
-0.418011
0.060671
0.322871
-0.483694
0.392299
-0.205796
-0.047067
0.193685
-0.311943
0.307333
0.013445
0.804692
-0.687858
0.728814
-0.732360
0.724513
-0.535595
0.231261
0.211897
-0.559153
0.564722
-0.121011
-0.437465
0.552736
0.077102
-0.569721
0.125000
0.537106
-0.084269
-0.528178
-0.159051
0.383765
0.447202
0.079630
-0.311085
-0.451754
-0.342200
-0.132705
0.054615
0.196646
0.293851
0.326469
0.316595
0.302894
0.266137
0.202597
0.129406
-0.000245
-0.161475
-0.244908
-0.225028
-0.074424
0.145153
0.218294
0.056247
-0.205145
-0.152037
0.191494
0.152635
-0.216293
-0.119391
0.327794
-0.086321
-0.341402
0.514649
-0.263359
-0.271498
0.838954
-1.255364
1.461481
-1.479466
1.355930
-1.133934
0.850128
-0.537543
0.224117
-0.151565
0.084367
-0.037897
0.012084
-0.001216
-0.001379
0.000812
0.000000
0.000000
0.000000
0.000000
0.000000
0.000000
0.000000
0.000000
0.000000
0.000000
0.000000
0.000000
0.000000
0.000000
0.000000
0.000000
0.000000
0.000000
0.000000
0.000000
0.000000
0.000000
0.000000
0.000000
0.000000
0.000000
0.000000
0.000000
0.000000
0.000000
0.000000
0.000000
0.000000
0.000000
0.000000
0.000000
0.000000
0.000000
0.000000
0.000000
0.000000
0.000000
0.000000
0.000000
0.000000
0.000000
0.000000
0.000000
0.000000
0.000000
0.000000
0.000000
0.000000
0.000000
0.000000
0.000000
0.000000
-0.002742
0.008829
-0.018230
0.028110
-0.030743
0.010735
0.063132
-0.341955
0.500919
-0.571319
0.532403
-0.353150
0.036538
0.332248
-0.569679
0.468047
0.008524
-0.547762
0.615391
-0.037654
-0.533674
0.276135
0.417930
-0.272420
-0.451923
0.147857
0.482728
0.173040
-0.282513
-0.450242
-0.248506
0.075396
0.329053
0.435148
0.374082
0.265560
0.179902
0.101345
0.059424
0.059418
0.075348
0.127678
0.217027
0.284656
0.289174
0.221206
0.073268
-0.113802
-0.218807
-0.143179
0.049939
0.158009
0.066336
-0.070199
-0.052611
0.009432
0.007726
0.072084
-0.038437
-0.176871
0.224956
-0.052016
-0.271776
0.575638
-0.524245
0.214774
0.274021
-1.015574
2.040700
-4.209416
16.650374
10.956002
-4.681358
3.237103
-2.464940
1.849880
-1.071242
0.195617
0.718747
-1.124185
0.891396
0.000459
-0.802437
0.736528
0.245818
-0.785546
0.033886
0.692339
0.002287
-0.614617
-0.268453
0.364902
0.503862
0.153553
-0.251197
-0.413512
-0.336158
-0.166655
-0.006267
0.122621
0.198302
0.206188
0.187418
0.167269
0.124386
0.077333
0.031998
-0.048702
-0.104415
-0.079429
-0.018426
0.066941
0.094693
-0.003069
-0.123922
-0.116303
0.126951
0.207344
-0.146791
-0.244895
0.217163
0.221136
-0.391190
0.036289
0.432092
-0.519308
0.110236
0.563543
-1.198544
1.608889
-1.750973
1.664635
-1.419098
1.081925
-0.698624
0.227890
-0.122645
0.052563
-0.014311
-0.001733
0.005272
-0.003622
0.001006
0.000000
0.000000
0.000000
0.000000
0.000000
0.000000
0.000000
0.000000
0.000000
0.000000
0.000000
0.000000
0.000000
0.000000
0.000000
0.000000
0.000000
0.000000
0.000000
0.000000
0.000000
0.000000
0.000000
0.000000
0.000000
0.000000
0.000000
0.000000
0.000000
0.000000
0.000000
0.000000
0.000000
0.000000
0.000000
0.000000
0.000000
0.000000
0.000000
0.000000
0.000000
0.000000
0.000000
0.000000
0.000000
0.000000
0.000000
0.000000
0.000000
0.000000
0.000000
0.000000
0.000000
0.000000
0.000000
0.000000
0.000000
0.000000
0.000000
0.000000
0.000000
0.000000
0.000000
0.000000
0.000000
0.000000
0.000000
0.000000
0.000000
0.000000
0.000000
0.000000
0.000000
0.000000
0.000000
0.000000
0.000000
0.000000
0.000000
0.000000
0.000000
0.000000
0.000000
0.000000
0.000000
0.000000
0.000000
0.000000
0.000000
0.000000
0.000000
0.000000
0.000000
0.000000
0.000000
0.000000
0.000000
0.000000
0.000000
0.000000
0.000000
0.000000
0.000000
0.000000
0.000000
0.000000
0.000000
0.000000
0.000000
0.000000
0.000000
0.000000
0.000000
0.000000
0.000000
0.000000
0.000000
0.000000
0.000000
0.000000
0.000000
0.000000
0.000000
0.000000
0.000000
0.000000
0.000000
0.000000
0.000000
0.000000
0.000000
0.000000
0.000000
0.000000
0.000000
0.000000
0.000000
0.000000
0.000000
0.000000
0.000000
0.000000
0.000000
0.000000
0.000000
0.000000
0.000000
0.000000
0.000000
0.000000
0.000000
0.000000
0.000000
0.000000
0.000000
0.000000
0.000000
-0.000899
0.004549
-0.012884
0.027233
-0.046461
0.063583
-0.057122
-0.089840
-0.054518
0.290926
-0.584594
0.896507
-1.151735
1.225968
-0.981603
0.383256
0.347957
-0.745997
0.453034
0.258588
-0.535383
-0.009257
0.487069
-0.016270
-0.471744
-0.089795
0.379064
0.285117
-0.074747
-0.316784
-0.280103
-0.081703
0.107888
0.235093
0.245551
0.187680
0.149427
0.115086
0.084190
0.076718
0.062590
0.038873
0.031113
0.017640
-0.022598
-0.047980
-0.008580
0.085693
0.155626
0.087879
-0.133785
-0.270649
-0.024320
0.363152
0.165905
-0.445777
-0.156171
0.637314
-0.142273
-0.682666
0.816621
-0.170108
-0.742724
1.403947
-1.273003
0.650673
0.323104
-1.561035
3.193556
-6.385046
25.736259
13.817778
-5.770554
3.810533
-2.793671
1.990706
-1.124825
0.200561
0.686003
-0.985132
0.738574
0.028142
-0.630871
0.504252
0.194870
-0.510019
-0.026166
0.399891
0.042831
-0.308768
-0.168628
0.128965
0.215396
0.098358
-0.037483
-0.089068
-0.082035
-0.067372
-0.049211
-0.029781
-0.039805
-0.073515
-0.093068
-0.108982
-0.130291
-0.122841
-0.101405
-0.065115
0.049833
0.190113
0.255628
0.195575
-0.041863
-0.286565
-0.265897
0.083698
0.399378
0.078475
-0.434311
-0.107546
0.507580
-0.079646
-0.517954
0.519664
0.003729
-0.483419
0.543201
-0.218340
-0.248248
0.634961
-0.840687
0.867118
-0.768914
0.606541
-0.408482
0.064039
0.009693
-0.031840
0.029956
-0.020146
0.010602
-0.004126
0.000533
0.000000
0.000000
0.000000
0.000000
0.000000
0.000000
0.000000
0.000000
0.000000
0.000000
0.000000
0.000000
0.000000
0.000000
0.000000
0.000000
0.000000
0.000000
0.000000
0.000000
0.000000
0.000000
0.000000
0.000000
0.000000
0.000000
0.000000
0.000000
0.000000
0.000000
0.000000
0.000000
0.000000
0.000000
0.000000
0.000000
0.000000
0.000000
0.000000
0.000000
0.000000
0.000000
0.000000
0.000000
0.000000
0.000000
0.000000
0.000000
0.000000
0.000000
0.000000
0.000000
0.000000
0.000000
0.000000
0.000000
0.000000
-0.002742
0.008829
-0.018230
0.028110
-0.030743
0.010735
0.063132
-0.341955
0.500919
-0.571319
0.532403
-0.353150
0.036538
0.332248
-0.569679
0.468047
0.008524
-0.547762
0.615391
-0.037654
-0.533674
0.276135
0.417930
-0.272420
-0.451923
0.147857
0.482728
0.173040
-0.282513
-0.450242
-0.248506
0.075396
0.329053
0.435148
0.374082
0.265560
0.179902
0.101345
0.059424
0.059418
0.075348
0.127678
0.217027
0.284656
0.289174
0.221206
0.073268
-0.113802
-0.218807
-0.143179
0.049939
0.158009
0.066336
-0.070199
-0.052611
0.009432
0.007726
0.072084
-0.038437
-0.176871
0.224956
-0.052016
-0.271776
0.575638
-0.524245
0.214774
0.274021
-1.015574
2.040700
-4.209416
16.650374
10.956002
-4.681358
3.237103
-2.464940
1.849880
-1.071242
0.195617
0.718747
-1.124185
0.891396
0.000459
-0.802437
0.736528
0.245818
-0.785546
0.033886
0.692339
0.002287
-0.614617
-0.268453
0.364902
0.503862
0.153553
-0.251197
-0.413512
-0.336158
-0.166655
-0.006267
0.122621
0.198302
0.206188
0.187418
0.167269
0.124386
0.077333
0.031998
-0.048702
-0.104415
-0.079429
-0.018426
0.066941
0.094693
-0.003069
-0.123922
-0.116303
0.126951
0.207344
-0.146791
-0.244895
0.217163
0.221136
-0.391190
0.036289
0.432092
-0.519308
0.110236
0.563543
-1.198544
1.608889
-1.750973
1.664635
-1.419098
1.081925
-0.698624
0.227890
-0.122645
0.052563
-0.014311
-0.001733
0.005272
-0.003622
0.001006
0.000000
0.000000
0.000000
0.000000
0.000000
0.000000
0.000000
0.000000
0.000000
0.000000
0.000000
0.000000
0.000000
0.000000
0.000000
0.000000
0.000000
0.000000
0.000000
0.000000
0.000000
0.000000
0.000000
0.000000
0.000000
0.000000
0.000000
0.000000
0.000000
0.000000
0.000000
0.000000
0.000000
0.000000
0.000000
0.000000
0.000000
0.000000
0.000000
0.000000
0.000000
0.000000
0.000000
0.000000
0.000000
0.000000
0.000000
0.000000
0.000000
0.000000
0.000000
0.000000
0.000000
0.000000
0.000000
0.000000
0.000000
0.000000
0.000000
0.000000
0.000000
0.000000
0.000000
0.000000
0.000000
0.000000
0.000000
0.000000
0.000000
0.000000
0.000000
0.000000
0.000000
0.000000
0.000000
0.000000
0.000000
0.000000
0.000000
0.000000
0.000000
0.000000
0.000000
0.000000
0.000000
0.000000
0.000000
0.000000
0.000000
0.000000
0.000000
0.000000
0.000000
0.000000
0.000000
0.000000
0.000000
0.000000
0.000000
0.000000
0.000000
0.000000
0.000000
0.000000
0.000000
0.000000
0.000000
0.000000
0.000000
0.000000
0.000000
0.000000
0.000000
0.000000
0.000000
0.000000
0.000000
0.000000
0.000000
0.000000
0.000000
0.000000
0.000000
0.000000
0.000000
0.000000
0.000000
0.000000
0.000000
0.000000
0.000000
0.000000
0.000000
0.000000
0.000000
0.000000
0.000000
0.000000
0.000000
0.000000
0.000000
0.000000
0.000000
0.000000
0.000000
0.000000
0.000000
0.000000
0.000000
0.000000
0.000000
0.000000
0.000000
0.000000
0.000000
0.000000
0.000000
0.002998
-0.008181
0.013789
-0.014726
0.001327
0.041480
-0.137800
0.393030
-0.740350
1.044897
-1.246968
1.269872
-1.053655
0.609767
-0.073488
-0.300550
0.276432
0.113104
-0.444160
0.257693
0.273835
-0.370168
-0.161766
0.342184
0.219583
-0.259006
-0.330972
-0.010190
0.301843
0.339882
0.114882
-0.147806
-0.334100
-0.380669
-0.300871
-0.211887
-0.134458
-0.061157
-0.032457
-0.038841
-0.069827
-0.154445
-0.271788
-0.360825
-0.385266
-0.304585
-0.077271
0.228968
0.397461
0.230144
-0.182950
-0.400931
-0.083813
0.364073
0.175246
-0.344898
-0.114825
0.373757
-0.055072
-0.272563
0.298313
-0.035737
-0.214003
0.277905
-0.205705
0.110419
-0.000292
0.035131
-0.156166
0.628580
-3.785836
-2.830087
1.533700
-1.287359
1.141855
-1.016309
0.700469
-0.260659
-0.312451
0.703553
-0.672981
0.116887
0.529937
-0.626649
-0.105667
0.644479
-0.121165
-0.595722
0.077991
0.573436
0.183769
-0.402667
-0.478773
-0.094048
0.316578
0.464809
0.354224
0.142582
-0.047402
-0.192280
-0.288017
-0.315693
-0.302952
-0.286920
-0.247040
-0.184591
-0.114542
0.009789
0.154170
0.217042
0.187558
0.045756
-0.139017
-0.176289
-0.017272
0.192876
0.093497
-0.202996
-0.088976
0.232057
0.044991
-0.316120
0.162242
0.265231
-0.515196
0.334218
0.191877
-0.806950
1.291752
-1.554554
1.602693
-1.483031
1.246640
-0.939034
0.597418
-0.233504
0.150144
-0.079700
0.033506
-0.009131
-0.000338
0.001984
-0.000890
0.000000
0.000000
0.000000
0.000000
0.000000
0.000000
0.000000
0.000000
0.000000
0.000000
0.000000
0.000000
0.000000
0.000000
0.000000
0.000000
0.000000
0.000000
0.000000
0.000000
0.000000
0.000000
0.000000
0.000000
0.000000
0.000000
0.000000
0.000000
0.000000
0.000000
0.000000
0.000000
0.000000
0.000000
0.000000
0.000000
0.000000
0.000000
0.000000
0.000000
0.000000
0.000000
0.000000
0.000000
0.000000
0.000000
0.000000
0.000000
0.000000
0.000000
0.000000
0.000000
0.000000
0.000000
0.000000
0.000000
0.000000
-0.002742
0.008829
-0.018230
0.028110
-0.030743
0.010735
0.063132
-0.341955
0.500919
-0.571319
0.532403
-0.353150
0.036538
0.332248
-0.569679
0.468047
0.008524
-0.547762
0.615391
-0.037654
-0.533674
0.276135
0.417930
-0.272420
-0.451923
0.147857
0.482728
0.173040
-0.282513
-0.450242
-0.248506
0.075396
0.329053
0.435148
0.374082
0.265560
0.179902
0.101345
0.059424
0.059418
0.075348
0.127678
0.217027
0.284656
0.289174
0.221206
0.073268
-0.113802
-0.218807
-0.143179
0.049939
0.158009
0.066336
-0.070199
-0.052611
0.009432
0.007726
0.072084
-0.038437
-0.176871
0.224956
-0.052016
-0.271776
0.575638
-0.524245
0.214774
0.274021
-1.015574
2.040700
-4.209416
16.650374
10.956002
-4.681358
3.237103
-2.464940
1.849880
-1.071242
0.195617
0.718747
-1.124185
0.891396
0.000459
-0.802437
0.736528
0.245818
-0.785546
0.033886
0.692339
0.002287
-0.614617
-0.268453
0.364902
0.503862
0.153553
-0.251197
-0.413512
-0.336158
-0.166655
-0.006267
0.122621
0.198302
0.206188
0.187418
0.167269
0.124386
0.077333
0.031998
-0.048702
-0.104415
-0.079429
-0.018426
0.066941
0.094693
-0.003069
-0.123922
-0.116303
0.126951
0.207344
-0.146791
-0.244895
0.217163
0.221136
-0.391190
0.036289
0.432092
-0.519308
0.110236
0.563543
-1.198544
1.608889
-1.750973
1.664635
-1.419098
1.081925
-0.698624
0.227890
-0.122645
0.052563
-0.014311
-0.001733
0.005272
-0.003622
0.001006
0.000000
0.000000
0.000000
0.000000
0.000000
0.000000
0.000000
0.000000
0.000000
0.000000
0.000000
0.000000
0.000000
0.000000
0.000000
0.000000
0.000000
0.000000
0.000000
0.000000
0.000000
0.000000
0.000000
0.000000
0.000000
0.000000
0.000000
0.000000
0.000000
0.000000
0.000000
0.000000
0.000000
0.000000
0.000000
0.000000
0.000000
0.000000
0.000000
0.000000
0.000000
0.000000
0.000000
0.000000
0.000000
0.000000
0.000000
0.000000
0.000000
0.000000
0.000000
0.000000
0.000000
0.000000
0.000000
0.000000
0.000000
0.000000
0.000000
0.000000
0.000000
0.000000
0.000000
0.000000
0.000000
0.000000
0.000000
0.000000
0.000000
0.000000
0.000000
0.000000
0.000000
0.000000
0.000000
0.000000
0.000000
0.000000
0.000000
0.000000
0.000000
0.000000
0.000000
0.000000
0.000000
0.000000
0.000000
0.000000
0.000000
0.000000
0.000000
0.000000
0.000000
0.000000
0.000000
0.000000
0.000000
0.000000
0.000000
0.000000
0.000000
0.000000
0.000000
0.000000
0.000000
0.000000
0.000000
0.000000
0.000000
0.000000
0.000000
0.000000
0.000000
0.000000
0.000000
0.000000
0.000000
0.000000
0.000000
0.000000
0.000000
0.000000
0.000000
0.000000
0.000000
0.000000
0.000000
0.000000
0.000000
0.000000
0.000000
0.000000
0.000000
0.000000
0.000000
0.000000
0.000000
0.000000
0.000000
0.000000
0.000000
0.000000
0.000000
0.000000
0.000000
0.000000
0.000000
0.000000
0.000000
0.000000
0.000000
0.000000
0.000000
0.000000
0.000000
0.000000
0.000000
0.000460
-0.003350
0.010863
-0.025075
0.046267
-0.069663
0.077320
0.032230
0.163037
-0.444085
0.767373
-1.082643
1.306178
-1.315347
0.992375
-0.339202
-0.388475
0.729417
-0.387929
-0.296361
0.495243
0.063516
-0.463357
-0.033887
0.439558
0.127761
-0.330551
-0.283623
0.030503
0.266964
0.263264
0.103369
-0.058916
-0.179296
-0.201449
-0.156624
-0.129718
-0.106125
-0.079433
-0.071023
-0.052355
-0.016234
0.008725
0.035250
0.079069
0.092626
0.019907
-0.119256
-0.213886
-0.121613
0.160601
0.329417
0.036604
-0.416516
-0.191593
0.496331
0.173001
-0.692100
0.150346
0.722621
-0.860347
0.175345
0.774093
-1.444681
1.303155
-0.666857
-0.323061
1.555886
-3.170667
6.292907
-25.181335
-13.402944
5.545745
-3.621834
2.626298
-1.841738
1.022153
-0.162353
-0.640203
0.882006
-0.639929
-0.045275
0.553192
-0.412399
-0.179381
0.415552
0.043927
-0.312571
-0.054263
0.224714
0.141690
-0.069944
-0.145218
-0.084573
-0.008920
0.020939
0.030114
0.046475
0.056159
0.057965
0.082022
0.119789
0.137474
0.151039
0.166501
0.149899
0.118196
0.063680
-0.072431
-0.221926
-0.283120
-0.202283
0.062241
0.312405
0.268429
-0.111970
-0.413083
-0.048719
0.447352
0.073532
-0.514175
0.125983
0.494173
-0.558542
0.071788
0.434430
-0.571326
0.336623
0.058904
-0.407096
0.605765
-0.649736
0.586183
-0.468898
0.320913
-0.029812
-0.031701
0.043522
-0.034867
0.021484
-0.010552
0.003836
-0.000403
0.000000
0.000000
0.000000
0.000000
0.000000
0.000000
0.000000
0.000000
0.000000
0.000000
0.000000
0.000000
0.000000
0.000000
0.000000
0.000000
0.000000
0.000000
0.000000
0.000000
0.000000
0.000000
0.000000
0.000000
0.000000
0.000000
0.000000
0.000000
0.000000
0.000000
0.000000
0.000000
0.000000
0.000000
0.000000
0.000000
0.000000
0.000000
0.000000
0.000000
0.000000
0.000000
0.000000
0.000000
0.000000
0.000000
0.000000
0.000000
0.000000
0.000000
0.000000
0.000000
0.000000
0.000000
0.000000
0.000000
0.000000
-0.002742
0.008829
-0.018230
0.028110
-0.030743
0.010735
0.063132
-0.341955
0.500919
-0.571319
0.532403
-0.353150
0.036538
0.332248
-0.569679
0.468047
0.008524
-0.547762
0.615391
-0.037654
-0.533674
0.276135
0.417930
-0.272420
-0.451923
0.147857
0.482728
0.173040
-0.282513
-0.450242
-0.248506
0.075396
0.329053
0.435148
0.374082
0.265560
0.179902
0.101345
0.059424
0.059418
0.075348
0.127678
0.217027
0.284656
0.289174
0.221206
0.073268
-0.113802
-0.218807
-0.143179
0.049939
0.158009
0.066336
-0.070199
-0.052611
0.009432
0.007726
0.072084
-0.038437
-0.176871
0.224956
-0.052016
-0.271776
0.575638
-0.524245
0.214774
0.274021
-1.015574
2.040700
-4.209416
16.650374
10.956002
-4.681358
3.237103
-2.464940
1.849880
-1.071242
0.195617
0.718747
-1.124185
0.891396
0.000459
-0.802437
0.736528
0.245818
-0.785546
0.033886
0.692339
0.002287
-0.614617
-0.268453
0.364902
0.503862
0.153553
-0.251197
-0.413512
-0.336158
-0.166655
-0.006267
0.122621
0.198302
0.206188
0.187418
0.167269
0.124386
0.077333
0.031998
-0.048702
-0.104415
-0.079429
-0.018426
0.066941
0.094693
-0.003069
-0.123922
-0.116303
0.126951
0.207344
-0.146791
-0.244895
0.217163
0.221136
-0.391190
0.036289
0.432092
-0.519308
0.110236
0.563543
-1.198544
1.608889
-1.750973
1.664635
-1.419098
1.081925
-0.698624
0.227890
-0.122645
0.052563
-0.014311
-0.001733
0.005272
-0.003622
0.001006
0.000000
0.000000
0.000000
0.000000
0.000000
0.000000
0.000000
0.000000
0.000000
0.000000
0.000000
0.000000
0.000000
0.000000
0.000000
0.000000
0.000000
0.000000
0.000000
0.000000
0.000000
0.000000
0.000000
0.000000
0.000000
0.000000
0.000000
0.000000
0.000000
0.000000
0.000000
0.000000
0.000000
0.000000
0.000000
0.000000
0.000000
0.000000
0.000000
0.000000
0.000000
0.000000
0.000000
0.000000
0.000000
0.000000
0.000000
0.000000
0.000000
0.000000
0.000000
0.000000
0.000000
0.000000
0.000000
0.000000
0.000000
0.000000
0.000000
0.000000
0.000000
0.000000
0.000000
0.000000
0.000000
0.000000
0.000000
0.000000
0.000000
0.000000
0.000000
0.000000
0.000000
0.000000
0.000000
0.000000
0.000000
0.000000
0.000000
0.000000
0.000000
0.000000
0.000000
0.000000
0.000000
0.000000
0.000000
0.000000
0.000000
0.000000
0.000000
0.000000
0.000000
0.000000
0.000000
0.000000
0.000000
0.000000
0.000000
0.000000
0.000000
0.000000
0.000000
0.000000
0.000000
0.000000
0.000000
0.000000
0.000000
0.000000
0.000000
0.000000
0.000000
0.000000
0.000000
0.000000
0.000000
0.000000
0.000000
0.000000
0.000000
0.000000
0.000000
0.000000
0.000000
0.000000
0.000000
0.000000
0.000000
0.000000
0.000000
0.000000
0.000000
0.000000
0.000000
0.000000
0.000000
0.000000
0.000000
0.000000
0.000000
0.000000
0.000000
0.000000
0.000000
0.000000
0.000000
0.000000
0.000000
0.000000
0.000000
0.000000
0.000000
0.000000
0.000000
0.000000
0.000000
-0.003065
0.008672
-0.015381
0.018401
-0.008109
-0.031269
0.126466
-0.397754
0.716452
-0.979804
1.134487
-1.111179
0.862196
-0.416964
-0.071973
0.350270
-0.219490
-0.220021
0.501023
-0.214254
-0.346427
0.360857
0.229684
-0.337217
-0.284014
0.240280
0.379423
0.051763
-0.306314
-0.379014
-0.153471
0.132654
0.342734
0.406951
0.330399
0.234846
0.153471
0.076713
0.044100
0.049252
0.077500
0.156824
0.270508
0.355657
0.373677
0.291007
0.074353
-0.211489
-0.366109
-0.212320
0.159408
0.352644
0.078449
-0.303022
-0.147163
0.272146
0.089465
-0.272311
0.033035
0.166643
-0.172204
0.010034
0.100538
-0.066145
0.014691
-0.012673
0.047648
-0.263191
0.620920
-1.550987
7.476887
4.794677
-2.346587
1.818242
-1.526815
1.286270
-0.850295
0.284456
0.406292
-0.832837
0.766782
-0.110252
-0.611022
0.687098
0.131959
-0.705390
0.114725
0.641539
-0.070038
-0.606375
-0.204538
0.412919
0.500058
0.106445
-0.315273
-0.467879
-0.358639
-0.149392
0.039170
0.183786
0.275993
0.298135
0.282803
0.264782
0.222635
0.162619
0.097218
-0.019126
-0.143552
-0.184511
-0.146060
-0.016108
0.129895
0.130497
-0.022073
-0.176465
-0.032948
0.210138
0.023403
-0.242835
0.030377
0.297652
-0.234676
-0.183360
0.504673
-0.397896
-0.108132
0.757608
-1.300386
1.614224
-1.691484
1.578268
-1.332562
1.007764
-0.644457
0.237874
-0.145497
0.073321
-0.028395
0.005982
0.001885
-0.002546
0.000949
0.000000
0.000000
0.000000
0.000000
0.000000
0.000000
0.000000
0.000000
0.000000
0.000000
0.000000
0.000000
0.000000
0.000000
0.000000
0.000000
0.000000
0.000000
0.000000
0.000000
0.000000
0.000000
0.000000
0.000000
0.000000
0.000000
0.000000
0.000000
0.000000
0.000000
0.000000
0.000000
0.000000
0.000000
0.000000
0.000000
0.000000
0.000000
0.000000
0.000000
0.000000
0.000000
0.000000
0.000000
0.000000
0.000000
0.000000
0.000000
0.000000
0.000000
0.000000
0.000000
0.000000
0.000000
0.000000
0.000000
0.000000
-0.002742
0.008829
-0.018230
0.028110
-0.030743
0.010735
0.063132
-0.341955
0.500919
-0.571319
0.532403
-0.353150
0.036538
0.332248
-0.569679
0.468047
0.008524
-0.547762
0.615391
-0.037654
-0.533674
0.276135
0.417930
-0.272420
-0.451923
0.147857
0.482728
0.173040
-0.282513
-0.450242
-0.248506
0.075396
0.329053
0.435148
0.374082
0.265560
0.179902
0.101345
0.059424
0.059418
0.075348
0.127678
0.217027
0.284656
0.289174
0.221206
0.073268
-0.113802
-0.218807
-0.143179
0.049939
0.158009
0.066336
-0.070199
-0.052611
0.009432
0.007726
0.072084
-0.038437
-0.176871
0.224956
-0.052016
-0.271776
0.575638
-0.524245
0.214774
0.274021
-1.015574
2.040700
-4.209416
16.650374
10.956002
-4.681358
3.237103
-2.464940
1.849880
-1.071242
0.195617
0.718747
-1.124185
0.891396
0.000459
-0.802437
0.736528
0.245818
-0.785546
0.033886
0.692339
0.002287
-0.614617
-0.268453
0.364902
0.503862
0.153553
-0.251197
-0.413512
-0.336158
-0.166655
-0.006267
0.122621
0.198302
0.206188
0.187418
0.167269
0.124386
0.077333
0.031998
-0.048702
-0.104415
-0.079429
-0.018426
0.066941
0.094693
-0.003069
-0.123922
-0.116303
0.126951
0.207344
-0.146791
-0.244895
0.217163
0.221136
-0.391190
0.036289
0.432092
-0.519308
0.110236
0.563543
-1.198544
1.608889
-1.750973
1.664635
-1.419098
1.081925
-0.698624
0.227890
-0.122645
0.052563
-0.014311
-0.001733
0.005272
-0.003622
0.001006
0.000000
0.000000
0.000000
0.000000
0.000000
0.000000
0.000000
0.000000
0.000000
0.000000
0.000000
0.000000
0.000000
0.000000
0.000000
0.000000
0.000000
0.000000
0.000000
0.000000
0.000000
0.000000
0.000000
0.000000
0.000000
0.000000
0.000000
0.000000
0.000000
0.000000
0.000000
0.000000
0.000000
0.000000
0.000000
0.000000
0.000000
0.000000
0.000000
0.000000
0.000000
0.000000
0.000000
0.000000
0.000000
0.000000
0.000000
0.000000
0.000000
0.000000
0.000000
0.000000
0.000000
0.000000
0.000000
0.000000
0.000000
0.000000
0.000000
0.000000
0.000000
0.000000
0.000000
0.000000
0.000000
0.000000
0.000000
0.000000
0.000000
0.000000
0.000000
0.000000
0.000000
0.000000
0.000000
0.000000
0.000000
0.000000
0.000000
0.000000
0.000000
0.000000
0.000000
0.000000
0.000000
0.000000
0.000000
0.000000
0.000000
0.000000
0.000000
0.000000
0.000000
0.000000
0.000000
0.000000
0.000000
0.000000
0.000000
0.000000
0.000000
0.000000
0.000000
0.000000
0.000000
0.000000
0.000000
0.000000
0.000000
0.000000
0.000000
0.000000
0.000000
0.000000
0.000000
0.000000
0.000000
0.000000
0.000000
0.000000
0.000000
0.000000
0.000000
0.000000
0.000000
0.000000
0.000000
0.000000
0.000000
0.000000
0.000000
0.000000
0.000000
0.000000
0.000000
0.000000
0.000000
0.000000
0.000000
0.000000
0.000000
0.000000
0.000000
0.000000
0.000000
0.000000
0.000000
0.000000
0.000000
0.000000
0.000000
0.000000
0.000000
0.000000
0.000000
0.000000
0.000000
-0.000010
0.002079
-0.008609
0.022378
-0.045078
0.074246
-0.095857
0.026072
-0.268054
0.587704
-0.933665
1.245518
-1.432558
1.376465
-0.981825
0.287859
0.420648
-0.697167
0.314491
0.327765
-0.444465
-0.116410
0.429690
0.083316
-0.397928
-0.162981
0.274936
0.276036
0.014396
-0.211410
-0.240767
-0.122814
0.008678
0.119646
0.153021
0.122199
0.107222
0.094878
0.072968
0.063805
0.040994
-0.006753
-0.048377
-0.087380
-0.133844
-0.135281
-0.030806
0.150256
0.267550
0.152735
-0.183966
-0.381107
-0.048104
0.460934
0.213165
-0.536221
-0.186115
0.732014
-0.155188
-0.747048
0.885587
-0.176817
-0.788829
1.454376
-1.305309
0.668715
0.316077
-1.517308
3.079652
-6.065566
24.085381
12.700146
-5.201785
3.355317
-2.402500
1.653198
-0.897516
0.120658
0.580649
-0.759930
0.527536
0.061436
-0.463628
0.311685
0.160039
-0.312157
-0.060742
0.218535
0.064530
-0.135831
-0.111710
0.009417
0.071919
0.068969
0.055133
0.047644
0.022456
-0.024576
-0.061901
-0.084904
-0.122477
-0.163490
-0.178927
-0.189850
-0.199135
-0.173734
-0.132446
-0.060877
0.093473
0.248972
0.304528
0.204645
-0.081281
-0.331533
-0.265194
0.137836
0.417912
0.017918
-0.450782
-0.037938
0.509723
-0.169612
-0.459775
0.585419
-0.145762
-0.376107
0.587177
-0.447672
0.131705
0.170485
-0.357830
0.418396
-0.390858
0.321182
-0.226449
-0.005055
0.053028
-0.054270
0.039029
-0.022361
0.010276
-0.003462
0.000263
0.000000
0.000000
0.000000
0.000000
0.000000
0.000000
0.000000
0.000000
0.000000
0.000000
0.000000
0.000000
0.000000
0.000000
0.000000
0.000000
0.000000
0.000000
0.000000
0.000000
0.000000
0.000000
0.000000
0.000000
0.000000
0.000000
0.000000
0.000000
0.000000
0.000000
0.000000
0.000000
0.000000
0.000000
0.000000
0.000000
0.000000
0.000000
0.000000
0.000000
0.000000
0.000000
0.000000
0.000000
0.000000
0.000000
0.000000
0.000000
0.000000
0.000000
0.000000
0.000000
0.000000
0.000000
0.000000
0.000000
0.000000
-0.002742
0.008829
-0.018230
0.028110
-0.030743
0.010735
0.063132
-0.341955
0.500919
-0.571319
0.532403
-0.353150
0.036538
0.332248
-0.569679
0.468047
0.008524
-0.547762
0.615391
-0.037654
-0.533674
0.276135
0.417930
-0.272420
-0.451923
0.147857
0.482728
0.173040
-0.282513
-0.450242
-0.248506
0.075396
0.329053
0.435148
0.374082
0.265560
0.179902
0.101345
0.059424
0.059418
0.075348
0.127678
0.217027
0.284656
0.289174
0.221206
0.073268
-0.113802
-0.218807
-0.143179
0.049939
0.158009
0.066336
-0.070199
-0.052611
0.009432
0.007726
0.072084
-0.038437
-0.176871
0.224956
-0.052016
-0.271776
0.575638
-0.524245
0.214774
0.274021
-1.015574
2.040700
-4.209416
16.650374
10.956002
-4.681358
3.237103
-2.464940
1.849880
-1.071242
0.195617
0.718747
-1.124185
0.891396
0.000459
-0.802437
0.736528
0.245818
-0.785546
0.033886
0.692339
0.002287
-0.614617
-0.268453
0.364902
0.503862
0.153553
-0.251197
-0.413512
-0.336158
-0.166655
-0.006267
0.122621
0.198302
0.206188
0.187418
0.167269
0.124386
0.077333
0.031998
-0.048702
-0.104415
-0.079429
-0.018426
0.066941
0.094693
-0.003069
-0.123922
-0.116303
0.126951
0.207344
-0.146791
-0.244895
0.217163
0.221136
-0.391190
0.036289
0.432092
-0.519308
0.110236
0.563543
-1.198544
1.608889
-1.750973
1.664635
-1.419098
1.081925
-0.698624
0.227890
-0.122645
0.052563
-0.014311
-0.001733
0.005272
-0.003622
0.001006
0.000000
0.000000
0.000000
0.000000
0.000000
0.000000
0.000000
0.000000
0.000000
0.000000
0.000000
0.000000
0.000000
0.000000
0.000000
0.000000
0.000000
0.000000
0.000000
0.000000
0.000000
0.000000
0.000000
0.000000
0.000000
0.000000
0.000000
0.000000
0.000000
0.000000
0.000000
0.000000
0.000000
0.000000
0.000000
0.000000
0.000000
0.000000
0.000000
0.000000
0.000000
0.000000
0.000000
0.000000
0.000000
0.000000
0.000000
0.000000
0.000000
0.000000
0.000000
0.000000
0.000000
0.000000
0.000000
0.000000
0.000000
0.000000
0.000000
0.000000
0.000000
0.000000
0.000000
0.000000
0.000000
0.000000
0.000000
0.000000
0.000000
0.000000
0.000000
0.000000
0.000000
0.000000
0.000000
0.000000
0.000000
0.000000
0.000000
0.000000
0.000000
0.000000
0.000000
0.000000
0.000000
0.000000
0.000000
0.000000
0.000000
0.000000
0.000000
0.000000
0.000000
0.000000
0.000000
0.000000
0.000000
0.000000
0.000000
0.000000
0.000000
0.000000
0.000000
0.000000
0.000000
0.000000
0.000000
0.000000
0.000000
0.000000
0.000000
0.000000
0.000000
0.000000
0.000000
0.000000
0.000000
0.000000
0.000000
0.000000
0.000000
0.000000
0.000000
0.000000
0.000000
0.000000
0.000000
0.000000
0.000000
0.000000
0.000000
0.000000
0.000000
0.000000
0.000000
0.000000
0.000000
0.000000
0.000000
0.000000
0.000000
0.000000
0.000000
0.000000
0.000000
0.000000
0.000000
0.000000
0.000000
0.000000
0.000000
0.000000
0.000000
0.000000
0.000000
0.000000
0.000000
0.003067
-0.008977
0.016643
-0.021681
0.014716
0.020386
-0.112415
0.393932
-0.677161
0.893659
-0.997632
0.928613
-0.652214
0.215204
0.215887
-0.392464
0.157831
0.322212
-0.547120
0.166210
0.411576
-0.343794
-0.292667
0.325004
0.342341
-0.216389
-0.419724
-0.092225
0.304204
0.410002
0.188764
-0.114654
-0.344008
-0.424487
-0.352829
-0.252758
-0.169189
-0.090618
-0.054795
-0.058604
-0.083510
-0.155835
-0.263417
-0.342848
-0.354057
-0.271179
-0.069837
0.189465
0.326892
0.189932
-0.132443
-0.296781
-0.071398
0.235457
0.115917
-0.193547
-0.062185
0.165013
-0.010287
-0.057142
0.042394
0.015883
0.015088
-0.147037
0.176642
-0.085346
-0.093977
0.485596
-1.072331
2.440070
-11.007298
-6.656248
3.109060
-2.310061
1.878972
-1.528593
0.981853
-0.302143
-0.491403
0.944226
-0.844107
0.101245
0.678980
-0.732782
-0.155419
0.751147
-0.105823
-0.673572
0.060578
0.626284
0.220912
-0.414299
-0.510600
-0.116554
0.307190
0.460896
0.355348
0.152994
-0.030097
-0.171339
-0.258042
-0.274171
-0.256575
-0.236953
-0.193445
-0.137152
-0.077804
0.028047
0.129852
0.148018
0.101421
-0.013891
-0.117979
-0.081902
0.060945
0.156261
-0.028310
-0.212764
0.042672
0.248397
-0.105092
-0.272791
0.302070
0.097551
-0.483309
0.453026
0.022065
-0.691989
1.281081
-1.639215
1.743936
-1.639597
1.389854
-1.054843
0.677649
-0.237133
0.137725
-0.065366
0.022674
-0.002704
-0.003391
0.003053
-0.000988
0.000000
0.000000
0.000000
0.000000
0.000000
0.000000
0.000000
0.000000
0.000000
0.000000
0.000000
0.000000
0.000000
0.000000
0.000000
0.000000
0.000000
0.000000
0.000000
0.000000
0.000000
0.000000
0.000000
0.000000
0.000000
0.000000
0.000000
0.000000
0.000000
0.000000
0.000000
0.000000
0.000000
0.000000
0.000000
0.000000
0.000000
0.000000
0.000000
0.000000
0.000000
0.000000
0.000000
0.000000
0.000000
0.000000
0.000000
0.000000
0.000000
0.000000
0.000000
0.000000
0.000000
0.000000
0.000000
0.000000
0.000000
-0.002742
0.008829
-0.018230
0.028110
-0.030743
0.010735
0.063132
-0.341955
0.500919
-0.571319
0.532403
-0.353150
0.036538
0.332248
-0.569679
0.468047
0.008524
-0.547762
0.615391
-0.037654
-0.533674
0.276135
0.417930
-0.272420
-0.451923
0.147857
0.482728
0.173040
-0.282513
-0.450242
-0.248506
0.075396
0.329053
0.435148
0.374082
0.265560
0.179902
0.101345
0.059424
0.059418
0.075348
0.127678
0.217027
0.284656
0.289174
0.221206
0.073268
-0.113802
-0.218807
-0.143179
0.049939
0.158009
0.066336
-0.070199
-0.052611
0.009432
0.007726
0.072084
-0.038437
-0.176871
0.224956
-0.052016
-0.271776
0.575638
-0.524245
0.214774
0.274021
-1.015574
2.040700
-4.209416
16.650374
10.956002
-4.681358
3.237103
-2.464940
1.849880
-1.071242
0.195617
0.718747
-1.124185
0.891396
0.000459
-0.802437
0.736528
0.245818
-0.785546
0.033886
0.692339
0.002287
-0.614617
-0.268453
0.364902
0.503862
0.153553
-0.251197
-0.413512
-0.336158
-0.166655
-0.006267
0.122621
0.198302
0.206188
0.187418
0.167269
0.124386
0.077333
0.031998
-0.048702
-0.104415
-0.079429
-0.018426
0.066941
0.094693
-0.003069
-0.123922
-0.116303
0.126951
0.207344
-0.146791
-0.244895
0.217163
0.221136
-0.391190
0.036289
0.432092
-0.519308
0.110236
0.563543
-1.198544
1.608889
-1.750973
1.664635
-1.419098
1.081925
-0.698624
0.227890
-0.122645
0.052563
-0.014311
-0.001733
0.005272
-0.003622
0.001006
0.000000
0.000000
0.000000
0.000000
0.000000
0.000000
0.000000
0.000000
0.000000
0.000000
0.000000
0.000000
0.000000
0.000000
0.000000
0.000000
0.000000
0.000000
0.000000
0.000000
0.000000
0.000000
0.000000
0.000000
0.000000
0.000000
0.000000
0.000000
0.000000
0.000000
0.000000
0.000000
0.000000
0.000000
0.000000
0.000000
0.000000
0.000000
0.000000
0.000000
0.000000
0.000000
0.000000
0.000000
0.000000
0.000000
0.000000
0.000000
0.000000
0.000000
0.000000
0.000000
0.000000
0.000000
0.000000
0.000000
0.000000
0.000000
0.000000
0.000000
0.000000
0.000000
0.000000
0.000000
0.000000
0.000000
0.000000
0.000000
0.000000
0.000000
0.000000
0.000000
0.000000
0.000000
0.000000
0.000000
0.000000
0.000000
0.000000
0.000000
0.000000
0.000000
0.000000
0.000000
0.000000
0.000000
0.000000
0.000000
0.000000
0.000000
0.000000
0.000000
0.000000
0.000000
0.000000
0.000000
0.000000
0.000000
0.000000
0.000000
0.000000
0.000000
0.000000
0.000000
0.000000
0.000000
0.000000
0.000000
0.000000
0.000000
0.000000
0.000000
0.000000
0.000000
0.000000
0.000000
0.000000
0.000000
0.000000
0.000000
0.000000
0.000000
0.000000
0.000000
0.000000
0.000000
0.000000
0.000000
0.000000
0.000000
0.000000
0.000000
0.000000
0.000000
0.000000
0.000000
0.000000
0.000000
0.000000
0.000000
0.000000
0.000000
0.000000
0.000000
0.000000
0.000000
0.000000
0.000000
0.000000
0.000000
0.000000
0.000000
0.000000
0.000000
0.000000
0.000000
0.000000
-0.000439
-0.000763
0.006169
-0.019200
0.042921
-0.077235
0.112335
-0.083814
0.367311
-0.718695
1.079897
-1.381633
1.528159
-1.408009
0.950180
-0.230332
-0.443783
0.649938
-0.234295
-0.352128
0.384136
0.166803
-0.386791
-0.130955
0.347748
0.194699
-0.213413
-0.262518
-0.058986
0.151311
0.213100
0.139619
0.041746
-0.057423
-0.101303
-0.085151
-0.082423
-0.081596
-0.064937
-0.055215
-0.028754
0.029595
0.086988
0.137635
0.185740
0.175031
0.041043
-0.178026
-0.315464
-0.180576
0.203380
0.424608
0.058568
-0.495447
-0.230155
0.564592
0.195231
-0.756201
0.156695
0.755421
-0.891802
0.174489
0.786618
-1.432824
1.279415
-0.656205
-0.302302
1.446130
-2.922471
5.707903
-22.471946
-11.724481
4.746064
-3.016712
2.127082
-1.429139
0.753598
-0.076370
-0.508622
0.621526
-0.403807
-0.076277
0.364107
-0.204275
-0.137259
0.202056
0.076253
-0.119804
-0.073409
0.044031
0.079328
0.051309
0.002923
-0.051886
-0.100161
-0.115201
-0.074543
0.002149
0.066312
0.110018
0.160300
0.203677
0.216535
0.224582
0.227490
0.193839
0.143851
0.056767
-0.112506
-0.270669
-0.319395
-0.202608
0.098575
0.343537
0.256261
-0.160741
-0.413762
0.013268
0.444527
0.001529
-0.494319
0.209598
0.415497
-0.599716
0.216604
0.309704
-0.590411
0.549103
-0.319485
0.069790
0.102206
-0.178066
0.187135
-0.166564
0.127120
0.039813
-0.073216
0.063851
-0.042352
0.022758
-0.009779
0.003015
-0.000119
0.000000
0.000000
0.000000
0.000000
0.000000
0.000000
0.000000
0.000000
0.000000
0.000000
0.000000
0.000000
0.000000
0.000000
0.000000
0.000000
0.000000
0.000000
0.000000
0.000000
0.000000
0.000000
0.000000
0.000000
0.000000
0.000000
0.000000
0.000000
0.000000
0.000000
0.000000
0.000000
0.000000
0.000000
0.000000
0.000000
0.000000
0.000000
0.000000
0.000000
0.000000
0.000000
0.000000
0.000000
0.000000
0.000000
0.000000
0.000000
0.000000
0.000000
0.000000
0.000000
0.000000
0.000000
0.000000
0.000000
0.000000
-0.002742
0.008829
-0.018230
0.028110
-0.030743
0.010735
0.063132
-0.341955
0.500919
-0.571319
0.532403
-0.353150
0.036538
0.332248
-0.569679
0.468047
0.008524
-0.547762
0.615391
-0.037654
-0.533674
0.276135
0.417930
-0.272420
-0.451923
0.147857
0.482728
0.173040
-0.282513
-0.450242
-0.248506
0.075396
0.329053
0.435148
0.374082
0.265560
0.179902
0.101345
0.059424
0.059418
0.075348
0.127678
0.217027
0.284656
0.289174
0.221206
0.073268
-0.113802
-0.218807
-0.143179
0.049939
0.158009
0.066336
-0.070199
-0.052611
0.009432
0.007726
0.072084
-0.038437
-0.176871
0.224956
-0.052016
-0.271776
0.575638
-0.524245
0.214774
0.274021
-1.015574
2.040700
-4.209416
16.650374
10.956002
-4.681358
3.237103
-2.464940
1.849880
-1.071242
0.195617
0.718747
-1.124185
0.891396
0.000459
-0.802437
0.736528
0.245818
-0.785546
0.033886
0.692339
0.002287
-0.614617
-0.268453
0.364902
0.503862
0.153553
-0.251197
-0.413512
-0.336158
-0.166655
-0.006267
0.122621
0.198302
0.206188
0.187418
0.167269
0.124386
0.077333
0.031998
-0.048702
-0.104415
-0.079429
-0.018426
0.066941
0.094693
-0.003069
-0.123922
-0.116303
0.126951
0.207344
-0.146791
-0.244895
0.217163
0.221136
-0.391190
0.036289
0.432092
-0.519308
0.110236
0.563543
-1.198544
1.608889
-1.750973
1.664635
-1.419098
1.081925
-0.698624
0.227890
-0.122645
0.052563
-0.014311
-0.001733
0.005272
-0.003622
0.001006
0.000000
0.000000
0.000000
0.000000
0.000000
0.000000
0.000000
0.000000
0.000000
0.000000
0.000000
0.000000
0.000000
0.000000
0.000000
0.000000
0.000000
0.000000
0.000000
0.000000
0.000000
0.000000
0.000000
0.000000
0.000000
0.000000
0.000000
0.000000
0.000000
0.000000
0.000000
0.000000
0.000000
0.000000
0.000000
0.000000
0.000000
0.000000
0.000000
0.000000
0.000000
0.000000
0.000000
0.000000
0.000000
0.000000
0.000000
0.000000
0.000000
0.000000
0.000000
0.000000
0.000000
0.000000
0.000000
0.000000
0.000000
0.000000
0.000000
0.000000
0.000000
0.000000
0.000000
0.000000
0.000000
0.000000
0.000000
0.000000
0.000000
0.000000
0.000000
0.000000
0.000000
0.000000
0.000000
0.000000
0.000000
0.000000
0.000000
0.000000
0.000000
0.000000
0.000000
0.000000
0.000000
0.000000
0.000000
0.000000
0.000000
0.000000
0.000000
0.000000
0.000000
0.000000
0.000000
0.000000
0.000000
0.000000
0.000000
0.000000
0.000000
0.000000
0.000000
0.000000
0.000000
0.000000
0.000000
0.000000
0.000000
0.000000
0.000000
0.000000
0.000000
0.000000
0.000000
0.000000
0.000000
0.000000
0.000000
0.000000
0.000000
0.000000
0.000000
0.000000
0.000000
0.000000
0.000000
0.000000
0.000000
0.000000
0.000000
0.000000
0.000000
0.000000
0.000000
0.000000
0.000000
0.000000
0.000000
0.000000
0.000000
0.000000
0.000000
0.000000
0.000000
0.000000
0.000000
0.000000
0.000000
0.000000
0.000000
0.000000
0.000000
0.000000
0.000000
0.000000
0.000000
-0.003003
0.009088
-0.017547
0.024496
-0.021007
-0.009065
0.095949
-0.381647
0.623321
-0.788314
0.839342
-0.726095
0.428218
-0.008820
-0.355163
0.426226
-0.092782
-0.417479
0.581463
-0.114595
-0.467883
0.319344
0.349363
-0.305809
-0.393314
0.187852
0.451005
0.130704
-0.295558
-0.432180
-0.219999
0.094188
0.337888
0.432904
0.367678
0.265239
0.181270
0.102580
0.064314
0.066697
0.087725
0.151496
0.250667
0.322675
0.326834
0.245524
0.063823
-0.163369
-0.280652
-0.163464
0.102631
0.234543
0.062814
-0.162836
-0.082181
0.110788
0.033568
-0.054170
-0.012680
-0.053587
0.088324
-0.041459
-0.130390
0.357058
-0.364177
0.181532
0.138290
-0.697568
1.500704
-3.276729
14.301209
8.374813
-3.804734
2.752248
-2.190755
1.738074
-1.092314
0.313336
0.565957
-1.035327
0.903297
-0.090065
-0.732350
0.762725
0.175537
-0.780763
0.094645
0.691133
-0.049818
-0.632739
-0.232540
0.406779
0.510173
0.124159
-0.292509
-0.444008
-0.344421
-0.153310
0.020376
0.155213
0.234545
0.244315
0.224835
0.204034
0.160100
0.108740
0.056718
-0.036368
-0.113360
-0.108344
-0.054605
0.043589
0.103532
0.031545
-0.098508
-0.132699
0.088960
0.210818
-0.107831
-0.248620
0.177548
0.242069
-0.362974
-0.009644
0.451558
-0.498421
0.064477
0.611502
-1.234252
1.628985
-1.758917
1.665697
-1.417284
1.079258
-0.696283
0.231297
-0.126993
0.056007
-0.016466
-0.000631
0.004825
-0.003495
0.001005
0.000000
0.000000
0.000000
0.000000
0.000000
0.000000
0.000000
0.000000
0.000000
0.000000
0.000000
0.000000
0.000000
0.000000
0.000000
0.000000
0.000000
0.000000
0.000000
0.000000
0.000000
0.000000
0.000000
0.000000
0.000000
0.000000
0.000000
0.000000
0.000000
0.000000
0.000000
0.000000
0.000000
0.000000
0.000000
0.000000
0.000000
0.000000
0.000000
0.000000
0.000000
0.000000
0.000000
0.000000
0.000000
0.000000
0.000000
0.000000
0.000000
0.000000
0.000000
0.000000
0.000000
0.000000
0.000000
0.000000
0.000000
-0.002742
0.008829
-0.018230
0.028110
-0.030743
0.010735
0.063132
-0.341955
0.500919
-0.571319
0.532403
-0.353150
0.036538
0.332248
-0.569679
0.468047
0.008524
-0.547762
0.615391
-0.037654
-0.533674
0.276135
0.417930
-0.272420
-0.451923
0.147857
0.482728
0.173040
-0.282513
-0.450242
-0.248506
0.075396
0.329053
0.435148
0.374082
0.265560
0.179902
0.101345
0.059424
0.059418
0.075348
0.127678
0.217027
0.284656
0.289174
0.221206
0.073268
-0.113802
-0.218807
-0.143179
0.049939
0.158009
0.066336
-0.070199
-0.052611
0.009432
0.007726
0.072084
-0.038437
-0.176871
0.224956
-0.052016
-0.271776
0.575638
-0.524245
0.214774
0.274021
-1.015574
2.040700
-4.209416
16.650374
10.956002
-4.681358
3.237103
-2.464940
1.849880
-1.071242
0.195617
0.718747
-1.124185
0.891396
0.000459
-0.802437
0.736528
0.245818
-0.785546
0.033886
0.692339
0.002287
-0.614617
-0.268453
0.364902
0.503862
0.153553
-0.251197
-0.413512
-0.336158
-0.166655
-0.006267
0.122621
0.198302
0.206188
0.187418
0.167269
0.124386
0.077333
0.031998
-0.048702
-0.104415
-0.079429
-0.018426
0.066941
0.094693
-0.003069
-0.123922
-0.116303
0.126951
0.207344
-0.146791
-0.244895
0.217163
0.221136
-0.391190
0.036289
0.432092
-0.519308
0.110236
0.563543
-1.198544
1.608889
-1.750973
1.664635
-1.419098
1.081925
-0.698624
0.227890
-0.122645
0.052563
-0.014311
-0.001733
0.005272
-0.003622
0.001006
0.000000
0.000000
0.000000
0.000000
0.000000
0.000000
0.000000
0.000000
0.000000
0.000000
0.000000
0.000000
0.000000
0.000000
0.000000
0.000000
0.000000
0.000000
0.000000
0.000000
0.000000
0.000000
0.000000
0.000000
0.000000
0.000000
0.000000
0.000000
0.000000
0.000000
0.000000
0.000000
0.000000
0.000000
0.000000
0.000000
0.000000
0.000000
0.000000
0.000000
0.000000
0.000000
0.000000
0.000000
0.000000
0.000000
0.000000
0.000000
0.000000
0.000000
0.000000
0.000000
0.000000
0.000000
0.000000
0.000000
0.000000
0.000000
0.000000
0.000000
0.000000
0.000000
0.000000
0.000000
0.000000
0.000000
0.000000
0.000000
0.000000
0.000000
0.000000
0.000000
0.000000
0.000000
0.000000
0.000000
0.000000
0.000000
0.000000
0.000000
0.000000
0.000000
0.000000
0.000000
0.000000
0.000000
0.000000
0.000000
0.000000
0.000000
0.000000
0.000000
0.000000
0.000000
0.000000
0.000000
0.000000
0.000000
0.000000
0.000000
0.000000
0.000000
0.000000
0.000000
0.000000
0.000000
0.000000
0.000000
0.000000
0.000000
0.000000
0.000000
0.000000
0.000000
0.000000
0.000000
0.000000
0.000000
0.000000
0.000000
0.000000
0.000000
0.000000
0.000000
0.000000
0.000000
0.000000
0.000000
0.000000
0.000000
0.000000
0.000000
0.000000
0.000000
0.000000
0.000000
0.000000
0.000000
0.000000
0.000000
0.000000
0.000000
0.000000
0.000000
0.000000
0.000000
0.000000
0.000000
0.000000
0.000000
0.000000
0.000000
0.000000
0.000000
0.000000
0.000000
0.000000
0.000879
-0.000569
-0.003597
0.015609
-0.039842
0.078563
-0.126399
0.139755
-0.458677
0.834246
-1.202927
1.488064
-1.590927
1.409303
-0.898121
0.167857
0.457383
-0.588745
0.149064
0.368925
-0.315555
-0.213612
0.335582
0.175780
-0.290096
-0.222233
0.147305
0.243359
0.102308
-0.087963
-0.180852
-0.153424
-0.091273
-0.006031
0.047409
0.046271
0.055853
0.066560
0.055509
0.045439
0.015895
-0.051801
-0.123730
-0.184932
-0.233648
-0.211019
-0.050397
0.201973
0.356602
0.204534
-0.218424
-0.458990
-0.067776
0.519315
0.242201
-0.580832
-0.200151
0.764142
-0.154835
-0.747567
0.878856
-0.168413
-0.767504
1.380487
-1.226037
0.629596
0.282033
-1.343882
2.702501
-5.227604
20.375688
10.496912
-4.188369
2.613290
-1.805963
1.174374
-0.593490
0.030441
0.425665
-0.469770
0.271404
0.089478
-0.256759
0.092474
0.111526
-0.087611
-0.090126
0.018498
0.080710
0.048715
-0.045243
-0.110935
-0.077704
0.033686
0.143035
0.180282
0.125026
0.020322
-0.069298
-0.132770
-0.194679
-0.239488
-0.249492
-0.254491
-0.250958
-0.209778
-0.152164
-0.051435
0.129123
0.286549
0.327399
0.196219
-0.113749
-0.348163
-0.241820
0.180191
0.400724
-0.044171
-0.428722
0.034914
0.468293
-0.245080
-0.362293
0.601130
-0.282793
-0.236645
0.580959
-0.638736
0.500399
-0.308564
0.155614
-0.066090
0.020610
0.008368
-0.025060
-0.073717
0.091830
-0.072060
0.044766
-0.022665
0.009072
-0.002502
-0.000029
0.000000
0.000000
0.000000
0.000000
0.000000
0.000000
0.000000
0.000000
0.000000
0.000000
0.000000
0.000000
0.000000
0.000000
0.000000
0.000000
0.000000
0.000000
0.000000
0.000000
0.000000
0.000000
0.000000
0.000000
0.000000
0.000000
0.000000
0.000000
0.000000
0.000000
0.000000
0.000000
0.000000
0.000000
0.000000
0.000000
0.000000
0.000000
0.000000
0.000000
0.000000
0.000000
0.000000
0.000000
0.000000
0.000000
0.000000
0.000000
0.000000
0.000000
0.000000
0.000000
0.000000
0.000000
0.000000
0.000000
0.000000
-0.002742
0.008829
-0.018230
0.028110
-0.030743
0.010735
0.063132
-0.341955
0.500919
-0.571319
0.532403
-0.353150
0.036538
0.332248
-0.569679
0.468047
0.008524
-0.547762
0.615391
-0.037654
-0.533674
0.276135
0.417930
-0.272420
-0.451923
0.147857
0.482728
0.173040
-0.282513
-0.450242
-0.248506
0.075396
0.329053
0.435148
0.374082
0.265560
0.179902
0.101345
0.059424
0.059418
0.075348
0.127678
0.217027
0.284656
0.289174
0.221206
0.073268
-0.113802
-0.218807
-0.143179
0.049939
0.158009
0.066336
-0.070199
-0.052611
0.009432
0.007726
0.072084
-0.038437
-0.176871
0.224956
-0.052016
-0.271776
0.575638
-0.524245
0.214774
0.274021
-1.015574
2.040700
-4.209416
16.650374
10.956002
-4.681358
3.237103
-2.464940
1.849880
-1.071242
0.195617
0.718747
-1.124185
0.891396
0.000459
-0.802437
0.736528
0.245818
-0.785546
0.033886
0.692339
0.002287
-0.614617
-0.268453
0.364902
0.503862
0.153553
-0.251197
-0.413512
-0.336158
-0.166655
-0.006267
0.122621
0.198302
0.206188
0.187418
0.167269
0.124386
0.077333
0.031998
-0.048702
-0.104415
-0.079429
-0.018426
0.066941
0.094693
-0.003069
-0.123922
-0.116303
0.126951
0.207344
-0.146791
-0.244895
0.217163
0.221136
-0.391190
0.036289
0.432092
-0.519308
0.110236
0.563543
-1.198544
1.608889
-1.750973
1.664635
-1.419098
1.081925
-0.698624
0.227890
-0.122645
0.052563
-0.014311
-0.001733
0.005272
-0.003622
0.001006
0.000000
0.000000
0.000000
0.000000
0.000000
0.000000
0.000000
0.000000
0.000000
0.000000
0.000000
0.000000
0.000000
0.000000
0.000000
0.000000
0.000000
0.000000
0.000000
0.000000
0.000000
0.000000
0.000000
0.000000
0.000000
0.000000
0.000000
0.000000
0.000000
0.000000
0.000000
0.000000
0.000000
0.000000
0.000000
0.000000
0.000000
0.000000
0.000000
0.000000
0.000000
0.000000
0.000000
0.000000
0.000000
0.000000
0.000000
0.000000
0.000000
0.000000
0.000000
0.000000
0.000000
0.000000
0.000000
0.000000
0.000000
0.000000
0.000000
0.000000
0.000000
0.000000
0.000000
0.000000
0.000000
0.000000
0.000000
0.000000
0.000000
0.000000
0.000000
0.000000
0.000000
0.000000
0.000000
0.000000
0.000000
0.000000
0.000000
0.000000
0.000000
0.000000
0.000000
0.000000
0.000000
0.000000
0.000000
0.000000
0.000000
0.000000
0.000000
0.000000
0.000000
0.000000
0.000000
0.000000
0.000000
0.000000
0.000000
0.000000
0.000000
0.000000
0.000000
0.000000
0.000000
0.000000
0.000000
0.000000
0.000000
0.000000
0.000000
0.000000
0.000000
0.000000
0.000000
0.000000
0.000000
0.000000
0.000000
0.000000
0.000000
0.000000
0.000000
0.000000
0.000000
0.000000
0.000000
0.000000
0.000000
0.000000
0.000000
0.000000
0.000000
0.000000
0.000000
0.000000
0.000000
0.000000
0.000000
0.000000
0.000000
0.000000
0.000000
0.000000
0.000000
0.000000
0.000000
0.000000
0.000000
0.000000
0.000000
0.000000
0.000000
0.000000
0.000000
0.000000
0.000000
0.002874
-0.009005
0.018075
-0.026784
0.026847
-0.002451
-0.077422
0.361162
-0.556088
0.666030
-0.663018
0.507976
-0.195022
-0.197754
0.486809
-0.450830
0.025739
0.503776
-0.603312
0.060519
0.514136
-0.288033
-0.398552
0.280043
0.435837
-0.155276
-0.472599
-0.166375
0.280563
0.445075
0.246506
-0.071699
-0.324509
-0.432021
-0.374626
-0.272021
-0.189456
-0.112337
-0.072451
-0.073357
-0.090055
-0.143903
-0.232531
-0.295568
-0.292585
-0.214591
-0.056434
0.133764
0.228383
0.133483
-0.070614
-0.167266
-0.052880
0.086716
0.046680
-0.025650
-0.004231
-0.057837
0.035378
0.163166
-0.217145
0.066145
0.242890
-0.559408
0.543888
-0.273818
-0.179628
0.894553
-1.896833
4.042985
-17.287854
-9.913438
4.418660
-3.135300
2.455471
-1.910212
1.179307
-0.317800
-0.628351
1.104187
-0.943078
0.076951
0.769986
-0.776279
-0.191885
0.793605
-0.081434
-0.693844
0.037986
0.625598
0.239173
-0.390518
-0.498784
-0.129097
0.271542
0.417584
0.326095
0.150332
-0.010218
-0.135751
-0.206008
-0.209212
-0.188265
-0.166732
-0.123315
-0.077992
-0.034414
0.043907
0.094434
0.066341
0.006616
-0.072350
-0.086858
0.019488
0.133953
0.106287
-0.147696
-0.204345
0.170672
0.243502
-0.246190
-0.206146
0.416078
-0.078469
-0.410107
0.533109
-0.149633
-0.517877
1.160904
-1.583756
1.736107
-1.656010
1.414262
-1.080484
0.699956
-0.220492
0.113532
-0.045444
0.009905
0.003954
-0.006154
0.003862
-0.001001
0.000000
0.000000
0.000000
0.000000
0.000000
0.000000
0.000000
0.000000
0.000000
0.000000
0.000000
0.000000
0.000000
0.000000
0.000000
0.000000
0.000000
0.000000
0.000000
0.000000
0.000000
0.000000
0.000000
0.000000
0.000000
0.000000
0.000000
0.000000
0.000000
0.000000
0.000000
0.000000
0.000000
0.000000
0.000000
0.000000
0.000000
0.000000
0.000000
0.000000
0.000000
0.000000
0.000000
0.000000
0.000000
0.000000
0.000000
0.000000
0.000000
0.000000
0.000000
0.000000
0.000000
0.000000
0.000000
0.000000
0.000000
-0.002742
0.008829
-0.018230
0.028110
-0.030743
0.010735
0.063132
-0.341955
0.500919
-0.571319
0.532403
-0.353150
0.036538
0.332248
-0.569679
0.468047
0.008524
-0.547762
0.615391
-0.037654
-0.533674
0.276135
0.417930
-0.272420
-0.451923
0.147857
0.482728
0.173040
-0.282513
-0.450242
-0.248506
0.075396
0.329053
0.435148
0.374082
0.265560
0.179902
0.101345
0.059424
0.059418
0.075348
0.127678
0.217027
0.284656
0.289174
0.221206
0.073268
-0.113802
-0.218807
-0.143179
0.049939
0.158009
0.066336
-0.070199
-0.052611
0.009432
0.007726
0.072084
-0.038437
-0.176871
0.224956
-0.052016
-0.271776
0.575638
-0.524245
0.214774
0.274021
-1.015574
2.040700
-4.209416
16.650374
10.956002
-4.681358
3.237103
-2.464940
1.849880
-1.071242
0.195617
0.718747
-1.124185
0.891396
0.000459
-0.802437
0.736528
0.245818
-0.785546
0.033886
0.692339
0.002287
-0.614617
-0.268453
0.364902
0.503862
0.153553
-0.251197
-0.413512
-0.336158
-0.166655
-0.006267
0.122621
0.198302
0.206188
0.187418
0.167269
0.124386
0.077333
0.031998
-0.048702
-0.104415
-0.079429
-0.018426
0.066941
0.094693
-0.003069
-0.123922
-0.116303
0.126951
0.207344
-0.146791
-0.244895
0.217163
0.221136
-0.391190
0.036289
0.432092
-0.519308
0.110236
0.563543
-1.198544
1.608889
-1.750973
1.664635
-1.419098
1.081925
-0.698624
0.227890
-0.122645
0.052563
-0.014311
-0.001733
0.005272
-0.003622
0.001006
0.000000
0.000000
0.000000
0.000000
0.000000
0.000000
0.000000
0.000000
0.000000
0.000000
0.000000
0.000000
0.000000
0.000000
0.000000
0.000000
0.000000
0.000000
0.000000
0.000000
0.000000
0.000000
0.000000
0.000000
0.000000
0.000000
0.000000
0.000000
0.000000
0.000000
0.000000
0.000000
0.000000
0.000000
0.000000
0.000000
0.000000
0.000000
0.000000
0.000000
0.000000
0.000000
0.000000
0.000000
0.000000
0.000000
0.000000
0.000000
0.000000
0.000000
0.000000
0.000000
0.000000
0.000000
0.000000
0.000000
0.000000
0.000000
0.000000
0.000000
0.000000
0.000000
0.000000
0.000000
0.000000
0.000000
0.000000
0.000000
0.000000
0.000000
0.000000
0.000000
0.000000
0.000000
0.000000
0.000000
0.000000
0.000000
0.000000
0.000000
0.000000
0.000000
0.000000
0.000000
0.000000
0.000000
0.000000
0.000000
0.000000
0.000000
0.000000
0.000000
0.000000
0.000000
0.000000
0.000000
0.000000
0.000000
0.000000
0.000000
0.000000
0.000000
0.000000
0.000000
0.000000
0.000000
0.000000
0.000000
0.000000
0.000000
0.000000
0.000000
0.000000
0.000000
0.000000
0.000000
0.000000
0.000000
0.000000
0.000000
0.000000
0.000000
0.000000
0.000000
0.000000
0.000000
0.000000
0.000000
0.000000
0.000000
0.000000
0.000000
0.000000
0.000000
0.000000
0.000000
0.000000
0.000000
0.000000
0.000000
0.000000
0.000000
0.000000
0.000000
0.000000
0.000000
0.000000
0.000000
0.000000
0.000000
0.000000
0.000000
0.000000
0.000000
0.000000
0.000000
0.000000
-0.001300
0.001889
0.000948
-0.011683
0.035906
-0.078204
0.137748
-0.192694
0.540188
-0.931872
1.300111
-1.562522
1.619512
-1.380315
0.826765
-0.101774
-0.461155
0.514901
-0.060631
-0.377796
0.240193
0.255832
-0.277163
-0.216829
0.226211
0.244995
-0.078032
-0.218973
-0.143433
0.022725
0.144719
0.163935
0.138839
0.069355
0.007503
-0.006400
-0.028083
-0.050094
-0.044889
-0.034686
-0.002695
0.072894
0.157815
0.228257
0.276533
0.242474
0.058670
-0.221580
-0.390078
-0.224100
0.228775
0.483505
0.075527
-0.532026
-0.249044
0.584593
0.200772
-0.755665
0.149651
0.723650
-0.847026
0.158717
0.731904
-1.298490
1.146314
-0.589458
-0.255704
1.212759
-2.424464
4.634987
-17.841655
-9.043811
3.540687
-2.153722
1.446044
-0.894376
0.420626
0.016141
-0.333560
0.307918
-0.133168
-0.100758
0.143894
0.021311
-0.083402
-0.028714
0.102062
0.083205
-0.086278
-0.140413
0.010187
0.168176
0.150815
-0.014763
-0.182837
-0.241491
-0.172824
-0.042356
0.070797
0.152669
0.224877
0.270155
0.277087
0.278929
0.269033
0.221209
0.157208
0.045000
-0.142965
-0.296273
-0.328369
-0.185614
0.126481
0.345305
0.222186
-0.195771
-0.379074
0.074123
0.403705
-0.070607
-0.432207
0.275296
0.301305
-0.589628
0.342906
0.158503
-0.559027
0.714647
-0.670564
0.540709
-0.410091
0.308826
-0.227910
0.150008
-0.077539
0.106036
-0.108472
0.078721
-0.046218
0.022086
-0.008169
0.001936
0.000175
0.000000
0.000000
0.000000
0.000000
0.000000
0.000000
0.000000
0.000000
0.000000
0.000000
0.000000
0.000000
0.000000
0.000000
0.000000
0.000000
0.000000
0.000000
0.000000
0.000000
0.000000
0.000000
0.000000
0.000000
0.000000
0.000000
0.000000
0.000000
0.000000
0.000000
0.000000
0.000000
0.000000
0.000000
0.000000
0.000000
0.000000
0.000000
0.000000
0.000000
0.000000
0.000000
0.000000
0.000000
0.000000
0.000000
0.000000
0.000000
0.000000
0.000000
0.000000
0.000000
0.000000
0.000000
0.000000
0.000000
0.000000
-0.002742
0.008829
-0.018230
0.028110
-0.030743
0.010735
0.063132
-0.341955
0.500919
-0.571319
0.532403
-0.353150
0.036538
0.332248
-0.569679
0.468047
0.008524
-0.547762
0.615391
-0.037654
-0.533674
0.276135
0.417930
-0.272420
-0.451923
0.147857
0.482728
0.173040
-0.282513
-0.450242
-0.248506
0.075396
0.329053
0.435148
0.374082
0.265560
0.179902
0.101345
0.059424
0.059418
0.075348
0.127678
0.217027
0.284656
0.289174
0.221206
0.073268
-0.113802
-0.218807
-0.143179
0.049939
0.158009
0.066336
-0.070199
-0.052611
0.009432
0.007726
0.072084
-0.038437
-0.176871
0.224956
-0.052016
-0.271776
0.575638
-0.524245
0.214774
0.274021
-1.015574
2.040700
-4.209416
16.650374
10.956002
-4.681358
3.237103
-2.464940
1.849880
-1.071242
0.195617
0.718747
-1.124185
0.891396
0.000459
-0.802437
0.736528
0.245818
-0.785546
0.033886
0.692339
0.002287
-0.614617
-0.268453
0.364902
0.503862
0.153553
-0.251197
-0.413512
-0.336158
-0.166655
-0.006267
0.122621
0.198302
0.206188
0.187418
0.167269
0.124386
0.077333
0.031998
-0.048702
-0.104415
-0.079429
-0.018426
0.066941
0.094693
-0.003069
-0.123922
-0.116303
0.126951
0.207344
-0.146791
-0.244895
0.217163
0.221136
-0.391190
0.036289
0.432092
-0.519308
0.110236
0.563543
-1.198544
1.608889
-1.750973
1.664635
-1.419098
1.081925
-0.698624
0.227890
-0.122645
0.052563
-0.014311
-0.001733
0.005272
-0.003622
0.001006
0.000000
0.000000
0.000000
0.000000
0.000000
0.000000
0.000000
0.000000
0.000000
0.000000
0.000000
0.000000
0.000000
0.000000
0.000000
0.000000
0.000000
0.000000
0.000000
0.000000
0.000000
0.000000
0.000000
0.000000
0.000000
0.000000
0.000000
0.000000
0.000000
0.000000
0.000000
0.000000
0.000000
0.000000
0.000000
0.000000
0.000000
0.000000
0.000000
0.000000
0.000000
0.000000
0.000000
0.000000
0.000000
0.000000
0.000000
0.000000
0.000000
0.000000
0.000000
0.000000
0.000000
0.000000
0.000000
0.000000
0.000000
0.000000
0.000000
0.000000
0.000000
0.000000
0.000000
0.000000
0.000000
0.000000
0.000000
0.000000
0.000000
0.000000
0.000000
0.000000
0.000000
0.000000
0.000000
0.000000
0.000000
0.000000
0.000000
0.000000
0.000000
0.000000
0.000000
0.000000
0.000000
0.000000
0.000000
0.000000
0.000000
0.000000
0.000000
0.000000
0.000000
0.000000
0.000000
0.000000
0.000000
0.000000
0.000000
0.000000
0.000000
0.000000
0.000000
0.000000
0.000000
0.000000
0.000000
0.000000
0.000000
0.000000
0.000000
0.000000
0.000000
0.000000
0.000000
0.000000
0.000000
0.000000
0.000000
0.000000
0.000000
0.000000
0.000000
0.000000
0.000000
0.000000
0.000000
0.000000
0.000000
0.000000
0.000000
0.000000
0.000000
0.000000
0.000000
0.000000
0.000000
0.000000
0.000000
0.000000
0.000000
0.000000
0.000000
0.000000
0.000000
0.000000
0.000000
0.000000
0.000000
0.000000
0.000000
0.000000
0.000000
0.000000
0.000000
0.000000
0.000000
-0.002683
0.008728
-0.018213
0.028496
-0.032111
0.013914
0.057231
-0.332917
0.476908
-0.529438
0.472449
-0.278943
-0.042365
0.400079
-0.607995
0.465748
0.041856
-0.579250
0.612200
-0.005141
-0.549344
0.250534
0.439178
-0.248260
-0.468994
0.119365
0.484035
0.198473
-0.259539
-0.448406
-0.267720
0.047669
0.304158
0.421854
0.373528
0.272959
0.193573
0.119679
0.079030
0.078443
0.090448
0.133218
0.209399
0.262110
0.252051
0.179048
0.047835
-0.101285
-0.171205
-0.100634
0.037082
0.096395
0.041810
-0.008731
-0.010174
-0.060037
-0.025196
0.168604
-0.057313
-0.269237
0.341302
-0.089410
-0.350170
0.749739
-0.711914
0.360219
0.217109
-1.072320
2.252208
-4.722378
19.903064
11.239068
-4.937650
3.450992
-2.667431
2.041310
-1.240962
0.315432
0.677242
-1.149320
0.962599
-0.062181
-0.791079
0.773155
0.204110
-0.789395
0.066475
0.681647
-0.025341
-0.605017
-0.240667
0.365868
0.476677
0.131262
-0.244743
-0.382187
-0.300762
-0.144122
-0.000159
0.113374
0.173046
0.169613
0.147650
0.125846
0.083880
0.045566
0.011372
-0.050503
-0.073479
-0.022915
0.041517
0.099557
0.068319
-0.070102
-0.166521
-0.077591
0.203260
0.193480
-0.229847
-0.233153
0.309542
0.165793
-0.460243
0.164896
0.359844
-0.556342
0.231575
0.413125
-1.062613
1.504499
-1.675996
1.610742
-1.380856
1.058496
-0.688590
0.204949
-0.097633
0.033905
-0.003130
-0.007191
0.007352
-0.004146
0.000975
0.000000
0.000000
0.000000
0.000000
0.000000
0.000000
0.000000
0.000000
0.000000
0.000000
0.000000
0.000000
0.000000
0.000000
0.000000
0.000000
0.000000
0.000000
0.000000
0.000000
0.000000
0.000000
0.000000
0.000000
0.000000
0.000000
0.000000
0.000000
0.000000
0.000000
0.000000
0.000000
0.000000
0.000000
0.000000
0.000000
0.000000
0.000000
