0.000000
0.000000
0.000000
0.000000
0.000000
0.000000
0.000000
0.000000
0.000000
0.000000
0.000000
0.000000
0.000000
0.000000
0.000000
0.000000
0.000000
0.000000
0.000000
0.001891
-0.004603
0.010483
-0.022830
0.045129
-0.078862
0.118457
-0.122609
0.468834
-0.832519
1.169337
-1.411932
1.474177
-1.276675
0.801734
-0.165059
-0.358104
0.466106
-0.129709
-0.246575
0.198200
0.150565
-0.195284
-0.114710
0.121111
0.131184
0.017419
-0.111329
-0.122458
-0.057331
0.028171
0.111820
0.146489
0.170131
0.159697
0.094383
0.046142
0.019796
-0.003683
0.006604
0.045319
0.101965
0.208351
0.347944
0.429920
0.371944
0.140556
-0.220163
-0.507674
-0.404055
0.157347
0.613464
0.242908
-0.565280
-0.424758
0.591237
0.419392
-0.773946
-0.034673
0.910457
-0.816443
-0.087767
0.967854
-1.375380
1.037886
-0.286136
-0.630827
1.667445
-2.934873
5.283006
-18.477251
-10.611486
3.945009
-2.345255
1.553323
-1.008018
0.512667
-0.105301
-0.270395
0.311240
-0.196756
0.019498
0.086873
-0.074405
0.021677
-0.052806
-0.027273
0.129446
0.011256
-0.195314
-0.106598
0.166617
0.268448
0.093389
-0.169929
-0.314834
-0.291991
-0.154993
0.030057
0.191582
0.281371
0.326048
0.362896
0.374769
0.362475
0.333377
0.231615
0.056049
-0.140004
-0.351072
-0.459671
-0.307692
0.069526
0.435888
0.362971
-0.161995
-0.459248
-0.062602
0.469938
0.076593
-0.506076
0.138456
0.434036
-0.515721
0.118998
0.329679
-0.535975
0.488160
-0.314051
0.136495
-0.022152
-0.021410
0.024068
-0.021698
0.026125
0.045567
-0.087649
0.074271
-0.047264
0.023415
-0.008195
0.001045
0.000969
0.000000
0.000000
0.000000
0.000000
0.000000
0.000000
0.000000
0.000000
0.000000
0.000000
0.000000
0.000000
0.000000
0.000000
0.000000
0.000000
0.000000
0.000000
0.000000
0.000000
0.000000
0.000000
0.000000
0.000000
0.000000
0.000000
0.000000
0.000000
0.000000
0.000000
0.000000
0.000000
0.000000
0.000000
0.000000
0.000000
0.000000
0.000000
0.000000
0.000000
0.000000
0.000000
0.000000
0.000000
0.000000
0.000000
0.000000
0.000000
0.000000
0.000000
0.000000
0.000000
0.000000
0.000000
0.000000
0.000000
0.000000
0.000000
0.000000
0.000000
0.000000
0.000000
0.000000
0.000000
0.000000
0.000000
0.000000
0.000000
0.000000
0.000000
0.000000
0.000000
0.000000
0.000000
0.000000
0.000000
0.000000
0.000000
0.000000
0.000000
0.000000
0.000000
0.000000
0.000000
0.000000
0.000000
0.000000
0.000000
0.000000
0.000000
0.000000
0.000000
0.000000
0.000000
0.000000
0.000000
0.000000
0.000000
0.000000
0.000000
0.000000
0.000000
0.000000
0.000000
0.000000
0.000000
0.000000
0.000000
0.000000
0.000000
0.000000
0.000000
0.000000
0.000000
0.000000
0.000000
0.000000
0.000000
0.000000
0.000000
0.000000
0.000000
0.000000
0.000000
0.000000
0.000000
0.000000
0.000000
0.000000
0.000000
0.000000
0.000000
0.000000
0.000000
0.000000
0.000000
0.000000
0.000000
0.000000
0.000000
0.000000
0.000000
0.000000
0.000000
0.000000
0.000000
0.000000
0.000000
0.000000
0.000000
0.000000
0.000000
0.000000
0.000000
0.000000
0.000000
0.000000
0.000692
-0.000216
-0.000152
-0.002664
0.014170
-0.041922
0.093796
-0.169815
0.564728
-0.930929
1.225730
-1.375299
1.303097
-0.975657
0.457944
0.057291
-0.310818
0.171329
0.154031
-0.236771
-0.043134
0.232607
0.005592
-0.191264
-0.079150
0.125771
0.212896
0.028616
-0.192857
-0.243977
-0.129996
0.074736
0.231023
0.319414
0.339982
0.269719
0.188214
0.140225
0.107428
0.115875
0.171721
0.247606
0.353425
0.475621
0.518211
0.384546
0.063705
-0.338095
-0.572163
-0.354452
0.258331
0.620618
0.141771
-0.591817
-0.319995
0.590451
0.286659
-0.686503
0.071894
0.688449
-0.661216
0.013291
0.632912
-0.895342
0.709143
-0.249366
-0.223055
0.712535
-1.156215
1.867845
-5.768173
-2.191909
0.538082
-0.131595
-0.076883
0.128388
-0.130383
-0.010395
0.166182
-0.328844
0.286826
0.013757
-0.356341
0.286185
0.152131
-0.420795
-0.027755
0.446296
0.043023
-0.451367
-0.242225
0.294307
0.475207
0.189467
-0.223377
-0.459618
-0.449506
-0.266517
-0.023783
0.170037
0.276560
0.338280
0.376125
0.372105
0.342918
0.280306
0.138279
-0.044830
-0.229017
-0.397916
-0.408822
-0.179437
0.183884
0.416690
0.196928
-0.256298
-0.333093
0.102315
0.357995
-0.118664
-0.327739
0.272087
0.166999
-0.462059
0.362288
0.015767
-0.453427
0.806094
-1.019857
1.097624
-1.068543
0.961416
-0.795186
0.584601
-0.351712
0.183729
-0.136294
0.082176
-0.040819
0.015746
-0.003825
-0.000143
0.000729
0.000000
0.000000
0.000000
0.000000
0.000000
0.000000
0.000000
0.000000
0.000000
0.000000
0.000000
0.000000
0.000000
0.000000
0.000000
0.000000
0.000000
0.000000
0.000000
0.000000
0.000000
0.000000
0.000000
0.000000
0.000000
0.000000
0.000000
0.000000
0.000000
0.000000
0.000000
0.000000
0.000000
0.000000
0.000000
0.000000
0.000000
0.000000
0.000000
0.000000
0.000000
0.000000
0.000000
0.000000
0.000000
0.000000
0.000000
0.000000
0.000000
0.000000
0.000000
0.000000
0.000000
0.000000
0.000000
0.000000
0.000000
0.001891
-0.004603
0.010483
-0.022830
0.045129
-0.078862
0.118457
-0.122609
0.468834
-0.832519
1.169337
-1.411932
1.474177
-1.276675
0.801734
-0.165059
-0.358104
0.466106
-0.129709
-0.246575
0.198200
0.150565
-0.195284
-0.114710
0.121111
0.131184
0.017419
-0.111329
-0.122458
-0.057331
0.028171
0.111820
0.146489
0.170131
0.159697
0.094383
0.046142
0.019796
-0.003683
0.006604
0.045319
0.101965
0.208351
0.347944
0.429920
0.371944
0.140556
-0.220163
-0.507674
-0.404055
0.157347
0.613464
0.242908
-0.565280
-0.424758
0.591237
0.419392
-0.773946
-0.034673
0.910457
-0.816443
-0.087767
0.967854
-1.375380
1.037886
-0.286136
-0.630827
1.667445
-2.934873
5.283006
-18.477251
-10.611486
3.945009
-2.345255
1.553323
-1.008018
0.512667
-0.105301
-0.270395
0.311240
-0.196756
0.019498
0.086873
-0.074405
0.021677
-0.052806
-0.027273
0.129446
0.011256
-0.195314
-0.106598
0.166617
0.268448
0.093389
-0.169929
-0.314834
-0.291991
-0.154993
0.030057
0.191582
0.281371
0.326048
0.362896
0.374769
0.362475
0.333377
0.231615
0.056049
-0.140004
-0.351072
-0.459671
-0.307692
0.069526
0.435888
0.362971
-0.161995
-0.459248
-0.062602
0.469938
0.076593
-0.506076
0.138456
0.434036
-0.515721
0.118998
0.329679
-0.535975
0.488160
-0.314051
0.136495
-0.022152
-0.021410
0.024068
-0.021698
0.026125
0.045567
-0.087649
0.074271
-0.047264
0.023415
-0.008195
0.001045
0.000969
0.000000
0.000000
0.000000
0.000000
0.000000
0.000000
0.000000
0.000000
0.000000
0.000000
0.000000
0.000000
0.000000
0.000000
0.000000
0.000000
0.000000
0.000000
0.000000
0.000000
0.000000
0.000000
0.000000
0.000000
0.000000
0.000000
0.000000
0.000000
0.000000
0.000000
0.000000
0.000000
0.000000
0.000000
0.000000
0.000000
0.000000
0.000000
0.000000
0.000000
0.000000
0.000000
0.000000
0.000000
0.000000
0.000000
0.000000
0.000000
0.000000
0.000000
0.000000
0.000000
0.000000
0.000000
0.000000
0.000000
0.000000
0.000000
0.000000
0.000000
0.000000
0.000000
0.000000
0.000000
0.000000
0.000000
0.000000
0.000000
0.000000
0.000000
0.000000
0.000000
0.000000
0.000000
0.000000
0.000000
0.000000
0.000000
0.000000
0.000000
0.000000
0.000000
0.000000
0.000000
0.000000
0.000000
0.000000
0.000000
0.000000
0.000000
0.000000
0.000000
0.000000
0.000000
0.000000
0.000000
0.000000
0.000000
0.000000
0.000000
0.000000
0.000000
0.000000
0.000000
0.000000
0.000000
0.000000
0.000000
0.000000
0.000000
0.000000
0.000000
0.000000
0.000000
0.000000
0.000000
0.000000
0.000000
0.000000
0.000000
0.000000
0.000000
0.000000
0.000000
0.000000
0.000000
0.000000
0.000000
0.000000
0.000000
0.000000
0.000000
0.000000
0.000000
0.000000
0.000000
0.000000
0.000000
0.000000
0.000000
0.000000
0.000000
0.000000
0.000000
0.000000
0.000000
0.000000
0.000000
0.000000
0.000000
0.000000
0.000000
0.000000
0.000000
0.000000
0.000000
0.000000
-0.002679
0.009012
-0.021586
0.041850
-0.067501
0.088686
-0.080694
-0.040585
0.006749
0.112138
-0.296503
0.532572
-0.773600
0.915868
-0.818662
0.400070
0.212716
-0.637893
0.493264
0.105581
-0.446795
0.069787
0.380314
-0.070682
-0.350179
-0.062667
0.289190
0.256492
-0.058401
-0.258779
-0.249375
-0.098262
0.071780
0.158908
0.207972
0.221852
0.186603
0.162092
0.154502
0.144900
0.153610
0.159295
0.119274
0.048034
-0.026367
-0.097100
-0.127137
-0.056023
0.097803
0.180530
0.035099
-0.214244
-0.167604
0.203279
0.235969
-0.265560
-0.254409
0.435914
0.041714
-0.588297
0.603304
0.008657
-0.704021
1.190130
-1.006614
0.429677
0.469959
-1.593557
3.196167
-6.323452
25.616986
13.682742
-5.699176
3.726100
-2.759214
1.964088
-1.154756
0.271135
0.617329
-0.957785
0.745866
-0.054105
-0.601583
0.513374
0.149708
-0.460061
0.011878
0.360530
0.042017
-0.250586
-0.140788
0.086933
0.159167
0.099663
0.015284
-0.051671
-0.088188
-0.093777
-0.099864
-0.124197
-0.137191
-0.132380
-0.145141
-0.169475
-0.187381
-0.219476
-0.228383
-0.165231
-0.065422
0.083346
0.258527
0.298043
0.122742
-0.204609
-0.362455
-0.054928
0.347463
0.232593
-0.331765
-0.270934
0.425384
0.104427
-0.502125
0.284222
0.230696
-0.505776
0.335276
0.130988
-0.633536
0.987928
-1.126815
1.072804
-0.893814
0.661153
-0.416637
0.127733
-0.012904
-0.024774
0.028055
-0.018684
0.008338
-0.001736
-0.000690
0.000000
0.000000
0.000000
0.000000
0.000000
0.000000
0.000000
0.000000
0.000000
0.000000
0.000000
0.000000
0.000000
0.000000
0.000000
0.000000
0.000000
0.000000
0.000000
0.000000
0.000000
0.000000
0.000000
0.000000
0.000000
0.000000
0.000000
0.000000
0.000000
0.000000
0.000000
0.000000
0.000000
0.000000
0.000000
0.000000
0.000000
0.000000
0.000000
0.000000
0.000000
0.000000
0.000000
0.000000
0.000000
0.000000
0.000000
0.000000
0.000000
0.000000
0.000000
0.000000
0.000000
0.000000
0.000000
0.000000
0.000000
0.001891
-0.004603
0.010483
-0.022830
0.045129
-0.078862
0.118457
-0.122609
0.468834
-0.832519
1.169337
-1.411932
1.474177
-1.276675
0.801734
-0.165059
-0.358104
0.466106
-0.129709
-0.246575
0.198200
0.150565
-0.195284
-0.114710
0.121111
0.131184
0.017419
-0.111329
-0.122458
-0.057331
0.028171
0.111820
0.146489
0.170131
0.159697
0.094383
0.046142
0.019796
-0.003683
0.006604
0.045319
0.101965
0.208351
0.347944
0.429920
0.371944
0.140556
-0.220163
-0.507674
-0.404055
0.157347
0.613464
0.242908
-0.565280
-0.424758
0.591237
0.419392
-0.773946
-0.034673
0.910457
-0.816443
-0.087767
0.967854
-1.375380
1.037886
-0.286136
-0.630827
1.667445
-2.934873
5.283006
-18.477251
-10.611486
3.945009
-2.345255
1.553323
-1.008018
0.512667
-0.105301
-0.270395
0.311240
-0.196756
0.019498
0.086873
-0.074405
0.021677
-0.052806
-0.027273
0.129446
0.011256
-0.195314
-0.106598
0.166617
0.268448
0.093389
-0.169929
-0.314834
-0.291991
-0.154993
0.030057
0.191582
0.281371
0.326048
0.362896
0.374769
0.362475
0.333377
0.231615
0.056049
-0.140004
-0.351072
-0.459671
-0.307692
0.069526
0.435888
0.362971
-0.161995
-0.459248
-0.062602
0.469938
0.076593
-0.506076
0.138456
0.434036
-0.515721
0.118998
0.329679
-0.535975
0.488160
-0.314051
0.136495
-0.022152
-0.021410
0.024068
-0.021698
0.026125
0.045567
-0.087649
0.074271
-0.047264
0.023415
-0.008195
0.001045
0.000969
0.000000
0.000000
0.000000
0.000000
0.000000
0.000000
0.000000
0.000000
0.000000
0.000000
0.000000
0.000000
0.000000
0.000000
0.000000
0.000000
0.000000
0.000000
0.000000
0.000000
0.000000
0.000000
0.000000
0.000000
0.000000
0.000000
0.000000
0.000000
0.000000
0.000000
0.000000
0.000000
0.000000
0.000000
0.000000
0.000000
0.000000
0.000000
0.000000
0.000000
0.000000
0.000000
0.000000
0.000000
0.000000
0.000000
0.000000
0.000000
0.000000
0.000000
0.000000
0.000000
0.000000
0.000000
0.000000
0.000000
0.000000
0.000000
0.000000
0.000000
0.000000
0.000000
0.000000
0.000000
0.000000
0.000000
0.000000
0.000000
0.000000
0.000000
0.000000
0.000000
0.000000
0.000000
0.000000
0.000000
0.000000
0.000000
0.000000
0.000000
0.000000
0.000000
0.000000
0.000000
0.000000
0.000000
0.000000
0.000000
0.000000
0.000000
0.000000
0.000000
0.000000
0.000000
0.000000
0.000000
0.000000
0.000000
0.000000
0.000000
0.000000
0.000000
0.000000
0.000000
0.000000
0.000000
0.000000
0.000000
0.000000
0.000000
0.000000
0.000000
0.000000
0.000000
0.000000
0.000000
0.000000
0.000000
0.000000
0.000000
0.000000
0.000000
0.000000
0.000000
0.000000
0.000000
0.000000
0.000000
0.000000
0.000000
0.000000
0.000000
0.000000
0.000000
0.000000
0.000000
0.000000
0.000000
0.000000
0.000000
0.000000
0.000000
0.000000
0.000000
0.000000
0.000000
0.000000
0.000000
0.000000
0.000000
0.000000
0.000000
0.000000
0.000000
0.000000
0.000000
0.000000
-0.000299
-0.001105
0.003316
-0.003470
-0.004276
0.028922
-0.081968
0.175764
-0.565717
0.914492
-1.182269
1.297235
-1.189703
0.841410
-0.337945
-0.115933
0.279639
-0.077826
-0.226334
0.221297
0.108624
-0.242836
-0.061337
0.201624
0.130479
-0.116585
-0.255284
-0.066213
0.201417
0.281909
0.166549
-0.060333
-0.241544
-0.342706
-0.370466
-0.302238
-0.215566
-0.163983
-0.130075
-0.137114
-0.194238
-0.270956
-0.370906
-0.482661
-0.514345
-0.370312
-0.045070
0.346309
0.557827
0.327989
-0.263477
-0.589213
-0.117204
0.562021
0.285406
-0.551524
-0.249368
0.622609
-0.078010
-0.602218
0.572783
-0.014557
-0.529720
0.720895
-0.561595
0.186385
0.154169
-0.478954
0.687725
-0.940962
2.013265
0.186310
0.297297
-0.414574
0.481327
-0.416281
0.299645
-0.029347
-0.256670
0.469234
-0.396155
-0.005826
0.444519
-0.361435
-0.174076
0.488229
0.026012
-0.499142
-0.049182
0.488097
0.262860
-0.307050
-0.498537
-0.204075
0.221137
0.467192
0.462433
0.280260
0.038421
-0.151833
-0.256451
-0.318877
-0.354851
-0.347263
-0.315452
-0.248138
-0.104803
0.069049
0.238607
0.385699
0.370926
0.135752
-0.201876
-0.386698
-0.143801
0.264351
0.282162
-0.136408
-0.309365
0.158377
0.265386
-0.287394
-0.093398
0.420398
-0.396103
0.058368
0.404283
-0.825295
1.112720
-1.242433
1.233710
-1.118666
0.926201
-0.681512
0.412783
-0.202452
0.138186
-0.078545
0.036706
-0.013007
0.002602
0.000398
-0.000628
0.000000
0.000000
0.000000
0.000000
0.000000
0.000000
0.000000
0.000000
0.000000
0.000000
0.000000
0.000000
0.000000
0.000000
0.000000
0.000000
0.000000
0.000000
0.000000
0.000000
0.000000
0.000000
0.000000
0.000000
0.000000
0.000000
0.000000
0.000000
0.000000
0.000000
0.000000
0.000000
0.000000
0.000000
0.000000
0.000000
0.000000
0.000000
0.000000
0.000000
0.000000
0.000000
0.000000
0.000000
0.000000
0.000000
0.000000
0.000000
0.000000
0.000000
0.000000
0.000000
0.000000
0.000000
0.000000
0.000000
0.000000
0.001891
-0.004603
0.010483
-0.022830
0.045129
-0.078862
0.118457
-0.122609
0.468834
-0.832519
1.169337
-1.411932
1.474177
-1.276675
0.801734
-0.165059
-0.358104
0.466106
-0.129709
-0.246575
0.198200
0.150565
-0.195284
-0.114710
0.121111
0.131184
0.017419
-0.111329
-0.122458
-0.057331
0.028171
0.111820
0.146489
0.170131
0.159697
0.094383
0.046142
0.019796
-0.003683
0.006604
0.045319
0.101965
0.208351
0.347944
0.429920
0.371944
0.140556
-0.220163
-0.507674
-0.404055
0.157347
0.613464
0.242908
-0.565280
-0.424758
0.591237
0.419392
-0.773946
-0.034673
0.910457
-0.816443
-0.087767
0.967854
-1.375380
1.037886
-0.286136
-0.630827
1.667445
-2.934873
5.283006
-18.477251
-10.611486
3.945009
-2.345255
1.553323
-1.008018
0.512667
-0.105301
-0.270395
0.311240
-0.196756
0.019498
0.086873
-0.074405
0.021677
-0.052806
-0.027273
0.129446
0.011256
-0.195314
-0.106598
0.166617
0.268448
0.093389
-0.169929
-0.314834
-0.291991
-0.154993
0.030057
0.191582
0.281371
0.326048
0.362896
0.374769
0.362475
0.333377
0.231615
0.056049
-0.140004
-0.351072
-0.459671
-0.307692
0.069526
0.435888
0.362971
-0.161995
-0.459248
-0.062602
0.469938
0.076593
-0.506076
0.138456
0.434036
-0.515721
0.118998
0.329679
-0.535975
0.488160
-0.314051
0.136495
-0.022152
-0.021410
0.024068
-0.021698
0.026125
0.045567
-0.087649
0.074271
-0.047264
0.023415
-0.008195
0.001045
0.000969
0.000000
0.000000
0.000000
0.000000
0.000000
0.000000
0.000000
0.000000
0.000000
0.000000
0.000000
0.000000
0.000000
0.000000
0.000000
0.000000
0.000000
0.000000
0.000000
0.000000
0.000000
0.000000
0.000000
0.000000
0.000000
0.000000
0.000000
0.000000
0.000000
0.000000
0.000000
0.000000
0.000000
0.000000
0.000000
0.000000
0.000000
0.000000
0.000000
0.000000
0.000000
0.000000
0.000000
0.000000
0.000000
0.000000
0.000000
0.000000
0.000000
0.000000
0.000000
0.000000
0.000000
0.000000
0.000000
0.000000
0.000000
0.000000
0.000000
0.000000
0.000000
0.000000
0.000000
0.000000
0.000000
0.000000
0.000000
0.000000
0.000000
0.000000
0.000000
0.000000
0.000000
0.000000
0.000000
0.000000
0.000000
0.000000
0.000000
0.000000
0.000000
0.000000
0.000000
0.000000
0.000000
0.000000
0.000000
0.000000
0.000000
0.000000
0.000000
0.000000
0.000000
0.000000
0.000000
0.000000
0.000000
0.000000
0.000000
0.000000
0.000000
0.000000
0.000000
0.000000
0.000000
0.000000
0.000000
0.000000
0.000000
0.000000
0.000000
0.000000
0.000000
0.000000
0.000000
0.000000
0.000000
0.000000
0.000000
0.000000
0.000000
0.000000
0.000000
0.000000
0.000000
0.000000
0.000000
0.000000
0.000000
0.000000
0.000000
0.000000
0.000000
0.000000
0.000000
0.000000
0.000000
0.000000
0.000000
0.000000
0.000000
0.000000
0.000000
0.000000
0.000000
0.000000
0.000000
0.000000
0.000000
0.000000
0.000000
0.000000
0.000000
0.000000
0.000000
0.000000
0.000000
0.002723
-0.008850
0.021100
-0.041341
0.068128
-0.092925
0.092709
0.014822
0.076172
-0.246183
0.469798
-0.722719
0.947985
-1.039200
0.868198
-0.383077
-0.253704
0.649300
-0.460088
-0.138018
0.430872
-0.034192
-0.371323
0.041128
0.331053
0.079757
-0.251771
-0.246786
0.028877
0.217457
0.224962
0.107106
-0.036375
-0.108674
-0.153669
-0.177550
-0.155006
-0.138057
-0.135436
-0.124802
-0.125140
-0.119579
-0.064908
0.022713
0.101758
0.151379
0.133743
0.005262
-0.179569
-0.228608
0.003520
0.300611
0.184783
-0.285658
-0.277803
0.346402
0.290960
-0.527175
-0.030279
0.676569
-0.687261
-0.006523
0.781665
-1.295798
1.088932
-0.456997
-0.492557
1.663762
-3.296973
6.461377
-25.912087
-13.710050
5.655599
-3.665332
2.688660
-1.903071
1.110834
-0.266834
-0.579707
0.889002
-0.687797
0.054957
0.536424
-0.460395
-0.124192
0.388497
-0.015690
-0.287367
-0.034809
0.179040
0.102258
-0.041926
-0.086093
-0.069748
-0.047697
-0.016809
0.020406
0.052697
0.094232
0.146452
0.174781
0.179120
0.197154
0.220375
0.233621
0.255848
0.243746
0.155110
0.030448
-0.139882
-0.312898
-0.317941
-0.093151
0.261290
0.383533
0.016181
-0.388822
-0.212598
0.377111
0.247719
-0.464284
-0.062302
0.515815
-0.345843
-0.172636
0.497221
-0.394536
-0.010018
0.470436
-0.805814
0.945979
-0.908832
0.758053
-0.561258
0.356132
-0.098058
-0.007351
0.036287
-0.033435
0.020591
-0.008719
0.001677
0.000782
0.000000
0.000000
0.000000
0.000000
0.000000
0.000000
0.000000
0.000000
0.000000
0.000000
0.000000
0.000000
0.000000
0.000000
0.000000
0.000000
0.000000
0.000000
0.000000
0.000000
0.000000
0.000000
0.000000
0.000000
0.000000
0.000000
0.000000
0.000000
0.000000
0.000000
0.000000
0.000000
0.000000
0.000000
0.000000
0.000000
0.000000
0.000000
0.000000
0.000000
0.000000
0.000000
0.000000
0.000000
0.000000
0.000000
0.000000
0.000000
0.000000
0.000000
0.000000
0.000000
0.000000
0.000000
0.000000
0.000000
0.000000
0.001891
-0.004603
0.010483
-0.022830
0.045129
-0.078862
0.118457
-0.122609
0.468834
-0.832519
1.169337
-1.411932
1.474177
-1.276675
0.801734
-0.165059
-0.358104
0.466106
-0.129709
-0.246575
0.198200
0.150565
-0.195284
-0.114710
0.121111
0.131184
0.017419
-0.111329
-0.122458
-0.057331
0.028171
0.111820
0.146489
0.170131
0.159697
0.094383
0.046142
0.019796
-0.003683
0.006604
0.045319
0.101965
0.208351
0.347944
0.429920
0.371944
0.140556
-0.220163
-0.507674
-0.404055
0.157347
0.613464
0.242908
-0.565280
-0.424758
0.591237
0.419392
-0.773946
-0.034673
0.910457
-0.816443
-0.087767
0.967854
-1.375380
1.037886
-0.286136
-0.630827
1.667445
-2.934873
5.283006
-18.477251
-10.611486
3.945009
-2.345255
1.553323
-1.008018
0.512667
-0.105301
-0.270395
0.311240
-0.196756
0.019498
0.086873
-0.074405
0.021677
-0.052806
-0.027273
0.129446
0.011256
-0.195314
-0.106598
0.166617
0.268448
0.093389
-0.169929
-0.314834
-0.291991
-0.154993
0.030057
0.191582
0.281371
0.326048
0.362896
0.374769
0.362475
0.333377
0.231615
0.056049
-0.140004
-0.351072
-0.459671
-0.307692
0.069526
0.435888
0.362971
-0.161995
-0.459248
-0.062602
0.469938
0.076593
-0.506076
0.138456
0.434036
-0.515721
0.118998
0.329679
-0.535975
0.488160
-0.314051
0.136495
-0.022152
-0.021410
0.024068
-0.021698
0.026125
0.045567
-0.087649
0.074271
-0.047264
0.023415
-0.008195
0.001045
0.000969
0.000000
0.000000
0.000000
0.000000
0.000000
0.000000
0.000000
0.000000
0.000000
0.000000
0.000000
0.000000
0.000000
0.000000
0.000000
0.000000
0.000000
0.000000
0.000000
0.000000
0.000000
0.000000
0.000000
0.000000
0.000000
0.000000
0.000000
0.000000
0.000000
0.000000
0.000000
0.000000
0.000000
0.000000
0.000000
0.000000
0.000000
0.000000
0.000000
0.000000
0.000000
0.000000
0.000000
0.000000
0.000000
0.000000
0.000000
0.000000
0.000000
0.000000
0.000000
0.000000
0.000000
0.000000
0.000000
0.000000
0.000000
0.000000
0.000000
0.000000
0.000000
0.000000
0.000000
0.000000
0.000000
0.000000
0.000000
0.000000
0.000000
0.000000
0.000000
0.000000
0.000000
0.000000
0.000000
0.000000
0.000000
0.000000
0.000000
0.000000
0.000000
0.000000
0.000000
0.000000
0.000000
0.000000
0.000000
0.000000
0.000000
0.000000
0.000000
0.000000
0.000000
0.000000
0.000000
0.000000
0.000000
0.000000
0.000000
0.000000
0.000000
0.000000
0.000000
0.000000
0.000000
0.000000
0.000000
0.000000
0.000000
0.000000
0.000000
0.000000
0.000000
0.000000
0.000000
0.000000
0.000000
0.000000
0.000000
0.000000
0.000000
0.000000
0.000000
0.000000
0.000000
0.000000
0.000000
0.000000
0.000000
0.000000
0.000000
0.000000
0.000000
0.000000
0.000000
0.000000
0.000000
0.000000
0.000000
0.000000
0.000000
0.000000
0.000000
0.000000
0.000000
0.000000
0.000000
0.000000
0.000000
0.000000
0.000000
0.000000
0.000000
0.000000
0.000000
0.000000
0.000000
-0.000100
0.002403
-0.006409
0.009530
-0.005711
-0.015301
0.068379
-0.177936
0.554552
-0.878407
1.113406
-1.191300
1.050749
-0.689086
0.210687
0.172084
-0.242451
-0.017347
0.293773
-0.201065
-0.171782
0.247848
0.115766
-0.207652
-0.179005
0.104895
0.292188
0.102386
-0.205650
-0.313784
-0.199523
0.044633
0.246877
0.358635
0.392992
0.328263
0.238286
0.184220
0.149925
0.155407
0.212580
0.288484
0.380421
0.479332
0.499430
0.348124
0.025466
-0.347079
-0.531507
-0.294480
0.262961
0.545151
0.090119
-0.520149
-0.244685
0.500749
0.206719
-0.545338
0.082445
0.503047
-0.472046
0.015515
0.415143
-0.530958
0.401981
-0.119398
-0.081971
0.235083
-0.204459
-0.006141
1.784900
1.823295
-1.126285
0.951834
-0.875427
0.695231
-0.462470
0.068458
0.341643
-0.599545
0.496971
-0.002229
-0.523148
0.428919
0.192279
-0.545175
-0.023714
0.541264
0.054284
-0.514341
-0.277850
0.313194
0.511156
0.214298
-0.214145
-0.464727
-0.465424
-0.287985
-0.052231
0.130367
0.230832
0.292622
0.325954
0.314962
0.281207
0.210637
0.069074
-0.091785
-0.243070
-0.365196
-0.325062
-0.089148
0.215531
0.348398
0.087583
-0.266723
-0.225169
0.167570
0.254089
-0.194688
-0.197332
0.296526
0.017791
-0.369705
0.421408
-0.131251
-0.346452
0.826763
-1.181676
1.360548
-1.372371
1.251881
-1.037315
0.763780
-0.464984
0.216825
-0.137108
0.073226
-0.031806
0.009989
-0.001324
-0.000643
0.000514
0.000000
0.000000
0.000000
0.000000
0.000000
0.000000
0.000000
0.000000
0.000000
0.000000
0.000000
0.000000
0.000000
0.000000
0.000000
0.000000
0.000000
0.000000
0.000000
0.000000
0.000000
0.000000
0.000000
0.000000
0.000000
0.000000
0.000000
0.000000
0.000000
0.000000
0.000000
0.000000
0.000000
0.000000
0.000000
0.000000
0.000000
0.000000
0.000000
0.000000
0.000000
0.000000
0.000000
0.000000
0.000000
0.000000
0.000000
0.000000
0.000000
0.000000
0.000000
0.000000
0.000000
0.000000
0.000000
0.000000
0.000000
0.001891
-0.004603
0.010483
-0.022830
0.045129
-0.078862
0.118457
-0.122609
0.468834
-0.832519
1.169337
-1.411932
1.474177
-1.276675
0.801734
-0.165059
-0.358104
0.466106
-0.129709
-0.246575
0.198200
0.150565
-0.195284
-0.114710
0.121111
0.131184
0.017419
-0.111329
-0.122458
-0.057331
0.028171
0.111820
0.146489
0.170131
0.159697
0.094383
0.046142
0.019796
-0.003683
0.006604
0.045319
0.101965
0.208351
0.347944
0.429920
0.371944
0.140556
-0.220163
-0.507674
-0.404055
0.157347
0.613464
0.242908
-0.565280
-0.424758
0.591237
0.419392
-0.773946
-0.034673
0.910457
-0.816443
-0.087767
0.967854
-1.375380
1.037886
-0.286136
-0.630827
1.667445
-2.934873
5.283006
-18.477251
-10.611486
3.945009
-2.345255
1.553323
-1.008018
0.512667
-0.105301
-0.270395
0.311240
-0.196756
0.019498
0.086873
-0.074405
0.021677
-0.052806
-0.027273
0.129446
0.011256
-0.195314
-0.106598
0.166617
0.268448
0.093389
-0.169929
-0.314834
-0.291991
-0.154993
0.030057
0.191582
0.281371
0.326048
0.362896
0.374769
0.362475
0.333377
0.231615
0.056049
-0.140004
-0.351072
-0.459671
-0.307692
0.069526
0.435888
0.362971
-0.161995
-0.459248
-0.062602
0.469938
0.076593
-0.506076
0.138456
0.434036
-0.515721
0.118998
0.329679
-0.535975
0.488160
-0.314051
0.136495
-0.022152
-0.021410
0.024068
-0.021698
0.026125
0.045567
-0.087649
0.074271
-0.047264
0.023415
-0.008195
0.001045
0.000969
0.000000
0.000000
0.000000
0.000000
0.000000
0.000000
0.000000
0.000000
0.000000
0.000000
0.000000
0.000000
0.000000
0.000000
0.000000
0.000000
0.000000
0.000000
0.000000
0.000000
0.000000
0.000000
0.000000
0.000000
0.000000
0.000000
0.000000
0.000000
0.000000
0.000000
0.000000
0.000000
0.000000
0.000000
0.000000
0.000000
0.000000
0.000000
0.000000
0.000000
0.000000
0.000000
0.000000
0.000000
0.000000
0.000000
0.000000
0.000000
0.000000
0.000000
0.000000
0.000000
0.000000
0.000000
0.000000
0.000000
0.000000
0.000000
0.000000
0.000000
0.000000
0.000000
0.000000
0.000000
0.000000
0.000000
0.000000
0.000000
0.000000
0.000000
0.000000
0.000000
0.000000
0.000000
0.000000
0.000000
0.000000
0.000000
0.000000
0.000000
0.000000
0.000000
0.000000
0.000000
0.000000
0.000000
0.000000
0.000000
0.000000
0.000000
0.000000
0.000000
0.000000
0.000000
0.000000
0.000000
0.000000
0.000000
0.000000
0.000000
0.000000
0.000000
0.000000
0.000000
0.000000
0.000000
0.000000
0.000000
0.000000
0.000000
0.000000
0.000000
0.000000
0.000000
0.000000
0.000000
0.000000
0.000000
0.000000
0.000000
0.000000
0.000000
0.000000
0.000000
0.000000
0.000000
0.000000
0.000000
0.000000
0.000000
0.000000
0.000000
0.000000
0.000000
0.000000
0.000000
0.000000
0.000000
0.000000
0.000000
0.000000
0.000000
0.000000
0.000000
0.000000
0.000000
0.000000
0.000000
0.000000
0.000000
0.000000
0.000000
0.000000
0.000000
0.000000
0.000000
0.000000
-0.002709
0.008498
-0.020161
0.039944
-0.067291
0.095168
-0.102732
0.011260
-0.157458
0.374939
-0.633000
0.897339
-1.102003
1.140206
-0.899080
0.357853
0.289242
-0.646757
0.417027
0.167490
-0.405693
-0.002138
0.354354
-0.010691
-0.304815
-0.095133
0.208944
0.231778
0.001267
-0.171464
-0.195716
-0.113648
0.000188
0.056105
0.096065
0.129434
0.120078
0.111053
0.113460
0.102022
0.093979
0.077293
0.009145
-0.092974
-0.174965
-0.202407
-0.137477
0.045612
0.257476
0.271772
-0.042065
-0.380519
-0.197994
0.361901
0.313668
-0.419801
-0.321262
0.607109
0.018194
-0.750307
0.756451
0.004249
-0.842517
1.373625
-1.147855
0.474500
0.504571
-1.698219
3.326943
-6.460478
25.650458
13.442794
-5.490510
3.525814
-2.560340
1.801165
-1.043046
0.256800
0.529630
-0.801124
0.614953
-0.054631
-0.459743
0.397524
0.096010
-0.308586
0.019166
0.208029
0.026852
-0.103650
-0.061531
-0.003982
0.011168
0.038335
0.079087
0.084928
0.047817
-0.010484
-0.086576
-0.165561
-0.208617
-0.222012
-0.244933
-0.266542
-0.274841
-0.286722
-0.253870
-0.141656
0.005181
0.193412
0.360544
0.331008
0.061559
-0.312358
-0.396371
0.022915
0.421828
0.188036
-0.414356
-0.219181
0.493209
0.018838
-0.518423
0.400035
0.110865
-0.477981
0.445317
-0.111168
-0.297227
0.606386
-0.744818
0.725332
-0.606005
0.449304
-0.287975
0.066276
0.027448
-0.047021
0.038097
-0.022055
0.008914
-0.001583
-0.000858
0.000000
0.000000
0.000000
0.000000
0.000000
0.000000
0.000000
0.000000
0.000000
0.000000
0.000000
0.000000
0.000000
0.000000
0.000000
0.000000
0.000000
0.000000
0.000000
0.000000
0.000000
0.000000
0.000000
0.000000
0.000000
0.000000
0.000000
0.000000
0.000000
0.000000
0.000000
0.000000
0.000000
0.000000
0.000000
0.000000
0.000000
0.000000
0.000000
0.000000
0.000000
0.000000
0.000000
0.000000
0.000000
0.000000
0.000000
0.000000
0.000000
0.000000
0.000000
0.000000
0.000000
0.000000
0.000000
0.000000
0.000000
0.001891
-0.004603
0.010483
-0.022830
0.045129
-0.078862
0.118457
-0.122609
0.468834
-0.832519
1.169337
-1.411932
1.474177
-1.276675
0.801734
-0.165059
-0.358104
0.466106
-0.129709
-0.246575
0.198200
0.150565
-0.195284
-0.114710
0.121111
0.131184
0.017419
-0.111329
-0.122458
-0.057331
0.028171
0.111820
0.146489
0.170131
0.159697
0.094383
0.046142
0.019796
-0.003683
0.006604
0.045319
0.101965
0.208351
0.347944
0.429920
0.371944
0.140556
-0.220163
-0.507674
-0.404055
0.157347
0.613464
0.242908
-0.565280
-0.424758
0.591237
0.419392
-0.773946
-0.034673
0.910457
-0.816443
-0.087767
0.967854
-1.375380
1.037886
-0.286136
-0.630827
1.667445
-2.934873
5.283006
-18.477251
-10.611486
3.945009
-2.345255
1.553323
-1.008018
0.512667
-0.105301
-0.270395
0.311240
-0.196756
0.019498
0.086873
-0.074405
0.021677
-0.052806
-0.027273
0.129446
0.011256
-0.195314
-0.106598
0.166617
0.268448
0.093389
-0.169929
-0.314834
-0.291991
-0.154993
0.030057
0.191582
0.281371
0.326048
0.362896
0.374769
0.362475
0.333377
0.231615
0.056049
-0.140004
-0.351072
-0.459671
-0.307692
0.069526
0.435888
0.362971
-0.161995
-0.459248
-0.062602
0.469938
0.076593
-0.506076
0.138456
0.434036
-0.515721
0.118998
0.329679
-0.535975
0.488160
-0.314051
0.136495
-0.022152
-0.021410
0.024068
-0.021698
0.026125
0.045567
-0.087649
0.074271
-0.047264
0.023415
-0.008195
0.001045
0.000969
0.000000
0.000000
0.000000
0.000000
0.000000
0.000000
0.000000
0.000000
0.000000
0.000000
0.000000
0.000000
0.000000
0.000000
0.000000
0.000000
0.000000
0.000000
0.000000
0.000000
0.000000
0.000000
0.000000
0.000000
0.000000
0.000000
0.000000
0.000000
0.000000
0.000000
0.000000
0.000000
0.000000
0.000000
0.000000
0.000000
0.000000
0.000000
0.000000
0.000000
0.000000
0.000000
0.000000
0.000000
0.000000
0.000000
0.000000
0.000000
0.000000
0.000000
0.000000
0.000000
0.000000
0.000000
0.000000
0.000000
0.000000
0.000000
0.000000
0.000000
0.000000
0.000000
0.000000
0.000000
0.000000
0.000000
0.000000
0.000000
0.000000
0.000000
0.000000
0.000000
0.000000
0.000000
0.000000
0.000000
0.000000
0.000000
0.000000
0.000000
0.000000
0.000000
0.000000
0.000000
0.000000
0.000000
0.000000
0.000000
0.000000
0.000000
0.000000
0.000000
0.000000
0.000000
0.000000
0.000000
0.000000
0.000000
0.000000
0.000000
0.000000
0.000000
0.000000
0.000000
0.000000
0.000000
0.000000
0.000000
0.000000
0.000000
0.000000
0.000000
0.000000
0.000000
0.000000
0.000000
0.000000
0.000000
0.000000
0.000000
0.000000
0.000000
0.000000
0.000000
0.000000
0.000000
0.000000
0.000000
0.000000
0.000000
0.000000
0.000000
0.000000
0.000000
0.000000
0.000000
0.000000
0.000000
0.000000
0.000000
0.000000
0.000000
0.000000
0.000000
0.000000
0.000000
0.000000
0.000000
0.000000
0.000000
0.000000
0.000000
0.000000
0.000000
0.000000
0.000000
0.000000
0.000497
-0.003648
0.009364
-0.015385
0.015574
0.001352
-0.053321
0.176286
-0.531472
0.823448
-1.020622
1.059768
-0.889218
0.521955
-0.078900
-0.224538
0.200054
0.112148
-0.354900
0.176515
0.231248
-0.247535
-0.167707
0.209220
0.223684
-0.090951
-0.322815
-0.136360
0.205465
0.338916
0.228210
-0.027975
-0.246903
-0.366860
-0.407073
-0.347235
-0.255887
-0.200497
-0.166560
-0.170361
-0.226356
-0.299813
-0.381762
-0.465704
-0.473783
-0.318456
-0.005314
0.340394
0.493765
0.254643
-0.256795
-0.489375
-0.061096
0.467101
0.198709
-0.439217
-0.159628
0.456348
-0.085114
-0.393068
0.361166
-0.016138
-0.291649
0.329614
-0.233729
0.049846
0.008009
0.013841
-0.283202
0.953111
-5.544715
-3.793726
1.931080
-1.468644
1.250718
-0.959244
0.615359
-0.106099
-0.419275
0.716973
-0.587109
0.010238
0.590537
-0.487188
-0.206352
0.590408
0.020905
-0.571756
-0.058220
0.529534
0.286868
-0.312612
-0.512795
-0.219918
0.202553
0.452279
0.458416
0.289523
0.064921
-0.106098
-0.200253
-0.260080
-0.290051
-0.275892
-0.240922
-0.168607
-0.031863
0.112549
0.242311
0.336845
0.272214
0.040629
-0.224553
-0.302613
-0.029483
0.263363
0.163338
-0.195132
-0.193353
0.226816
0.125038
-0.299287
0.058199
0.311068
-0.437659
0.201313
0.281178
-0.810468
1.225243
-1.449431
1.481545
-1.358200
1.126143
-0.829639
0.507195
-0.226540
0.133085
-0.066334
0.026221
-0.006756
0.000018
0.000875
-0.000388
0.000000
0.000000
0.000000
0.000000
0.000000
0.000000
0.000000
0.000000
0.000000
0.000000
0.000000
0.000000
0.000000
0.000000
0.000000
0.000000
0.000000
0.000000
0.000000
0.000000
0.000000
0.000000
0.000000
0.000000
0.000000
0.000000
0.000000
0.000000
0.000000
0.000000
0.000000
0.000000
0.000000
0.000000
0.000000
0.000000
0.000000
0.000000
0.000000
0.000000
0.000000
0.000000
0.000000
0.000000
0.000000
0.000000
0.000000
0.000000
0.000000
0.000000
0.000000
0.000000
0.000000
0.000000
0.000000
0.000000
0.000000
0.001891
-0.004603
0.010483
-0.022830
0.045129
-0.078862
0.118457
-0.122609
0.468834
-0.832519
1.169337
-1.411932
1.474177
-1.276675
0.801734
-0.165059
-0.358104
0.466106
-0.129709
-0.246575
0.198200
0.150565
-0.195284
-0.114710
0.121111
0.131184
0.017419
-0.111329
-0.122458
-0.057331
0.028171
0.111820
0.146489
0.170131
0.159697
0.094383
0.046142
0.019796
-0.003683
0.006604
0.045319
0.101965
0.208351
0.347944
0.429920
0.371944
0.140556
-0.220163
-0.507674
-0.404055
0.157347
0.613464
0.242908
-0.565280
-0.424758
0.591237
0.419392
-0.773946
-0.034673
0.910457
-0.816443
-0.087767
0.967854
-1.375380
1.037886
-0.286136
-0.630827
1.667445
-2.934873
5.283006
-18.477251
-10.611486
3.945009
-2.345255
1.553323
-1.008018
0.512667
-0.105301
-0.270395
0.311240
-0.196756
0.019498
0.086873
-0.074405
0.021677
-0.052806
-0.027273
0.129446
0.011256
-0.195314
-0.106598
0.166617
0.268448
0.093389
-0.169929
-0.314834
-0.291991
-0.154993
0.030057
0.191582
0.281371
0.326048
0.362896
0.374769
0.362475
0.333377
0.231615
0.056049
-0.140004
-0.351072
-0.459671
-0.307692
0.069526
0.435888
0.362971
-0.161995
-0.459248
-0.062602
0.469938
0.076593
-0.506076
0.138456
0.434036
-0.515721
0.118998
0.329679
-0.535975
0.488160
-0.314051
0.136495
-0.022152
-0.021410
0.024068
-0.021698
0.026125
0.045567
-0.087649
0.074271
-0.047264
0.023415
-0.008195
0.001045
0.000969
0.000000
0.000000
0.000000
0.000000
0.000000
0.000000
0.000000
0.000000
0.000000
0.000000
0.000000
0.000000
0.000000
0.000000
0.000000
0.000000
0.000000
0.000000
0.000000
0.000000
0.000000
0.000000
0.000000
0.000000
0.000000
0.000000
0.000000
0.000000
0.000000
0.000000
0.000000
0.000000
0.000000
0.000000
0.000000
0.000000
0.000000
0.000000
0.000000
0.000000
0.000000
0.000000
0.000000
0.000000
0.000000
0.000000
0.000000
0.000000
0.000000
0.000000
0.000000
0.000000
0.000000
0.000000
0.000000
0.000000
0.000000
0.000000
0.000000
0.000000
0.000000
0.000000
0.000000
0.000000
0.000000
0.000000
0.000000
0.000000
0.000000
0.000000
0.000000
0.000000
0.000000
0.000000
0.000000
0.000000
0.000000
0.000000
0.000000
0.000000
0.000000
0.000000
0.000000
0.000000
0.000000
0.000000
0.000000
0.000000
0.000000
0.000000
0.000000
0.000000
0.000000
0.000000
0.000000
0.000000
0.000000
0.000000
0.000000
0.000000
0.000000
0.000000
0.000000
0.000000
0.000000
0.000000
0.000000
0.000000
0.000000
0.000000
0.000000
0.000000
0.000000
0.000000
0.000000
0.000000
0.000000
0.000000
0.000000
0.000000
0.000000
0.000000
0.000000
0.000000
0.000000
0.000000
0.000000
0.000000
0.000000
0.000000
0.000000
0.000000
0.000000
0.000000
0.000000
0.000000
0.000000
0.000000
0.000000
0.000000
0.000000
0.000000
0.000000
0.000000
0.000000
0.000000
0.000000
0.000000
0.000000
0.000000
0.000000
0.000000
0.000000
0.000000
0.000000
0.000000
0.000000
0.002636
-0.007963
0.018788
-0.037689
0.065008
-0.095366
0.110547
-0.037100
0.235361
-0.495639
0.782601
-1.052678
1.232344
-1.216713
0.910646
-0.324941
-0.318566
0.630318
-0.365005
-0.193364
0.371797
0.038421
-0.329772
-0.019976
0.272027
0.108464
-0.161626
-0.211791
-0.031384
0.121786
0.162264
0.117749
0.036002
-0.002332
-0.036398
-0.078536
-0.082571
-0.081664
-0.089045
-0.077050
-0.060800
-0.033346
0.046814
0.161235
0.244412
0.249086
0.138256
-0.095508
-0.329853
-0.309097
0.079705
0.452249
0.206948
-0.430368
-0.342796
0.484180
0.344661
-0.674001
-0.005719
0.807921
-0.809392
-0.001883
0.885267
-1.421941
1.182114
-0.481805
-0.505746
1.696190
-3.285432
6.320771
-24.837720
-12.886715
5.207455
-3.310543
2.377013
-1.660560
0.952847
-0.241246
-0.468174
0.696030
-0.528895
0.053130
0.373183
-0.326114
-0.065761
0.222045
-0.022229
-0.124221
-0.018318
0.026032
0.019483
0.049804
0.063997
-0.006102
-0.108778
-0.151223
-0.115010
-0.031954
0.077060
0.181113
0.237969
0.260135
0.287448
0.306983
0.310153
0.311437
0.258539
0.125159
-0.040698
-0.242788
-0.400447
-0.336961
-0.028644
0.356715
0.400693
-0.061520
-0.445769
-0.159434
0.442697
0.185936
-0.511537
0.025031
0.509892
-0.445631
-0.046714
0.448474
-0.486533
0.229966
0.117632
-0.393930
0.527656
-0.526249
0.440936
-0.327697
0.213631
-0.033070
-0.046956
0.056744
-0.041941
0.023045
-0.008916
0.001455
0.000914
0.000000
0.000000
0.000000
0.000000
0.000000
0.000000
0.000000
0.000000
0.000000
0.000000
0.000000
0.000000
0.000000
0.000000
0.000000
0.000000
0.000000
0.000000
0.000000
0.000000
0.000000
0.000000
0.000000
0.000000
0.000000
0.000000
0.000000
0.000000
0.000000
0.000000
0.000000
0.000000
0.000000
0.000000
0.000000
0.000000
0.000000
0.000000
0.000000
0.000000
0.000000
0.000000
0.000000
0.000000
0.000000
0.000000
0.000000
0.000000
0.000000
0.000000
0.000000
0.000000
0.000000
0.000000
0.000000
0.000000
0.000000
0.001891
-0.004603
0.010483
-0.022830
0.045129
-0.078862
0.118457
-0.122609
0.468834
-0.832519
1.169337
-1.411932
1.474177
-1.276675
0.801734
-0.165059
-0.358104
0.466106
-0.129709
-0.246575
0.198200
0.150565
-0.195284
-0.114710
0.121111
0.131184
0.017419
-0.111329
-0.122458
-0.057331
0.028171
0.111820
0.146489
0.170131
0.159697
0.094383
0.046142
0.019796
-0.003683
0.006604
0.045319
0.101965
0.208351
0.347944
0.429920
0.371944
0.140556
-0.220163
-0.507674
-0.404055
0.157347
0.613464
0.242908
-0.565280
-0.424758
0.591237
0.419392
-0.773946
-0.034673
0.910457
-0.816443
-0.087767
0.967854
-1.375380
1.037886
-0.286136
-0.630827
1.667445
-2.934873
5.283006
-18.477251
-10.611486
3.945009
-2.345255
1.553323
-1.008018
0.512667
-0.105301
-0.270395
0.311240
-0.196756
0.019498
0.086873
-0.074405
0.021677
-0.052806
-0.027273
0.129446
0.011256
-0.195314
-0.106598
0.166617
0.268448
0.093389
-0.169929
-0.314834
-0.291991
-0.154993
0.030057
0.191582
0.281371
0.326048
0.362896
0.374769
0.362475
0.333377
0.231615
0.056049
-0.140004
-0.351072
-0.459671
-0.307692
0.069526
0.435888
0.362971
-0.161995
-0.459248
-0.062602
0.469938
0.076593
-0.506076
0.138456
0.434036
-0.515721
0.118998
0.329679
-0.535975
0.488160
-0.314051
0.136495
-0.022152
-0.021410
0.024068
-0.021698
0.026125
0.045567
-0.087649
0.074271
-0.047264
0.023415
-0.008195
0.001045
0.000969
0.000000
0.000000
0.000000
0.000000
0.000000
0.000000
0.000000
0.000000
0.000000
0.000000
0.000000
0.000000
0.000000
0.000000
0.000000
0.000000
0.000000
0.000000
0.000000
0.000000
0.000000
0.000000
0.000000
0.000000
0.000000
0.000000
0.000000
0.000000
0.000000
0.000000
0.000000
0.000000
0.000000
0.000000
0.000000
0.000000
0.000000
0.000000
0.000000
0.000000
0.000000
0.000000
0.000000
0.000000
0.000000
0.000000
0.000000
0.000000
0.000000
0.000000
0.000000
0.000000
0.000000
0.000000
0.000000
0.000000
0.000000
0.000000
0.000000
0.000000
0.000000
0.000000
0.000000
0.000000
0.000000
0.000000
0.000000
0.000000
0.000000
0.000000
0.000000
0.000000
0.000000
0.000000
0.000000
0.000000
0.000000
0.000000
0.000000
0.000000
0.000000
0.000000
0.000000
0.000000
0.000000
0.000000
0.000000
0.000000
0.000000
0.000000
0.000000
0.000000
0.000000
0.000000
0.000000
0.000000
0.000000
0.000000
0.000000
0.000000
0.000000
0.000000
0.000000
0.000000
0.000000
0.000000
0.000000
0.000000
0.000000
0.000000
0.000000
0.000000
0.000000
0.000000
0.000000
0.000000
0.000000
0.000000
0.000000
0.000000
0.000000
0.000000
0.000000
0.000000
0.000000
0.000000
0.000000
0.000000
0.000000
0.000000
0.000000
0.000000
0.000000
0.000000
0.000000
0.000000
0.000000
0.000000
0.000000
0.000000
0.000000
0.000000
0.000000
0.000000
0.000000
0.000000
0.000000
0.000000
0.000000
0.000000
0.000000
0.000000
0.000000
0.000000
0.000000
0.000000
0.000000
-0.000883
0.004816
-0.012118
0.020910
-0.025103
0.012627
0.037117
-0.170848
0.496973
-0.750798
0.905909
-0.905468
0.708583
-0.343611
-0.054581
0.272167
-0.153359
-0.204540
0.408402
-0.148172
-0.285745
0.241903
0.216045
-0.206292
-0.263557
0.075051
0.346506
0.167404
-0.200864
-0.356769
-0.251995
0.010716
0.241626
0.367201
0.412408
0.358748
0.267990
0.212468
0.179609
0.181656
0.235268
0.304701
0.374900
0.442071
0.437959
0.281945
-0.014950
-0.326393
-0.445415
-0.209337
0.245111
0.423085
0.030762
-0.404018
-0.148463
0.368247
0.109110
-0.357553
0.085951
0.274644
-0.242525
0.016413
0.161886
-0.121187
0.060456
0.020776
0.066120
-0.262469
0.764777
-1.879600
9.185399
5.682645
-2.694382
1.953898
-1.599139
1.202648
-0.755026
0.141461
0.487899
-0.818996
0.664634
-0.018026
-0.645238
0.534988
0.215992
-0.622955
-0.017646
0.589964
0.060906
-0.533349
-0.289724
0.305312
0.503413
0.220813
-0.186607
-0.430112
-0.441557
-0.284838
-0.076217
0.079551
0.165372
0.221950
0.247919
0.230894
0.195461
0.122958
-0.006034
-0.130895
-0.236345
-0.301258
-0.213516
0.008762
0.228751
0.250327
-0.029250
-0.254345
-0.097998
0.218502
0.128462
-0.254069
-0.050057
0.295617
-0.132939
-0.245748
0.444506
-0.267049
-0.209863
0.776760
-1.242485
1.507173
-1.558889
1.435337
-1.190775
0.877672
-0.538509
0.231387
-0.126202
0.058016
-0.020074
0.003378
0.001289
-0.001089
0.000254
0.000000
0.000000
0.000000
0.000000
0.000000
0.000000
0.000000
0.000000
0.000000
0.000000
0.000000
0.000000
0.000000
0.000000
0.000000
0.000000
0.000000
0.000000
0.000000
0.000000
0.000000
0.000000
0.000000
0.000000
0.000000
0.000000
0.000000
0.000000
0.000000
0.000000
0.000000
0.000000
0.000000
0.000000
0.000000
0.000000
0.000000
0.000000
0.000000
0.000000
0.000000
0.000000
0.000000
0.000000
0.000000
0.000000
0.000000
0.000000
0.000000
0.000000
0.000000
0.000000
0.000000
0.000000
0.000000
0.000000
0.000000
0.001891
-0.004603
0.010483
-0.022830
0.045129
-0.078862
0.118457
-0.122609
0.468834
-0.832519
1.169337
-1.411932
1.474177
-1.276675
0.801734
-0.165059
-0.358104
0.466106
-0.129709
-0.246575
0.198200
0.150565
-0.195284
-0.114710
0.121111
0.131184
0.017419
-0.111329
-0.122458
-0.057331
0.028171
0.111820
0.146489
0.170131
0.159697
0.094383
0.046142
0.019796
-0.003683
0.006604
0.045319
0.101965
0.208351
0.347944
0.429920
0.371944
0.140556
-0.220163
-0.507674
-0.404055
0.157347
0.613464
0.242908
-0.565280
-0.424758
0.591237
0.419392
-0.773946
-0.034673
0.910457
-0.816443
-0.087767
0.967854
-1.375380
1.037886
-0.286136
-0.630827
1.667445
-2.934873
5.283006
-18.477251
-10.611486
3.945009
-2.345255
1.553323
-1.008018
0.512667
-0.105301
-0.270395
0.311240
-0.196756
0.019498
0.086873
-0.074405
0.021677
-0.052806
-0.027273
0.129446
0.011256
-0.195314
-0.106598
0.166617
0.268448
0.093389
-0.169929
-0.314834
-0.291991
-0.154993
0.030057
0.191582
0.281371
0.326048
0.362896
0.374769
0.362475
0.333377
0.231615
0.056049
-0.140004
-0.351072
-0.459671
-0.307692
0.069526
0.435888
0.362971
-0.161995
-0.459248
-0.062602
0.469938
0.076593
-0.506076
0.138456
0.434036
-0.515721
0.118998
0.329679
-0.535975
0.488160
-0.314051
0.136495
-0.022152
-0.021410
0.024068
-0.021698
0.026125
0.045567
-0.087649
0.074271
-0.047264
0.023415
-0.008195
0.001045
0.000969
0.000000
0.000000
0.000000
0.000000
0.000000
0.000000
0.000000
0.000000
0.000000
0.000000
0.000000
0.000000
0.000000
0.000000
0.000000
0.000000
0.000000
0.000000
0.000000
0.000000
0.000000
0.000000
0.000000
0.000000
0.000000
0.000000
0.000000
0.000000
0.000000
0.000000
0.000000
0.000000
0.000000
0.000000
0.000000
0.000000
0.000000
0.000000
0.000000
0.000000
0.000000
0.000000
0.000000
0.000000
0.000000
0.000000
0.000000
0.000000
0.000000
0.000000
0.000000
0.000000
0.000000
0.000000
0.000000
0.000000
0.000000
0.000000
0.000000
0.000000
0.000000
0.000000
0.000000
0.000000
0.000000
0.000000
0.000000
0.000000
0.000000
0.000000
0.000000
0.000000
0.000000
0.000000
0.000000
0.000000
0.000000
0.000000
0.000000
0.000000
0.000000
0.000000
0.000000
0.000000
0.000000
0.000000
0.000000
0.000000
0.000000
0.000000
0.000000
0.000000
0.000000
0.000000
0.000000
0.000000
0.000000
0.000000
0.000000
0.000000
0.000000
0.000000
0.000000
0.000000
0.000000
0.000000
0.000000
0.000000
0.000000
0.000000
0.000000
0.000000
0.000000
0.000000
0.000000
0.000000
0.000000
0.000000
0.000000
0.000000
0.000000
0.000000
0.000000
0.000000
0.000000
0.000000
0.000000
0.000000
0.000000
0.000000
0.000000
0.000000
0.000000
0.000000
0.000000
0.000000
0.000000
0.000000
0.000000
0.000000
0.000000
0.000000
0.000000
0.000000
0.000000
0.000000
0.000000
0.000000
0.000000
0.000000
0.000000
0.000000
0.000000
0.000000
0.000000
0.000000
0.000000
-0.002506
0.007258
-0.017012
0.034624
-0.061329
0.093515
-0.115988
0.062142
-0.308206
0.605690
-0.915389
1.185401
-1.336207
1.267080
-0.902645
0.285047
0.341045
-0.600338
0.305143
0.215082
-0.329913
-0.073879
0.298105
0.050215
-0.233397
-0.119465
0.110835
0.187253
0.060825
-0.069491
-0.125327
-0.119318
-0.071421
-0.051492
-0.024053
0.025951
0.043288
0.050520
0.062720
0.050424
0.026316
-0.011317
-0.101767
-0.226034
-0.308607
-0.290413
-0.136065
0.143351
0.395141
0.339782
-0.115633
-0.514266
-0.211457
0.489588
0.364556
-0.538157
-0.360653
0.726411
-0.006880
-0.848177
0.844941
-0.000523
-0.908996
1.439704
-1.190976
0.478760
0.496053
-1.657718
3.173331
-6.045261
23.491335
12.053758
-4.812515
3.024142
-2.142612
1.484277
-0.842176
0.220512
0.396657
-0.575984
0.431474
-0.050489
-0.278605
0.247694
0.034102
-0.130732
0.024815
0.037746
0.009391
0.052148
0.022985
-0.094555
-0.137787
-0.026265
0.136131
0.214269
0.179733
0.073705
-0.065888
-0.192773
-0.262209
-0.292667
-0.323787
-0.340826
-0.338804
-0.329459
-0.257656
-0.105973
0.075342
0.286944
0.431742
0.335680
-0.004886
-0.393408
-0.396404
0.098801
0.460133
0.127406
-0.461526
-0.148694
0.518873
-0.068362
-0.490406
0.481652
-0.018441
-0.409329
0.517293
-0.343821
0.064489
0.173011
-0.299155
0.315859
-0.266393
0.199048
-0.134697
-0.000846
0.065454
-0.065248
0.044883
-0.023540
0.008727
-0.001295
-0.000952
0.000000
0.000000
0.000000
0.000000
0.000000
0.000000
0.000000
0.000000
0.000000
0.000000
0.000000
0.000000
0.000000
0.000000
0.000000
0.000000
0.000000
0.000000
0.000000
0.000000
0.000000
0.000000
0.000000
0.000000
0.000000
0.000000
0.000000
0.000000
0.000000
0.000000
0.000000
0.000000
0.000000
0.000000
0.000000
0.000000
0.000000
0.000000
0.000000
0.000000
0.000000
0.000000
0.000000
0.000000
0.000000
0.000000
0.000000
0.000000
0.000000
0.000000
0.000000
0.000000
0.000000
0.000000
0.000000
0.000000
0.000000
0.001891
-0.004603
0.010483
-0.022830
0.045129
-0.078862
0.118457
-0.122609
0.468834
-0.832519
1.169337
-1.411932
1.474177
-1.276675
0.801734
-0.165059
-0.358104
0.466106
-0.129709
-0.246575
0.198200
0.150565
-0.195284
-0.114710
0.121111
0.131184
0.017419
-0.111329
-0.122458
-0.057331
0.028171
0.111820
0.146489
0.170131
0.159697
0.094383
0.046142
0.019796
-0.003683
0.006604
0.045319
0.101965
0.208351
0.347944
0.429920
0.371944
0.140556
-0.220163
-0.507674
-0.404055
0.157347
0.613464
0.242908
-0.565280
-0.424758
0.591237
0.419392
-0.773946
-0.034673
0.910457
-0.816443
-0.087767
0.967854
-1.375380
1.037886
-0.286136
-0.630827
1.667445
-2.934873
5.283006
-18.477251
-10.611486
3.945009
-2.345255
1.553323
-1.008018
0.512667
-0.105301
-0.270395
0.311240
-0.196756
0.019498
0.086873
-0.074405
0.021677
-0.052806
-0.027273
0.129446
0.011256
-0.195314
-0.106598
0.166617
0.268448
0.093389
-0.169929
-0.314834
-0.291991
-0.154993
0.030057
0.191582
0.281371
0.326048
0.362896
0.374769
0.362475
0.333377
0.231615
0.056049
-0.140004
-0.351072
-0.459671
-0.307692
0.069526
0.435888
0.362971
-0.161995
-0.459248
-0.062602
0.469938
0.076593
-0.506076
0.138456
0.434036
-0.515721
0.118998
0.329679
-0.535975
0.488160
-0.314051
0.136495
-0.022152
-0.021410
0.024068
-0.021698
0.026125
0.045567
-0.087649
0.074271
-0.047264
0.023415
-0.008195
0.001045
0.000969
0.000000
0.000000
0.000000
0.000000
0.000000
0.000000
0.000000
0.000000
0.000000
0.000000
0.000000
0.000000
0.000000
0.000000
0.000000
0.000000
0.000000
0.000000
0.000000
0.000000
0.000000
0.000000
0.000000
0.000000
0.000000
0.000000
0.000000
0.000000
0.000000
0.000000
0.000000
0.000000
0.000000
0.000000
0.000000
0.000000
0.000000
0.000000
0.000000
0.000000
0.000000
0.000000
0.000000
0.000000
0.000000
0.000000
0.000000
0.000000
0.000000
0.000000
0.000000
0.000000
0.000000
0.000000
0.000000
0.000000
0.000000
0.000000
0.000000
0.000000
0.000000
0.000000
0.000000
0.000000
0.000000
0.000000
0.000000
0.000000
0.000000
0.000000
0.000000
0.000000
0.000000
0.000000
0.000000
0.000000
0.000000
0.000000
0.000000
0.000000
0.000000
0.000000
0.000000
0.000000
0.000000
0.000000
0.000000
0.000000
0.000000
0.000000
0.000000
0.000000
0.000000
0.000000
0.000000
0.000000
0.000000
0.000000
0.000000
0.000000
0.000000
0.000000
0.000000
0.000000
0.000000
0.000000
0.000000
0.000000
0.000000
0.000000
0.000000
0.000000
0.000000
0.000000
0.000000
0.000000
0.000000
0.000000
0.000000
0.000000
0.000000
0.000000
0.000000
0.000000
0.000000
0.000000
0.000000
0.000000
0.000000
0.000000
0.000000
0.000000
0.000000
0.000000
0.000000
0.000000
0.000000
0.000000
0.000000
0.000000
0.000000
0.000000
0.000000
0.000000
0.000000
0.000000
0.000000
0.000000
0.000000
0.000000
0.000000
0.000000
0.000000
0.000000
0.000000
0.000000
0.000000
0.001251
-0.005879
0.014612
-0.025985
0.034092
-0.026334
-0.020115
0.161739
-0.451796
0.662017
-0.771732
0.731714
-0.512723
0.157884
0.186890
-0.313949
0.103369
0.292536
-0.453129
0.116645
0.334104
-0.231075
-0.259740
0.198931
0.297769
-0.057541
-0.362752
-0.194851
0.191948
0.366954
0.270365
0.006774
-0.231158
-0.359654
-0.408882
-0.362551
-0.274335
-0.219873
-0.188803
-0.189047
-0.239125
-0.303042
-0.359983
-0.408938
-0.392723
-0.239376
0.034895
0.305381
0.387497
0.159532
-0.228163
-0.347704
0.000234
0.332255
0.095027
-0.289363
-0.056245
0.251076
-0.084943
-0.150319
0.118674
-0.016337
-0.028647
-0.089842
0.114114
-0.090953
-0.138832
0.505455
-1.229920
2.765709
-12.628732
-7.449472
3.399796
-2.397173
1.913202
-1.420208
0.878471
-0.173783
-0.546039
0.903422
-0.727879
0.025426
0.686074
-0.571297
-0.220989
0.642117
0.014008
-0.595496
-0.062281
0.525706
0.286355
-0.291452
-0.483216
-0.216962
0.166654
0.398705
0.415211
0.274035
0.085875
-0.051294
-0.126937
-0.179050
-0.200457
-0.180937
-0.145798
-0.074666
0.043801
0.146428
0.225301
0.259198
0.150232
-0.057965
-0.228036
-0.192661
0.087355
0.239863
0.030552
-0.237178
-0.060812
0.275864
-0.025998
-0.285597
0.204822
0.175148
-0.441803
0.327049
0.134038
-0.726363
1.233032
-1.532533
1.602738
-1.481635
1.229822
-0.906848
0.558252
-0.231263
0.116608
-0.048452
0.013495
0.000072
-0.002568
0.001278
-0.000114
0.000000
0.000000
0.000000
0.000000
0.000000
0.000000
0.000000
0.000000
0.000000
0.000000
0.000000
0.000000
0.000000
0.000000
0.000000
0.000000
0.000000
0.000000
0.000000
0.000000
0.000000
0.000000
0.000000
0.000000
0.000000
0.000000
0.000000
0.000000
0.000000
0.000000
0.000000
0.000000
0.000000
0.000000
0.000000
0.000000
0.000000
0.000000
0.000000
0.000000
0.000000
0.000000
0.000000
0.000000
0.000000
0.000000
0.000000
0.000000
0.000000
0.000000
0.000000
0.000000
0.000000
0.000000
0.000000
0.000000
0.000000
0.001891
-0.004603
0.010483
-0.022830
0.045129
-0.078862
0.118457
-0.122609
0.468834
-0.832519
1.169337
-1.411932
1.474177
-1.276675
0.801734
-0.165059
-0.358104
0.466106
-0.129709
-0.246575
0.198200
0.150565
-0.195284
-0.114710
0.121111
0.131184
0.017419
-0.111329
-0.122458
-0.057331
0.028171
0.111820
0.146489
0.170131
0.159697
0.094383
0.046142
0.019796
-0.003683
0.006604
0.045319
0.101965
0.208351
0.347944
0.429920
0.371944
0.140556
-0.220163
-0.507674
-0.404055
0.157347
0.613464
0.242908
-0.565280
-0.424758
0.591237
0.419392
-0.773946
-0.034673
0.910457
-0.816443
-0.087767
0.967854
-1.375380
1.037886
-0.286136
-0.630827
1.667445
-2.934873
5.283006
-18.477251
-10.611486
3.945009
-2.345255
1.553323
-1.008018
0.512667
-0.105301
-0.270395
0.311240
-0.196756
0.019498
0.086873
-0.074405
0.021677
-0.052806
-0.027273
0.129446
0.011256
-0.195314
-0.106598
0.166617
0.268448
0.093389
-0.169929
-0.314834
-0.291991
-0.154993
0.030057
0.191582
0.281371
0.326048
0.362896
0.374769
0.362475
0.333377
0.231615
0.056049
-0.140004
-0.351072
-0.459671
-0.307692
0.069526
0.435888
0.362971
-0.161995
-0.459248
-0.062602
0.469938
0.076593
-0.506076
0.138456
0.434036
-0.515721
0.118998
0.329679
-0.535975
0.488160
-0.314051
0.136495
-0.022152
-0.021410
0.024068
-0.021698
0.026125
0.045567
-0.087649
0.074271
-0.047264
0.023415
-0.008195
0.001045
0.000969
0.000000
0.000000
0.000000
0.000000
0.000000
0.000000
0.000000
0.000000
0.000000
0.000000
0.000000
0.000000
0.000000
0.000000
0.000000
0.000000
0.000000
0.000000
0.000000
0.000000
0.000000
0.000000
0.000000
0.000000
0.000000
0.000000
0.000000
0.000000
0.000000
0.000000
0.000000
0.000000
0.000000
0.000000
0.000000
0.000000
0.000000
0.000000
0.000000
0.000000
0.000000
0.000000
0.000000
0.000000
0.000000
0.000000
0.000000
0.000000
0.000000
0.000000
0.000000
0.000000
0.000000
0.000000
0.000000
0.000000
0.000000
0.000000
0.000000
0.000000
0.000000
0.000000
0.000000
0.000000
0.000000
0.000000
0.000000
0.000000
0.000000
0.000000
0.000000
0.000000
0.000000
0.000000
0.000000
0.000000
0.000000
0.000000
0.000000
0.000000
0.000000
0.000000
0.000000
0.000000
0.000000
0.000000
0.000000
0.000000
0.000000
0.000000
0.000000
0.000000
0.000000
0.000000
0.000000
0.000000
0.000000
0.000000
0.000000
0.000000
0.000000
0.000000
0.000000
0.000000
0.000000
0.000000
0.000000
0.000000
0.000000
0.000000
0.000000
0.000000
0.000000
0.000000
0.000000
0.000000
0.000000
0.000000
0.000000
0.000000
0.000000
0.000000
0.000000
0.000000
0.000000
0.000000
0.000000
0.000000
0.000000
0.000000
0.000000
0.000000
0.000000
0.000000
0.000000
0.000000
0.000000
0.000000
0.000000
0.000000
0.000000
0.000000
0.000000
0.000000
0.000000
0.000000
0.000000
0.000000
0.000000
0.000000
0.000000
0.000000
0.000000
0.000000
0.000000
0.000000
0.000000
0.002323
-0.006396
0.014870
-0.030815
0.056331
-0.089655
0.118936
-0.085850
0.374430
-0.702728
1.028508
-1.292655
1.411361
-1.290222
0.875251
-0.239028
-0.356197
0.557458
-0.238724
-0.232180
0.280941
0.107749
-0.260032
-0.079373
0.189749
0.127899
-0.057663
-0.158692
-0.088962
0.015704
0.085698
0.118325
0.105304
0.104209
0.083987
0.027191
-0.003076
-0.018292
-0.035044
-0.022713
0.008736
0.055736
0.154532
0.285975
0.366171
0.325501
0.130951
-0.188112
-0.451939
-0.363166
0.149078
0.565232
0.211424
-0.538290
-0.378486
0.580571
0.368896
-0.763213
0.019331
0.870213
-0.862336
0.002918
0.913195
-1.426534
1.174249
-0.465427
-0.475704
1.583630
-2.993053
5.639868
-21.640229
-10.961821
4.314176
-2.672766
1.862177
-1.276104
0.713410
-0.195038
-0.316619
0.443560
-0.324781
0.046762
0.178041
-0.163955
-0.001708
0.036612
-0.026868
0.049543
-0.000262
-0.129205
-0.064958
0.137278
0.208617
0.058067
-0.160556
-0.272709
-0.240595
-0.113873
0.053300
0.200292
0.280815
0.318912
0.353170
0.367348
0.360175
0.340404
0.251235
0.084510
-0.108366
-0.324938
-0.453763
-0.327182
0.038310
0.421647
0.383601
-0.133958
-0.464613
-0.092641
0.470441
0.108258
-0.515063
0.110225
0.460384
-0.507325
0.083200
0.361392
-0.536942
0.450292
-0.245227
0.051627
0.064227
-0.098682
0.086128
-0.066123
0.052869
0.034745
-0.082546
0.072350
-0.046861
0.023530
-0.008351
0.001108
0.000968
0.000000
0.000000
0.000000
0.000000
0.000000
0.000000
0.000000
0.000000
0.000000
0.000000
0.000000
0.000000
0.000000
0.000000
0.000000
0.000000
0.000000
0.000000
0.000000
0.000000
0.000000
0.000000
0.000000
0.000000
0.000000
0.000000
0.000000
0.000000
0.000000
0.000000
0.000000
0.000000
0.000000
0.000000
0.000000
0.000000
0.000000
0.000000
0.000000
0.000000
0.000000
0.000000
0.000000
0.000000
0.000000
0.000000
0.000000
0.000000
0.000000
0.000000
0.000000
0.000000
0.000000
0.000000
0.000000
0.000000
0.000000
0.001891
-0.004603
0.010483
-0.022830
0.045129
-0.078862
0.118457
-0.122609
0.468834
-0.832519
1.169337
-1.411932
1.474177
-1.276675
0.801734
-0.165059
-0.358104
0.466106
-0.129709
-0.246575
0.198200
0.150565
-0.195284
-0.114710
0.121111
0.131184
0.017419
-0.111329
-0.122458
-0.057331
0.028171
0.111820
0.146489
0.170131
0.159697
0.094383
0.046142
0.019796
-0.003683
0.006604
0.045319
0.101965
0.208351
0.347944
0.429920
0.371944
0.140556
-0.220163
-0.507674
-0.404055
0.157347
0.613464
0.242908
-0.565280
-0.424758
0.591237
0.419392
-0.773946
-0.034673
0.910457
-0.816443
-0.087767
0.967854
-1.375380
1.037886
-0.286136
-0.630827
1.667445
-2.934873
5.283006
-18.477251
-10.611486
3.945009
-2.345255
1.553323
-1.008018
0.512667
-0.105301
-0.270395
0.311240
-0.196756
0.019498
0.086873
-0.074405
0.021677
-0.052806
-0.027273
0.129446
0.011256
-0.195314
-0.106598
0.166617
0.268448
0.093389
-0.169929
-0.314834
-0.291991
-0.154993
0.030057
0.191582
0.281371
0.326048
0.362896
0.374769
0.362475
0.333377
0.231615
0.056049
-0.140004
-0.351072
-0.459671
-0.307692
0.069526
0.435888
0.362971
-0.161995
-0.459248
-0.062602
0.469938
0.076593
-0.506076
0.138456
0.434036
-0.515721
0.118998
0.329679
-0.535975
0.488160
-0.314051
0.136495
-0.022152
-0.021410
0.024068
-0.021698
0.026125
0.045567
-0.087649
0.074271
-0.047264
0.023415
-0.008195
0.001045
0.000969
0.000000
0.000000
0.000000
0.000000
0.000000
0.000000
0.000000
0.000000
0.000000
0.000000
0.000000
0.000000
0.000000
0.000000
0.000000
0.000000
0.000000
0.000000
0.000000
0.000000
0.000000
0.000000
0.000000
0.000000
0.000000
0.000000
0.000000
0.000000
0.000000
0.000000
0.000000
0.000000
0.000000
0.000000
0.000000
0.000000
0.000000
0.000000
0.000000
0.000000
0.000000
0.000000
0.000000
0.000000
0.000000
0.000000
0.000000
0.000000
0.000000
0.000000
0.000000
0.000000
0.000000
0.000000
0.000000
0.000000
0.000000
0.000000
0.000000
0.000000
0.000000
0.000000
0.000000
0.000000
0.000000
0.000000
0.000000
0.000000
0.000000
0.000000
0.000000
0.000000
0.000000
0.000000
0.000000
0.000000
0.000000
0.000000
0.000000
0.000000
0.000000
0.000000
0.000000
0.000000
0.000000
0.000000
0.000000
0.000000
0.000000
0.000000
0.000000
0.000000
0.000000
0.000000
0.000000
0.000000
0.000000
0.000000
0.000000
0.000000
0.000000
0.000000
0.000000
0.000000
0.000000
0.000000
0.000000
0.000000
0.000000
0.000000
0.000000
0.000000
0.000000
0.000000
0.000000
0.000000
0.000000
0.000000
0.000000
0.000000
0.000000
0.000000
0.000000
0.000000
0.000000
0.000000
0.000000
0.000000
0.000000
0.000000
0.000000
0.000000
0.000000
0.000000
0.000000
0.000000
0.000000
0.000000
0.000000
0.000000
0.000000
0.000000
0.000000
0.000000
0.000000
0.000000
0.000000
0.000000
0.000000
0.000000
0.000000
0.000000
0.000000
0.000000
0.000000
0.000000
0.000000
-0.001591
0.006817
-0.016791
0.030502
-0.042349
0.039476
0.002682
-0.149155
0.396912
-0.559012
0.620975
-0.542238
0.305847
0.031236
-0.315183
0.348985
-0.051158
-0.374248
0.488121
-0.082612
-0.375284
0.215280
0.297856
-0.187297
-0.325582
0.038794
0.371204
0.218113
-0.178909
-0.369256
-0.282927
-0.024118
0.215723
0.344379
0.396572
0.358565
0.274786
0.222555
0.193939
0.192376
0.237845
0.294872
0.337332
0.367021
0.339051
0.191663
-0.054088
-0.277808
-0.321251
-0.106300
0.206311
0.264852
-0.031224
-0.253354
-0.039548
0.204263
0.002173
-0.139207
0.082109
0.022764
0.007727
0.015910
-0.105210
0.298943
-0.286234
0.159175
0.208559
-0.737581
1.668638
-3.592394
15.800733
9.056244
-4.032163
2.788944
-2.186156
1.607262
-0.983043
0.202372
0.592449
-0.968440
0.775486
-0.032279
-0.712170
0.595328
0.221241
-0.647483
-0.010070
0.588236
0.062321
-0.506766
-0.276835
0.271329
0.452638
0.208452
-0.143119
-0.358731
-0.379946
-0.257344
-0.093688
0.021935
0.085776
0.132303
0.148688
0.127090
0.093005
0.024770
-0.080626
-0.158815
-0.209417
-0.211569
-0.083720
0.105924
0.222419
0.130857
-0.143582
-0.220229
0.037551
0.250756
-0.008144
-0.291734
0.101496
0.269441
-0.272305
-0.100785
0.429607
-0.380021
-0.055334
0.660360
-1.197088
1.524966
-1.612153
1.496100
-1.242447
0.916541
-0.566002
0.226170
-0.104508
0.037847
-0.006626
-0.003521
0.003792
-0.001441
-0.000028
0.000000
0.000000
0.000000
0.000000
0.000000
0.000000
0.000000
0.000000
0.000000
0.000000
0.000000
0.000000
0.000000
0.000000
0.000000
0.000000
0.000000
0.000000
0.000000
0.000000
0.000000
0.000000
0.000000
0.000000
0.000000
0.000000
0.000000
0.000000
0.000000
0.000000
0.000000
0.000000
0.000000
0.000000
0.000000
0.000000
0.000000
0.000000
0.000000
0.000000
0.000000
0.000000
0.000000
0.000000
0.000000
0.000000
0.000000
0.000000
0.000000
0.000000
0.000000
0.000000
0.000000
0.000000
0.000000
0.000000
0.000000
0.001891
-0.004603
0.010483
-0.022830
0.045129
-0.078862
0.118457
-0.122609
0.468834
-0.832519
1.169337
-1.411932
1.474177
-1.276675
0.801734
-0.165059
-0.358104
0.466106
-0.129709
-0.246575
0.198200
0.150565
-0.195284
-0.114710
0.121111
0.131184
0.017419
-0.111329
-0.122458
-0.057331
0.028171
0.111820
0.146489
0.170131
0.159697
0.094383
0.046142
0.019796
-0.003683
0.006604
0.045319
0.101965
0.208351
0.347944
0.429920
0.371944
0.140556
-0.220163
-0.507674
-0.404055
0.157347
0.613464
0.242908
-0.565280
-0.424758
0.591237
0.419392
-0.773946
-0.034673
0.910457
-0.816443
-0.087767
0.967854
-1.375380
1.037886
-0.286136
-0.630827
1.667445
-2.934873
5.283006
-18.477251
-10.611486
3.945009
-2.345255
1.553323
-1.008018
0.512667
-0.105301
-0.270395
0.311240
-0.196756
0.019498
0.086873
-0.074405
0.021677
-0.052806
-0.027273
0.129446
0.011256
-0.195314
-0.106598
0.166617
0.268448
0.093389
-0.169929
-0.314834
-0.291991
-0.154993
0.030057
0.191582
0.281371
0.326048
0.362896
0.374769
0.362475
0.333377
0.231615
0.056049
-0.140004
-0.351072
-0.459671
-0.307692
0.069526
0.435888
0.362971
-0.161995
-0.459248
-0.062602
0.469938
0.076593
-0.506076
0.138456
0.434036
-0.515721
0.118998
0.329679
-0.535975
0.488160
-0.314051
0.136495
-0.022152
-0.021410
0.024068
-0.021698
0.026125
0.045567
-0.087649
0.074271
-0.047264
0.023415
-0.008195
0.001045
0.000969
0.000000
0.000000
0.000000
0.000000
0.000000
0.000000
0.000000
0.000000
0.000000
0.000000
0.000000
0.000000
0.000000
0.000000
0.000000
0.000000
0.000000
0.000000
0.000000
0.000000
0.000000
0.000000
0.000000
0.000000
0.000000
0.000000
0.000000
0.000000
0.000000
0.000000
0.000000
0.000000
0.000000
0.000000
0.000000
0.000000
0.000000
0.000000
0.000000
0.000000
0.000000
0.000000
0.000000
0.000000
0.000000
0.000000
0.000000
0.000000
0.000000
0.000000
0.000000
0.000000
0.000000
0.000000
0.000000
0.000000
0.000000
0.000000
0.000000
0.000000
0.000000
0.000000
0.000000
0.000000
0.000000
0.000000
0.000000
0.000000
0.000000
0.000000
0.000000
0.000000
0.000000
0.000000
0.000000
0.000000
0.000000
0.000000
0.000000
0.000000
0.000000
0.000000
0.000000
0.000000
0.000000
0.000000
0.000000
0.000000
0.000000
0.000000
0.000000
0.000000
0.000000
0.000000
0.000000
0.000000
0.000000
0.000000
0.000000
0.000000
0.000000
0.000000
0.000000
0.000000
0.000000
0.000000
0.000000
0.000000
0.000000
0.000000
0.000000
0.000000
0.000000
0.000000
0.000000
0.000000
0.000000
0.000000
0.000000
0.000000
0.000000
0.000000
0.000000
0.000000
0.000000
0.000000
0.000000
0.000000
0.000000
0.000000
0.000000
0.000000
0.000000
0.000000
0.000000
0.000000
0.000000
0.000000
0.000000
0.000000
0.000000
0.000000
0.000000
0.000000
0.000000
0.000000
0.000000
0.000000
0.000000
0.000000
0.000000
0.000000
0.000000
0.000000
0.000000
0.000000
0.000000
-0.002090
0.005397
-0.012409
0.026345
-0.050124
0.083869
-0.119329
0.107713
-0.432609
0.784667
-1.119530
1.372135
-1.456192
1.285643
-0.829052
0.187875
0.363696
-0.502601
0.167175
0.244290
-0.225932
-0.139305
0.216373
0.106828
-0.142027
-0.133584
0.003252
0.126720
0.115186
0.038423
-0.044227
-0.114792
-0.136923
-0.154688
-0.142116
-0.079749
-0.037201
-0.014328
0.006615
-0.005485
-0.043598
-0.098958
-0.203977
-0.339774
-0.415869
-0.353596
-0.123021
0.228832
0.499028
0.378747
-0.179318
-0.604053
-0.206847
0.575427
0.384283
-0.610512
-0.369216
0.783617
-0.031365
-0.873548
0.861205
-0.005249
-0.897774
1.382714
-1.132292
0.442096
0.445134
-1.475514
2.748462
-5.113298
19.324174
9.634370
-3.723146
2.263965
-1.541733
1.040514
-0.569317
0.165375
0.229778
-0.301608
0.211113
-0.042031
-0.073652
0.076692
-0.030722
0.058296
0.028346
-0.135765
-0.008873
0.203486
0.105537
-0.177050
-0.274964
-0.088622
0.181535
0.325292
0.296285
0.151594
-0.039569
-0.203508
-0.293389
-0.338306
-0.374965
-0.385978
-0.373807
-0.344035
-0.239417
-0.061231
0.139062
0.355949
0.466035
0.311655
-0.070912
-0.440829
-0.362555
0.166240
0.459108
0.055885
-0.469247
-0.065496
0.500186
-0.149720
-0.420469
0.522098
-0.146172
-0.305688
0.545052
-0.547086
0.420694
-0.275154
0.172080
-0.120614
0.095989
-0.068222
0.030095
-0.067896
0.097865
-0.077898
0.047832
-0.023014
0.007795
-0.000897
-0.000964
0.000000
0.000000
0.000000
0.000000
0.000000
0.000000
0.000000
0.000000
0.000000
0.000000
0.000000
0.000000
0.000000
0.000000
0.000000
0.000000
0.000000
0.000000
0.000000
0.000000
0.000000
0.000000
0.000000
0.000000
0.000000
0.000000
0.000000
0.000000
0.000000
0.000000
0.000000
0.000000
0.000000
0.000000
0.000000
0.000000
0.000000
0.000000
0.000000
0.000000
0.000000
0.000000
0.000000
0.000000
0.000000
0.000000
0.000000
0.000000
0.000000
0.000000
0.000000
0.000000
0.000000
0.000000
0.000000
0.000000
0.000000
0.001891
-0.004603
0.010483
-0.022830
0.045129
-0.078862
0.118457
-0.122609
0.468834
-0.832519
1.169337
-1.411932
1.474177
-1.276675
0.801734
-0.165059
-0.358104
0.466106
-0.129709
-0.246575
0.198200
0.150565
-0.195284
-0.114710
0.121111
0.131184
0.017419
-0.111329
-0.122458
-0.057331
0.028171
0.111820
0.146489
0.170131
0.159697
0.094383
0.046142
0.019796
-0.003683
0.006604
0.045319
0.101965
0.208351
0.347944
0.429920
0.371944
0.140556
-0.220163
-0.507674
-0.404055
0.157347
0.613464
0.242908
-0.565280
-0.424758
0.591237
0.419392
-0.773946
-0.034673
0.910457
-0.816443
-0.087767
0.967854
-1.375380
1.037886
-0.286136
-0.630827
1.667445
-2.934873
5.283006
-18.477251
-10.611486
3.945009
-2.345255
1.553323
-1.008018
0.512667
-0.105301
-0.270395
0.311240
-0.196756
0.019498
0.086873
-0.074405
0.021677
-0.052806
-0.027273
0.129446
0.011256
-0.195314
-0.106598
0.166617
0.268448
0.093389
-0.169929
-0.314834
-0.291991
-0.154993
0.030057
0.191582
0.281371
0.326048
0.362896
0.374769
0.362475
0.333377
0.231615
0.056049
-0.140004
-0.351072
-0.459671
-0.307692
0.069526
0.435888
0.362971
-0.161995
-0.459248
-0.062602
0.469938
0.076593
-0.506076
0.138456
0.434036
-0.515721
0.118998
0.329679
-0.535975
0.488160
-0.314051
0.136495
-0.022152
-0.021410
0.024068
-0.021698
0.026125
0.045567
-0.087649
0.074271
-0.047264
0.023415
-0.008195
0.001045
0.000969
0.000000
0.000000
0.000000
0.000000
0.000000
0.000000
0.000000
0.000000
0.000000
0.000000
0.000000
0.000000
0.000000
0.000000
0.000000
0.000000
0.000000
0.000000
0.000000
0.000000
0.000000
0.000000
0.000000
0.000000
0.000000
0.000000
0.000000
0.000000
0.000000
0.000000
0.000000
0.000000
0.000000
0.000000
0.000000
0.000000
0.000000
0.000000
0.000000
0.000000
0.000000
0.000000
0.000000
0.000000
0.000000
0.000000
0.000000
0.000000
0.000000
0.000000
0.000000
0.000000
0.000000
0.000000
0.000000
0.000000
0.000000
0.000000
0.000000
0.000000
0.000000
0.000000
0.000000
0.000000
0.000000
0.000000
0.000000
0.000000
0.000000
0.000000
0.000000
0.000000
0.000000
0.000000
0.000000
0.000000
0.000000
0.000000
0.000000
0.000000
0.000000
0.000000
0.000000
0.000000
0.000000
0.000000
0.000000
0.000000
0.000000
0.000000
0.000000
0.000000
0.000000
0.000000
0.000000
0.000000
0.000000
0.000000
0.000000
0.000000
0.000000
0.000000
0.000000
0.000000
0.000000
0.000000
0.000000
0.000000
0.000000
0.000000
0.000000
0.000000
0.000000
0.000000
0.000000
0.000000
0.000000
0.000000
0.000000
0.000000
0.000000
0.000000
0.000000
0.000000
0.000000
0.000000
0.000000
0.000000
0.000000
0.000000
0.000000
0.000000
0.000000
0.000000
0.000000
0.000000
0.000000
0.000000
0.000000
0.000000
0.000000
0.000000
0.000000
0.000000
0.000000
0.000000
0.000000
0.000000
0.000000
0.000000
0.000000
0.000000
0.000000
0.000000
0.000000
0.000000
0.000000
0.001898
-0.007608
0.018610
-0.034363
0.049696
-0.051769
0.014809
0.133367
-0.333502
0.443996
-0.456876
0.341112
-0.092400
-0.219684
0.436705
-0.376524
-0.002151
0.447918
-0.512626
0.046805
0.408400
-0.194862
-0.329571
0.171638
0.346399
-0.019213
-0.371680
-0.236687
0.162024
0.363624
0.289410
0.040943
-0.195651
-0.321705
-0.375740
-0.346876
-0.269333
-0.220455
-0.194909
-0.191572
-0.231455
-0.280367
-0.307434
-0.317217
-0.278093
-0.139836
0.072122
0.244266
0.248105
0.050783
-0.180026
-0.176312
0.061542
0.169008
-0.016781
-0.114777
0.051948
0.024346
-0.077511
0.105280
-0.133960
-0.015139
0.236803
-0.501618
0.452206
-0.223976
-0.273808
0.953860
-2.071504
4.341896
-18.633249
-10.468437
4.577899
-3.120794
2.412142
-1.759777
1.066492
-0.226613
-0.626132
1.012650
-0.806430
0.038440
0.722967
-0.606570
-0.216738
0.638938
0.005914
-0.568335
-0.061021
0.476940
0.261365
-0.245379
-0.412333
-0.195461
0.116510
0.311050
0.336517
0.235123
0.099487
0.007894
-0.042772
-0.082717
-0.093728
-0.070515
-0.038213
0.025657
0.115722
0.167790
0.189034
0.159395
0.015409
-0.151605
-0.212026
-0.066240
0.196725
0.195861
-0.104846
-0.258948
0.076926
0.301334
-0.174813
-0.247495
0.333937
0.024256
-0.408182
0.424828
-0.024560
-0.580168
1.135422
-1.484633
1.586929
-1.478420
1.228377
-0.906541
0.561590
-0.216218
0.090163
-0.026429
-0.000385
0.006894
-0.004935
0.001572
0.000169
0.000000
0.000000
0.000000
0.000000
0.000000
0.000000
0.000000
0.000000
0.000000
0.000000
0.000000
0.000000
0.000000
0.000000
0.000000
0.000000
0.000000
0.000000
0.000000
0.000000
0.000000
0.000000
0.000000
0.000000
0.000000
0.000000
0.000000
0.000000
0.000000
0.000000
0.000000
0.000000
0.000000
0.000000
0.000000
0.000000
0.000000
0.000000
0.000000
0.000000
0.000000
0.000000
0.000000
0.000000
0.000000
0.000000
0.000000
0.000000
0.000000
0.000000
0.000000
0.000000
0.000000
0.000000
0.000000
0.000000
0.000000
0.001891
-0.004603
0.010483
-0.022830
0.045129
-0.078862
0.118457
-0.122609
0.468834
-0.832519
1.169337
-1.411932
1.474177
-1.276675
0.801734
-0.165059
-0.358104
0.466106
-0.129709
-0.246575
0.198200
0.150565
-0.195284
-0.114710
0.121111
0.131184
0.017419
-0.111329
-0.122458
-0.057331
0.028171
0.111820
0.146489
0.170131
0.159697
0.094383
0.046142
0.019796
-0.003683
0.006604
0.045319
0.101965
0.208351
0.347944
0.429920
0.371944
0.140556
-0.220163
-0.507674
-0.404055
0.157347
0.613464
0.242908
-0.565280
-0.424758
0.591237
0.419392
-0.773946
-0.034673
0.910457
-0.816443
-0.087767
0.967854
-1.375380
1.037886
-0.286136
-0.630827
1.667445
-2.934873
5.283006
-18.477251
-10.611486
3.945009
-2.345255
1.553323
-1.008018
0.512667
-0.105301
-0.270395
0.311240
-0.196756
0.019498
0.086873
-0.074405
0.021677
-0.052806
-0.027273
0.129446
0.011256
-0.195314
-0.106598
0.166617
0.268448
0.093389
-0.169929
-0.314834
-0.291991
-0.154993
0.030057
0.191582
0.281371
0.326048
0.362896
0.374769
0.362475
0.333377
0.231615
0.056049
-0.140004
-0.351072
-0.459671
-0.307692
0.069526
0.435888
0.362971
-0.161995
-0.459248
-0.062602
0.469938
0.076593
-0.506076
0.138456
0.434036
-0.515721
0.118998
0.329679
-0.535975
0.488160
-0.314051
0.136495
-0.022152
-0.021410
0.024068
-0.021698
0.026125
0.045567
-0.087649
0.074271
-0.047264
0.023415
-0.008195
0.001045
0.000969
0.000000
0.000000
0.000000
0.000000
0.000000
0.000000
0.000000
0.000000
0.000000
0.000000
0.000000
0.000000
0.000000
0.000000
0.000000
0.000000
0.000000
0.000000
0.000000
0.000000
0.000000
0.000000
0.000000
0.000000
0.000000
0.000000
0.000000
0.000000
0.000000
0.000000
0.000000
0.000000
0.000000
0.000000
0.000000
0.000000
0.000000
0.000000
0.000000
0.000000
0.000000
0.000000
0.000000
0.000000
0.000000
0.000000
0.000000
0.000000
0.000000
0.000000
0.000000
0.000000
0.000000
0.000000
0.000000
0.000000
0.000000
0.000000
0.000000
0.000000
0.000000
0.000000
0.000000
0.000000
0.000000
0.000000
0.000000
0.000000
0.000000
0.000000
0.000000
0.000000
0.000000
0.000000
0.000000
0.000000
0.000000
0.000000
0.000000
0.000000
0.000000
0.000000
0.000000
0.000000
0.000000
0.000000
0.000000
0.000000
0.000000
0.000000
0.000000
0.000000
0.000000
0.000000
0.000000
0.000000
0.000000
0.000000
0.000000
0.000000
0.000000
0.000000
0.000000
0.000000
0.000000
0.000000
0.000000
0.000000
0.000000
0.000000
0.000000
0.000000
0.000000
0.000000
0.000000
0.000000
0.000000
0.000000
0.000000
0.000000
0.000000
0.000000
0.000000
0.000000
0.000000
0.000000
0.000000
0.000000
0.000000
0.000000
0.000000
0.000000
0.000000
0.000000
0.000000
0.000000
0.000000
0.000000
0.000000
0.000000
0.000000
0.000000
0.000000
0.000000
0.000000
0.000000
0.000000
0.000000
0.000000
0.000000
0.000000
0.000000
0.000000
0.000000
0.000000
0.000000
0.000000
0.001811
-0.004281
0.009681
-0.021308
0.042840
-0.076280
0.117159
-0.127262
0.481494
-0.849748
1.186499
-1.422135
1.469736
-1.253443
0.765040
-0.132684
-0.363381
0.436946
-0.092035
-0.251150
0.166069
0.167868
-0.168065
-0.131986
0.091251
0.136402
0.051228
-0.092028
-0.138934
-0.091722
0.001805
0.108790
0.165602
0.201843
0.197191
0.130595
0.076679
0.046644
0.021953
0.033566
0.077526
0.140053
0.249041
0.386271
0.456633
0.374092
0.112449
-0.264636
-0.535395
-0.386191
0.205706
0.629897
0.197826
-0.600199
-0.381822
0.627337
0.361601
-0.787185
0.042729
0.858117
-0.841567
0.007468
0.863062
-1.309190
1.066009
-0.409265
-0.404999
1.335700
-2.444823
4.476869
-16.592933
-8.099919
3.052124
-1.806522
1.188164
-0.782567
0.412992
-0.132158
-0.138002
0.153173
-0.092907
0.036397
-0.032321
0.012218
0.062489
-0.151952
-0.029214
0.219071
0.017818
-0.273396
-0.143846
0.213016
0.335402
0.117272
-0.198615
-0.370885
-0.345612
-0.186058
0.024985
0.202350
0.299658
0.350430
0.388703
0.396314
0.379408
0.340275
0.222455
0.036635
-0.166771
-0.379313
-0.468293
-0.289433
0.101991
0.450538
0.333719
-0.194950
-0.443739
-0.017929
0.457971
0.021327
-0.474562
0.185997
0.371521
-0.525653
0.206002
0.243418
-0.541452
0.632127
-0.587123
0.492770
-0.404690
0.337320
-0.276043
0.201102
-0.112412
0.099589
-0.111081
0.081772
-0.047776
0.022003
-0.007072
0.000666
0.000940
0.000000
0.000000
0.000000
0.000000
0.000000
0.000000
0.000000
0.000000
0.000000
0.000000
0.000000
0.000000
0.000000
0.000000
0.000000
0.000000
0.000000
0.000000
0.000000
0.000000
0.000000
0.000000
0.000000
0.000000
0.000000
0.000000
0.000000
0.000000
0.000000
0.000000
0.000000
0.000000
0.000000
0.000000
0.000000
0.000000
0.000000
0.000000
